insert	query	update	delete	getmore	command	flushes	mapped	vsize	res	faults	locked-db	%idx-miss	qr|qw	ar|aw	netIn	netOut	conn	time	%user	%nice	%system	%iowait	%steal	%idle	Device:	rrqm/s	wrqm/s	r/s	w/s	rkB/s	wkB/s	avgrq-sz	avgqu-sz	await	svctm	%util
0	0	0	0	0	2	0	800m	2.05g	28m	0	.:0.0%	0	0|0	0|0	124b	7k	303	21:57:08	0.00	0.00	0.00	0.00	0.00	100.00	dm-0	0.00	0.00	0.00	0.00	0.00	0.00	0.00	0.00	0.00	0.00	0.00
0	0	0	0	0	2	0	800m	2.05g	28m	0	multi9:0.0%	0	0|0	0|0	124b	7k	303	21:57:09	0.12	0.00	0.75	0.25	0.00	98.88	dm-0	0.00	0.00	0.00	0.00	0.00	0.00	0.00	0.00	0.00	0.00	0.00
0	0	0	0	0	2	0	800m	2.05g	28m	0	multi9:0.0%	0	0|0	0|0	124b	7k	303	21:57:11	0.00	0.00	0.50	0.00	0.00	99.50	dm-0	0.00	0.00	0.00	0.00	0.00	0.00	0.00	0.00	0.00	0.00	0.00
0	0	0	0	0	2	0	800m	2.05g	28m	0	multi9:0.0%	0	0|0	0|0	124b	7k	303	21:57:12	0.00	0.00	0.25	0.00	0.00	99.75	dm-0	0.00	0.00	0.00	0.00	0.00	0.00	0.00	0.00	0.00	0.00	0.00
0	0	0	0	0	2	0	800m	2.05g	28m	0	multi0:0.0%	0	0|0	0|0	124b	7k	303	21:57:13	0.00	0.00	0.38	0.00	0.00	99.62	dm-0	0.00	0.00	0.00	0.00	0.00	0.00	0.00	0.00	0.00	0.00	0.00
0	0	0	0	0	2	0	800m	2.05g	28m	0	multi9:0.0%	0	0|0	0|0	124b	7k	303	21:57:14	0.13	0.00	0.13	0.00	0.00	99.75	dm-0	0.00	0.00	0.00	0.00	0.00	0.00	0.00	0.00	0.00	0.00	0.00
0	0	0	0	0	2	0	800m	2.05g	28m	0	multi9:0.0%	0	0|0	0|0	124b	7k	303	21:57:15	0.00	0.00	0.38	0.00	0.00	99.62	dm-0	0.00	0.00	0.00	0.00	0.00	0.00	0.00	0.00	0.00	0.00	0.00
0	0	0	0	0	2	0	800m	2.05g	28m	0	multi9:0.0%	0	0|0	0|0	124b	7k	303	21:57:16	0.12	0.00	0.50	0.00	0.00	99.38	dm-0	0.00	0.00	0.00	0.00	0.00	0.00	0.00	0.00	0.00	0.00	0.00
0	0	0	0	0	2	0	800m	2.05g	28m	0	multi9:0.0%	0	0|0	0|0	124b	7k	303	21:57:17	0.00	0.00	0.13	0.00	0.00	99.87	dm-0	0.00	0.00	0.00	0.00	0.00	0.00	0.00	0.00	0.00	0.00	0.00
0	1176	1174	0	0	2	0	800m	2.05g	28m	0	multi7:3.0%	0	0|0	0|0	538k	405k	303	21:57:18	0.50	0.00	1.01	0.13	0.00	98.36	dm-0	0.00	0.00	0.00	0.00	0.00	0.00	0.00	0.00	0.00	0.00	0.00
0	9663	9660	0	0	2	1	800m	2.05g	28m	0	multi5:9.8%	0	0|0	1|0	4m	3m	303	21:57:19	4.64	0.00	7.09	1.91	0.55	85.81	dm-0	0.00	0.00	0.00	31.00	0.00	48.00	3.10	0.16	5.03	4.52	14.00
0	9976	9969	0	0	2	0	800m	2.05g	28m	0	multi5:13.9%	0	0|0	1|2	4m	3m	303	21:57:20	5.78	0.00	8.38	0.00	0.87	84.97	dm-0	0.00	0.00	0.00	0.00	0.00	0.00	0.00	0.00	0.00	0.00	0.00
0	19677	19663	0	0	2	0	800m	2.05g	28m	0	multi5:27.9%	0	27|0	1|1	9m	6m	303	21:57:21	16.02	0.00	21.42	0.15	1.23	61.17	dm-0	0.00	0.00	0.00	0.00	0.00	0.00	0.00	0.00	0.00	0.00	0.00
0	7017	7041	0	0	2	0	800m	2.05g	28m	0	multi5:8.1%	0	1|0	0|0	3m	2m	303	21:57:22	5.41	0.00	7.71	0.00	0.54	86.33	dm-0	0.00	0.00	0.00	0.00	0.00	0.00	0.00	0.00	0.00	0.00	0.00
0	7777	7776	0	0	2	0	800m	2.05g	28m	0	multi3:9.4%	0	0|0	0|0	3m	2m	303	21:57:23	5.72	0.00	4.65	0.13	0.40	89.10	dm-0	0.00	0.00	0.00	0.00	0.00	0.00	0.00	0.00	0.00	0.00	0.00
0	11319	11318	0	0	2	0	800m	2.05g	28m	0	multi3:10.6%	0	0|0	0|1	5m	3m	303	21:57:24	7.82	0.00	9.70	0.13	0.40	81.94	dm-0	0.00	0.00	0.00	0.00	0.00	0.00	0.00	0.00	0.00	0.00	0.00
0	11175	11162	0	0	4	0	800m	2.05g	28m	0	multi3:12.0%	0	0|0	1|1	5m	4m	303	21:57:25	7.55	0.00	9.03	0.27	0.54	82.61	dm-0	0.00	0.00	0.00	4.00	0.00	16.00	8.00	0.02	4.00	2.00	0.80
0	13820	13825	0	0	3	0	800m	2.05g	28m	0	multi3:9.1%	0	0|0	0|0	6m	4m	303	21:57:26	10.10	0.00	11.62	0.00	0.55	77.73	dm-0	0.00	0.00	0.00	0.00	0.00	0.00	0.00	0.00	0.00	0.00	0.00
0	20479	20461	0	0	2	0	800m	2.05g	28m	0	multi6:12.3%	0	2|0	0|2	9m	6m	303	21:57:27	16.50	0.00	15.80	0.14	0.85	66.71	dm-0	0.00	0.00	0.00	0.00	0.00	0.00	0.00	0.00	0.00	0.00	0.00
0	24801	24805	0	0	2	0	800m	2.05g	28m	0	multi1:15.7%	0	0|0	0|4	11m	7m	303	21:57:28	20.09	0.00	24.36	0.14	0.71	54.70	dm-0	0.00	0.00	0.00	0.00	0.00	0.00	0.00	0.00	0.00	0.00	0.00
0	24862	24861	0	0	2	0	800m	2.05g	28m	0	multi3:17.6%	0	0|0	1|1	11m	7m	303	21:57:29	21.61	0.00	26.13	0.00	1.17	51.09	dm-0	0.00	0.00	0.00	0.00	0.00	0.00	0.00	0.00	0.00	0.00	0.00
0	25481	25474	0	0	2	0	800m	2.05g	28m	0	multi5:17.2%	0	3|0	1|2	12m	8m	303	21:57:30	24.83	0.00	26.08	0.28	0.98	47.84	dm-0	0.00	0.00	0.00	0.00	0.00	0.00	0.00	0.00	0.00	0.00	0.00
0	24621	24617	0	0	3	0	800m	2.05g	28m	0	multi6:17.4%	0	23|0	1|3	11m	8m	303	21:57:31	21.39	0.00	24.44	0.28	0.83	53.06	dm-0	0.00	0.00	0.00	4.00	0.00	16.00	8.00	0.10	26.00	10.00	4.00
0	31373	31371	0	0	6	0	800m	2.05g	28m	0	multi6:30.5%	0	8|0	2|1	14m	9m	303	21:57:32	33.61	0.00	39.05	0.00	0.95	26.39	dm-0	0.00	0.00	0.00	0.00	0.00	0.00	0.00	0.00	0.00	0.00	0.00
0	25484	25494	0	0	9	0	800m	2.05g	28m	0	multi6:23.9%	0	0|0	1|0	11m	7m	303	21:57:33	23.72	0.00	30.79	0.14	0.97	44.38	dm-0	0.00	0.00	0.00	0.00	0.00	0.00	0.00	0.00	0.00	0.00	0.00
0	20749	20751	0	0	5	0	800m	2.05g	28m	0	multi4:15.7%	0	5|0	0|1	9m	6m	303	21:57:34	18.87	0.00	20.66	0.00	0.83	59.64	dm-0	0.00	0.00	0.00	0.00	0.00	0.00	0.00	0.00	0.00	0.00	0.00
0	24159	24160	0	0	3	0	800m	2.05g	28m	0	multi4:19.8%	0	15|0	0|2	11m	7m	303	21:57:35	22.80	0.00	29.07	0.27	0.93	46.93	dm-0	0.00	0.00	0.00	0.00	0.00	0.00	0.00	0.00	0.00	0.00	0.00
0	21996	22004	0	0	2	0	800m	2.05g	28m	0	multi4:19.8%	0	0|0	0|0	10m	6m	303	21:57:36	20.37	0.00	22.79	0.14	1.00	55.70	dm-0	0.00	0.00	0.00	0.00	0.00	0.00	0.00	0.00	0.00	0.00	0.00
0	17458	17459	0	0	5	0	800m	2.05g	28m	0	multi4:14.0%	0	0|0	1|0	8m	5m	303	21:57:37	15.09	0.00	16.44	0.27	0.54	67.65	dm-0	0.00	0.00	0.00	4.00	0.00	16.00	8.00	0.02	4.00	2.00	0.80
0	20292	20286	0	0	13	0	800m	2.05g	28m	0	multi4:13.8%	0	3|0	1|2	9m	6m	303	21:57:38	16.44	0.00	19.59	0.00	0.82	63.15	dm-0	0.00	0.00	0.00	0.00	0.00	0.00	0.00	0.00	0.00	0.00	0.00
0	18540	18540	0	0	4	0	800m	2.05g	28m	0	multi4:14.4%	0	0|0	0|1	9m	6m	303	21:57:39	16.05	0.00	18.93	0.27	0.82	63.92	dm-0	0.00	0.00	0.00	0.00	0.00	0.00	0.00	0.00	0.00	0.00	0.00
0	20601	20605	0	0	4	0	800m	2.05g	28m	0	multi4:22.8%	0	0|0	1|0	10m	7m	303	21:57:40	18.99	0.00	23.33	0.00	1.16	56.52	dm-0	0.00	0.00	0.00	0.00	0.00	0.00	0.00	0.00	0.00	0.00	0.00
0	20742	20736	0	0	7	0	800m	2.05g	28m	0	multi7:16.0%	0	0|0	1|2	10m	7m	303	21:57:41	17.35	0.00	19.40	0.00	0.82	62.43	dm-0	0.00	0.00	0.00	0.00	0.00	0.00	0.00	0.00	0.00	0.00	0.00
0	22780	22781	0	0	12	0	800m	2.05g	28m	0	multi8:22.4%	0	1|0	0|0	11m	7m	303	21:57:42	21.40	0.00	30.59	0.14	0.82	47.05	dm-0	0.00	0.00	0.00	0.00	0.00	0.00	0.00	0.00	0.00	0.00	0.00
0	17451	17454	0	0	2	0	800m	2.05g	28m	0	multi7:12.2%	0	0|0	0|0	8m	5m	303	21:57:43	14.52	0.00	16.60	0.14	0.69	68.05	dm-0	0.00	0.00	0.00	0.00	0.00	0.00	0.00	0.00	0.00	0.00	0.00
0	16483	16479	0	0	3	0	800m	2.05g	28m	0	multi7:12.7%	0	3|0	1|1	8m	5m	303	21:57:44	12.08	0.00	13.33	0.00	0.69	73.89	dm-0	0.00	0.00	0.00	0.00	0.00	0.00	0.00	0.00	0.00	0.00	0.00
0	23751	23762	0	0	4	0	800m	2.05g	28m	0	multi8:22.2%	0	0|0	1|1	13m	9m	303	21:57:45	21.10	0.00	29.05	0.14	1.01	48.70	dm-0	0.00	0.00	0.00	4.00	0.00	16.00	8.00	0.01	3.00	1.00	0.40
0	18252	18251	0	0	6	0	800m	2.05g	28m	0	multi5:14.2%	0	0|0	0|0	8m	5m	303	21:57:46	13.50	0.00	16.74	0.14	0.70	68.92	dm-0	0.00	0.00	0.00	0.00	0.00	0.00	0.00	0.00	0.00	0.00	0.00
0	19168	19166	0	0	21	0	800m	2.05g	28m	0	multi8:15.2%	0	0|0	1|0	10m	7m	303	21:57:47	14.65	0.00	17.61	0.28	0.70	66.76	dm-0	0.00	0.00	0.00	0.00	0.00	0.00	0.00	0.00	0.00	0.00	0.00
0	20824	20825	0	0	3	0	800m	2.05g	28m	0	multi5:13.0%	0	0|0	1|0	9m	6m	303	21:57:48	17.88	0.00	19.17	0.00	1.00	61.95	dm-0	0.00	0.00	0.00	0.00	0.00	0.00	0.00	0.00	0.00	0.00	0.00
0	18485	18476	0	0	6	0	800m	2.05g	28m	0	multi9:10.9%	0	1|0	0|1	8m	5m	303	21:57:49	14.33	0.00	15.60	0.14	0.57	69.36	dm-0	0.00	0.00	0.00	0.00	0.00	0.00	0.00	0.00	0.00	0.00	0.00
0	21056	21052	0	0	4	0	800m	2.05g	28m	0	multi8:18.1%	0	22|0	2|0	10m	7m	303	21:57:50	16.67	0.00	20.66	0.14	0.85	61.68	dm-0	0.00	0.00	0.00	0.00	0.00	0.00	0.00	0.00	0.00	0.00	0.00
0	20992	21003	0	0	2	0	800m	2.05g	28m	0	multi5:16.8%	0	0|0	1|1	10m	6m	303	21:57:51	20.14	0.00	24.96	0.00	1.13	53.76	dm-0	0.00	0.00	0.00	0.00	0.00	0.00	0.00	0.00	0.00	0.00	0.00
0	28698	28692	0	0	2	0	800m	2.05g	28m	0	multi8:23.6%	0	5|0	1|2	14m	9m	303	21:57:52	27.22	0.00	30.66	0.14	0.86	41.12	dm-0	0.00	0.00	0.00	4.00	0.00	16.00	8.00	0.05	13.00	11.00	4.40
0	25413	25411	0	0	4	0	800m	2.05g	28m	0	multi4:17.7%	0	2|0	2|0	12m	7m	303	21:57:53	25.45	0.00	29.79	0.14	1.12	43.50	dm-0	0.00	0.00	0.00	0.00	0.00	0.00	0.00	0.00	0.00	0.00	0.00
0	24347	24359	0	0	6	0	800m	2.05g	28m	0	multi1:18.5%	0	1|0	0|1	11m	7m	303	21:57:54	25.14	0.00	29.38	0.00	0.71	44.77	dm-0	0.00	0.00	0.00	0.00	0.00	0.00	0.00	0.00	0.00	0.00	0.00
0	21366	21356	0	0	3	0	800m	2.05g	28m	0	multi4:16.4%	0	1|0	0|0	10m	6m	303	21:57:55	18.65	0.00	20.06	0.28	0.70	60.31	dm-0	0.00	0.00	0.00	0.00	0.00	0.00	0.00	0.00	0.00	0.00	0.00
0	23538	23534	0	0	2	0	800m	2.05g	28m	0	multi4:18.6%	0	3|0	0|2	11m	6m	303	21:57:56	22.57	0.00	22.99	0.00	0.99	53.46	dm-0	0.00	0.00	0.00	0.00	0.00	0.00	0.00	0.00	0.00	0.00	0.00
0	22037	22049	0	0	5	0	800m	2.05g	28m	0	multi4:17.1%	0	1|0	0|1	11m	7m	303	21:57:57	23.64	0.00	22.52	0.42	0.84	52.59	dm-0	0.00	0.00	0.00	4.00	0.00	16.00	8.00	0.06	16.00	8.00	3.20
0	23482	23480	0	0	5	0	800m	2.05g	28m	0	multi4:18.0%	0	0|0	0|0	12m	7m	303	21:57:58	23.80	0.00	23.23	0.14	0.99	51.84	dm-0	0.00	0.00	0.00	0.00	0.00	0.00	0.00	0.00	0.00	0.00	0.00
0	20435	20411	0	0	6	0	800m	2.05g	28m	0	multi9:18.3%	0	21|0	6|3	10m	6m	303	21:57:59	26.71	0.00	37.53	0.00	0.82	34.93	dm-0	0.00	0.00	0.00	0.00	0.00	0.00	0.00	0.00	0.00	0.00	0.00
0	24082	24103	0	0	4	0	800m	2.05g	28m	0	multi4:27.3%	0	0|0	2|0	12m	7m	303	21:58:00	25.11	0.00	25.39	0.14	0.84	48.53	dm-0	0.00	0.00	0.00	0.00	0.00	0.00	0.00	0.00	0.00	0.00	0.00
0	22231	22193	0	0	4	0	800m	2.05g	28m	0	multi4:19.0%	0	0|0	0|0	11m	7m	303	21:58:01	18.38	0.00	18.93	0.00	0.69	62.00	dm-0	0.00	0.00	0.00	0.00	0.00	0.00	0.00	0.00	0.00	0.00	0.00
0	17523	17560	0	0	3	0	800m	2.05g	28m	0	multi3:21.0%	0	1|0	1|0	9m	6m	303	21:58:02	21.21	0.00	18.26	0.14	0.84	59.55	dm-0	0.00	0.00	0.00	0.00	0.00	0.00	0.00	0.00	0.00	0.00	0.00
0	19806	19817	0	0	4	0	800m	2.05g	28m	0	multi4:13.4%	0	0|0	0|0	10m	7m	303	21:58:03	16.87	0.00	13.44	0.27	0.55	68.86	dm-0	0.00	0.00	0.00	4.00	0.00	16.00	8.00	0.02	4.00	2.00	0.80
0	19034	19042	0	0	9	0	800m	2.05g	27m	0	multi2:13.5%	0	1|0	0|3	10m	7m	303	21:58:05	20.70	0.00	17.06	0.14	0.84	61.26	dm-0	0.00	0.00	0.00	0.00	0.00	0.00	0.00	0.00	0.00	0.00	0.00
0	18487	18480	0	0	5	0	800m	2.05g	27m	0	multi3:14.2%	0	2|0	0|2	10m	6m	303	21:58:06	17.13	0.00	17.13	0.14	0.70	64.90	dm-0	0.00	0.00	0.00	0.00	0.00	0.00	0.00	0.00	0.00	0.00	0.00
0	18250	18251	0	0	4	0	800m	2.05g	28m	0	multi2:13.5%	0	0|0	2|0	10m	6m	303	21:58:07	20.83	0.00	21.11	0.14	0.69	57.22	dm-0	0.00	0.00	0.00	0.00	0.00	0.00	0.00	0.00	0.00	0.00	0.00
0	23047	23046	0	0	6	0	800m	2.05g	28m	0	multi2:15.2%	0	4|0	2|2	11m	7m	303	21:58:08	21.10	0.00	21.53	0.00	0.99	56.37	dm-0	0.00	0.00	0.00	0.00	0.00	0.00	0.00	0.00	0.00	0.00	0.00
0	18780	18777	0	0	9	0	800m	2.05g	28m	0	multi3:10.8%	0	1|0	2|0	9m	6m	303	21:58:09	15.98	0.00	18.25	0.28	0.57	64.92	dm-0	0.00	0.00	0.00	0.00	0.00	0.00	0.00	0.00	0.00	0.00	0.00
0	23136	23144	0	0	7	0	800m	2.05g	28m	0	multi0:15.4%	0	0|0	1|0	11m	7m	303	21:58:10	22.18	0.00	26.80	0.27	0.82	49.93	dm-0	0.00	0.00	0.00	4.00	0.00	16.00	8.00	0.04	11.00	5.00	2.00
0	20863	20863	0	0	2	0	800m	2.05g	28m	0	multi5:13.0%	0	0|0	0|0	10m	6m	303	21:58:11	20.06	0.00	21.58	0.00	0.83	57.54	dm-0	0.00	0.00	0.00	0.00	0.00	0.00	0.00	0.00	0.00	0.00	0.00
0	22787	22771	0	0	3	0	800m	2.05g	28m	0	multi2:17.6%	0	10|0	1|1	11m	7m	303	21:58:12	23.01	0.00	22.05	0.14	0.82	53.97	dm-0	0.00	0.00	0.00	0.00	0.00	0.00	0.00	0.00	0.00	0.00	0.00
0	24567	24587	0	0	3	0	800m	2.05g	28m	0	multi3:19.3%	0	1|0	1|0	11m	7m	303	21:58:13	24.35	0.00	27.77	0.14	1.09	46.65	dm-0	0.00	0.00	0.00	0.00	0.00	0.00	0.00	0.00	0.00	0.00	0.00
0	19924	19925	0	0	16	0	800m	2.05g	28m	0	multi0:12.9%	0	3|0	2|0	9m	5m	303	21:58:14	20.41	0.00	20.27	0.14	0.68	58.51	dm-0	0.00	0.00	0.00	0.00	0.00	0.00	0.00	0.00	0.00	0.00	0.00
0	20186	20178	0	0	8	0	800m	2.05g	28m	0	multi3:12.0%	0	2|0	0|14	9m	5m	303	21:58:15	19.23	0.00	17.86	0.14	0.69	62.09	dm-0	0.00	0.00	0.00	4.00	0.00	16.00	8.00	0.01	3.00	1.00	0.40
0	25155	25155	0	0	8	0	800m	2.05g	28m	0	multi0:28.3%	0	1|0	0|2	10m	6m	303	21:58:16	24.41	0.00	27.62	0.14	1.12	46.72	dm-0	0.00	0.00	0.00	0.00	0.00	0.00	0.00	0.00	0.00	0.00	0.00
0	19097	19085	0	0	7	0	800m	2.05g	28m	0	multi9:11.6%	0	13|0	1|2	8m	6m	303	21:58:17	13.91	0.00	17.49	0.14	0.83	67.63	dm-0	0.00	0.00	0.00	0.00	0.00	0.00	0.00	0.00	0.00	0.00	0.00
0	18489	18508	0	0	6	0	800m	2.05g	28m	0	multi0:12.2%	0	0|0	0|1	8m	5m	303	21:58:18	18.36	0.00	19.17	0.13	0.54	61.80	dm-0	0.00	0.00	0.00	0.00	0.00	0.00	0.00	0.00	0.00	0.00	0.00
0	19581	19563	0	0	9	1	800m	2.05g	28m	0	multi0:14.3%	0	26|0	0|7	8m	5m	303	21:58:19	15.18	0.00	16.64	2.53	0.67	64.98	dm-0	0.00	0.00	0.00	37.00	0.00	216.00	11.68	0.32	8.32	4.97	18.40
0	14590	14577	0	0	5	0	800m	2.05g	28m	0	multi7:10.9%	0	4|0	1|1	6m	4m	303	21:58:20	13.98	0.00	20.84	0.79	0.40	63.98	dm-0	0.00	0.00	0.00	6.00	0.00	24.00	8.00	0.10	18.67	8.67	5.20
0	27094	27116	0	0	7	0	800m	2.05g	28m	0	multi0:19.2%	0	0|0	0|1	11m	7m	303	21:58:21	25.03	0.00	34.53	0.00	0.55	39.89	dm-0	0.00	0.00	0.00	0.00	0.00	0.00	0.00	0.00	0.00	0.00	0.00
0	26799	26790	0	0	11	0	800m	2.05g	28m	0	multi7:26.6%	0	3|0	0|2	11m	7m	303	21:58:22	23.82	0.00	27.29	0.14	0.97	47.78	dm-0	0.00	0.00	0.00	0.00	0.00	0.00	0.00	0.00	0.00	0.00	0.00
0	23197	23211	0	0	5	0	800m	2.05g	28m	0	multi9:16.3%	0	0|0	0|1	10m	6m	303	21:58:23	26.70	0.00	32.83	0.00	0.95	39.51	dm-0	0.00	0.00	0.00	0.00	0.00	0.00	0.00	0.00	0.00	0.00	0.00
0	25814	25803	0	0	5	0	800m	2.05g	28m	0	multi2:18.7%	0	5|0	0|2	11m	7m	303	21:58:24	20.45	0.00	26.84	0.00	0.70	52.02	dm-0	0.00	0.00	0.00	0.00	0.00	0.00	0.00	0.00	0.00	0.00	0.00
0	24649	24647	0	0	7	0	800m	2.05g	28m	0	multi0:20.6%	0	2|0	1|0	11m	7m	303	21:58:25	28.63	0.00	31.75	0.27	0.95	38.40	dm-0	0.00	0.00	0.00	4.00	0.00	16.00	8.00	0.02	4.00	2.00	0.80
0	23300	23302	0	0	4	0	800m	2.05g	28m	0	multi7:18.5%	0	0|0	0|0	10m	6m	303	21:58:26	19.75	0.00	24.62	0.00	0.70	54.94	dm-0	0.00	0.00	0.00	0.00	0.00	0.00	0.00	0.00	0.00	0.00	0.00
0	22138	22079	0	0	13	0	800m	2.05g	28m	0	multi1:15.0%	0	4|0	0|3	10m	6m	303	21:58:27	18.73	0.00	21.16	0.13	0.81	59.16	dm-0	0.00	0.00	0.00	0.00	0.00	0.00	0.00	0.00	0.00	0.00	0.00
0	28140	28192	0	0	2	0	800m	2.05g	28m	0	multi7:20.9%	0	5|0	1|2	13m	9m	303	21:58:28	28.98	0.00	42.59	0.14	0.82	27.48	dm-0	0.00	0.00	0.00	0.00	0.00	0.00	0.00	0.00	0.00	0.00	0.00
0	19425	19429	0	0	16	0	800m	2.05g	28m	0	multi7:15.5%	0	2|0	2|1	9m	5m	303	21:58:29	18.67	0.00	21.24	0.00	0.81	59.27	dm-0	0.00	0.00	0.00	0.00	0.00	0.00	0.00	0.00	0.00	0.00	0.00
0	27603	27591	0	0	7	0	800m	2.05g	28m	0	multi7:20.0%	0	1|0	0|2	12m	8m	303	21:58:30	25.48	0.00	30.52	0.14	0.82	43.05	dm-0	0.00	0.00	0.00	0.00	0.00	0.00	0.00	0.00	0.00	0.00	0.00
0	27037	27052	0	0	12	0	800m	2.05g	28m	0	multi9:22.4%	0	2|0	0|1	12m	7m	303	21:58:31	29.03	0.00	35.14	0.14	0.83	34.86	dm-0	0.00	0.00	0.00	4.00	0.00	16.00	8.00	0.02	4.00	2.00	0.80
0	22946	22935	0	0	9	0	800m	2.05g	28m	0	multi9:17.9%	0	2|0	1|1	10m	6m	303	21:58:32	21.75	0.00	24.79	0.00	0.83	52.63	dm-0	0.00	0.00	0.00	0.00	0.00	0.00	0.00	0.00	0.00	0.00	0.00
0	24375	24370	0	0	9	0	800m	2.05g	28m	0	multi9:22.4%	0	8|0	3|1	11m	7m	303	21:58:33	23.24	0.00	23.24	0.27	0.95	52.30	dm-0	0.00	0.00	0.00	0.00	0.00	0.00	0.00	0.00	0.00	0.00	0.00
0	26342	26353	0	0	10	0	800m	2.05g	28m	0	multi9:24.4%	0	0|0	0|0	12m	8m	303	21:58:34	30.32	0.00	35.39	0.00	0.82	33.47	dm-0	0.00	0.00	0.00	0.00	0.00	0.00	0.00	0.00	0.00	0.00	0.00
0	23062	23057	0	0	2	0	800m	2.05g	28m	0	multi8:19.0%	0	1|0	1|3	10m	6m	303	21:58:35	23.82	0.00	26.74	0.14	0.84	48.47	dm-0	0.00	0.00	0.00	0.00	0.00	0.00	0.00	0.00	0.00	0.00	0.00
0	27593	27596	0	0	4	0	800m	2.05g	28m	0	multi8:29.1%	0	13|0	2|0	12m	7m	303	21:58:36	25.28	0.00	29.03	0.00	0.97	44.72	dm-0	0.00	0.00	0.00	0.00	0.00	0.00	0.00	0.00	0.00	0.00	0.00
0	20796	20806	0	0	2	0	800m	2.05g	28m	0	multi8:18.3%	0	1|0	1|0	9m	6m	303	21:58:37	22.43	0.00	26.38	0.14	0.99	50.07	dm-0	0.00	0.00	0.00	0.00	0.00	0.00	0.00	0.00	0.00	0.00	0.00
0	24372	24364	0	0	3	0	800m	2.05g	28m	0	multi8:19.8%	0	0|0	0|1	11m	7m	303	21:58:38	21.98	0.00	23.49	0.14	0.96	53.43	dm-0	0.00	0.00	0.00	0.00	0.00	0.00	0.00	0.00	0.00	0.00	0.00
0	18401	18405	0	0	5	0	800m	2.05g	28m	0	multi8:13.0%	0	1|0	1|0	8m	5m	303	21:58:39	19.15	0.00	19.02	0.14	0.68	61.01	dm-0	0.00	0.00	0.00	4.00	0.00	16.00	8.00	0.02	4.00	2.00	0.80
0	24724	24699	0	0	30	0	800m	2.05g	28m	0	multi8:20.6%	0	15|0	1|2	11m	7m	303	21:58:40	24.02	0.00	31.46	0.00	0.84	43.68	dm-0	0.00	0.00	0.00	0.00	0.00	0.00	0.00	0.00	0.00	0.00	0.00
0	25942	25957	0	0	16	0	800m	2.05g	28m	0	multi8:28.2%	0	14|0	1|2	12m	7m	304	21:58:41	26.03	0.00	29.48	0.14	0.83	43.53	dm-0	0.00	0.00	0.00	0.00	0.00	0.00	0.00	0.00	0.00	0.00	0.00
0	27478	27480	0	0	19	0	800m	2.05g	28m	0	multi8:33.5%	0	3|0	2|0	12m	7m	304	21:58:42	28.63	0.00	32.40	0.00	0.98	37.99	dm-0	0.00	0.00	0.00	0.00	0.00	0.00	0.00	0.00	0.00	0.00	0.00
0	22392	22399	0	0	15	0	800m	2.05g	28m	0	multi8:20.3%	0	2|0	0|2	10m	6m	304	21:58:43	21.97	0.00	24.06	0.14	0.97	52.85	dm-0	0.00	0.00	0.00	0.00	0.00	0.00	0.00	0.00	0.00	0.00	0.00
0	26012	26012	0	0	9	0	800m	2.05g	28m	0	multi8:22.9%	0	5|0	0|1	12m	8m	304	21:58:44	24.83	0.00	26.35	0.14	0.97	47.71	dm-0	0.00	0.00	0.00	0.00	0.00	0.00	0.00	0.00	0.00	0.00	0.00
0	20432	20422	0	0	10	0	800m	2.05g	28m	0	multi6:12.5%	0	3|0	0|2	10m	6m	305	21:58:45	18.98	0.00	18.98	0.28	0.69	61.07	dm-0	0.00	0.00	0.00	0.00	0.00	0.00	0.00	0.00	0.00	0.00	0.00
0	27589	27598	0	0	6	0	800m	2.05g	28m	0	multi4:27.1%	0	6|0	0|0	13m	8m	305	21:58:46	29.03	0.00	45.54	0.00	0.80	24.63	dm-0	0.00	0.00	0.00	0.00	0.00	0.00	0.00	0.00	0.00	0.00	0.00
0	23011	22995	0	0	3	0	800m	2.05g	28m	0	multi7:18.9%	0	0|0	0|0	10m	6m	305	21:58:47	25.21	0.00	25.62	0.14	0.69	48.34	dm-0	0.00	0.00	0.00	0.00	0.00	0.00	0.00	0.00	0.00	0.00	0.00
0	24219	24234	0	0	6	0	800m	2.05g	28m	0	multi8:17.0%	0	0|0	0|0	11m	7m	305	21:58:48	21.03	0.00	26.60	0.14	0.97	51.25	dm-0	0.00	0.00	0.00	0.00	0.00	0.00	0.00	0.00	0.00	0.00	0.00
0	23830	23834	0	0	4	0	800m	2.05g	28m	0	multi8:19.8%	0	5|0	0|1	11m	7m	305	21:58:49	19.92	0.00	19.65	0.14	0.81	59.49	dm-0	0.00	0.00	0.00	4.00	0.00	16.00	8.00	0.01	3.00	1.00	0.40
0	25390	25363	0	0	4	0	800m	2.05g	28m	0	multi7:19.5%	0	8|0	0|0	12m	8m	305	21:58:50	25.67	0.00	34.36	0.14	0.98	38.85	dm-0	0.00	0.00	0.00	0.00	0.00	0.00	0.00	0.00	0.00	0.00	0.00
0	27282	27303	0	0	9	0	800m	2.05g	28m	0	multi6:17.3%	0	0|0	1|1	13m	8m	305	21:58:51	19.89	0.00	21.66	0.14	0.82	57.49	dm-0	0.00	0.00	0.00	0.00	0.00	0.00	0.00	0.00	0.00	0.00	0.00
0	22289	22282	0	0	5	0	800m	2.05g	28m	0	multi4:15.5%	0	12|0	1|2	11m	7m	305	21:58:52	25.60	0.00	29.56	0.14	1.13	43.56	dm-0	0.00	0.00	0.00	0.00	0.00	0.00	0.00	0.00	0.00	0.00	0.00
0	25505	25519	0	0	4	0	800m	2.05g	28m	0	multi6:19.4%	0	0|0	0|0	12m	8m	305	21:58:53	18.72	0.00	21.08	0.14	0.69	59.36	dm-0	0.00	0.00	0.00	0.00	0.00	0.00	0.00	0.00	0.00	0.00	0.00
0	20822	20821	0	0	4	0	800m	2.05g	28m	0	multi7:12.7%	0	0|0	0|2	10m	7m	305	21:58:54	18.41	0.00	20.08	0.00	0.70	60.81	dm-0	0.00	0.00	0.00	0.00	0.00	0.00	0.00	0.00	0.00	0.00	0.00
0	21361	21349	0	0	6	0	800m	2.05g	28m	0	multi9:10.8%	0	15|0	2|0	10m	7m	305	21:58:55	16.49	0.00	19.07	0.27	0.82	63.35	dm-0	0.00	0.00	0.00	4.00	0.00	16.00	8.00	0.02	4.00	2.00	0.80
0	18200	18215	0	0	4	0	800m	2.05g	28m	0	multi8:9.4%	0	0|0	0|1	9m	6m	305	21:58:56	18.12	0.00	20.37	0.00	0.70	60.81	dm-0	0.00	0.00	0.00	0.00	0.00	0.00	0.00	0.00	0.00	0.00	0.00
0	23892	23883	0	0	2	0	800m	2.05g	28m	0	multi6:20.5%	0	0|0	0|0	11m	7m	305	21:58:57	16.74	0.00	17.57	0.14	0.84	64.71	dm-0	0.00	0.00	0.00	0.00	0.00	0.00	0.00	0.00	0.00	0.00	0.00
0	17881	17882	0	0	3	0	800m	2.05g	28m	0	multi7:11.8%	0	0|0	1|1	8m	5m	305	21:58:58	21.67	0.00	22.50	0.00	0.69	55.14	dm-0	0.00	0.00	0.00	0.00	0.00	0.00	0.00	0.00	0.00	0.00	0.00
0	24386	24394	0	0	3	0	800m	2.05g	28m	0	multi6:15.0%	0	0|0	0|0	11m	7m	305	21:58:59	11.84	0.00	12.65	0.14	0.68	74.69	dm-0	0.00	0.00	0.00	0.00	0.00	0.00	0.00	0.00	0.00	0.00	0.00
0	15988	15991	0	0	8	0	800m	2.05g	28m	0	multi8:10.7%	0	0|0	0|0	8m	5m	305	21:59:00	11.92	0.00	14.36	0.14	0.54	73.04	dm-0	0.00	0.00	0.00	0.00	0.00	0.00	0.00	0.00	0.00	0.00	0.00
0	14366	14358	0	0	3	0	800m	2.05g	28m	0	multi9:8.0%	0	1|0	0|1	6m	4m	305	21:59:01	13.09	0.00	15.43	0.28	0.69	70.52	dm-0	0.00	0.00	0.00	4.00	0.00	16.00	8.00	0.02	6.00	2.00	0.80
0	18561	18557	0	0	4	0	800m	2.05g	28m	0	multi6:14.0%	0	10|0	3|4	8m	5m	305	21:59:02	16.62	0.00	18.39	0.14	0.82	64.03	dm-0	0.00	0.00	0.00	0.00	0.00	0.00	0.00	0.00	0.00	0.00	0.00
0	16874	16877	0	0	4	0	800m	2.05g	28m	0	multi9:10.3%	0	0|0	0|0	8m	5m	305	21:59:03	14.02	0.00	15.23	0.00	0.54	70.22	dm-0	0.00	0.00	0.00	0.00	0.00	0.00	0.00	0.00	0.00	0.00	0.00
0	18782	18788	0	0	3	0	800m	2.05g	28m	0	multi9:12.9%	0	0|0	0|0	9m	6m	305	21:59:04	16.71	0.00	19.94	0.28	0.98	62.08	dm-0	0.00	0.00	0.00	0.00	0.00	0.00	0.00	0.00	0.00	0.00	0.00
0	20603	20596	0	0	6	0	800m	2.05g	28m	0	multi6:15.2%	0	1|0	1|3	9m	6m	305	21:59:05	17.90	0.00	18.72	0.00	0.82	62.57	dm-0	0.00	0.00	0.00	0.00	0.00	0.00	0.00	0.00	0.00	0.00	0.00
0	15068	15067	0	0	11	0	800m	2.05g	28m	0	multi7:10.1%	0	0|0	0|0	6m	4m	305	21:59:07	12.55	0.00	13.92	0.14	0.41	72.99	dm-0	0.00	0.00	0.00	0.00	0.00	0.00	0.00	0.00	0.00	0.00	0.00
0	15185	15183	0	0	7	0	800m	2.05g	28m	0	multi7:9.8%	0	0|0	0|1	6m	4m	305	21:59:08	13.07	0.00	12.93	0.13	0.67	73.20	dm-0	0.00	0.00	0.00	4.00	0.00	16.00	8.00	0.02	4.00	2.00	0.80
0	16181	16187	0	0	8	0	800m	2.05g	28m	0	multi7:11.6%	0	0|0	0|0	7m	5m	305	21:59:09	13.23	0.00	13.89	0.13	0.53	72.22	dm-0	0.00	0.00	0.00	0.00	0.00	0.00	0.00	0.00	0.00	0.00	0.00
0	18875	18863	0	0	7	0	800m	2.05g	28m	0	multi7:15.2%	0	1|0	3|2	8m	5m	305	21:59:10	14.36	0.00	15.18	0.00	0.68	69.77	dm-0	0.00	0.00	0.00	0.00	0.00	0.00	0.00	0.00	0.00	0.00	0.00
0	19455	19461	0	0	19	0	800m	2.05g	28m	0	multi7:11.6%	0	0|0	0|0	8m	5m	305	21:59:11	19.15	0.00	21.27	0.28	0.85	58.45	dm-0	0.00	0.00	0.00	0.00	0.00	0.00	0.00	0.00	0.00	0.00	0.00
0	16464	16464	0	0	14	0	800m	2.05g	28m	0	multi7:14.9%	0	0|0	0|0	7m	5m	305	21:59:12	13.04	0.00	13.98	0.00	0.54	72.45	dm-0	0.00	0.00	0.00	0.00	0.00	0.00	0.00	0.00	0.00	0.00	0.00
0	20230	20226	0	0	12	0	800m	2.05g	28m	0	multi7:13.5%	0	0|0	3|0	9m	6m	305	21:59:13	14.25	0.00	16.15	0.14	0.54	68.93	dm-0	0.00	0.00	0.00	0.00	0.00	0.00	0.00	0.00	0.00	0.00	0.00
0	18105	18115	0	0	7	0	800m	2.05g	28m	0	multi7:12.4%	0	0|0	0|0	8m	5m	305	21:59:14	17.41	0.00	17.96	0.14	0.82	63.67	dm-0	0.00	0.00	0.00	4.00	0.00	16.00	8.00	0.02	5.00	3.00	1.20
0	19463	19457	0	0	17	0	800m	2.05g	28m	0	multi7:17.0%	0	0|0	0|1	8m	5m	305	21:59:15	16.53	0.00	18.03	0.14	0.82	64.48	dm-0	0.00	0.00	0.00	0.00	0.00	0.00	0.00	0.00	0.00	0.00	0.00
0	19203	19206	0	0	10	0	800m	2.05g	28m	0	multi7:14.9%	0	1|0	3|1	8m	5m	305	21:59:16	16.28	0.00	17.66	0.41	0.55	65.10	dm-0	0.00	0.00	0.00	0.00	0.00	0.00	0.00	0.00	0.00	0.00	0.00
0	20518	20509	0	0	12	0	800m	2.05g	28m	0	multi7:18.4%	0	4|0	0|3	9m	5m	305	21:59:17	16.28	0.00	16.28	0.14	0.82	66.48	dm-0	0.00	0.00	0.00	0.00	0.00	0.00	0.00	0.00	0.00	0.00	0.00
0	19562	19561	0	0	2	0	800m	2.05g	28m	0	multi7:16.5%	0	0|0	1|1	9m	6m	305	21:59:18	17.55	0.00	20.33	0.14	0.70	61.28	dm-0	0.00	0.00	0.00	0.00	0.00	0.00	0.00	0.00	0.00	0.00	0.00
0	19565	19574	0	0	5	1	800m	2.05g	28m	0	multi7:12.5%	0	0|0	0|0	9m	5m	305	21:59:19	16.53	0.00	17.36	2.50	0.83	62.78	dm-0	0.00	0.00	0.00	29.00	0.00	236.00	16.28	0.20	6.48	6.21	18.00
0	23875	23870	0	0	7	0	800m	2.05g	28m	0	multi7:18.0%	0	1|0	1|2	11m	7m	305	21:59:20	18.02	0.00	19.81	1.24	0.69	60.25	dm-0	0.00	0.00	0.00	7.00	0.00	56.00	16.00	0.09	13.71	12.57	8.80
0	21070	21072	0	0	10	0	800m	2.05g	28m	0	multi7:15.4%	0	0|0	2|0	9m	6m	305	21:59:21	20.03	0.00	21.27	0.14	0.83	57.73	dm-0	0.00	0.00	0.00	0.00	0.00	0.00	0.00	0.00	0.00	0.00	0.00
0	21955	21960	0	0	9	0	800m	2.05g	28m	0	multi2:13.4%	0	0|0	0|1	10m	6m	305	21:59:22	21.52	0.00	25.38	0.14	0.83	52.14	dm-0	0.00	0.00	0.00	0.00	0.00	0.00	0.00	0.00	0.00	0.00	0.00
0	18201	18185	0	0	5	0	800m	2.05g	28m	0	multi7:15.1%	0	8|0	3|2	8m	5m	305	21:59:23	13.11	0.00	13.37	0.13	0.52	72.87	dm-0	0.00	0.00	0.00	0.00	0.00	0.00	0.00	0.00	0.00	0.00	0.00
0	20228	20243	0	0	3	0	800m	2.05g	28m	0	multi7:17.3%	0	0|0	0|0	9m	6m	305	21:59:24	22.18	0.00	24.93	0.14	0.83	51.93	dm-0	0.00	0.00	0.00	0.00	0.00	0.00	0.00	0.00	0.00	0.00	0.00
0	21357	21333	0	0	2	0	800m	2.05g	28m	0	multi2:12.1%	0	3|0	1|1	9m	6m	305	21:59:25	15.32	0.00	20.00	0.14	0.71	63.83	dm-0	0.00	0.00	0.00	4.00	0.00	16.00	8.00	0.01	3.00	1.00	0.40
0	24382	24389	0	0	4	0	800m	2.05g	28m	0	multi7:22.0%	0	0|0	2|0	11m	7m	305	21:59:26	21.89	0.00	25.03	0.00	0.96	52.12	dm-0	0.00	0.00	0.00	0.00	0.00	0.00	0.00	0.00	0.00	0.00	0.00
0	18209	18213	0	0	4	0	800m	2.05g	28m	0	multi2:11.4%	0	0|0	2|0	8m	5m	305	21:59:27	16.32	0.00	15.36	0.14	0.55	67.63	dm-0	0.00	0.00	0.00	0.00	0.00	0.00	0.00	0.00	0.00	0.00	0.00
0	23622	23623	0	0	3	0	800m	2.05g	28m	0	multi8:10.9%	0	0|0	0|0	10m	7m	305	21:59:28	19.25	0.00	21.39	0.13	0.80	58.42	dm-0	0.00	0.00	0.00	0.00	0.00	0.00	0.00	0.00	0.00	0.00	0.00
0	18893	18891	0	0	4	0	800m	2.05g	28m	0	multi7:10.2%	0	1|0	0|8	8m	5m	305	21:59:29	18.00	0.00	17.73	0.14	0.68	63.46	dm-0	0.00	0.00	0.00	0.00	0.00	0.00	0.00	0.00	0.00	0.00	0.00
0	22856	22841	0	0	12	0	800m	2.05g	28m	0	multi7:12.2%	0	0|0	1|1	10m	6m	305	21:59:30	19.01	0.00	20.80	0.14	0.83	59.23	dm-0	0.00	0.00	0.00	0.00	0.00	0.00	0.00	0.00	0.00	0.00	0.00
0	21500	21520	0	0	5	0	800m	2.05g	28m	0	multi7:12.3%	0	0|0	0|0	10m	6m	305	21:59:31	19.89	0.00	21.53	0.14	0.68	57.77	dm-0	0.00	0.00	0.00	3.00	0.00	12.00	8.00	0.01	4.00	2.67	0.80
0	23904	23896	0	0	9	0	800m	2.05g	28m	0	multi0:12.9%	0	0|0	2|0	11m	7m	305	21:59:32	18.81	0.00	20.61	0.14	0.83	59.61	dm-0	0.00	0.00	0.00	0.00	0.00	0.00	0.00	0.00	0.00	0.00	0.00
0	16241	16240	0	0	6	0	800m	2.05g	28m	0	multi2:8.4%	0	1|0	1|0	7m	5m	305	21:59:33	15.22	0.00	19.16	0.00	0.68	64.95	dm-0	0.00	0.00	0.00	0.00	0.00	0.00	0.00	0.00	0.00	0.00	0.00
0	22049	22055	0	0	6	0	800m	2.05g	28m	0	multi0:12.2%	0	0|0	0|1	10m	7m	305	21:59:34	16.85	0.00	17.54	0.28	0.69	64.64	dm-0	0.00	0.00	0.00	0.00	0.00	0.00	0.00	0.00	0.00	0.00	0.00
0	20966	20966	0	0	10	0	800m	2.05g	28m	0	multi0:9.3%	0	0|0	0|0	9m	6m	305	21:59:35	19.01	0.00	20.35	0.00	0.80	59.84	dm-0	0.00	0.00	0.00	0.00	0.00	0.00	0.00	0.00	0.00	0.00	0.00
0	18719	18712	0	0	3	0	800m	2.05g	29m	0	multi3:10.2%	0	4|0	2|0	9m	6m	305	21:59:36	16.71	0.00	16.30	0.14	0.41	66.44	dm-0	0.00	0.00	0.00	0.00	0.00	0.00	0.00	0.00	0.00	0.00	0.00
0	21416	21419	0	0	5	0	800m	2.05g	29m	0	multi9:11.8%	0	0|0	0|3	10m	6m	305	21:59:37	18.81	0.00	20.33	0.28	0.97	59.61	dm-0	0.00	0.00	0.00	4.00	0.00	16.00	8.00	0.02	5.00	3.00	1.20
0	25110	25108	0	0	4	0	800m	2.05g	29m	0	multi0:18.5%	0	3|0	3|1	11m	7m	305	21:59:38	19.56	0.00	21.76	0.14	0.69	57.85	dm-0	0.00	0.00	0.00	0.00	0.00	0.00	0.00	0.00	0.00	0.00	0.00
0	19939	19943	0	0	2	0	800m	2.05g	29m	0	multi6:10.5%	0	0|0	1|1	9m	5m	305	21:59:39	19.15	0.00	19.84	0.14	0.82	60.05	dm-0	0.00	0.00	0.00	0.00	0.00	0.00	0.00	0.00	0.00	0.00	0.00
0	20274	20275	0	0	6	0	800m	2.05g	29m	0	multi6:10.1%	0	2|0	0|1	9m	5m	305	21:59:40	15.13	0.00	16.64	0.00	0.69	67.54	dm-0	0.00	0.00	0.00	0.00	0.00	0.00	0.00	0.00	0.00	0.00	0.00
0	18673	18675	0	0	2	0	800m	2.05g	29m	0	multi9:9.2%	0	0|0	0|1	8m	5m	305	21:59:41	16.28	0.00	19.81	0.14	0.68	63.09	dm-0	0.00	0.00	0.00	0.00	0.00	0.00	0.00	0.00	0.00	0.00	0.00
0	21424	21427	0	0	9	0	800m	2.05g	29m	0	multi9:13.4%	0	0|0	0|0	10m	6m	305	21:59:42	16.60	0.00	18.74	0.00	0.72	63.95	dm-0	0.00	0.00	0.00	0.00	0.00	0.00	0.00	0.00	0.00	0.00	0.00
0	21055	21044	0	0	10	0	800m	2.05g	29m	0	multi3:13.7%	0	0|0	1|0	9m	6m	305	21:59:43	16.20	0.00	19.15	0.14	0.70	63.80	dm-0	0.00	0.00	0.00	4.00	0.00	16.00	8.00	0.02	4.00	2.00	0.80
0	21525	21529	0	0	10	0	800m	2.05g	29m	0	multi7:15.1%	0	0|0	0|0	10m	7m	305	21:59:44	15.47	0.00	14.78	0.14	0.83	68.78	dm-0	0.00	0.00	0.00	0.00	0.00	0.00	0.00	0.00	0.00	0.00	0.00
0	16448	16453	0	0	16	0	800m	2.05g	29m	0	multi7:10.7%	0	0|0	1|0	7m	5m	305	21:59:45	12.40	0.00	14.74	0.14	0.55	72.18	dm-0	0.00	0.00	0.00	0.00	0.00	0.00	0.00	0.00	0.00	0.00	0.00
0	19611	19606	0	0	13	0	800m	2.05g	29m	0	multi6:12.3%	0	2|0	0|2	9m	5m	305	21:59:46	18.72	0.00	19.69	0.14	0.70	60.75	dm-0	0.00	0.00	0.00	0.00	0.00	0.00	0.00	0.00	0.00	0.00	0.00
0	17845	17848	0	0	11	0	800m	2.05g	29m	0	multi3:12.7%	0	1|0	1|0	8m	5m	305	21:59:47	17.76	0.00	17.06	0.00	0.70	64.48	dm-0	0.00	0.00	0.00	0.00	0.00	0.00	0.00	0.00	0.00	0.00	0.00
0	23777	23777	0	0	16	0	800m	2.05g	29m	0	multi9:14.9%	0	0|0	1|0	11m	7m	305	21:59:48	20.98	0.00	22.24	0.28	0.98	55.52	dm-0	0.00	0.00	0.00	4.00	0.00	16.00	8.00	0.03	7.00	3.00	1.20
0	21051	21051	0	0	13	0	800m	2.05g	29m	0	multi6:15.1%	0	0|0	0|0	9m	6m	305	21:59:49	16.17	0.00	18.17	0.00	0.57	65.09	dm-0	0.00	0.00	0.00	0.00	0.00	0.00	0.00	0.00	0.00	0.00	0.00
0	19062	19061	0	0	12	0	800m	2.05g	29m	0	multi3:11.7%	0	0|0	0|0	9m	6m	305	21:59:50	17.70	0.00	19.28	0.00	0.86	62.16	dm-0	0.00	0.00	0.00	0.00	0.00	0.00	0.00	0.00	0.00	0.00	0.00
0	22355	22348	0	0	10	0	800m	2.05g	29m	0	multi6:14.9%	0	1|0	0|0	10m	6m	305	21:59:51	15.57	0.00	19.86	0.14	0.86	63.57	dm-0	0.00	0.00	0.00	0.00	0.00	0.00	0.00	0.00	0.00	0.00	0.00
0	18329	18328	0	0	11	0	800m	2.05g	29m	0	multi9:12.9%	0	2|0	0|3	9m	6m	305	21:59:52	14.23	0.00	15.35	0.14	0.56	69.72	dm-0	0.00	0.00	0.00	0.00	0.00	0.00	0.00	0.00	0.00	0.00	0.00
0	18319	18328	0	0	7	0	800m	2.05g	29m	0	multi9:12.2%	0	0|0	0|1	8m	5m	305	21:59:53	13.40	0.00	14.95	0.14	0.71	70.80	dm-0	0.00	0.00	0.00	0.00	0.00	0.00	0.00	0.00	0.00	0.00	0.00
0	16854	16857	0	0	11	0	800m	2.05g	29m	0	multi9:11.2%	0	0|0	0|0	8m	5m	305	21:59:54	17.37	0.00	19.21	0.14	0.85	62.43	dm-0	0.00	0.00	0.00	4.00	0.00	16.00	8.00	0.02	4.00	2.00	0.80
0	22333	22328	0	0	13	0	800m	2.05g	29m	0	multi6:14.1%	0	0|0	0|1	11m	7m	305	21:59:55	18.66	0.00	19.22	0.28	0.84	61.00	dm-0	0.00	0.00	0.00	0.00	0.00	0.00	0.00	0.00	0.00	0.00	0.00
0	20586	20583	0	0	9	0	800m	2.05g	29m	0	multi7:16.0%	0	1|0	0|1	10m	7m	305	21:59:56	21.17	0.00	20.06	0.00	0.84	57.94	dm-0	0.00	0.00	0.00	0.00	0.00	0.00	0.00	0.00	0.00	0.00	0.00
0	20762	20759	0	0	22	0	800m	2.05g	29m	0	multi9:15.3%	0	0|0	0|0	10m	6m	305	21:59:57	16.58	0.00	17.11	0.00	0.67	65.64	dm-0	0.00	0.00	0.00	0.00	0.00	0.00	0.00	0.00	0.00	0.00	0.00
0	15276	15288	0	0	8	0	800m	2.05g	29m	0	multi7:9.5%	0	0|0	0|0	8m	5m	305	21:59:58	13.94	0.00	16.22	0.14	0.71	68.99	dm-0	0.00	0.00	0.00	0.00	0.00	0.00	0.00	0.00	0.00	0.00	0.00
0	15504	15504	0	0	12	0	800m	2.05g	30m	0	multi9:11.3%	0	0|0	0|0	7m	5m	305	21:59:59	12.55	0.00	12.28	0.14	0.68	74.35	dm-0	0.00	0.00	0.00	0.00	0.00	0.00	0.00	0.00	0.00	0.00	0.00
0	15269	15261	0	0	3	0	800m	2.05g	30m	0	multi7:13.5%	0	0|0	0|1	8m	5m	305	22:00:00	11.57	0.00	11.04	0.40	0.27	76.72	dm-0	0.00	0.00	0.00	4.00	0.00	16.00	8.00	0.07	17.00	7.00	2.80
0	13427	13410	0	0	8	0	800m	2.05g	30m	0	multi9:14.9%	0	0|0	0|1	7m	4m	305	22:00:01	11.57	0.00	13.09	0.14	0.55	74.66	dm-0	0.00	0.00	0.00	0.00	0.00	0.00	0.00	0.00	0.00	0.00	0.00
0	12822	12822	0	0	12	0	800m	2.05g	30m	0	multi1:8.1%	0	2|0	1|0	6m	4m	305	22:00:03	11.48	0.00	13.11	0.00	0.68	74.73	dm-0	0.00	0.00	0.00	0.00	0.00	0.00	0.00	0.00	0.00	0.00	0.00
0	13481	13485	0	0	9	0	800m	2.05g	30m	0	multi9:8.6%	0	0|0	0|0	6m	4m	305	22:00:04	13.22	0.00	12.53	0.14	0.54	73.57	dm-0	0.00	0.00	0.00	0.00	0.00	0.00	0.00	0.00	0.00	0.00	0.00
0	12709	12712	0	0	2	0	800m	2.05g	30m	0	multi9:10.0%	0	0|0	0|0	7m	4m	305	22:00:05	13.24	0.00	12.83	0.13	0.53	73.26	dm-0	0.00	0.00	0.00	0.00	0.00	0.00	0.00	0.00	0.00	0.00	0.00
0	14334	14329	0	0	8	0	800m	2.05g	30m	0	multi9:9.3%	0	0|0	0|1	8m	5m	305	22:00:06	9.85	0.00	10.79	0.13	0.40	78.83	dm-0	0.00	0.00	0.00	0.00	0.00	0.00	0.00	0.00	0.00	0.00	0.00
0	16625	16627	0	0	8	0	800m	2.05g	30m	0	multi4:13.4%	0	0|0	1|0	8m	5m	305	22:00:07	16.37	0.00	15.02	0.27	0.68	67.66	dm-0	0.00	0.00	0.00	4.00	0.00	16.00	8.00	0.02	4.00	2.00	0.80
0	15409	15407	0	0	11	0	800m	2.05g	30m	0	multi4:10.0%	0	1|0	0|3	8m	5m	305	22:00:08	16.91	0.00	15.02	0.00	0.68	67.39	dm-0	0.00	0.00	0.00	0.00	0.00	0.00	0.00	0.00	0.00	0.00	0.00
0	13638	13639	0	0	8	0	800m	2.05g	30m	0	multi9:9.4%	0	0|0	0|0	7m	4m	305	22:00:09	14.07	0.00	10.69	0.14	0.54	74.56	dm-0	0.00	0.00	0.00	0.00	0.00	0.00	0.00	0.00	0.00	0.00	0.00
0	15878	15877	0	0	8	0	800m	2.05g	30m	0	multi4:12.6%	0	0|0	0|0	8m	5m	305	22:00:10	15.91	0.00	18.05	0.13	0.53	65.37	dm-0	0.00	0.00	0.00	0.00	0.00	0.00	0.00	0.00	0.00	0.00	0.00
0	15808	15811	0	0	18	0	800m	2.05g	30m	0	multi1:13.2%	0	0|0	1|0	9m	5m	305	22:00:11	14.96	0.00	14.82	0.13	0.67	69.41	dm-0	0.00	0.00	0.00	0.00	0.00	0.00	0.00	0.00	0.00	0.00	0.00
0	15053	15051	0	0	12	0	800m	2.05g	30m	0	multi7:10.7%	0	1|0	0|2	8m	5m	305	22:00:12	18.17	0.00	16.15	0.13	0.67	64.87	dm-0	0.00	0.00	0.00	0.00	0.00	0.00	0.00	0.00	0.00	0.00	0.00
0	13598	13600	0	0	6	0	800m	2.05g	30m	0	multi4:12.3%	0	0|0	0|1	7m	4m	305	22:00:13	12.50	0.00	10.64	0.00	0.40	76.46	dm-0	0.00	0.00	0.00	0.00	0.00	0.00	0.00	0.00	0.00	0.00	0.00
0	16966	16961	0	0	4	0	800m	2.05g	30m	0	multi1:13.2%	0	0|0	0|0	9m	5m	305	22:00:14	17.32	0.00	17.32	0.14	0.68	64.55	dm-0	0.00	0.00	0.00	0.00	0.00	0.00	0.00	0.00	0.00	0.00	0.00
0	12106	12108	0	0	6	0	800m	2.05g	30m	0	multi1:8.4%	0	0|0	2|2	6m	4m	305	22:00:15	13.29	0.00	13.42	0.26	0.39	72.63	dm-0	0.00	0.00	0.00	4.00	0.00	16.00	8.00	0.02	5.00	3.00	1.20
0	14726	14729	0	0	9	0	800m	2.05g	30m	0	multi4:11.8%	0	0|0	0|1	8m	5m	305	22:00:16	14.60	0.00	12.55	0.00	0.68	72.17	dm-0	0.00	0.00	0.00	0.00	0.00	0.00	0.00	0.00	0.00	0.00	0.00
0	13795	13788	0	0	8	0	800m	2.05g	30m	0	multi4:11.1%	0	1|0	0|1	7m	4m	305	22:00:17	14.25	0.00	12.50	0.13	0.54	72.58	dm-0	0.00	0.00	0.00	0.00	0.00	0.00	0.00	0.00	0.00	0.00	0.00
0	15586	15597	0	0	6	0	800m	2.05g	30m	0	multi7:12.6%	0	1|0	0|2	9m	5m	305	22:00:18	12.89	0.00	12.21	0.13	0.40	74.36	dm-0	0.00	0.00	0.00	0.00	0.00	0.00	0.00	0.00	0.00	0.00	0.00
0	14658	14652	0	0	6	1	800m	2.05g	30m	0	multi5:13.6%	0	0|0	1|1	8m	5m	305	22:00:19	18.37	0.00	18.23	2.59	0.68	60.14	dm-0	0.00	0.00	0.00	22.00	0.00	220.00	20.00	0.20	8.91	8.55	18.80
0	8518	8515	0	0	7	0	800m	2.05g	30m	0	multi8:6.7%	0	0|0	0|1	4m	2m	305	22:00:20	5.23	0.00	6.54	1.57	0.26	86.41	dm-0	0.00	0.00	0.00	12.00	0.00	140.00	23.33	0.12	10.00	9.67	11.60
0	17871	17876	0	0	9	0	800m	2.05g	30m	0	multi7:12.3%	0	0|0	1|0	9m	5m	305	22:00:21	17.46	0.00	16.64	0.14	0.82	64.94	dm-0	0.00	0.00	0.00	0.00	0.00	0.00	0.00	0.00	0.00	0.00	0.00
0	16770	16764	0	0	7	0	800m	2.05g	30m	0	multi4:11.5%	0	2|0	1|1	9m	5m	305	22:00:22	19.39	0.00	19.25	0.13	0.80	60.43	dm-0	0.00	0.00	0.00	0.00	0.00	0.00	0.00	0.00	0.00	0.00	0.00
0	16094	16094	0	0	5	0	800m	2.05g	30m	0	multi4:11.8%	0	2|0	2|1	9m	5m	305	22:00:23	14.40	0.00	12.52	0.13	0.40	72.54	dm-0	0.00	0.00	0.00	0.00	0.00	0.00	0.00	0.00	0.00	0.00	0.00
0	17658	17658	0	0	7	0	800m	2.05g	30m	0	multi4:13.5%	0	0|0	0|1	9m	6m	305	22:00:24	19.95	0.00	17.91	0.00	0.68	61.47	dm-0	0.00	0.00	0.00	0.00	0.00	0.00	0.00	0.00	0.00	0.00	0.00
0	17952	17950	0	0	2	0	800m	2.05g	30m	0	multi7:13.5%	0	0|0	0|7	10m	6m	305	22:00:25	21.46	0.00	17.41	0.54	0.67	59.92	dm-0	0.00	0.00	0.00	4.00	0.00	16.00	8.00	0.09	22.00	8.00	3.20
0	17014	17006	0	0	7	0	800m	2.05g	30m	0	multi9:12.9%	0	2|0	0|0	9m	6m	305	22:00:26	16.38	0.00	17.44	0.26	0.66	65.26	dm-0	0.00	0.00	0.00	0.00	0.00	0.00	0.00	0.00	0.00	0.00	0.00
0	20057	20052	0	0	3	0	800m	2.05g	30m	0	multi4:17.2%	0	0|0	0|0	10m	6m	305	22:00:27	20.42	0.00	18.33	0.00	0.69	60.56	dm-0	0.00	0.00	0.00	0.00	0.00	0.00	0.00	0.00	0.00	0.00	0.00
0	15675	15680	0	0	7	0	800m	2.05g	30m	0	multi7:13.9%	0	3|0	1|0	8m	5m	305	22:00:28	16.98	0.00	16.44	0.13	0.67	65.77	dm-0	0.00	0.00	0.00	0.00	0.00	0.00	0.00	0.00	0.00	0.00	0.00
0	19106	19113	0	0	5	0	800m	2.05g	30m	0	multi7:16.8%	0	0|0	0|0	10m	7m	305	22:00:29	20.70	0.00	19.09	0.00	0.81	59.41	dm-0	0.00	0.00	0.00	0.00	0.00	0.00	0.00	0.00	0.00	0.00	0.00
0	15817	15799	0	0	10	0	800m	2.05g	30m	0	multi7:11.9%	0	0|0	1|1	8m	5m	305	22:00:30	16.82	0.00	16.03	0.26	0.39	66.49	dm-0	0.00	0.00	0.00	0.00	0.00	0.00	0.00	0.00	0.00	0.00	0.00
0	20478	20485	0	0	6	0	800m	2.05g	30m	0	multi2:14.3%	0	0|0	0|1	11m	6m	305	22:00:31	21.03	0.00	18.72	0.14	0.81	59.29	dm-0	0.00	0.00	0.00	4.00	0.00	16.00	8.00	0.02	4.00	2.00	0.80
0	15253	15255	0	0	10	0	800m	2.05g	30m	0	multi7:11.6%	0	0|0	0|0	8m	5m	305	22:00:32	16.82	0.00	16.29	0.00	0.67	66.22	dm-0	0.00	0.00	0.00	0.00	0.00	0.00	0.00	0.00	0.00	0.00	0.00
0	17932	17934	0	0	5	0	800m	2.05g	30m	0	multi7:13.9%	0	2|0	0|1	9m	6m	305	22:00:33	19.20	0.00	17.83	0.27	0.69	62.00	dm-0	0.00	0.00	0.00	0.00	0.00	0.00	0.00	0.00	0.00	0.00	0.00
0	16211	16207	0	0	7	0	800m	2.05g	30m	0	multi7:11.3%	0	1|0	1|2	8m	5m	305	22:00:34	16.22	0.00	14.88	0.00	0.54	68.36	dm-0	0.00	0.00	0.00	0.00	0.00	0.00	0.00	0.00	0.00	0.00	0.00
0	19111	19116	0	0	13	0	800m	2.05g	30m	0	multi7:15.2%	0	0|0	0|0	10m	6m	305	22:00:35	18.02	0.00	18.71	0.28	0.83	62.17	dm-0	0.00	0.00	0.00	0.00	0.00	0.00	0.00	0.00	0.00	0.00	0.00
0	16846	16844	0	0	8	0	800m	2.05g	30m	0	multi7:13.0%	0	1|0	4|0	9m	5m	305	22:00:36	19.84	0.00	16.46	0.00	0.67	63.02	dm-0	0.00	0.00	0.00	0.00	0.00	0.00	0.00	0.00	0.00	0.00	0.00
0	17443	17435	0	0	5	0	800m	2.05g	30m	0	multi9:12.4%	0	4|0	1|1	9m	6m	305	22:00:37	17.07	0.00	13.04	0.27	0.54	69.09	dm-0	0.00	0.00	0.00	0.00	0.00	0.00	0.00	0.00	0.00	0.00	0.00
0	15434	15438	0	0	13	0	800m	2.05g	30m	0	multi0:11.7%	0	3|0	1|0	8m	5m	305	22:00:38	14.11	0.00	12.92	0.13	0.53	72.30	dm-0	0.00	0.00	0.00	0.00	0.00	0.00	0.00	0.00	0.00	0.00	0.00
0	15208	15212	0	0	5	0	800m	2.05g	31m	0	multi7:12.7%	0	0|0	0|0	8m	5m	305	22:00:39	16.71	0.00	18.04	0.00	0.66	64.59	dm-0	0.00	0.00	0.00	0.00	0.00	0.00	0.00	0.00	0.00	0.00	0.00
0	19776	19776	0	0	5	0	800m	2.05g	31m	0	multi7:13.2%	0	0|0	1|2	10m	7m	305	22:00:40	22.66	0.00	20.33	0.14	0.69	56.18	dm-0	0.00	0.00	0.00	0.00	0.00	0.00	0.00	0.00	0.00	0.00	0.00
0	19101	19096	0	0	5	0	800m	2.05g	30m	0	multi0:13.3%	0	4|0	1|1	9m	6m	305	22:00:41	17.13	0.00	17.82	0.00	0.83	64.23	dm-0	0.00	0.00	0.00	0.00	0.00	0.00	0.00	0.00	0.00	0.00	0.00
0	17852	17862	0	0	3	0	800m	2.05g	30m	0	multi0:17.0%	0	1|0	0|2	8m	5m	305	22:00:42	14.80	0.00	15.21	0.13	0.67	69.18	dm-0	0.00	0.00	0.00	0.00	0.00	0.00	0.00	0.00	0.00	0.00	0.00
0	16673	16674	0	0	6	0	800m	2.05g	30m	0	multi9:13.1%	0	0|0	0|1	8m	5m	305	22:00:43	17.77	0.00	16.29	0.00	0.67	65.28	dm-0	0.00	0.00	0.00	0.00	0.00	0.00	0.00	0.00	0.00	0.00	0.00
0	16172	16167	0	0	2	0	800m	2.05g	30m	0	multi9:10.6%	0	0|0	0|1	8m	5m	305	22:00:44	13.62	0.00	12.95	0.27	0.40	72.76	dm-0	0.00	0.00	0.00	0.00	0.00	0.00	0.00	0.00	0.00	0.00	0.00
0	16319	16325	0	0	7	0	800m	2.05g	30m	0	multi7:11.4%	0	0|0	0|0	8m	5m	305	22:00:45	17.39	0.00	15.50	0.13	0.67	66.31	dm-0	0.00	0.00	0.00	4.00	0.00	16.00	8.00	0.02	6.00	4.00	1.60
0	17780	17776	0	0	6	0	800m	2.05g	30m	0	multi0:15.8%	0	0|0	1|1	8m	5m	305	22:00:46	17.44	0.00	17.30	0.27	0.68	64.31	dm-0	0.00	0.00	0.00	0.00	0.00	0.00	0.00	0.00	0.00	0.00	0.00
0	18757	18754	0	0	5	0	800m	2.05g	30m	0	multi7:13.4%	0	0|0	1|2	9m	5m	305	22:00:47	16.03	0.00	16.99	0.14	0.68	66.16	dm-0	0.00	0.00	0.00	0.00	0.00	0.00	0.00	0.00	0.00	0.00	0.00
0	19816	19816	0	0	7	0	800m	2.05g	30m	0	multi0:14.3%	0	2|0	1|1	9m	5m	305	22:00:48	17.24	0.00	18.06	0.14	0.68	63.89	dm-0	0.00	0.00	0.00	0.00	0.00	0.00	0.00	0.00	0.00	0.00	0.00
0	18390	18393	0	0	5	0	800m	2.05g	30m	0	multi0:13.8%	0	0|0	1|1	8m	5m	305	22:00:49	17.46	0.00	15.55	0.00	0.68	66.30	dm-0	0.00	0.00	0.00	0.00	0.00	0.00	0.00	0.00	0.00	0.00	0.00
0	17542	17533	0	0	6	0	800m	2.05g	30m	0	multi7:12.4%	0	0|0	2|1	8m	5m	305	22:00:50	15.23	0.00	15.91	0.14	0.69	68.04	dm-0	0.00	0.00	0.00	0.00	0.00	0.00	0.00	0.00	0.00	0.00	0.00
0	17904	17913	0	0	19	0	800m	2.05g	30m	0	multi9:14.6%	0	1|0	1|1	8m	5m	305	22:00:51	15.68	0.00	14.17	0.14	0.69	69.33	dm-0	0.00	0.00	0.00	0.00	0.00	0.00	0.00	0.00	0.00	0.00	0.00
0	19248	19242	0	0	9	0	800m	2.05g	30m	0	multi7:14.1%	0	0|0	0|1	8m	5m	305	22:00:52	18.25	0.00	17.97	0.14	0.70	62.95	dm-0	0.00	0.00	0.00	0.00	0.00	0.00	0.00	0.00	0.00	0.00	0.00
0	21032	21033	0	0	6	0	800m	2.05g	30m	0	multi0:17.2%	0	1|0	0|0	9m	6m	305	22:00:53	18.22	0.00	20.31	0.14	0.83	60.50	dm-0	0.00	0.00	0.00	0.00	0.00	0.00	0.00	0.00	0.00	0.00	0.00
0	23046	23045	0	0	6	0	800m	2.05g	30m	0	multi9:14.8%	0	0|0	0|0	10m	6m	305	22:00:54	18.94	0.00	20.16	0.00	0.68	60.22	dm-0	0.00	0.00	0.00	0.00	0.00	0.00	0.00	0.00	0.00	0.00	0.00
0	20574	20574	0	0	8	0	800m	2.05g	30m	0	multi7:15.2%	0	2|0	0|2	9m	6m	305	22:00:55	20.42	0.00	23.22	0.00	0.84	55.52	dm-0	0.00	0.00	0.00	0.00	0.00	0.00	0.00	0.00	0.00	0.00	0.00
0	22616	22608	0	0	8	0	800m	2.05g	30m	0	multi0:21.5%	0	2|0	1|1	9m	6m	305	22:00:56	22.70	0.00	25.49	0.28	0.97	50.56	dm-0	0.00	0.00	0.00	4.00	0.00	16.00	8.00	0.04	11.00	5.00	2.00
0	24820	24833	0	0	9	0	800m	2.05g	30m	0	multi7:18.7%	0	0|0	0|0	11m	7m	305	22:00:57	22.99	0.00	25.90	0.14	0.97	50.00	dm-0	0.00	0.00	0.00	0.00	0.00	0.00	0.00	0.00	0.00	0.00	0.00
0	25800	25761	0	0	11	0	800m	2.05g	30m	0	multi0:21.3%	0	1|0	0|0	11m	7m	305	22:00:58	23.59	0.00	27.45	0.14	0.83	48.00	dm-0	0.00	0.00	0.00	0.00	0.00	0.00	0.00	0.00	0.00	0.00	0.00
0	21917	21959	0	0	11	0	800m	2.05g	30m	0	multi9:15.4%	0	0|0	2|0	10m	6m	305	22:00:59	16.83	0.00	16.14	0.28	0.69	66.07	dm-0	0.00	0.00	0.00	0.00	0.00	0.00	0.00	0.00	0.00	0.00	0.00
0	21827	21831	0	0	15	0	800m	2.05g	30m	0	multi7:17.6%	0	0|0	0|1	10m	6m	305	22:01:01	16.53	0.00	18.02	0.00	0.68	64.77	dm-0	0.00	0.00	0.00	0.00	0.00	0.00	0.00	0.00	0.00	0.00	0.00
0	18316	18308	0	0	7	0	800m	2.05g	30m	0	multi7:14.7%	0	2|0	1|1	8m	5m	305	22:01:02	17.93	0.00	20.45	0.66	0.66	60.29	dm-0	0.00	0.00	0.00	4.00	0.00	16.00	8.00	0.06	14.00	10.00	4.00
0	21937	21942	0	0	10	0	800m	2.05g	29m	0	multi7:21.5%	0	1|0	0|1	9m	6m	305	22:01:03	20.93	0.00	22.98	0.00	0.68	55.40	dm-0	0.00	0.00	0.00	0.00	0.00	0.00	0.00	0.00	0.00	0.00	0.00
0	18377	18372	0	0	10	0	800m	2.05g	29m	0	multi7:12.9%	0	2|0	0|1	8m	5m	305	22:01:04	14.84	0.00	19.78	0.14	0.82	64.42	dm-0	0.00	0.00	0.00	0.00	0.00	0.00	0.00	0.00	0.00	0.00	0.00
0	27756	27761	0	0	12	0	800m	2.05g	29m	0	multi7:25.9%	0	2|0	2|1	12m	8m	305	22:01:05	23.07	0.00	27.29	0.00	0.98	48.66	dm-0	0.00	0.00	0.00	0.00	0.00	0.00	0.00	0.00	0.00	0.00	0.00
0	23609	23606	0	0	7	0	800m	2.05g	29m	0	multi7:19.7%	0	2|0	1|2	11m	7m	305	22:01:06	24.72	0.00	29.31	0.14	0.69	45.14	dm-0	0.00	0.00	0.00	0.00	0.00	0.00	0.00	0.00	0.00	0.00	0.00
0	19218	19226	0	0	10	0	800m	2.05g	29m	0	multi7:16.1%	0	0|0	0|1	9m	6m	305	22:01:07	16.99	0.00	22.19	0.14	0.84	59.83	dm-0	0.00	0.00	0.00	0.00	0.00	0.00	0.00	0.00	0.00	0.00	0.00
0	22187	22169	0	0	7	0	800m	2.05g	29m	0	multi7:20.9%	0	7|0	2|0	10m	6m	305	22:01:08	14.55	0.00	18.64	0.42	0.85	65.54	dm-0	0.00	0.00	0.00	4.00	0.00	16.00	8.00	0.06	15.00	5.00	2.00
0	21611	21626	0	0	10	0	800m	2.05g	29m	0	multi9:18.7%	0	2|0	2|1	10m	6m	305	22:01:09	20.73	0.00	21.99	0.14	0.84	56.30	dm-0	0.00	0.00	0.00	0.00	0.00	0.00	0.00	0.00	0.00	0.00	0.00
0	21312	21314	0	0	7	0	800m	2.05g	29m	0	multi7:20.6%	0	0|0	2|0	9m	6m	305	22:01:10	21.67	0.00	21.26	0.00	0.82	56.24	dm-0	0.00	0.00	0.00	0.00	0.00	0.00	0.00	0.00	0.00	0.00	0.00
0	19896	19894	0	0	8	0	800m	2.05g	30m	0	multi9:16.5%	0	1|0	1|1	9m	6m	305	22:01:11	17.04	0.00	17.45	0.14	0.83	64.54	dm-0	0.00	0.00	0.00	0.00	0.00	0.00	0.00	0.00	0.00	0.00	0.00
0	17389	17390	0	0	4	0	800m	2.05g	29m	0	multi7:16.9%	0	0|0	0|1	8m	5m	305	22:01:12	15.80	0.00	18.41	0.14	0.69	64.97	dm-0	0.00	0.00	0.00	0.00	0.00	0.00	0.00	0.00	0.00	0.00	0.00
0	22682	22671	0	0	8	0	800m	2.05g	30m	0	multi7:19.8%	0	4|0	1|2	10m	6m	305	22:01:13	16.55	0.00	16.55	0.14	0.68	66.07	dm-0	0.00	0.00	0.00	0.00	0.00	0.00	0.00	0.00	0.00	0.00	0.00
0	19710	19719	0	0	13	0	800m	2.05g	30m	0	multi7:17.8%	0	0|0	1|0	9m	5m	305	22:01:14	21.44	0.00	21.58	0.14	0.83	56.02	dm-0	0.00	0.00	0.00	4.00	0.00	16.00	8.00	0.01	3.00	1.00	0.40
0	22286	22283	0	0	7	0	800m	2.05g	30m	0	multi7:21.2%	0	3|0	1|2	10m	6m	305	22:01:15	19.45	0.00	17.79	0.14	0.83	61.79	dm-0	0.00	0.00	0.00	0.00	0.00	0.00	0.00	0.00	0.00	0.00	0.00
0	18240	18240	0	0	8	0	800m	2.05g	30m	0	multi7:14.1%	0	5|0	0|2	8m	5m	305	22:01:16	18.74	0.00	19.16	0.14	0.70	61.26	dm-0	0.00	0.00	0.00	0.00	0.00	0.00	0.00	0.00	0.00	0.00	0.00
0	15846	15859	0	0	4	0	800m	2.05g	30m	0	multi7:12.1%	0	0|0	0|0	7m	5m	305	22:01:17	14.02	0.00	13.07	0.00	0.54	72.37	dm-0	0.00	0.00	0.00	0.00	0.00	0.00	0.00	0.00	0.00	0.00	0.00
0	17391	17385	0	0	17	0	800m	2.05g	30m	0	multi7:14.3%	0	0|0	0|1	8m	5m	305	22:01:18	15.70	0.00	16.51	0.14	0.68	66.98	dm-0	0.00	0.00	0.00	0.00	0.00	0.00	0.00	0.00	0.00	0.00	0.00
6	20581	20582	0	0	8	1	800m	2.05g	30m	0	multi7:28.0%	0	0|0	1|0	9m	6m	305	22:01:19	14.38	0.00	15.34	3.56	0.68	66.03	dm-0	0.00	0.00	0.00	19.00	0.00	184.00	19.37	0.23	12.21	9.89	18.80
0	3684	3684	0	0	4	0	800m	2.05g	30m	0	multi9:7.1%	0	0|0	0|0	1m	974k	305	22:01:20	12.99	0.00	14.48	2.30	0.54	69.69	dm-0	0.00	0.00	0.00	25.00	0.00	284.00	22.72	0.31	12.32	10.08	25.20
9	16830	16808	0	0	4	0	800m	2.05g	30m	0	multi7:13.8%	0	1|0	1|1	8m	5m	305	22:01:21	4.76	0.00	5.66	0.00	0.26	89.32	dm-0	0.00	0.00	0.00	0.00	0.00	0.00	0.00	0.00	0.00	0.00	0.00
7	16573	16576	0	0	10	0	800m	2.05g	30m	0	multi7:9.5%	0	1|0	0|1	8m	5m	305	22:01:22	16.41	0.00	19.09	0.14	0.71	63.65	dm-0	0.00	0.00	0.00	0.00	0.00	0.00	0.00	0.00	0.00	0.00	0.00
5	17375	17367	0	0	9	0	800m	2.05g	30m	0	multi7:16.0%	0	0|0	1|0	8m	5m	305	22:01:23	13.12	0.00	14.36	0.14	0.55	71.82	dm-0	0.00	0.00	0.00	0.00	0.00	0.00	0.00	0.00	0.00	0.00	0.00
13	18122	18109	0	0	9	0	800m	2.05g	30m	0	multi7:17.7%	0	0|0	0|0	9m	5m	305	22:01:24	17.49	0.00	16.12	0.00	0.83	65.56	dm-0	0.00	0.00	0.00	0.00	0.00	0.00	0.00	0.00	0.00	0.00	0.00
12	15938	15909	0	0	9	0	800m	2.05g	30m	0	multi7:11.4%	0	2|0	2|0	7m	5m	305	22:01:25	14.00	0.00	16.02	0.27	0.54	69.18	dm-0	0.00	0.00	0.00	4.00	0.00	16.00	8.00	0.01	2.00	2.00	0.80
7	17606	17599	0	0	11	0	800m	2.05g	30m	0	multi7:16.6%	0	1|0	0|1	8m	5m	305	22:01:26	15.52	0.00	15.92	0.00	0.67	67.88	dm-0	0.00	0.00	0.00	0.00	0.00	0.00	0.00	0.00	0.00	0.00	0.00
6	17161	17157	0	0	13	0	800m	2.05g	30m	0	multi7:13.7%	0	1|0	2|0	8m	5m	305	22:01:27	15.75	0.00	16.03	0.00	0.68	67.53	dm-0	0.00	0.00	0.00	0.00	0.00	0.00	0.00	0.00	0.00	0.00	0.00
12	19075	19066	0	0	6	0	800m	2.05g	30m	0	multi7:19.7%	0	1|0	0|2	9m	6m	305	22:01:29	15.23	0.00	15.63	0.27	0.54	68.33	dm-0	0.00	0.00	0.00	0.00	0.00	0.00	0.00	0.00	0.00	0.00	0.00
4	16492	16479	0	0	9	0	800m	2.05g	30m	0	multi7:11.5%	0	3|0	1|2	8m	5m	305	22:01:30	14.11	0.00	14.66	0.00	0.70	70.53	dm-0	0.00	0.00	0.00	0.00	0.00	0.00	0.00	0.00	0.00	0.00	0.00
3	15861	15859	0	0	6	0	800m	2.05g	30m	0	multi6:10.3%	0	3|0	1|2	8m	5m	305	22:01:31	15.89	0.00	15.34	0.14	0.68	67.95	dm-0	0.00	0.00	0.00	4.00	0.00	16.00	8.00	0.05	12.00	4.00	1.60
8	18140	18135	0	0	4	0	800m	2.05g	30m	0	multi7:15.1%	0	1|0	0|0	8m	5m	305	22:01:32	15.75	0.00	13.97	0.14	0.55	69.59	dm-0	0.00	0.00	0.00	0.00	0.00	0.00	0.00	0.00	0.00	0.00	0.00
2	18179	18182	0	0	5	0	800m	2.05g	30m	0	multi8:9.8%	0	1|0	1|1	8m	5m	305	22:01:33	16.62	0.00	15.92	0.14	0.70	66.62	dm-0	0.00	0.00	0.00	0.00	0.00	0.00	0.00	0.00	0.00	0.00	0.00
2	15922	15920	0	0	8	0	800m	2.05g	30m	0	multi7:14.0%	0	1|0	0|1	8m	5m	305	22:01:34	15.61	0.00	14.00	0.13	0.54	69.72	dm-0	0.00	0.00	0.00	0.00	0.00	0.00	0.00	0.00	0.00	0.00	0.00
5	18390	18389	0	0	6	0	800m	2.05g	30m	0	multi2:11.4%	0	0|0	0|2	9m	6m	305	22:01:35	13.78	0.00	15.42	0.00	0.68	70.12	dm-0	0.00	0.00	0.00	0.00	0.00	0.00	0.00	0.00	0.00	0.00	0.00
7	17624	17609	0	0	9	0	800m	2.05g	30m	0	multi5:11.1%	0	0|0	2|1	9m	5m	305	22:01:36	15.09	0.00	17.56	0.27	0.69	66.39	dm-0	0.00	0.00	0.00	0.00	0.00	0.00	0.00	0.00	0.00	0.00	0.00
15	14839	14842	0	0	4	0	800m	2.05g	30m	0	multi6:9.9%	0	0|0	0|0	7m	4m	305	22:01:37	12.72	0.00	12.58	0.13	0.54	74.03	dm-0	0.00	0.00	0.00	4.00	0.00	16.00	8.00	0.02	4.00	2.00	0.80
10	16036	16035	0	0	10	0	800m	2.05g	30m	0	multi8:9.7%	0	1|0	2|1	8m	5m	305	22:01:38	15.84	0.00	14.74	0.28	0.69	68.46	dm-0	0.00	0.00	0.00	0.00	0.00	0.00	0.00	0.00	0.00	0.00	0.00
6	14464	14464	0	0	11	0	800m	2.05g	30m	0	multi2:10.0%	0	0|0	0|0	7m	4m	305	22:01:39	10.99	0.00	11.67	0.00	0.41	76.93	dm-0	0.00	0.00	0.00	0.00	0.00	0.00	0.00	0.00	0.00	0.00	0.00
4	17784	17781	0	0	7	0	800m	2.05g	30m	0	multi8:10.0%	0	0|0	0|1	9m	5m	305	22:01:40	16.92	0.00	17.47	0.14	0.83	64.65	dm-0	0.00	0.00	0.00	0.00	0.00	0.00	0.00	0.00	0.00	0.00	0.00
15	14959	14964	0	0	2	0	800m	2.05g	30m	0	multi8:9.4%	0	0|0	1|1	7m	5m	305	22:01:41	11.44	0.00	11.84	0.13	0.40	76.18	dm-0	0.00	0.00	0.00	0.00	0.00	0.00	0.00	0.00	0.00	0.00	0.00
17	13595	13591	0	0	11	0	800m	2.05g	30m	0	multi1:8.2%	0	1|0	2|1	6m	4m	305	22:01:42	14.34	0.00	14.34	0.13	0.54	70.64	dm-0	0.00	0.00	0.00	4.00	0.00	16.00	8.00	0.02	4.00	2.00	0.80
7	16101	16106	0	0	6	0	800m	2.05g	30m	0	multi8:11.2%	0	0|0	0|2	8m	5m	305	22:01:43	13.64	0.00	13.64	0.13	0.67	71.93	dm-0	0.00	0.00	0.00	0.00	0.00	0.00	0.00	0.00	0.00	0.00	0.00
14	16043	16046	0	0	5	0	800m	2.05g	30m	0	multi5:10.2%	0	0|0	0|2	7m	5m	305	22:01:44	15.21	0.00	14.15	0.00	0.53	70.11	dm-0	0.00	0.00	0.00	0.00	0.00	0.00	0.00	0.00	0.00	0.00	0.00
8	15834	15826	0	0	11	0	800m	2.05g	30m	0	multi2:11.1%	0	1|0	1|1	8m	5m	305	22:01:45	18.23	0.00	15.47	0.14	0.69	65.47	dm-0	0.00	0.00	0.00	0.00	0.00	0.00	0.00	0.00	0.00	0.00	0.00
6	16389	16391	0	0	8	0	800m	2.05g	30m	0	multi8:9.9%	0	1|0	0|1	8m	5m	305	22:01:46	13.72	0.00	13.32	0.13	0.40	72.43	dm-0	0.00	0.00	0.00	0.00	0.00	0.00	0.00	0.00	0.00	0.00	0.00
19	14476	14478	0	0	7	0	800m	2.05g	30m	0	multi8:7.7%	0	1|0	2|1	7m	4m	305	22:01:47	15.71	0.00	14.25	0.00	0.53	69.51	dm-0	0.00	0.00	0.00	0.00	0.00	0.00	0.00	0.00	0.00	0.00	0.00
21	17173	17175	0	0	12	0	800m	2.05g	30m	0	multi8:9.2%	0	0|0	0|0	8m	5m	305	22:01:48	14.05	0.00	15.14	0.41	0.68	69.73	dm-0	0.00	0.00	0.00	4.00	0.00	16.00	8.00	0.02	4.00	2.00	0.80
10	15783	15775	0	0	9	0	800m	2.05g	30m	0	multi8:10.9%	0	0|0	0|1	7m	4m	305	22:01:49	14.48	0.00	14.21	0.14	0.68	70.49	dm-0	0.00	0.00	0.00	0.00	0.00	0.00	0.00	0.00	0.00	0.00	0.00
12	17531	17516	0	0	11	0	800m	2.05g	30m	0	multi8:9.6%	0	0|0	0|0	8m	5m	305	22:01:50	15.65	0.00	16.98	0.00	0.53	66.84	dm-0	0.00	0.00	0.00	0.00	0.00	0.00	0.00	0.00	0.00	0.00	0.00
5	16639	16634	0	0	10	0	800m	2.05g	30m	0	multi8:10.2%	0	2|0	0|2	8m	5m	305	22:01:51	15.18	0.00	15.60	0.14	0.68	68.40	dm-0	0.00	0.00	0.00	0.00	0.00	0.00	0.00	0.00	0.00	0.00	0.00
12	16022	16013	0	0	3	0	800m	2.05g	30m	0	multi8:9.4%	0	1|0	0|0	8m	5m	305	22:01:52	13.70	0.00	15.02	0.13	0.66	70.49	dm-0	0.00	0.00	0.00	0.00	0.00	0.00	0.00	0.00	0.00	0.00	0.00
17	17415	17397	0	0	15	0	800m	2.05g	30m	0	multi8:10.1%	0	1|0	0|1	8m	5m	305	22:01:53	16.94	0.00	16.53	0.00	0.55	65.98	dm-0	0.00	0.00	0.00	0.00	0.00	0.00	0.00	0.00	0.00	0.00	0.00
15	16298	16281	0	0	15	0	800m	2.05g	30m	0	multi8:10.4%	0	1|0	0|2	7m	5m	305	22:01:54	14.81	0.00	16.44	0.27	0.54	67.93	dm-0	0.00	0.00	0.00	0.00	0.00	0.00	0.00	0.00	0.00	0.00	0.00
10	18874	18870	0	0	6	0	800m	2.05g	30m	0	multi3:10.3%	0	0|0	1|0	9m	6m	305	22:01:55	16.31	0.00	17.25	0.27	0.81	65.36	dm-0	0.00	0.00	0.00	4.00	0.00	16.00	8.00	0.05	13.00	5.00	2.00
10	19164	19154	0	0	13	0	800m	2.05g	30m	0	multi0:12.1%	0	0|0	0|0	8m	5m	305	22:01:56	15.78	0.00	15.36	0.00	0.55	68.31	dm-0	0.00	0.00	0.00	0.00	0.00	0.00	0.00	0.00	0.00	0.00	0.00
5	16195	16191	0	0	13	0	800m	2.05g	30m	0	multi8:8.9%	0	0|0	0|0	7m	5m	305	22:01:57	12.72	0.00	11.91	0.67	0.67	74.03	dm-0	0.00	0.00	0.00	0.00	0.00	0.00	0.00	0.00	0.00	0.00	0.00
6	13002	12993	0	0	15	0	800m	2.05g	30m	0	multi6:6.7%	0	0|0	0|6	6m	3m	305	22:01:58	12.23	0.00	12.50	0.13	0.40	74.73	dm-0	0.00	0.00	0.00	0.00	0.00	0.00	0.00	0.00	0.00	0.00	0.00
9	14891	14883	0	0	8	0	800m	2.05g	30m	0	multi8:7.5%	0	0|0	0|0	6m	4m	305	22:02:00	13.58	0.00	12.65	0.27	0.53	72.97	dm-0	0.00	0.00	0.00	0.00	0.00	0.00	0.00	0.00	0.00	0.00	0.00
1	17098	17104	0	0	7	0	800m	2.05g	30m	0	multi8:9.4%	0	0|0	0|0	7m	5m	305	22:02:01	13.26	0.00	14.85	0.13	0.53	71.22	dm-0	0.00	0.00	0.00	4.00	0.00	16.00	8.00	0.02	4.00	2.00	0.80
10	16802	16790	0	0	11	0	800m	2.05g	30m	0	multi8:8.8%	0	0|0	0|1	7m	5m	305	22:02:02	15.31	0.00	15.31	0.00	0.81	68.56	dm-0	0.00	0.00	0.00	0.00	0.00	0.00	0.00	0.00	0.00	0.00	0.00
8	18769	18757	0	0	14	0	800m	2.05g	30m	0	multi0:10.3%	0	0|0	0|1	8m	5m	305	22:02:03	16.69	0.00	17.51	0.14	0.55	65.12	dm-0	0.00	0.00	0.00	0.00	0.00	0.00	0.00	0.00	0.00	0.00	0.00
6	16837	16832	0	0	21	0	800m	2.05g	30m	0	multi5:9.2%	0	0|0	1|1	7m	5m	305	22:02:04	13.62	0.00	14.82	0.13	0.53	70.89	dm-0	0.00	0.00	0.00	0.00	0.00	0.00	0.00	0.00	0.00	0.00	0.00
5	16225	16213	0	0	16	0	800m	2.05g	31m	0	multi7:8.0%	0	1|0	0|3	7m	5m	305	22:02:05	14.34	0.00	12.99	0.00	0.68	71.99	dm-0	0.00	0.00	0.00	0.00	0.00	0.00	0.00	0.00	0.00	0.00	0.00
6	17277	17276	0	0	6	0	800m	2.05g	31m	0	multi8:9.4%	0	0|0	1|1	8m	5m	305	22:02:06	15.84	0.00	15.57	0.13	0.54	67.92	dm-0	0.00	0.00	0.00	0.00	0.00	0.00	0.00	0.00	0.00	0.00	0.00
6	17277	17276	0	0	6	0	800m	2.05g	31m	0	multi8:9.4%	0	0|0	1|1	8m	5m	305	22:02:06	14.65	0.00	15.33	5.56	0.68	63.77	dm-0	0.00	0.00	0.00	3.00	0.00	12.00	8.00	1.28	0.00	142.67	42.80
1	10209	10210	0	0	5	0	800m	2.05g	31m	0	multi3:5.8%	0	0|0	0|221	4m	3m	305	22:02:07	2.79	0.00	3.43	12.18	0.25	81.35	dm-0	0.00	0.00	0.00	1.00	0.00	4.00	8.00	2.92	4196.00	976.00	97.60
6	20455	20454	0	0	12	0	800m	2.05g	30m	0	multi7:9.1%	0	0|0	0|0	9m	6m	305	22:02:08	17.34	0.00	20.60	0.14	0.54	61.38	dm-0	0.00	0.00	0.00	0.00	0.00	0.00	0.00	0.00	0.00	0.00	0.00
4	19217	19210	0	0	10	0	800m	2.05g	31m	0	multi8:13.6%	0	0|0	0|1	8m	5m	305	22:02:09	16.76	0.00	19.92	0.00	0.69	62.64	dm-0	0.00	0.00	0.00	0.00	0.00	0.00	0.00	0.00	0.00	0.00	0.00
5	19122	19117	0	0	11	0	800m	2.05g	31m	0	multi9:10.5%	0	0|0	1|1	9m	5m	305	22:02:10	17.10	0.00	16.69	0.28	0.69	65.24	dm-0	0.00	0.00	0.00	0.00	0.00	0.00	0.00	0.00	0.00	0.00	0.00
5	18440	18436	0	0	18	0	800m	2.05g	30m	0	multi6:10.3%	0	1|0	0|1	8m	5m	305	22:02:11	15.32	0.00	19.43	0.00	0.68	64.57	dm-0	0.00	0.00	0.00	0.00	0.00	0.00	0.00	0.00	0.00	0.00	0.00
10	18577	18563	0	0	17	0	800m	2.05g	30m	0	multi7:12.1%	0	1|0	2|0	8m	5m	305	22:02:12	15.75	0.00	18.37	0.28	0.69	64.92	dm-0	0.00	0.00	0.00	4.00	0.00	16.00	8.00	0.02	6.00	2.00	0.80
11	16997	16992	0	0	13	0	800m	2.05g	30m	0	multi7:10.6%	0	1|0	1|0	7m	5m	305	22:02:13	14.48	0.00	14.88	0.41	0.68	69.55	dm-0	0.00	0.00	0.00	0.00	0.00	0.00	0.00	0.00	0.00	0.00	0.00
9	17764	17749	0	0	3	0	800m	2.05g	31m	0	multi8:12.2%	0	2|0	1|0	8m	5m	305	22:02:14	16.33	0.00	16.87	0.00	0.67	66.13	dm-0	0.00	0.00	0.00	0.00	0.00	0.00	0.00	0.00	0.00	0.00	0.00
6	19595	19587	0	0	12	0	800m	2.05g	31m	0	multi8:14.5%	0	4|0	1|1	9m	6m	305	22:02:15	17.98	0.00	17.85	0.14	0.82	63.22	dm-0	0.00	0.00	0.00	0.00	0.00	0.00	0.00	0.00	0.00	0.00	0.00
6	18666	18656	0	0	8	0	800m	2.05g	31m	0	multi9:11.1%	0	2|0	0|1	8m	5m	305	22:02:16	18.13	0.00	17.47	0.00	0.53	63.87	dm-0	0.00	0.00	0.00	0.00	0.00	0.00	0.00	0.00	0.00	0.00	0.00
1	18722	18734	0	0	10	0	800m	2.05g	31m	0	multi8:11.5%	0	0|0	0|0	8m	5m	305	22:02:17	16.99	0.00	18.63	0.27	0.55	63.56	dm-0	0.00	0.00	0.00	0.00	0.00	0.00	0.00	0.00	0.00	0.00	0.00
3	15831	15825	0	0	12	0	800m	2.05g	30m	0	multi9:10.7%	0	0|0	1|0	7m	4m	305	22:02:18	13.43	0.00	14.38	0.27	0.68	71.23	dm-0	0.00	0.00	0.00	4.00	0.00	16.00	8.00	0.08	19.00	7.00	2.80
5	17653	17647	0	0	6	0	800m	2.05g	31m	0	multi3:9.7%	0	2|0	1|1	8m	5m	305	22:02:19	15.22	0.00	16.44	1.63	0.68	66.03	dm-0	0.00	0.00	0.00	27.00	0.00	128.00	9.48	0.30	9.48	7.11	19.20
3	6193	6168	0	0	2	0	800m	2.05g	31m	0	multi3:4.7%	0	27|0	0|5	2m	1m	305	22:02:20	5.56	0.00	10.11	20.61	0.13	63.59	dm-0	0.00	0.00	0.00	55.00	0.00	472.00	17.16	3.70	66.76	18.18	100.00
12	18797	18788	0	0	13	0	800m	2.05g	31m	0	multi9:11.4%	0	0|0	0|0	8m	5m	305	22:02:22	17.21	0.00	16.80	0.14	0.55	65.30	dm-0	0.00	0.00	0.00	0.00	0.00	0.00	0.00	0.00	0.00	0.00	0.00
4	21440	21437	0	0	10	0	800m	2.05g	30m	0	multi8:15.7%	0	0|0	0|0	10m	6m	305	22:02:23	16.57	0.00	21.39	0.00	0.85	61.19	dm-0	0.00	0.00	0.00	0.00	0.00	0.00	0.00	0.00	0.00	0.00	0.00
4	13512	13506	0	0	8	0	800m	2.05g	30m	0	multi9:7.8%	0	0|0	0|0	6m	4m	305	22:02:24	13.40	0.00	10.91	0.13	0.39	75.16	dm-0	0.00	0.00	0.00	0.00	0.00	0.00	0.00	0.00	0.00	0.00	0.00
9	16366	16341	0	0	6	0	800m	2.05g	30m	0	multi7:14.1%	0	1|0	0|2	7m	5m	305	22:02:25	13.98	0.00	14.93	0.27	0.68	70.15	dm-0	0.00	0.00	0.00	0.00	0.00	0.00	0.00	0.00	0.00	0.00	0.00
5	14895	14895	0	0	5	0	800m	2.05g	30m	0	multi7:9.7%	0	0|0	2|0	7m	4m	305	22:02:26	14.04	0.00	12.30	0.53	0.53	72.59	dm-0	0.00	0.00	0.00	4.00	0.00	16.00	8.00	0.02	4.00	2.00	0.80
0	19207	19203	0	0	8	0	800m	2.05g	30m	0	multi9:14.9%	0	0|0	0|1	8m	5m	305	22:02:27	16.97	0.00	19.33	0.00	0.83	62.87	dm-0	0.00	0.00	0.00	0.00	0.00	0.00	0.00	0.00	0.00	0.00	0.00
0	13055	13061	0	0	7	0	800m	2.05g	30m	0	multi8:9.0%	0	0|0	1|0	6m	4m	305	22:02:28	12.50	0.00	11.58	0.13	0.39	75.39	dm-0	0.00	0.00	0.00	0.00	0.00	0.00	0.00	0.00	0.00	0.00	0.00
0	15343	15340	0	0	2	0	800m	2.05g	30m	0	multi2:8.4%	0	0|0	0|0	7m	4m	305	22:02:29	13.69	0.00	13.28	0.14	0.68	72.22	dm-0	0.00	0.00	0.00	0.00	0.00	0.00	0.00	0.00	0.00	0.00	0.00
0	12853	12849	0	0	4	0	800m	2.05g	30m	0	multi5:6.9%	0	0|0	0|2	5m	3m	305	22:02:30	9.91	0.00	11.78	0.13	0.40	77.78	dm-0	0.00	0.00	0.00	0.00	0.00	0.00	0.00	0.00	0.00	0.00	0.00
0	15245	15245	0	0	10	0	800m	2.05g	30m	0	multi9:10.8%	0	2|0	0|1	7m	4m	305	22:02:31	12.35	0.00	13.03	0.14	0.55	73.94	dm-0	0.00	0.00	0.00	0.00	0.00	0.00	0.00	0.00	0.00	0.00	0.00
0	14441	14442	0	0	2	0	800m	2.05g	30m	0	multi9:12.3%	0	1|0	2|0	7m	4m	305	22:02:32	11.88	0.00	14.02	0.00	0.53	73.56	dm-0	0.00	0.00	0.00	0.00	0.00	0.00	0.00	0.00	0.00	0.00	0.00
0	22164	22171	0	0	5	0	800m	2.05g	30m	0	multi9:17.9%	0	0|0	1|1	10m	7m	305	22:02:33	20.77	0.00	21.87	0.14	0.83	56.40	dm-0	0.00	0.00	0.00	0.00	0.00	0.00	0.00	0.00	0.00	0.00	0.00
0	16531	16528	0	0	4	0	800m	2.05g	30m	0	multi9:11.7%	0	0|0	0|1	8m	5m	305	22:02:34	14.07	0.00	15.44	0.27	0.68	69.54	dm-0	0.00	0.00	0.00	0.00	0.00	0.00	0.00	0.00	0.00	0.00	0.00
0	16233	16228	0	0	4	0	800m	2.05g	30m	0	multi9:13.7%	0	0|0	2|1	8m	5m	305	22:02:35	16.01	0.00	13.30	0.00	0.54	70.15	dm-0	0.00	0.00	0.00	0.00	0.00	0.00	0.00	0.00	0.00	0.00	0.00
0	16239	16237	0	0	8	0	800m	2.05g	30m	0	multi9:12.5%	0	0|0	0|1	7m	4m	305	22:02:36	13.69	0.00	15.31	0.14	0.54	70.33	dm-0	0.00	0.00	0.00	0.00	0.00	0.00	0.00	0.00	0.00	0.00	0.00
0	12902	12912	0	0	3	0	800m	2.05g	30m	0	multi8:7.8%	0	0|0	0|0	6m	3m	305	22:02:37	9.91	0.00	11.40	0.14	0.54	78.02	dm-0	0.00	0.00	0.00	0.00	0.00	0.00	0.00	0.00	0.00	0.00	0.00
0	15779	15776	0	0	4	0	800m	2.05g	30m	0	multi9:12.9%	0	0|0	0|0	7m	5m	305	22:02:38	13.77	0.00	13.50	0.00	0.41	72.31	dm-0	0.00	0.00	0.00	0.00	0.00	0.00	0.00	0.00	0.00	0.00	0.00
0	15984	15979	0	0	7	0	800m	2.05g	30m	0	multi9:11.4%	0	2|0	1|2	7m	5m	305	22:02:39	16.04	0.00	12.97	0.27	0.67	70.05	dm-0	0.00	0.00	0.00	0.00	0.00	0.00	0.00	0.00	0.00	0.00	0.00
0	16993	16997	0	0	5	0	800m	2.05g	30m	0	multi9:13.0%	0	0|0	2|0	8m	5m	305	22:02:40	16.10	0.00	16.51	0.00	0.68	66.71	dm-0	0.00	0.00	0.00	0.00	0.00	0.00	0.00	0.00	0.00	0.00	0.00
0	15857	15859	0	0	5	0	800m	2.05g	30m	0	multi9:12.4%	0	0|0	0|0	7m	4m	305	22:02:41	14.40	0.00	14.54	0.00	0.54	70.52	dm-0	0.00	0.00	0.00	0.00	0.00	0.00	0.00	0.00	0.00	0.00	0.00
0	19992	19990	0	0	6	0	800m	2.05g	30m	0	multi9:12.7%	0	0|0	0|0	9m	6m	305	22:02:42	18.66	0.00	18.79	0.27	0.82	61.45	dm-0	0.00	0.00	0.00	0.00	0.00	0.00	0.00	0.00	0.00	0.00	0.00
0	16455	16455	0	0	7	0	800m	2.05g	30m	0	multi9:11.4%	0	0|0	0|0	7m	4m	305	22:02:43	15.35	0.00	14.95	0.13	0.53	69.03	dm-0	0.00	0.00	0.00	0.00	0.00	0.00	0.00	0.00	0.00	0.00	0.00
0	19503	19498	0	0	5	0	800m	2.05g	29m	0	multi9:16.4%	0	0|0	0|0	9m	6m	305	22:02:44	17.74	0.00	18.01	0.00	0.68	63.57	dm-0	0.00	0.00	0.00	0.00	0.00	0.00	0.00	0.00	0.00	0.00	0.00
0	16365	16370	0	0	4	0	800m	2.05g	29m	0	multi7:10.2%	0	0|0	1|0	7m	5m	305	22:02:45	13.51	0.00	15.41	0.27	0.68	70.14	dm-0	0.00	0.00	0.00	0.00	0.00	0.00	0.00	0.00	0.00	0.00	0.00
0	18397	18390	0	0	5	0	800m	2.05g	29m	0	multi9:13.7%	0	1|0	1|1	8m	5m	305	22:02:46	16.19	0.00	16.19	0.00	0.82	66.80	dm-0	0.00	0.00	0.00	0.00	0.00	0.00	0.00	0.00	0.00	0.00	0.00
0	16668	16679	0	0	7	0	800m	2.05g	29m	0	multi9:12.1%	0	0|0	0|0	7m	5m	305	22:02:47	14.93	0.00	14.65	0.14	0.68	69.61	dm-0	0.00	0.00	0.00	0.00	0.00	0.00	0.00	0.00	0.00	0.00	0.00
0	15348	15341	0	0	9	0	800m	2.05g	29m	0	multi9:11.7%	0	0|0	0|0	6m	4m	305	22:02:48	13.14	0.00	13.00	0.00	0.54	73.32	dm-0	0.00	0.00	0.00	0.00	0.00	0.00	0.00	0.00	0.00	0.00	0.00
0	18155	18155	0	0	6	0	800m	2.05g	29m	0	multi9:17.3%	0	2|0	0|2	8m	5m	305	22:02:49	15.78	0.00	16.32	0.14	0.55	67.22	dm-0	0.00	0.00	0.00	0.00	0.00	0.00	0.00	0.00	0.00	0.00	0.00
0	16957	16963	0	0	11	0	800m	2.05g	29m	0	multi9:9.1%	0	0|0	0|1	8m	5m	305	22:02:50	13.89	0.00	14.58	0.14	0.69	70.70	dm-0	0.00	0.00	0.00	0.00	0.00	0.00	0.00	0.00	0.00	0.00	0.00
0	15993	15984	0	0	4	0	800m	2.05g	29m	0	multi9:9.1%	0	0|0	0|2	7m	5m	305	22:02:51	13.18	0.00	13.18	0.14	0.68	72.83	dm-0	0.00	0.00	0.00	0.00	0.00	0.00	0.00	0.00	0.00	0.00	0.00
0	19890	19887	0	0	11	0	800m	2.05g	29m	0	multi8:13.3%	0	0|0	3|1	9m	6m	305	22:02:52	15.37	0.00	20.50	0.00	0.69	63.43	dm-0	0.00	0.00	0.00	0.00	0.00	0.00	0.00	0.00	0.00	0.00	0.00
0	17095	17106	0	0	6	0	800m	2.05g	29m	0	multi9:9.8%	0	1|0	0|2	8m	5m	305	22:02:53	13.70	0.00	16.15	0.14	0.54	69.47	dm-0	0.00	0.00	0.00	0.00	0.00	0.00	0.00	0.00	0.00	0.00	0.00
0	16857	16856	0	0	6	0	800m	2.05g	29m	0	multi9:11.2%	0	0|0	1|1	7m	5m	305	22:02:54	14.09	0.00	14.64	0.14	0.68	70.45	dm-0	0.00	0.00	0.00	0.00	0.00	0.00	0.00	0.00	0.00	0.00	0.00
0	15339	15340	0	0	10	0	800m	2.05g	29m	0	multi8:9.6%	0	0|0	0|0	7m	4m	305	22:02:55	13.25	0.00	12.16	0.00	0.55	74.04	dm-0	0.00	0.00	0.00	0.00	0.00	0.00	0.00	0.00	0.00	0.00	0.00
0	16974	16964	0	0	19	0	800m	2.05g	29m	0	multi5:10.1%	0	0|0	0|1	8m	5m	306	22:02:56	13.44	0.00	13.85	0.27	0.55	71.88	dm-0	0.00	0.00	0.00	0.00	0.00	0.00	0.00	0.00	0.00	0.00	0.00
0	15973	15975	0	0	15	0	800m	2.05g	29m	0	multi9:9.9%	0	2|0	1|1	7m	4m	306	22:02:57	12.77	0.00	13.86	0.00	0.54	72.83	dm-0	0.00	0.00	0.00	0.00	0.00	0.00	0.00	0.00	0.00	0.00	0.00
0	15298	15302	0	0	13	0	800m	2.05g	29m	0	multi1:7.3%	0	0|0	0|0	7m	4m	306	22:02:58	11.78	0.00	12.19	0.14	0.68	75.21	dm-0	0.00	0.00	0.00	0.00	0.00	0.00	0.00	0.00	0.00	0.00	0.00
0	13650	13651	0	0	18	0	800m	2.05g	29m	0	multi8:8.0%	0	1|0	0|1	6m	4m	306	22:02:59	10.72	0.00	11.93	0.13	0.40	76.81	dm-0	0.00	0.00	0.00	0.00	0.00	0.00	0.00	0.00	0.00	0.00	0.00
0	14038	14039	0	0	14	0	800m	2.05g	29m	0	multi1:8.9%	0	0|0	1|0	6m	4m	306	22:03:00	10.66	0.00	10.93	0.00	0.55	77.87	dm-0	0.00	0.00	0.00	0.00	0.00	0.00	0.00	0.00	0.00	0.00	0.00
0	13291	13288	0	0	11	0	800m	2.05g	29m	0	multi9:7.4%	0	1|0	0|0	6m	4m	306	22:03:01	10.27	0.00	10.00	0.27	0.41	79.05	dm-0	0.00	0.00	0.00	0.00	0.00	0.00	0.00	0.00	0.00	0.00	0.00
0	12886	12887	0	0	16	0	800m	2.05g	29m	0	multi4:7.5%	0	1|0	1|0	6m	4m	306	22:03:02	9.43	0.00	9.70	0.14	0.55	80.19	dm-0	0.00	0.00	0.00	0.00	0.00	0.00	0.00	0.00	0.00	0.00	0.00
0	13510	13515	0	0	12	0	800m	2.05g	29m	0	multi9:7.6%	0	0|0	0|0	6m	4m	306	22:03:03	11.46	0.00	10.38	0.00	0.40	77.76	dm-0	0.00	0.00	0.00	0.00	0.00	0.00	0.00	0.00	0.00	0.00	0.00
0	13602	13600	0	0	9	0	800m	2.05g	29m	0	multi9:8.0%	0	0|0	0|0	6m	4m	306	22:03:04	10.35	0.00	10.22	0.14	0.54	78.75	dm-0	0.00	0.00	0.00	0.00	0.00	0.00	0.00	0.00	0.00	0.00	0.00
0	13733	13735	0	0	11	0	800m	2.05g	29m	0	multi7:8.4%	0	0|0	0|0	6m	4m	306	22:03:05	9.45	0.00	11.64	0.14	0.55	78.22	dm-0	0.00	0.00	0.00	0.00	0.00	0.00	0.00	0.00	0.00	0.00	0.00
0	9053	9051	0	0	7	0	800m	2.05g	29m	0	multi9:5.3%	0	1|0	0|1	4m	3m	306	22:03:06	6.71	0.00	6.71	0.13	0.39	86.05	dm-0	0.00	0.00	0.00	0.00	0.00	0.00	0.00	0.00	0.00	0.00	0.00
0	10848	10853	0	0	4	0	800m	2.05g	29m	0	multi0:5.9%	0	0|0	0|0	5m	3m	306	22:03:07	7.74	0.00	8.41	0.13	0.40	83.31	dm-0	0.00	0.00	0.00	0.00	0.00	0.00	0.00	0.00	0.00	0.00	0.00
0	11074	11071	0	0	5	0	800m	2.05g	29m	0	multi7:6.7%	0	2|0	2|0	5m	3m	306	22:03:08	6.95	0.00	8.17	0.00	0.27	84.60	dm-0	0.00	0.00	0.00	0.00	0.00	0.00	0.00	0.00	0.00	0.00	0.00
0	10176	10177	0	0	7	0	800m	2.05g	29m	0	multi4:6.8%	0	0|0	0|0	5m	3m	306	22:03:09	7.88	0.00	7.34	0.13	0.53	84.11	dm-0	0.00	0.00	0.00	0.00	0.00	0.00	0.00	0.00	0.00	0.00	0.00
0	7781	7781	0	0	5	0	800m	2.05g	29m	0	multi0:4.2%	0	0|0	0|1	4m	2m	306	22:03:10	5.06	0.00	7.13	0.00	0.26	87.55	dm-0	0.00	0.00	0.00	0.00	0.00	0.00	0.00	0.00	0.00	0.00	0.00
0	10442	10439	0	0	6	0	800m	2.05g	29m	0	multi5:8.0%	0	0|0	0|2	4m	3m	306	22:03:11	7.10	0.00	7.10	0.27	0.40	85.14	dm-0	0.00	0.00	0.00	0.00	0.00	0.00	0.00	0.00	0.00	0.00	0.00
0	9366	9370	0	0	4	0	800m	2.05g	29m	0	multi9:5.8%	0	0|0	0|0	4m	3m	306	22:03:12	5.63	0.00	7.64	0.00	0.40	86.33	dm-0	0.00	0.00	0.00	0.00	0.00	0.00	0.00	0.00	0.00	0.00	0.00
0	8358	8355	0	0	14	0	800m	2.05g	30m	0	multi9:5.6%	0	0|0	0|1	4m	2m	306	22:03:13	4.80	0.00	6.00	0.13	0.27	88.80	dm-0	0.00	0.00	0.00	0.00	0.00	0.00	0.00	0.00	0.00	0.00	0.00
0	8557	8557	0	0	3	0	800m	2.05g	30m	0	multi0:5.1%	0	0|0	0|0	4m	3m	306	22:03:14	5.08	0.00	5.88	0.13	0.40	88.50	dm-0	0.00	0.00	0.00	0.00	0.00	0.00	0.00	0.00	0.00	0.00	0.00
0	9169	9169	0	0	6	0	800m	2.05g	30m	0	multi9:6.1%	0	2|0	0|3	4m	3m	306	22:03:15	4.97	0.00	7.11	0.00	0.40	87.52	dm-0	0.00	0.00	0.00	0.00	0.00	0.00	0.00	0.00	0.00	0.00	0.00
0	4552	4554	0	0	7	0	800m	2.05g	30m	0	multi9:3.8%	0	0|0	0|0	2m	1m	306	22:03:16	2.22	0.00	3.26	0.00	0.26	94.26	dm-0	0.00	0.00	0.00	0.00	0.00	0.00	0.00	0.00	0.00	0.00	0.00
0	5617	5620	0	0	6	0	800m	2.05g	30m	0	multi9:3.5%	0	0|0	0|0	2m	2m	306	22:03:17	3.65	0.00	3.00	0.26	0.13	92.96	dm-0	0.00	0.00	0.00	0.00	0.00	0.00	0.00	0.00	0.00	0.00	0.00
0	3665	3662	0	0	2	0	800m	2.05g	30m	0	multi9:2.9%	0	0|0	0|0	1m	1m	306	22:03:18	1.82	0.00	2.33	0.00	0.13	95.72	dm-0	0.00	0.00	0.00	83.00	0.00	572.00	13.78	0.29	3.33	2.27	18.80
0	2178	2180	0	0	2	1	800m	2.05g	30m	0	multi4:1.8%	0	0|0	0|0	1m	771k	306	22:03:19	0.64	0.00	1.15	0.38	0.13	97.70	dm-0	0.00	0.00	0.00	7.00	0.00	20.00	5.71	0.02	5.71	2.29	1.60
0	2201	2201	0	0	2	0	800m	2.05g	29m	0	multi5:1.3%	0	0|0	0|0	1m	771k	306	22:03:20	0.51	0.00	0.51	0.13	0.00	98.85	dm-0	0.00	0.00	0.00	0.00	0.00	0.00	0.00	0.00	0.00	0.00	0.00
0	1423	1424	0	0	3	0	800m	2.05g	29m	0	multi8:1.3%	0	0|0	0|0	642k	421k	306	22:03:21	0.13	0.00	0.38	0.00	0.13	99.36	dm-0	0.00	0.00	0.00	0.00	0.00	0.00	0.00	0.00	0.00	0.00	0.00
0	548	548	0	0	2	0	800m	2.05g	30m	0	multi1:0.5%	0	0|0	0|0	239k	159k	306	22:03:23	0.13	0.00	0.25	0.13	0.00	99.50	dm-0	0.00	0.00	0.00	0.00	0.00	0.00	0.00	0.00	0.00	0.00	0.00
0	626	625	0	0	4	0	800m	2.05g	30m	0	multi9:0.4%	0	0|0	0|0	318k	225k	306	22:03:24	0.13	0.00	0.63	0.13	0.00	99.12	dm-0	0.00	0.00	0.00	0.00	0.00	0.00	0.00	0.00	0.00	0.00	0.00
0	856	844	0	0	2	0	800m	2.05g	30m	0	multi4:0.6%	0	0|0	0|0	390k	262k	306	22:03:25	0.13	0.00	0.51	0.13	0.00	99.24	dm-0	0.00	0.00	0.00	4.00	0.00	16.00	8.00	0.02	4.00	2.00	0.80
0	486	487	0	0	2	0	800m	2.05g	30m	0	multi4:0.4%	0	0|0	0|0	245k	174k	306	22:03:26	0.25	0.00	0.25	0.13	0.13	99.25	dm-0	0.00	0.00	0.00	0.00	0.00	0.00	0.00	0.00	0.00	0.00	0.00
0	588	587	0	0	3	0	800m	2.05g	30m	0	multi0:0.6%	0	0|0	0|0	247k	160k	306	22:03:27	0.25	0.00	0.63	0.00	0.00	99.12	dm-0	0.00	0.00	0.00	0.00	0.00	0.00	0.00	0.00	0.00	0.00	0.00
0	702	702	0	0	2	0	800m	2.05g	30m	0	multi7:0.6%	0	0|0	0|0	354k	249k	306	22:03:28	0.38	0.00	0.50	0.13	0.00	98.99	dm-0	0.00	0.00	0.00	0.00	0.00	0.00	0.00	0.00	0.00	0.00	0.00
0	531	532	0	0	2	0	800m	2.05g	29m	0	multi9:0.9%	0	0|0	0|0	221k	143k	306	22:03:29	0.25	0.00	0.25	0.13	0.00	99.37	dm-0	0.00	0.00	0.00	0.00	0.00	0.00	0.00	0.00	0.00	0.00	0.00
0	691	690	0	0	2	0	800m	2.05g	29m	0	multi8:0.4%	0	0|0	0|0	387k	284k	306	22:03:30	0.25	0.00	0.38	0.13	0.13	99.12	dm-0	0.00	0.00	0.00	0.00	0.00	0.00	0.00	0.00	0.00	0.00	0.00
0	627	626	0	0	2	0	800m	2.05g	29m	0	multi4:0.6%	0	0|0	0|1	294k	201k	306	22:03:31	0.25	0.00	0.50	0.13	0.00	99.12	dm-0	0.00	0.00	0.00	0.00	0.00	0.00	0.00	0.00	0.00	0.00	0.00
0	525	527	0	0	2	0	800m	2.05g	30m	0	multi7:0.3%	0	0|0	0|0	297k	220k	306	22:03:32	0.13	0.00	0.38	0.00	0.00	99.49	dm-0	0.00	0.00	0.00	0.00	0.00	0.00	0.00	0.00	0.00	0.00	0.00
0	450	450	0	0	2	0	800m	2.05g	30m	0	multi5:0.5%	0	0|0	0|0	186k	121k	306	22:03:33	0.13	0.00	0.38	0.13	0.00	99.37	dm-0	0.00	0.00	0.00	0.00	0.00	0.00	0.00	0.00	0.00	0.00	0.00
0	457	457	0	0	2	0	800m	2.05g	29m	0	multi3:0.4%	0	0|0	0|0	230k	164k	306	22:03:34	0.38	0.00	0.50	0.13	0.13	98.87	dm-0	0.00	0.00	0.00	0.00	0.00	0.00	0.00	0.00	0.00	0.00	0.00
0	449	449	0	0	2	0	800m	2.05g	29m	0	multi9:0.5%	0	0|0	0|0	207k	142k	306	22:03:35	0.25	0.00	0.38	0.13	0.00	99.25	dm-0	0.00	0.00	0.00	0.00	0.00	0.00	0.00	0.00	0.00	0.00	0.00
0	429	429	0	0	2	0	800m	2.05g	30m	0	multi0:0.6%	0	0|0	0|0	268k	207k	306	22:03:36	0.13	0.00	0.25	0.00	0.00	99.62	dm-0	0.00	0.00	0.00	0.00	0.00	0.00	0.00	0.00	0.00	0.00	0.00
0	535	534	0	0	2	0	800m	2.05g	30m	0	multi1:0.6%	0	0|0	0|0	263k	185k	306	22:03:37	0.13	0.00	0.13	0.13	0.00	99.62	dm-0	0.00	0.00	0.00	0.00	0.00	0.00	0.00	0.00	0.00	0.00	0.00
0	647	648	0	0	3	0	800m	2.05g	30m	0	multi4:0.8%	0	0|0	0|0	320k	224k	306	22:03:38	0.00	0.00	0.76	0.13	0.00	99.12	dm-0	0.00	0.00	0.00	0.00	0.00	0.00	0.00	0.00	0.00	0.00	0.00
0	162	162	0	0	2	0	800m	2.05g	29m	0	multi3:0.4%	0	0|0	0|0	92k	74k	306	22:03:39	0.00	0.00	0.38	0.13	0.00	99.50	dm-0	0.00	0.00	0.00	0.00	0.00	0.00	0.00	0.00	0.00	0.00	0.00
0	478	478	0	0	25	0	800m	2.05g	30m	0	multi9:0.3%	0	0|0	0|0	234k	165k	306	22:03:40	0.25	0.00	0.25	0.13	0.00	99.37	dm-0	0.00	0.00	0.00	0.00	0.00	0.00	0.00	0.00	0.00	0.00	0.00
0	98	98	0	0	8	0	800m	2.05g	29m	0	multi9:0.3%	0	0|0	0|0	50k	41k	306	22:03:41	0.00	0.00	0.38	0.00	0.00	99.62	dm-0	0.00	0.00	0.00	0.00	0.00	0.00	0.00	0.00	0.00	0.00	0.00
0	0	0	0	0	3	0	800m	2.05g	29m	0	multi9:0.0%	0	0|0	0|0	197b	7k	306	22:03:42	0.12	0.00	0.38	0.00	0.00	99.50	dm-0	0.00	0.00	0.00	0.00	0.00	0.00	0.00	0.00	0.00	0.00	0.00
0	0	0	0	0	2	0	800m	2.05g	29m	0	multi9:0.0%	0	0|0	0|0	124b	7k	306	22:03:43	0.12	0.00	0.25	0.00	0.00	99.62	dm-0	0.00	0.00	0.00	0.00	0.00	0.00	0.00	0.00	0.00	0.00	0.00
0	0	0	0	0	2	0	800m	2.05g	29m	0	multi9:0.0%	0	0|0	0|0	124b	7k	306	22:03:44	0.00	0.00	0.25	0.00	0.00	99.75	dm-0	0.00	0.00	0.00	0.00	0.00	0.00	0.00	0.00	0.00	0.00	0.00
0	0	0	0	0	2	0	800m	2.05g	29m	0	multi9:0.0%	0	0|0	0|0	124b	7k	306	22:03:45	0.00	0.00	0.37	0.12	0.12	99.38	dm-0	0.00	0.00	0.00	0.00	0.00	0.00	0.00	0.00	0.00	0.00	0.00
0	0	0	0	0	2	0	800m	2.05g	29m	0	multi9:0.0%	0	0|0	0|0	124b	7k	306	22:03:46	0.12	0.00	0.38	0.00	0.00	99.50	dm-0	0.00	0.00	0.00	0.00	0.00	0.00	0.00	0.00	0.00	0.00	0.00
0	0	0	0	0	2	0	800m	2.05g	29m	0	multi9:0.0%	0	0|0	0|0	124b	7k	306	22:03:47	0.13	0.00	0.13	0.00	0.00	99.75	dm-0	0.00	0.00	0.00	0.00	0.00	0.00	0.00	0.00	0.00	0.00	0.00
0	0	0	0	0	2	0	800m	2.05g	29m	0	multi9:0.0%	0	0|0	0|0	124b	7k	306	22:03:48	0.12	0.00	0.37	0.00	0.00	99.50	dm-0	0.00	0.00	0.00	0.00	0.00	0.00	0.00	0.00	0.00	0.00	0.00
0	0	0	0	0	2	0	800m	2.05g	29m	0	admin:0.0%	0	0|0	0|0	124b	7k	306	22:03:49	0.12	0.00	0.38	0.00	0.00	99.50	dm-0	0.00	0.00	0.00	0.00	0.00	0.00	0.00	0.00	0.00	0.00	0.00
0	0	0	0	0	2	0	800m	2.05g	29m	0	multi9:0.0%	0	0|0	0|0	124b	7k	306	22:03:50	0.00	0.00	0.13	0.00	0.00	99.87	dm-0	0.00	0.00	0.00	0.00	0.00	0.00	0.00	0.00	0.00	0.00	0.00
0	0	0	0	0	2	0	800m	2.05g	29m	0	multi5:0.0%	0	0|0	0|0	124b	7k	306	22:03:51	0.00	0.00	0.38	0.00	0.00	99.62	dm-0	0.00	0.00	0.00	0.00	0.00	0.00	0.00	0.00	0.00	0.00	0.00
0	0	0	0	0	2	0	800m	2.05g	29m	0	multi9:0.0%	0	0|0	0|0	124b	7k	306	22:03:52	0.12	0.00	0.25	0.00	0.00	99.62	dm-0	0.00	0.00	0.00	0.00	0.00	0.00	0.00	0.00	0.00	0.00	0.00
0	0	0	0	0	2	0	800m	2.05g	29m	0	multi9:0.0%	0	0|0	0|0	124b	7k	306	22:03:53	0.00	0.00	0.25	0.00	0.00	99.75	dm-0	0.00	0.00	0.00	0.00	0.00	0.00	0.00	0.00	0.00	0.00	0.00
0	0	0	0	0	2	0	800m	2.05g	29m	0	multi9:0.0%	0	0|0	0|0	124b	7k	306	22:03:54	0.00	0.00	0.25	0.00	0.00	99.75	dm-0	0.00	0.00	0.00	0.00	0.00	0.00	0.00	0.00	0.00	0.00	0.00
0	0	0	0	0	2	0	800m	2.05g	29m	0	multi9:0.0%	0	0|0	0|0	124b	7k	306	22:03:55	0.12	0.00	0.50	0.00	0.00	99.38	dm-0	0.00	0.00	0.00	0.00	0.00	0.00	0.00	0.00	0.00	0.00	0.00
0	0	0	0	0	2	0	800m	2.05g	29m	0	multi9:0.0%	0	0|0	0|0	124b	7k	306	22:03:56	0.00	0.00	0.25	0.00	0.00	99.75	dm-0	0.00	0.00	0.00	0.00	0.00	0.00	0.00	0.00	0.00	0.00	0.00
0	0	0	0	0	2	0	800m	2.05g	29m	0	multi9:0.0%	0	0|0	0|0	124b	7k	306	22:03:57	0.13	0.00	0.13	0.00	0.00	99.75	dm-0	0.00	0.00	0.00	0.00	0.00	0.00	0.00	0.00	0.00	0.00	0.00
0	0	0	0	0	2	0	800m	2.05g	29m	0	multi9:0.0%	0	0|0	0|0	124b	7k	306	22:03:58	0.00	0.00	0.38	0.00	0.00	99.62	dm-0	0.00	0.00	0.00	0.00	0.00	0.00	0.00	0.00	0.00	0.00	0.00
0	0	0	0	0	2	0	800m	2.05g	29m	0	multi9:0.0%	0	0|0	0|0	124b	7k	306	22:03:59	0.00	0.00	0.50	0.12	0.12	99.25	dm-0	0.00	0.00	0.00	0.00	0.00	0.00	0.00	0.00	0.00	0.00	0.00
0	0	0	0	0	2	0	800m	2.05g	29m	0	multi2:0.0%	0	0|0	0|0	124b	7k	306	22:04:00	0.00	0.00	0.13	0.00	0.00	99.87	dm-0	0.00	0.00	0.00	0.00	0.00	0.00	0.00	0.00	0.00	0.00	0.00
0	0	0	0	0	2	0	800m	2.05g	29m	0	multi9:0.0%	0	0|0	0|0	124b	7k	306	22:04:01	0.12	0.00	0.37	0.00	0.00	99.50	dm-0	0.00	0.00	0.00	0.00	0.00	0.00	0.00	0.00	0.00	0.00	0.00
0	0	0	0	0	2	0	800m	2.05g	29m	0	multi9:0.0%	0	0|0	0|0	124b	7k	306	22:04:02	0.00	0.00	0.38	0.00	0.00	99.62	dm-0	0.00	0.00	0.00	0.00	0.00	0.00	0.00	0.00	0.00	0.00	0.00
0	0	0	0	0	2	0	800m	2.05g	29m	0	multi9:0.0%	0	0|0	0|0	124b	7k	306	22:04:03	0.00	0.00	0.13	0.00	0.00	99.87	dm-0	0.00	0.00	0.00	0.00	0.00	0.00	0.00	0.00	0.00	0.00	0.00
0	0	0	0	0	2	0	800m	2.05g	29m	0	multi9:0.0%	0	0|0	0|0	124b	7k	306	22:04:04	0.12	0.00	0.25	0.12	0.00	99.50	dm-0	0.00	0.00	0.00	0.00	0.00	0.00	0.00	0.00	0.00	0.00	0.00
