insert	query	update	delete	getmore	command	flushes	mapped	vsize	res	faults	locked-db	%idx-miss	qr|qw	ar|aw	netIn	netOut	conn	time	%user	%nice	%system	%iowait	%steal	%idle	Device:	rrqm/s	wrqm/s	r/s	w/s	rkB/s	wkB/s	avgrq-sz	avgqu-sz	await	svctm	%util
0	0	0	0	0	2	0	800m	2.05g	27m	0	multi9:0.0%	0	0|0	0|0	124b	7k	307	21:57:08	0.00	0.00	0.13	0.00	0.13	99.75	dm-0	0.00	0.00	0.00	0.00	0.00	0.00	0.00	0.00	0.00	0.00	0.00
0	0	0	0	0	2	0	800m	2.05g	27m	0	multi9:0.0%	0	0|0	0|0	124b	7k	307	21:57:10	0.00	0.00	0.89	1.27	0.13	97.72	dm-0	0.00	0.00	0.00	0.00	0.00	0.00	0.00	0.00	0.00	0.00	0.00
0	0	0	0	0	2	0	800m	2.05g	27m	0	.:0.0%	0	0|0	0|0	124b	7k	307	21:57:11	0.00	0.00	0.50	0.00	0.00	99.50	dm-0	0.00	0.00	0.00	0.00	0.00	0.00	0.00	0.00	0.00	0.00	0.00
0	0	0	0	0	2	0	800m	2.05g	27m	0	multi9:0.0%	0	0|0	0|0	124b	7k	307	21:57:12	0.25	0.00	0.50	0.00	0.13	99.12	dm-0	0.00	0.00	0.00	0.00	0.00	0.00	0.00	0.00	0.00	0.00	0.00
0	0	0	0	0	2	0	800m	2.05g	27m	0	multi9:0.0%	0	0|0	0|0	124b	7k	307	21:57:13	0.13	0.00	0.63	0.00	0.13	99.11	dm-0	0.00	0.00	0.00	0.00	0.00	0.00	0.00	0.00	0.00	0.00	0.00
0	12	0	0	0	2	0	800m	2.05g	27m	0	admin:0.0%	0	0|0	0|0	124b	7k	307	21:57:14	0.00	0.00	0.51	0.00	0.25	99.24	dm-0	0.00	0.00	0.00	0.00	0.00	0.00	0.00	0.00	0.00	0.00	0.00
0	0	0	0	0	2	0	800m	2.05g	27m	0	multi9:0.0%	0	0|0	0|0	124b	7k	307	21:57:15	0.13	0.00	0.51	0.13	0.13	99.11	dm-0	0.00	0.00	0.00	0.00	0.00	0.00	0.00	0.00	0.00	0.00	0.00
0	0	0	0	0	2	0	800m	2.05g	27m	0	multi9:0.0%	0	0|0	0|0	124b	7k	307	21:57:16	0.00	0.00	0.51	0.00	0.13	99.37	dm-0	0.00	0.00	0.00	0.00	0.00	0.00	0.00	0.00	0.00	0.00	0.00
0	0	0	0	0	2	0	800m	2.05g	27m	0	.:0.1%	0	0|0	0|0	124b	7k	307	21:57:17	0.00	0.00	0.38	0.00	0.13	99.49	dm-0	0.00	0.00	0.00	0.00	0.00	0.00	0.00	0.00	0.00	0.00	0.00
0	3862	3857	0	0	2	0	800m	2.05g	27m	0	multi8:9.7%	0	0|0	0|0	1m	957k	307	21:57:18	2.36	0.00	4.06	0.00	0.52	93.05	dm-0	0.00	0.00	0.00	0.00	0.00	0.00	0.00	0.00	0.00	0.00	0.00
0	6325	6167	0	0	2	0	800m	2.05g	28m	0	multi0:8.1%	0	13|0	4|3	3m	2m	307	21:57:19	5.51	0.00	6.04	2.62	0.39	85.43	dm-0	0.00	0.00	0.00	9.00	0.00	4.00	0.89	0.21	0.00	23.56	21.20
0	12968	13119	0	0	2	1	800m	2.05g	28m	0	multi8:23.0%	0	3|0	0|1	6m	4m	307	21:57:20	11.55	0.00	16.20	3.66	0.99	67.61	dm-0	0.00	0.00	0.00	24.00	0.00	56.00	4.67	0.74	39.83	26.50	63.60
0	11109	11116	0	0	2	0	800m	2.05g	28m	0	multi8:17.4%	0	0|0	0|0	5m	3m	307	21:57:21	10.04	0.00	12.41	0.00	0.70	76.85	dm-0	0.00	0.00	0.00	0.00	0.00	0.00	0.00	0.00	0.00	0.00	0.00
0	8854	8855	0	0	2	0	800m	2.05g	28m	0	multi8:20.6%	0	0|0	0|1	4m	2m	307	21:57:22	7.42	0.00	11.20	0.28	0.98	80.11	dm-0	0.00	0.00	0.00	0.00	0.00	0.00	0.00	0.00	0.00	0.00	0.00
0	8242	8229	0	0	2	0	800m	2.05g	28m	0	multi8:16.8%	0	20|0	0|2	3m	2m	307	21:57:23	5.77	0.00	8.52	0.69	0.69	84.34	dm-0	0.00	0.00	0.00	0.00	0.00	0.00	0.00	0.00	0.00	0.00	0.00
0	7728	7742	0	0	4	0	800m	2.05g	28m	0	multi8:14.0%	0	1|0	2|0	3m	2m	307	21:57:24	6.11	0.00	8.75	0.14	0.83	84.17	dm-0	0.00	0.00	0.00	0.00	0.00	0.00	0.00	0.00	0.00	0.00	0.00
0	3422	3425	0	0	3	0	800m	2.05g	28m	0	multi8:2.7%	0	0|0	0|0	1m	1m	307	21:57:25	2.20	0.00	2.71	2.45	0.13	92.51	dm-0	0.00	0.00	0.00	4.00	0.00	16.00	8.00	0.04	10.00	4.00	1.60
0	3620	3613	0	0	2	0	800m	2.05g	28m	0	multi7:3.2%	0	0|0	0|0	1m	1m	307	21:57:26	2.06	0.00	3.22	0.13	0.39	94.21	dm-0	0.00	0.00	0.00	0.00	0.00	0.00	0.00	0.00	0.00	0.00	0.00
0	5210	5213	0	0	2	0	800m	2.05g	28m	0	multi3:3.7%	0	0|0	0|0	2m	1m	307	21:57:27	4.16	0.00	5.84	0.00	0.26	89.74	dm-0	0.00	0.00	0.00	0.00	0.00	0.00	0.00	0.00	0.00	0.00	0.00
0	10440	10440	0	0	2	0	800m	2.05g	28m	0	multi7:7.1%	0	0|0	0|0	4m	2m	307	21:57:28	7.80	0.00	11.02	0.27	0.54	80.38	dm-0	0.00	0.00	0.00	0.00	0.00	0.00	0.00	0.00	0.00	0.00	0.00
0	13483	13474	0	0	2	0	800m	2.05g	28m	0	multi2:11.3%	0	1|0	0|0	6m	4m	307	21:57:29	11.13	0.00	13.27	0.00	0.54	75.07	dm-0	0.00	0.00	0.00	0.00	0.00	0.00	0.00	0.00	0.00	0.00	0.00
0	13018	13024	0	0	2	0	800m	2.05g	28m	0	multi2:13.3%	0	0|0	0|0	6m	3m	307	21:57:30	12.93	0.00	13.87	0.27	0.53	72.40	dm-0	0.00	0.00	0.00	0.00	0.00	0.00	0.00	0.00	0.00	0.00	0.00
0	14887	14866	0	0	5	0	800m	2.05g	28m	0	multi2:13.8%	0	19|0	1|3	6m	4m	307	21:57:31	13.66	0.00	15.38	0.27	0.53	70.16	dm-0	0.00	0.00	0.00	0.00	0.00	0.00	0.00	0.00	0.00	0.00	0.00
0	16520	16513	0	0	12	0	800m	2.05g	28m	0	multi2:14.0%	0	0|0	0|0	7m	4m	307	21:57:32	16.04	0.00	17.70	0.14	0.55	65.56	dm-0	0.00	0.00	0.00	0.00	0.00	0.00	0.00	0.00	0.00	0.00	0.00
0	17103	17132	0	0	16	0	800m	2.05g	28m	0	multi2:15.7%	0	2|1	1|2	7m	5m	307	21:57:33	17.52	0.00	20.92	0.00	0.78	60.78	dm-0	0.00	0.00	0.00	0.00	0.00	0.00	0.00	0.00	0.00	0.00	0.00
0	19402	19402	0	0	5	0	800m	2.05g	28m	0	multi5:16.2%	0	0|0	0|1	8m	5m	307	21:57:34	18.66	0.00	22.36	0.69	0.69	57.61	dm-0	0.00	0.00	0.00	4.00	0.00	16.00	8.00	0.18	44.00	31.00	12.40
0	20453	20429	0	0	2	0	800m	2.05g	28m	0	multi2:22.9%	0	44|0	6|0	9m	5m	307	21:57:35	20.80	0.00	24.80	0.13	0.67	53.60	dm-0	0.00	0.00	0.00	0.00	0.00	0.00	0.00	0.00	0.00	0.00	0.00
0	20603	20621	0	0	4	0	800m	2.05g	28m	0	multi2:17.8%	0	2|0	0|2	9m	6m	307	21:57:37	22.32	0.00	25.36	0.40	0.53	51.39	dm-0	0.00	0.00	0.00	0.00	0.00	0.00	0.00	0.00	0.00	0.00	0.00
0	20851	20835	0	0	5	0	800m	2.05g	28m	0	multi2:18.3%	0	15|0	0|3	9m	6m	307	21:57:38	21.95	0.00	26.83	0.00	0.95	50.27	dm-0	0.00	0.00	0.00	0.00	0.00	0.00	0.00	0.00	0.00	0.00	0.00
0	12899	12917	0	0	13	0	800m	2.05g	28m	0	multi5:12.0%	0	1|0	1|1	5m	3m	307	21:57:39	12.74	0.00	17.30	0.26	0.65	69.05	dm-0	0.00	0.00	0.00	0.00	0.00	0.00	0.00	0.00	0.00	0.00	0.00
0	13396	13402	0	0	2	0	800m	2.05g	28m	0	multi5:12.1%	0	0|0	0|0	5m	3m	307	21:57:40	11.94	0.00	15.60	0.00	0.54	71.91	dm-0	0.00	0.00	0.00	0.00	0.00	0.00	0.00	0.00	0.00	0.00	0.00
0	19419	19409	0	0	4	0	800m	2.05g	28m	0	multi5:19.0%	0	2|0	3|1	8m	5m	307	21:57:41	20.16	0.00	26.70	0.27	0.54	52.32	dm-0	0.00	0.00	0.00	0.00	0.00	0.00	0.00	0.00	0.00	0.00	0.00
0	13439	13438	0	0	16	0	800m	2.05g	28m	0	multi7:10.1%	0	3|0	0|1	5m	3m	307	21:57:42	12.73	0.00	14.32	1.06	0.66	71.22	dm-0	0.00	0.00	0.00	4.00	0.00	16.00	8.00	0.15	38.00	22.00	8.80
0	18499	18508	0	0	5	0	800m	2.05g	28m	0	multi3:12.8%	0	0|0	0|0	8m	5m	307	21:57:43	16.98	0.00	19.65	0.13	0.80	62.43	dm-0	0.00	0.00	0.00	0.00	0.00	0.00	0.00	0.00	0.00	0.00	0.00
0	13833	13810	0	0	3	0	800m	2.05g	28m	0	multi5:10.1%	0	0|0	0|0	6m	3m	307	21:57:44	11.67	0.00	13.84	0.14	0.54	73.81	dm-0	0.00	0.00	0.00	0.00	0.00	0.00	0.00	0.00	0.00	0.00	0.00
0	15976	15981	0	0	3	0	800m	2.05g	28m	0	multi7:13.4%	0	0|0	0|0	7m	4m	307	21:57:45	17.16	0.00	23.61	0.26	0.52	58.45	dm-0	0.00	0.00	0.00	0.00	0.00	0.00	0.00	0.00	0.00	0.00	0.00
0	14905	14921	0	0	3	0	800m	2.05g	28m	0	multi7:12.0%	0	0|0	0|0	6m	4m	307	21:57:46	13.24	0.00	15.59	0.00	0.55	70.62	dm-0	0.00	0.00	0.00	0.00	0.00	0.00	0.00	0.00	0.00	0.00	0.00
0	16348	16333	0	0	15	0	800m	2.05g	28m	0	multi7:16.5%	0	2|0	2|0	7m	4m	307	21:57:47	14.50	0.00	16.71	0.14	0.69	67.96	dm-0	0.00	0.00	0.00	0.00	0.00	0.00	0.00	0.00	0.00	0.00	0.00
0	15920	15928	0	0	12	0	800m	2.05g	28m	0	multi2:15.8%	0	0|0	0|0	6m	4m	307	21:57:48	16.88	0.00	26.05	0.13	0.52	56.41	dm-0	0.00	0.00	0.00	0.00	0.00	0.00	0.00	0.00	0.00	0.00	0.00
0	17231	17222	0	0	5	0	800m	2.05g	28m	0	multi7:20.5%	0	22|0	1|3	7m	4m	307	21:57:49	15.07	0.00	24.38	0.14	0.68	59.73	dm-0	0.00	0.00	0.00	0.00	0.00	0.00	0.00	0.00	0.00	0.00	0.00
0	16341	16347	0	0	5	0	800m	2.05g	28m	0	multi7:13.6%	0	4|0	2|3	7m	4m	307	21:57:50	15.92	0.00	18.42	0.39	0.53	64.74	dm-0	0.00	0.00	0.00	0.00	0.00	0.00	0.00	0.00	0.00	0.00	0.00
0	18498	18504	0	0	3	0	800m	2.05g	28m	0	multi7:19.6%	0	1|0	1|0	7m	4m	307	21:57:51	18.41	0.00	21.02	0.14	0.69	59.75	dm-0	0.00	0.00	0.00	0.00	0.00	0.00	0.00	0.00	0.00	0.00	0.00
0	15153	15158	0	0	2	0	800m	2.05g	28m	0	multi7:11.5%	0	0|0	0|0	6m	4m	307	21:57:52	14.67	0.00	15.61	0.67	0.54	68.51	dm-0	0.00	0.00	0.00	4.00	0.00	16.00	8.00	0.16	41.00	27.00	10.80
0	16705	16642	0	0	3	0	800m	2.05g	28m	0	multi7:15.0%	0	0|0	0|0	7m	4m	307	21:57:53	15.75	0.00	21.23	0.13	0.53	62.35	dm-0	0.00	0.00	0.00	0.00	0.00	0.00	0.00	0.00	0.00	0.00	0.00
0	18096	18156	0	0	3	0	800m	2.05g	28m	0	multi7:20.8%	0	0|0	0|0	8m	5m	307	21:57:54	20.13	0.00	22.27	0.27	0.53	56.80	dm-0	0.00	0.00	0.00	0.00	0.00	0.00	0.00	0.00	0.00	0.00	0.00
0	18816	18784	0	0	6	0	800m	2.05g	29m	0	multi7:15.0%	0	17|0	1|4	8m	5m	307	21:57:55	18.32	0.00	20.39	0.00	0.83	60.47	dm-0	0.00	0.00	0.00	0.00	0.00	0.00	0.00	0.00	0.00	0.00	0.00
0	17390	17401	0	0	2	0	800m	2.05g	29m	0	multi7:20.3%	0	9|1	1|4	8m	5m	307	21:57:56	20.72	0.00	22.84	0.13	0.53	55.78	dm-0	0.00	0.00	0.00	0.00	0.00	0.00	0.00	0.00	0.00	0.00	0.00
0	19310	19319	0	0	3	0	800m	2.05g	29m	0	multi7:23.5%	0	17|0	2|3	9m	5m	307	21:57:57	20.16	0.00	29.37	0.13	0.53	49.80	dm-0	0.00	0.00	0.00	0.00	0.00	0.00	0.00	0.00	0.00	0.00	0.00
0	19480	19490	0	0	5	0	800m	2.05g	29m	0	multi7:17.1%	0	1|0	1|0	9m	5m	307	21:57:58	22.75	0.00	23.88	0.56	0.98	51.83	dm-0	0.00	0.00	0.00	4.00	0.00	16.00	8.00	0.28	70.00	56.00	22.40
0	13560	13561	0	0	5	0	800m	2.05g	29m	0	multi4:14.7%	0	0|0	0|0	7m	4m	307	21:57:59	18.30	0.00	19.65	0.13	0.54	61.37	dm-0	0.00	0.00	0.00	0.00	0.00	0.00	0.00	0.00	0.00	0.00	0.00
0	15439	15433	0	0	5	0	800m	2.05g	29m	0	multi4:17.3%	0	4|1	1|3	8m	5m	307	21:58:00	15.92	0.00	20.51	0.27	0.54	62.75	dm-0	0.00	0.00	0.00	0.00	0.00	0.00	0.00	0.00	0.00	0.00	0.00
0	14661	14651	0	0	6	0	800m	2.05g	28m	0	multi3:20.5%	0	7|0	0|2	8m	5m	307	21:58:01	19.48	0.00	18.57	0.13	0.52	61.30	dm-0	0.00	0.00	0.00	0.00	0.00	0.00	0.00	0.00	0.00	0.00	0.00
0	15647	15643	0	0	2	0	800m	2.05g	28m	0	multi3:16.1%	0	12|0	1|2	8m	5m	307	21:58:02	14.11	0.00	14.25	0.81	0.54	70.30	dm-0	0.00	0.00	0.00	4.00	0.00	16.00	8.00	0.16	41.00	23.00	9.20
0	12331	12340	0	0	4	0	800m	2.05g	29m	0	multi4:12.2%	0	10|0	1|3	6m	4m	307	21:58:03	17.46	0.00	16.93	0.13	0.53	64.95	dm-0	0.00	0.00	0.00	0.00	0.00	0.00	0.00	0.00	0.00	0.00	0.00
0	13802	13801	0	0	13	0	800m	2.05g	29m	0	multi4:12.2%	0	0|0	2|2	7m	4m	307	21:58:05	17.57	0.00	14.53	0.13	0.53	67.24	dm-0	0.00	0.00	0.00	0.00	0.00	0.00	0.00	0.00	0.00	0.00	0.00
0	14145	14121	0	0	2	0	800m	2.05g	28m	0	multi4:13.4%	0	9|0	1|3	7m	4m	307	21:58:06	18.18	0.00	27.27	0.00	0.53	54.02	dm-0	0.00	0.00	0.00	0.00	0.00	0.00	0.00	0.00	0.00	0.00	0.00
0	15668	15671	0	0	7	0	800m	2.05g	28m	0	multi4:17.5%	0	0|0	0|0	8m	5m	307	21:58:07	21.40	0.00	21.27	0.13	0.53	56.67	dm-0	0.00	0.00	0.00	0.00	0.00	0.00	0.00	0.00	0.00	0.00	0.00
0	18589	18589	0	0	3	0	800m	2.05g	28m	0	multi3:17.4%	0	0|0	0|0	9m	6m	307	21:58:08	23.04	0.00	23.44	0.13	0.53	52.86	dm-0	0.00	0.00	0.00	0.00	0.00	0.00	0.00	0.00	0.00	0.00	0.00
0	17594	17607	0	0	10	0	800m	2.05g	28m	0	multi3:15.3%	0	4|0	0|2	8m	5m	307	21:58:09	18.86	0.00	19.83	0.14	0.55	60.61	dm-0	0.00	0.00	0.00	0.00	0.00	0.00	0.00	0.00	0.00	0.00	0.00
0	16286	16304	0	0	8	0	800m	2.05g	28m	0	multi9:11.9%	0	0|0	0|0	8m	5m	307	21:58:10	15.35	0.00	17.12	0.68	0.54	66.30	dm-0	0.00	0.00	0.00	4.00	0.00	16.00	8.00	0.14	35.00	21.00	8.40
0	18560	18518	0	0	3	0	800m	2.05g	28m	0	multi3:12.3%	0	5|0	0|1	8m	5m	307	21:58:11	19.84	0.00	29.23	0.00	0.66	50.26	dm-0	0.00	0.00	0.00	0.00	0.00	0.00	0.00	0.00	0.00	0.00	0.00
0	17359	17392	0	0	3	0	800m	2.05g	28m	0	multi7:16.8%	0	10|0	2|6	8m	5m	307	21:58:12	19.26	0.00	23.25	0.28	0.55	56.67	dm-0	0.00	0.00	0.00	0.00	0.00	0.00	0.00	0.00	0.00	0.00	0.00
0	18898	18892	0	0	2	0	800m	2.05g	29m	0	multi2:21.2%	0	0|0	0|0	9m	6m	307	21:58:13	23.18	0.00	27.91	0.13	0.64	48.14	dm-0	0.00	0.00	0.00	0.00	0.00	0.00	0.00	0.00	0.00	0.00	0.00
0	17757	17753	0	0	5	0	800m	2.05g	29m	0	multi2:19.2%	0	0|0	2|2	8m	5m	307	21:58:14	17.44	0.00	21.12	0.14	0.82	60.49	dm-0	0.00	0.00	0.00	0.00	0.00	0.00	0.00	0.00	0.00	0.00	0.00
0	17845	17834	0	0	16	0	800m	2.05g	29m	0	multi5:14.0%	0	0|0	0|0	8m	5m	307	21:58:15	19.60	0.00	19.33	0.00	0.53	60.53	dm-0	0.00	0.00	0.00	0.00	0.00	0.00	0.00	0.00	0.00	0.00	0.00
0	18461	18471	0	0	7	0	800m	2.05g	29m	0	multi5:16.4%	0	1|0	0|1	8m	5m	307	21:58:16	20.11	0.00	26.22	0.68	0.54	52.45	dm-0	0.00	0.00	0.00	4.00	0.00	16.00	8.00	0.22	55.00	35.00	14.00
0	18488	18420	0	0	9	0	800m	2.05g	29m	0	multi2:11.3%	0	39|0	0|5	8m	5m	307	21:58:17	16.78	0.00	20.22	0.14	0.55	62.31	dm-0	0.00	0.00	0.00	0.00	0.00	0.00	0.00	0.00	0.00	0.00	0.00
0	19573	19571	0	0	6	0	800m	2.05g	29m	0	multi8:14.8%	0	0|0	0|0	8m	5m	307	21:58:18	20.39	0.00	36.97	0.13	0.53	41.97	dm-0	0.00	0.00	0.00	0.00	0.00	0.00	0.00	0.00	0.00	0.00	0.00
0	18411	18466	0	0	10	0	800m	2.05g	29m	0	multi1:15.6%	0	5|0	0|1	8m	6m	307	21:58:19	20.93	0.00	25.96	0.26	0.53	52.32	dm-0	0.00	0.00	0.00	0.00	0.00	0.00	0.00	0.00	0.00	0.00	0.00
0	18411	18466	0	0	10	0	800m	2.05g	29m	0	multi1:15.6%	0	5|0	0|1	8m	6m	307	21:58:19	15.28	0.00	20.29	3.16	0.53	60.74	dm-0	0.00	0.00	0.00	25.00	0.00	120.00	9.60	0.38	15.04	8.32	20.80
0	16406	16416	0	0	7	0	800m	2.05g	29m	0	multi7:13.3%	0	0|0	0|163	7m	5m	307	21:58:20	12.31	0.00	15.00	13.46	0.38	58.85	dm-0	0.00	0.00	0.00	18.00	0.00	104.00	11.56	1.23	68.89	34.44	62.00
0	20364	20330	0	0	6	1	800m	2.05g	29m	0	multi7:10.2%	0	0|0	0|0	9m	6m	307	21:58:21	19.24	0.00	21.82	0.00	0.54	58.40	dm-0	0.00	0.00	0.00	0.00	0.00	0.00	0.00	0.00	0.00	0.00	0.00
0	21651	21662	0	0	14	0	800m	2.05g	29m	0	multi2:19.5%	0	11|0	1|2	9m	6m	307	21:58:22	19.71	0.00	22.37	0.13	0.67	57.12	dm-0	0.00	0.00	0.00	0.00	0.00	0.00	0.00	0.00	0.00	0.00	0.00
0	16883	16859	0	0	5	0	800m	2.05g	29m	0	multi7:12.8%	0	1|0	1|2	7m	5m	307	21:58:23	19.11	0.00	22.34	0.40	0.67	57.47	dm-0	0.00	0.00	0.00	0.00	0.00	0.00	0.00	0.00	0.00	0.00	0.00
0	18972	19021	0	0	6	0	800m	2.05g	29m	0	multi1:16.7%	0	8|0	1|1	9m	6m	307	21:58:24	19.41	0.00	23.80	0.13	0.53	56.12	dm-0	0.00	0.00	0.00	0.00	0.00	0.00	0.00	0.00	0.00	0.00	0.00
0	21354	21372	0	0	8	0	800m	2.05g	28m	0	multi1:16.1%	0	0|0	0|7	10m	6m	307	21:58:26	24.90	0.00	35.10	0.70	0.98	38.32	dm-0	0.00	0.00	0.00	4.00	0.00	16.00	8.00	0.20	50.00	34.00	13.60
0	15969	15972	0	0	11	0	800m	2.05g	28m	0	multi7:12.7%	0	0|0	1|0	7m	5m	307	21:58:27	18.51	0.00	20.14	0.00	0.54	60.81	dm-0	0.00	0.00	0.00	0.00	0.00	0.00	0.00	0.00	0.00	0.00	0.00
0	17727	17713	0	0	5	0	800m	2.05g	28m	0	multi9:14.6%	0	2|0	1|3	8m	5m	307	21:58:28	16.58	0.00	16.84	0.13	0.66	65.79	dm-0	0.00	0.00	0.00	0.00	0.00	0.00	0.00	0.00	0.00	0.00	0.00
0	18658	18661	0	0	28	0	800m	2.05g	28m	0	multi7:19.8%	0	26|0	1|2	9m	6m	310	21:58:29	20.97	0.00	30.93	0.00	0.39	47.71	dm-0	0.00	0.00	0.00	0.00	0.00	0.00	0.00	0.00	0.00	0.00	0.00
0	20562	20536	0	0	8	0	800m	2.05g	28m	0	multi7:22.9%	0	0|0	1|0	10m	6m	310	21:58:30	21.37	0.00	28.63	0.14	0.84	49.02	dm-0	0.00	0.00	0.00	0.00	0.00	0.00	0.00	0.00	0.00	0.00	0.00
0	20344	20382	0	0	15	0	800m	2.05g	28m	0	multi7:24.0%	0	1|0	1|2	10m	6m	310	21:58:31	20.55	0.00	25.82	0.66	0.53	52.44	dm-0	0.00	0.00	0.00	0.00	0.00	0.00	0.00	0.00	0.00	0.00	0.00
0	18826	18822	0	0	15	0	800m	2.05g	29m	0	multi0:17.1%	0	0|0	0|0	9m	6m	310	21:58:32	22.57	0.00	33.78	0.27	0.68	42.70	dm-0	0.00	0.00	0.00	4.00	0.00	16.00	8.00	0.28	70.00	34.00	13.60
0	18032	18022	0	0	8	0	800m	2.05g	29m	0	multi7:19.8%	0	0|0	3|1	8m	5m	310	21:58:33	20.29	0.00	24.61	0.13	0.39	54.58	dm-0	0.00	0.00	0.00	0.00	0.00	0.00	0.00	0.00	0.00	0.00	0.00
0	17853	17851	0	0	15	0	800m	2.05g	28m	0	multi7:18.0%	0	10|0	0|2	8m	5m	310	21:58:34	20.84	0.00	30.21	0.13	0.53	48.28	dm-0	0.00	0.00	0.00	0.00	0.00	0.00	0.00	0.00	0.00	0.00	0.00
0	18210	18228	0	0	2	0	800m	2.05g	29m	0	multi7:17.0%	0	2|0	0|0	8m	5m	310	21:58:35	20.86	0.00	24.06	0.80	0.53	53.74	dm-0	0.00	0.00	0.00	0.00	0.00	0.00	0.00	0.00	0.00	0.00	0.00
0	19621	19607	0	0	6	0	800m	2.05g	29m	0	multi0:22.4%	0	26|0	3|1	9m	6m	310	21:58:36	22.84	0.00	25.23	0.27	0.66	51.00	dm-0	0.00	0.00	0.00	0.00	0.00	0.00	0.00	0.00	0.00	0.00	0.00
0	18499	18502	0	0	2	0	800m	2.05g	29m	0	multi0:21.9%	0	5|0	0|2	8m	5m	310	21:58:37	22.21	0.00	36.40	0.26	0.53	40.60	dm-0	0.00	0.00	0.00	0.00	0.00	0.00	0.00	0.00	0.00	0.00	0.00
0	21133	21134	0	0	3	0	800m	2.05g	29m	0	multi0:19.4%	0	0|0	0|0	10m	6m	310	21:58:38	21.31	0.00	25.20	0.54	0.40	52.55	dm-0	0.00	0.00	0.00	0.00	0.00	0.00	0.00	0.00	0.00	0.00	0.00
0	21065	21079	0	0	4	0	800m	2.05g	28m	0	multi7:18.4%	0	0|0	0|0	9m	6m	310	21:58:39	24.46	0.00	27.42	0.13	0.67	47.31	dm-0	0.00	0.00	0.00	0.00	0.00	0.00	0.00	0.00	0.00	0.00	0.00
0	20233	20228	0	0	24	0	800m	2.05g	28m	0	multi7:17.6%	0	0|0	0|0	9m	6m	310	21:58:40	20.25	0.00	23.42	0.14	0.69	55.51	dm-0	0.00	0.00	0.00	0.00	0.00	0.00	0.00	0.00	0.00	0.00	0.00
0	19308	19312	0	0	16	0	800m	2.05g	28m	0	multi7:16.3%	0	0|0	0|0	9m	5m	310	21:58:41	17.93	0.00	20.97	1.10	0.83	59.17	dm-0	0.00	0.00	0.00	4.00	0.00	16.00	8.00	0.26	64.00	52.00	20.80
0	20079	20051	0	0	17	0	800m	2.05g	28m	0	multi7:18.5%	0	2|0	0|0	9m	6m	310	21:58:42	18.43	0.00	22.56	0.14	0.69	58.18	dm-0	0.00	0.00	0.00	0.00	0.00	0.00	0.00	0.00	0.00	0.00	0.00
0	21990	22018	0	0	12	0	800m	2.05g	28m	0	multi4:24.3%	0	5|0	0|93	10m	6m	310	21:58:43	28.63	0.00	37.20	0.26	0.26	33.64	dm-0	0.00	0.00	0.00	0.00	0.00	0.00	0.00	0.00	0.00	0.00	0.00
0	20323	20313	0	0	7	0	800m	2.05g	28m	0	multi5:18.9%	0	0|0	0|0	9m	6m	310	21:58:44	23.45	0.00	25.20	0.13	0.67	50.54	dm-0	0.00	0.00	0.00	0.00	0.00	0.00	0.00	0.00	0.00	0.00	0.00
0	18518	18463	0	0	9	0	800m	2.05g	28m	0	multi7:15.9%	0	0|0	0|0	8m	5m	310	21:58:45	22.86	0.00	23.39	0.79	0.66	52.30	dm-0	0.00	0.00	0.00	0.00	0.00	0.00	0.00	0.00	0.00	0.00	0.00
0	22920	22975	0	0	6	0	800m	2.05g	28m	0	multi7:17.7%	0	1|0	0|3	10m	7m	310	21:58:46	20.08	0.00	21.76	0.00	0.70	57.46	dm-0	0.00	0.00	0.00	0.00	0.00	0.00	0.00	0.00	0.00	0.00	0.00
0	19464	19459	0	0	3	0	800m	2.05g	28m	0	multi7:16.2%	0	6|0	0|2	8m	5m	310	21:58:47	21.78	0.00	24.38	0.27	0.68	52.88	dm-0	0.00	0.00	0.00	0.00	0.00	0.00	0.00	0.00	0.00	0.00	0.00
0	23840	23798	0	0	5	0	800m	2.05g	28m	0	multi4:16.8%	0	0|0	0|0	10m	7m	310	21:58:48	25.27	0.00	29.79	0.00	0.53	44.41	dm-0	0.00	0.00	0.00	0.00	0.00	0.00	0.00	0.00	0.00	0.00	0.00
0	21412	21437	0	0	4	0	800m	2.05g	28m	0	multi5:16.6%	0	0|0	1|21	9m	6m	310	21:58:49	20.88	0.00	33.73	0.27	0.54	44.58	dm-0	0.00	0.00	0.00	0.00	0.00	0.00	0.00	0.00	0.00	0.00	0.00
0	23675	23703	0	0	4	0	800m	2.05g	29m	0	multi0:20.1%	0	1|0	1|2	10m	6m	310	21:58:50	30.25	0.00	33.84	0.00	0.83	35.08	dm-0	0.00	0.00	0.00	0.00	0.00	0.00	0.00	0.00	0.00	0.00	0.00
0	24025	24004	0	0	8	0	800m	2.05g	29m	0	multi5:21.9%	0	19|0	2|3	10m	6m	310	21:58:51	24.27	0.00	32.63	0.80	0.53	41.78	dm-0	0.00	0.00	0.00	4.00	0.00	16.00	8.00	0.25	62.00	32.00	12.80
0	16954	16964	0	0	7	0	800m	2.05g	28m	0	multi7:18.4%	0	0|0	0|0	7m	5m	310	21:58:52	14.49	0.00	16.60	0.26	0.66	67.98	dm-0	0.00	0.00	0.00	0.00	0.00	0.00	0.00	0.00	0.00	0.00	0.00
0	17089	17079	0	0	3	0	800m	2.05g	29m	0	multi0:11.9%	0	0|0	0|0	7m	4m	310	21:58:53	18.08	0.00	24.06	0.00	0.52	57.35	dm-0	0.00	0.00	0.00	0.00	0.00	0.00	0.00	0.00	0.00	0.00	0.00
0	19163	19151	0	0	5	0	800m	2.05g	29m	0	multi0:15.8%	0	0|0	0|0	8m	5m	310	21:58:54	20.34	0.00	25.95	0.13	0.65	52.93	dm-0	0.00	0.00	0.00	0.00	0.00	0.00	0.00	0.00	0.00	0.00	0.00
0	15333	15369	0	0	6	0	800m	2.05g	29m	0	multi4:10.0%	0	0|0	0|0	7m	4m	310	21:58:55	13.54	0.00	15.62	0.78	0.52	69.53	dm-0	0.00	0.00	0.00	0.00	0.00	0.00	0.00	0.00	0.00	0.00	0.00
0	12669	12668	0	0	4	0	800m	2.05g	28m	0	multi9:7.6%	0	1|0	1|0	6m	3m	310	21:58:56	11.84	0.00	11.56	0.00	0.41	76.19	dm-0	0.00	0.00	0.00	0.00	0.00	0.00	0.00	0.00	0.00	0.00	0.00
0	17791	17787	0	0	2	0	800m	2.05g	28m	0	multi4:13.4%	0	0|0	1|0	7m	5m	310	21:58:57	15.99	0.00	17.34	0.14	0.68	65.85	dm-0	0.00	0.00	0.00	0.00	0.00	0.00	0.00	0.00	0.00	0.00	0.00
0	14517	14503	0	0	2	0	800m	2.05g	28m	0	multi7:10.5%	0	0|0	0|0	6m	4m	310	21:58:58	14.38	0.00	19.39	0.79	0.53	64.91	dm-0	0.00	0.00	0.00	4.00	0.00	16.00	8.00	0.17	42.00	24.00	9.60
0	21158	21180	0	0	3	0	800m	2.05g	28m	0	multi0:17.9%	0	1|0	0|0	9m	6m	310	21:58:59	17.47	0.00	20.03	0.00	0.81	61.69	dm-0	0.00	0.00	0.00	0.00	0.00	0.00	0.00	0.00	0.00	0.00	0.00
0	13249	13244	0	0	8	0	800m	2.05g	28m	0	multi3:7.5%	0	0|0	0|2	6m	4m	310	21:59:00	10.75	0.00	12.23	0.13	0.54	76.34	dm-0	0.00	0.00	0.00	0.00	0.00	0.00	0.00	0.00	0.00	0.00	0.00
0	14048	14043	0	0	4	0	800m	2.05g	28m	0	multi7:9.3%	0	0|0	0|0	6m	4m	310	21:59:01	14.10	0.00	16.71	0.26	0.52	68.41	dm-0	0.00	0.00	0.00	0.00	0.00	0.00	0.00	0.00	0.00	0.00	0.00
0	13484	13454	0	0	3	0	800m	2.05g	28m	0	multi0:12.8%	0	0|0	0|1	6m	3m	310	21:59:02	13.72	0.00	16.32	0.14	0.55	69.27	dm-0	0.00	0.00	0.00	0.00	0.00	0.00	0.00	0.00	0.00	0.00	0.00
0	16309	16329	0	0	4	0	800m	2.05g	28m	0	multi4:11.0%	0	6|0	0|5	7m	5m	310	21:59:03	15.65	0.00	16.98	0.13	0.53	66.71	dm-0	0.00	0.00	0.00	0.00	0.00	0.00	0.00	0.00	0.00	0.00	0.00
0	15778	15781	0	0	4	0	800m	2.05g	28m	0	multi3:12.0%	0	0|0	0|0	7m	4m	310	21:59:04	14.43	0.00	17.04	0.91	0.52	67.10	dm-0	0.00	0.00	0.00	4.00	0.00	16.00	8.00	0.15	38.00	26.00	10.40
0	18710	18717	0	0	6	0	800m	2.05g	28m	0	multi3:10.4%	0	1|0	0|1	8m	5m	310	21:59:05	19.16	0.00	20.24	0.14	0.68	59.78	dm-0	0.00	0.00	0.00	0.00	0.00	0.00	0.00	0.00	0.00	0.00	0.00
0	17314	17309	0	0	4	0	800m	2.05g	28m	0	multi3:10.1%	0	10|0	2|3	8m	5m	310	21:59:06	12.55	0.00	15.42	0.27	0.55	71.21	dm-0	0.00	0.00	0.00	0.00	0.00	0.00	0.00	0.00	0.00	0.00	0.00
0	13157	13165	0	0	7	0	800m	2.05g	28m	0	multi3:10.4%	0	0|0	0|0	6m	4m	310	21:59:07	16.13	0.00	17.74	0.27	0.40	65.46	dm-0	0.00	0.00	0.00	0.00	0.00	0.00	0.00	0.00	0.00	0.00	0.00
0	18684	18629	0	0	12	0	800m	2.05g	28m	0	multi1:12.8%	0	17|0	3|1	8m	5m	310	21:59:08	18.26	0.00	24.43	0.13	0.54	56.64	dm-0	0.00	0.00	0.00	0.00	0.00	0.00	0.00	0.00	0.00	0.00	0.00
0	17510	17517	0	0	11	0	800m	2.05g	28m	0	multi3:17.7%	0	0|0	1|0	8m	5m	310	21:59:09	19.77	0.00	28.61	0.13	0.52	50.98	dm-0	0.00	0.00	0.00	0.00	0.00	0.00	0.00	0.00	0.00	0.00	0.00
0	18352	18388	0	0	9	0	800m	2.05g	28m	0	multi7:13.6%	0	0|0	0|0	8m	5m	310	21:59:10	21.60	0.00	26.18	1.70	0.52	50.00	dm-0	0.00	0.00	0.00	4.00	0.00	16.00	8.00	0.31	77.00	69.00	27.60
0	19314	19286	0	0	20	0	800m	2.05g	28m	0	multi4:14.9%	0	4|0	1|0	8m	5m	310	21:59:12	18.17	0.00	23.44	0.14	0.69	57.56	dm-0	0.00	0.00	0.00	0.00	0.00	0.00	0.00	0.00	0.00	0.00	0.00
0	20140	20126	0	0	15	0	800m	2.05g	28m	0	multi4:19.0%	0	0|0	0|0	9m	6m	310	21:59:13	19.97	0.00	27.15	0.39	0.39	52.09	dm-0	0.00	0.00	0.00	0.00	0.00	0.00	0.00	0.00	0.00	0.00	0.00
0	20694	20669	0	0	8	0	800m	2.05g	28m	0	multi7:14.2%	0	0|0	0|0	9m	6m	310	21:59:14	19.81	0.00	26.05	0.27	0.54	53.32	dm-0	0.00	0.00	0.00	0.00	0.00	0.00	0.00	0.00	0.00	0.00	0.00
0	23351	23386	0	0	21	0	800m	2.05g	29m	0	multi4:18.3%	0	0|0	3|0	10m	7m	310	21:59:15	24.09	0.00	30.55	0.13	0.54	44.68	dm-0	0.00	0.00	0.00	0.00	0.00	0.00	0.00	0.00	0.00	0.00	0.00
0	20562	20529	0	0	18	0	800m	2.05g	29m	0	multi4:17.4%	0	32|0	1|4	9m	6m	310	21:59:16	23.82	0.00	40.92	0.00	0.27	34.99	dm-0	0.00	0.00	0.00	0.00	0.00	0.00	0.00	0.00	0.00	0.00	0.00
0	23464	23487	0	0	14	0	800m	2.05g	29m	0	multi7:19.4%	0	0|0	0|0	11m	7m	311	21:59:17	23.47	0.00	36.09	0.14	0.54	39.76	dm-0	0.00	0.00	0.00	0.00	0.00	0.00	0.00	0.00	0.00	0.00	0.00
0	22589	22594	0	0	8	0	800m	2.05g	29m	0	multi4:20.7%	0	21|0	1|8	10m	6m	311	21:59:18	22.06	0.00	28.20	0.65	0.65	48.43	dm-0	0.00	0.00	0.00	4.00	0.00	16.00	8.00	0.22	55.00	31.00	12.40
0	24128	24074	0	0	5	0	800m	2.05g	29m	0	multi4:22.4%	0	0|0	0|0	11m	7m	311	21:59:19	24.08	0.00	34.97	0.41	0.27	40.27	dm-0	0.00	0.00	0.00	0.00	0.00	0.00	0.00	0.00	0.00	0.00	0.00
0	23909	23994	0	0	3	1	800m	2.05g	29m	0	multi4:23.0%	0	6|1	0|22	11m	7m	311	21:59:20	25.36	0.00	35.22	1.84	0.53	37.06	dm-0	0.00	0.00	0.00	15.00	0.00	76.00	10.13	0.36	11.20	14.13	21.20
0	25733	25719	0	0	25	0	800m	2.05g	29m	0	multi4:20.3%	0	3|0	0|2	12m	8m	311	21:59:21	28.86	0.00	39.60	3.22	0.54	27.79	dm-0	0.00	0.00	0.00	20.00	0.00	216.00	21.60	0.56	37.80	18.80	37.60
0	24940	24911	0	0	12	0	800m	2.05g	29m	0	multi4:21.4%	0	2|0	1|2	11m	7m	311	21:59:22	24.12	0.00	34.82	1.08	0.54	39.43	dm-0	0.00	0.00	0.00	0.00	0.00	0.00	0.00	0.00	0.00	0.00	0.00
0	22017	22024	0	0	7	0	800m	2.05g	29m	0	multi4:19.3%	0	27|0	0|3	10m	7m	311	21:59:23	23.75	0.00	27.09	0.26	0.39	48.52	dm-0	0.00	0.00	0.00	0.00	0.00	0.00	0.00	0.00	0.00	0.00	0.00
0	23267	23264	0	0	2	0	800m	2.05g	29m	0	multi1:23.2%	0	55|0	4|5	11m	7m	311	21:59:24	29.46	0.00	37.70	0.00	0.41	32.43	dm-0	0.00	0.00	0.00	0.00	0.00	0.00	0.00	0.00	0.00	0.00	0.00
0	26993	27003	0	0	4	0	800m	2.05g	29m	0	multi2:21.4%	0	6|0	1|6	13m	8m	311	21:59:25	25.46	0.00	30.18	1.05	0.39	42.91	dm-0	0.00	0.00	0.00	4.00	0.00	16.00	8.00	0.35	88.00	46.00	18.40
0	23034	23030	0	0	4	0	800m	2.05g	29m	0	multi4:17.4%	0	17|0	1|3	11m	7m	311	21:59:26	22.19	0.00	24.66	0.14	0.82	52.19	dm-0	0.00	0.00	0.00	0.00	0.00	0.00	0.00	0.00	0.00	0.00	0.00
0	19953	19949	0	0	5	0	800m	2.05g	29m	0	multi4:16.6%	0	23|0	1|1	9m	6m	311	21:59:27	23.13	0.00	39.29	0.13	0.26	37.19	dm-0	0.00	0.00	0.00	0.00	0.00	0.00	0.00	0.00	0.00	0.00	0.00
0	21449	21423	0	0	4	0	800m	2.05g	29m	0	multi4:23.1%	0	9|0	6|2	10m	6m	311	21:59:28	25.56	0.00	39.79	0.13	0.40	34.12	dm-0	0.00	0.00	0.00	0.00	0.00	0.00	0.00	0.00	0.00	0.00	0.00
0	21446	21472	0	0	4	0	800m	2.05g	29m	0	multi4:19.2%	0	11|0	1|1	10m	7m	311	21:59:29	20.99	0.00	25.38	0.27	0.55	52.81	dm-0	0.00	0.00	0.00	0.00	0.00	0.00	0.00	0.00	0.00	0.00	0.00
0	21102	21075	0	0	12	0	800m	2.05g	29m	0	multi2:17.0%	0	35|0	1|5	10m	6m	311	21:59:30	22.67	0.00	28.44	0.52	0.26	48.10	dm-0	0.00	0.00	0.00	0.00	0.00	0.00	0.00	0.00	0.00	0.00	0.00
0	21397	21444	0	0	5	0	800m	2.05g	29m	0	multi1:16.0%	0	4|0	4|5	10m	6m	311	21:59:31	22.27	0.00	26.00	0.51	0.64	50.58	dm-0	0.00	0.00	0.00	4.00	0.00	16.00	8.00	0.17	43.00	31.00	12.40
0	23784	23794	0	0	6	0	800m	2.05g	29m	0	multi2:14.0%	0	1|0	2|0	11m	7m	311	21:59:32	23.74	0.00	23.46	0.14	0.70	51.97	dm-0	0.00	0.00	0.00	0.00	0.00	0.00	0.00	0.00	0.00	0.00	0.00
0	18848	18810	0	0	9	0	800m	2.05g	29m	0	multi5:11.9%	0	13|0	0|2	8m	5m	311	21:59:33	17.58	0.00	27.92	0.27	0.54	53.69	dm-0	0.00	0.00	0.00	0.00	0.00	0.00	0.00	0.00	0.00	0.00	0.00
0	23596	23604	0	0	4	0	800m	2.05g	29m	0	multi2:22.0%	0	17|0	4|3	10m	7m	311	21:59:34	25.82	0.00	32.24	0.26	0.52	41.15	dm-0	0.00	0.00	0.00	0.00	0.00	0.00	0.00	0.00	0.00	0.00	0.00
0	21768	21773	0	0	8	0	800m	2.05g	29m	0	multi0:14.1%	0	13|0	3|5	10m	6m	311	21:59:35	20.93	0.00	22.12	0.13	0.66	56.16	dm-0	0.00	0.00	0.00	0.00	0.00	0.00	0.00	0.00	0.00	0.00	0.00
0	20269	20275	0	0	7	0	800m	2.05g	29m	0	multi1:15.2%	0	3|0	3|0	9m	6m	311	21:59:36	21.53	0.00	25.10	0.13	0.40	52.84	dm-0	0.00	0.00	0.00	0.00	0.00	0.00	0.00	0.00	0.00	0.00	0.00
0	24038	24020	0	0	5	0	800m	2.05g	29m	0	multi5:21.8%	0	0|0	0|0	11m	7m	311	21:59:37	25.56	0.00	36.57	0.13	0.52	37.22	dm-0	0.00	0.00	0.00	0.00	0.00	0.00	0.00	0.00	0.00	0.00	0.00
0	22008	22002	0	0	4	0	800m	2.05g	29m	0	multi9:18.1%	0	33|0	0|5	10m	6m	311	21:59:38	24.77	0.00	43.08	0.13	0.26	31.75	dm-0	0.00	0.00	0.00	0.00	0.00	0.00	0.00	0.00	0.00	0.00	0.00
0	22168	22171	0	0	2	0	800m	2.05g	29m	0	multi5:22.4%	0	1|0	0|1	10m	6m	311	21:59:39	20.59	0.00	29.14	0.13	0.53	49.60	dm-0	0.00	0.00	0.00	0.00	0.00	0.00	0.00	0.00	0.00	0.00	0.00
0	22201	22165	0	0	6	0	800m	2.05g	29m	0	multi8:18.0%	0	7|0	0|2	10m	6m	311	21:59:40	23.97	0.00	30.44	0.14	0.28	45.18	dm-0	0.00	0.00	0.00	0.00	0.00	0.00	0.00	0.00	0.00	0.00	0.00
0	22216	22233	0	0	2	0	800m	2.05g	29m	0	multi2:16.8%	0	0|0	0|0	10m	6m	311	21:59:41	24.77	0.00	40.42	0.26	0.39	34.16	dm-0	0.00	0.00	0.00	4.00	0.00	16.00	8.00	0.18	46.00	30.00	12.00
0	24765	24744	0	0	9	0	800m	2.05g	29m	0	multi0:24.2%	0	53|0	3|6	11m	7m	311	21:59:43	25.24	0.00	39.84	0.14	0.68	34.11	dm-0	0.00	0.00	0.00	0.00	0.00	0.00	0.00	0.00	0.00	0.00	0.00
0	23804	23776	0	0	11	0	800m	2.05g	29m	0	multi5:26.1%	0	32|0	0|1	11m	7m	311	21:59:44	29.38	0.00	40.97	0.00	0.26	29.38	dm-0	0.00	0.00	0.00	0.00	0.00	0.00	0.00	0.00	0.00	0.00	0.00
0	23265	23246	0	0	12	0	800m	2.05g	29m	0	multi5:23.7%	0	3|0	0|0	10m	6m	311	21:59:45	23.64	0.00	42.90	0.40	0.40	32.67	dm-0	0.00	0.00	0.00	0.00	0.00	0.00	0.00	0.00	0.00	0.00	0.00
0	24743	24791	0	0	13	0	800m	2.05g	29m	0	multi0:24.2%	0	44|0	1|4	11m	7m	311	21:59:46	25.92	0.00	38.40	0.27	0.54	34.87	dm-0	0.00	0.00	0.00	0.00	0.00	0.00	0.00	0.00	0.00	0.00	0.00
0	26300	26307	0	0	7	0	800m	2.05g	29m	0	multi5:26.6%	0	50|0	5|11	11m	7m	311	21:59:47	28.96	0.00	35.72	0.27	0.41	34.64	dm-0	0.00	0.00	0.00	0.00	0.00	0.00	0.00	0.00	0.00	0.00	0.00
0	25754	25773	0	0	14	0	800m	2.05g	29m	0	multi1:17.7%	0	9|0	1|1	11m	7m	311	21:59:48	28.38	0.00	39.70	0.68	0.55	30.70	dm-0	0.00	0.00	0.00	4.00	0.00	16.00	8.00	0.25	62.00	30.00	12.00
0	21874	21860	0	0	7	0	800m	2.05g	29m	0	multi1:21.2%	0	35|0	0|3	10m	6m	311	21:59:49	21.19	0.00	23.51	0.15	0.87	54.28	dm-0	0.00	0.00	0.00	0.00	0.00	0.00	0.00	0.00	0.00	0.00	0.00
0	24044	24037	0	0	13	0	800m	2.05g	29m	0	multi5:29.3%	0	38|0	1|2	10m	6m	311	21:59:50	25.71	0.00	40.54	0.14	0.68	32.93	dm-0	0.00	0.00	0.00	0.00	0.00	0.00	0.00	0.00	0.00	0.00	0.00
0	21606	21600	0	0	7	0	800m	2.05g	29m	0	multi5:19.7%	0	32|0	2|4	9m	6m	311	21:59:51	23.22	0.00	33.02	0.13	0.54	43.09	dm-0	0.00	0.00	0.00	0.00	0.00	0.00	0.00	0.00	0.00	0.00	0.00
0	21862	21870	0	0	9	0	800m	2.05g	29m	0	multi1:20.7%	0	36|1	3|4	9m	6m	311	21:59:52	24.83	0.00	32.84	0.14	0.41	41.79	dm-0	0.00	0.00	0.00	0.00	0.00	0.00	0.00	0.00	0.00	0.00	0.00
0	25393	25398	0	0	6	0	800m	2.05g	29m	0	multi5:28.5%	0	64|0	3|5	11m	7m	311	21:59:53	28.55	0.00	47.94	0.66	0.40	22.44	dm-0	0.00	0.00	0.00	4.00	0.00	16.00	8.00	0.36	91.00	63.00	25.20
0	25494	25484	0	0	8	0	800m	2.05g	29m	0	multi0:27.0%	0	39|0	2|3	11m	7m	311	21:59:54	28.02	0.00	40.64	0.13	0.53	30.68	dm-0	0.00	0.00	0.00	0.00	0.00	0.00	0.00	0.00	0.00	0.00	0.00
0	21473	21506	0	0	11	0	800m	2.05g	29m	0	multi0:18.7%	0	1|0	3|1	9m	6m	311	21:59:55	19.09	0.00	23.24	0.14	0.69	56.85	dm-0	0.00	0.00	0.00	0.00	0.00	0.00	0.00	0.00	0.00	0.00	0.00
0	23249	23253	0	0	10	0	800m	2.05g	29m	0	multi5:22.0%	0	0|0	0|0	10m	6m	311	21:59:56	23.24	0.00	28.91	0.00	0.83	47.03	dm-0	0.00	0.00	0.00	0.00	0.00	0.00	0.00	0.00	0.00	0.00	0.00
0	22853	22840	0	0	13	0	800m	2.05g	29m	0	multi5:16.6%	0	1|0	1|2	10m	6m	311	21:59:57	22.70	0.00	26.60	0.28	0.84	49.58	dm-0	0.00	0.00	0.00	0.00	0.00	0.00	0.00	0.00	0.00	0.00	0.00
0	22160	22105	0	0	15	0	800m	2.05g	29m	0	multi5:21.7%	0	9|0	0|1	10m	6m	311	21:59:58	26.22	0.00	41.22	0.14	0.41	32.03	dm-0	0.00	0.00	0.00	0.00	0.00	0.00	0.00	0.00	0.00	0.00	0.00
0	23977	23945	0	0	7	0	800m	2.05g	29m	0	multi5:27.2%	0	165|10	0|10	11m	7m	311	21:59:59	28.13	0.00	41.29	0.52	0.26	29.81	dm-0	0.00	0.00	0.00	4.00	0.00	16.00	8.00	0.81	203.00	189.00	75.60
0	26262	26341	0	0	5	0	800m	2.05g	29m	0	multi5:49.5%	0	6|0	0|2	12m	7m	311	22:00:00	27.39	0.00	35.24	0.00	1.00	36.38	dm-0	0.00	0.00	0.00	0.00	0.00	0.00	0.00	0.00	0.00	0.00	0.00
0	19470	19460	0	0	8	0	800m	2.05g	29m	0	multi5:16.7%	0	0|0	0|0	9m	5m	311	22:00:01	20.00	0.00	23.38	0.14	0.41	56.08	dm-0	0.00	0.00	0.00	0.00	0.00	0.00	0.00	0.00	0.00	0.00	0.00
0	18091	18079	0	0	6	0	800m	2.05g	29m	0	multi5:18.6%	0	0|0	0|0	9m	5m	311	22:00:02	21.04	0.00	21.58	0.41	0.55	56.42	dm-0	0.00	0.00	0.00	0.00	0.00	0.00	0.00	0.00	0.00	0.00	0.00
0	20595	20588	0	0	10	0	800m	2.05g	29m	0	multi0:17.9%	0	40|0	0|6	10m	6m	311	22:00:03	25.10	0.00	30.59	0.00	0.52	43.79	dm-0	0.00	0.00	0.00	0.00	0.00	0.00	0.00	0.00	0.00	0.00	0.00
0	22426	22442	0	0	10	0	800m	2.05g	29m	0	multi5:27.9%	0	15|0	1|4	11m	7m	311	22:00:04	26.53	0.00	37.76	0.38	0.51	34.82	dm-0	0.00	0.00	0.00	0.00	0.00	0.00	0.00	0.00	0.00	0.00	0.00
0	18387	18417	0	0	2	0	800m	2.05g	29m	0	multi1:16.4%	0	1|0	0|1	9m	5m	311	22:00:05	19.89	0.00	22.89	1.23	0.54	55.45	dm-0	0.00	0.00	0.00	4.00	0.00	16.00	8.00	0.16	40.00	20.00	8.00
0	24297	24273	0	0	6	0	800m	2.05g	29m	0	multi5:23.4%	0	33|0	0|7	12m	8m	311	22:00:06	28.30	0.00	34.37	0.13	0.67	36.52	dm-0	0.00	0.00	0.00	0.00	0.00	0.00	0.00	0.00	0.00	0.00	0.00
0	25614	25620	0	0	9	0	800m	2.05g	29m	0	multi5:29.1%	0	0|0	0|64	13m	8m	311	22:00:07	28.90	0.00	35.41	0.14	0.95	34.60	dm-0	0.00	0.00	0.00	0.00	0.00	0.00	0.00	0.00	0.00	0.00	0.00
0	22269	22269	0	0	8	0	800m	2.05g	29m	0	multi0:23.8%	0	0|0	0|0	12m	8m	311	22:00:08	26.06	0.00	28.32	0.00	0.27	45.35	dm-0	0.00	0.00	0.00	0.00	0.00	0.00	0.00	0.00	0.00	0.00	0.00
0	17748	17731	0	0	8	0	800m	2.05g	29m	0	multi5:18.5%	0	0|0	0|0	10m	6m	311	22:00:09	24.26	0.00	27.48	0.39	0.52	47.35	dm-0	0.00	0.00	0.00	0.00	0.00	0.00	0.00	0.00	0.00	0.00	0.00
0	21608	21596	0	0	7	0	800m	2.05g	29m	0	multi7:21.0%	0	5|0	0|1	11m	7m	311	22:00:10	25.30	0.00	39.21	0.66	0.40	34.44	dm-0	0.00	0.00	0.00	4.00	0.00	16.00	8.00	0.18	46.00	28.00	11.20
0	25260	25290	0	0	14	0	800m	2.05g	29m	0	multi5:24.1%	0	7|0	0|2	13m	9m	311	22:00:11	32.74	0.00	31.78	0.14	0.82	34.52	dm-0	0.00	0.00	0.00	0.00	0.00	0.00	0.00	0.00	0.00	0.00	0.00
0	24460	24456	0	0	15	0	800m	2.05g	29m	0	multi2:22.9%	0	58|0	5|3	13m	8m	311	22:00:12	29.72	0.00	40.83	0.13	0.67	28.65	dm-0	0.00	0.00	0.00	0.00	0.00	0.00	0.00	0.00	0.00	0.00	0.00
0	20635	20638	0	0	5	0	800m	2.05g	29m	0	multi2:23.0%	0	0|0	0|0	11m	7m	311	22:00:13	24.73	0.00	30.88	0.27	0.40	43.72	dm-0	0.00	0.00	0.00	0.00	0.00	0.00	0.00	0.00	0.00	0.00	0.00
0	21107	21052	0	0	5	0	800m	2.05g	29m	0	multi7:28.6%	0	0|0	0|0	12m	7m	311	22:00:14	27.39	0.00	45.08	0.13	0.27	27.13	dm-0	0.00	0.00	0.00	0.00	0.00	0.00	0.00	0.00	0.00	0.00	0.00
0	20572	20600	0	0	5	0	800m	2.05g	29m	0	multi2:19.1%	0	0|0	0|0	11m	7m	311	22:00:15	25.76	0.00	33.82	0.13	0.53	39.76	dm-0	0.00	0.00	0.00	0.00	0.00	0.00	0.00	0.00	0.00	0.00	0.00
0	19256	19248	0	0	9	0	800m	2.05g	29m	0	multi3:23.7%	0	4|0	1|3	10m	6m	311	22:00:16	26.62	0.00	39.35	0.52	0.39	33.12	dm-0	0.00	0.00	0.00	4.00	0.00	16.00	8.00	0.36	90.00	34.00	13.60
0	21760	21782	0	0	7	0	800m	2.05g	29m	0	multi2:21.2%	0	12|0	2|3	12m	8m	311	22:00:17	25.64	0.00	30.87	0.00	0.54	42.95	dm-0	0.00	0.00	0.00	0.00	0.00	0.00	0.00	0.00	0.00	0.00	0.00
0	17518	17480	0	0	5	0	800m	2.05g	29m	0	multi1:20.3%	0	0|0	0|0	10m	6m	311	22:00:18	22.30	0.00	29.55	0.26	0.40	47.49	dm-0	0.00	0.00	0.00	0.00	0.00	0.00	0.00	0.00	0.00	0.00	0.00
0	16987	17045	0	0	7	0	800m	2.05g	29m	0	multi0:18.0%	0	0|0	0|89	9m	6m	311	22:00:20	22.44	0.00	30.90	4.62	0.38	41.67	dm-0	0.00	0.00	0.00	10.00	0.00	40.00	8.00	0.41	0.00	21.20	21.20
0	22614	22608	0	0	8	1	800m	2.05g	29m	0	multi3:10.6%	0	0|0	0|0	13m	8m	311	22:00:21	13.11	0.00	12.23	16.39	0.13	58.13	dm-0	0.00	0.00	0.00	24.00	0.00	336.00	28.00	1.34	72.67	33.00	79.20
0	21224	21193	0	0	11	0	800m	2.05g	29m	0	multi5:22.7%	0	13|0	0|4	13m	8m	311	22:00:22	26.10	0.00	29.42	0.00	0.69	43.78	dm-0	0.00	0.00	0.00	0.00	0.00	0.00	0.00	0.00	0.00	0.00	0.00
0	20150	20158	0	0	4	0	800m	2.05g	29m	0	multi0:21.4%	0	0|0	0|0	11m	7m	311	22:00:23	25.58	0.00	32.21	0.27	0.41	41.54	dm-0	0.00	0.00	0.00	0.00	0.00	0.00	0.00	0.00	0.00	0.00	0.00
0	17237	17178	0	0	5	0	800m	2.05g	29m	0	multi1:18.7%	0	0|0	0|0	10m	6m	311	22:00:24	25.59	0.00	30.21	0.13	0.40	43.67	dm-0	0.00	0.00	0.00	0.00	0.00	0.00	0.00	0.00	0.00	0.00	0.00
0	20289	20321	0	0	5	0	800m	2.05g	29m	0	multi5:22.7%	0	0|0	0|0	12m	8m	311	22:00:25	24.97	0.00	43.23	0.00	0.26	31.54	dm-0	0.00	0.00	0.00	0.00	0.00	0.00	0.00	0.00	0.00	0.00	0.00
0	22719	22777	0	0	6	0	800m	2.05g	29m	0	multi1:20.7%	0	0|0	1|1	13m	8m	311	22:00:26	23.36	0.00	21.82	1.82	0.84	52.17	dm-0	0.00	0.00	0.00	4.00	0.00	16.00	8.00	0.25	63.00	41.00	16.40
0	20459	20445	0	0	4	0	800m	2.05g	29m	0	multi9:13.9%	0	2|0	0|3	11m	7m	311	22:00:27	23.70	0.00	22.92	0.13	0.65	52.60	dm-0	0.00	0.00	0.00	0.00	0.00	0.00	0.00	0.00	0.00	0.00	0.00
0	18288	18255	0	0	5	0	800m	2.05g	29m	0	multi9:15.9%	0	0|0	0|0	10m	6m	311	22:00:28	23.01	0.00	24.11	0.14	0.55	52.19	dm-0	0.00	0.00	0.00	0.00	0.00	0.00	0.00	0.00	0.00	0.00	0.00
0	19668	19675	0	0	6	0	800m	2.05g	29m	0	multi1:18.7%	0	14|0	0|5	12m	7m	311	22:00:29	26.99	0.00	37.65	0.13	0.40	34.82	dm-0	0.00	0.00	0.00	0.00	0.00	0.00	0.00	0.00	0.00	0.00	0.00
0	17140	17148	0	0	4	0	800m	2.05g	29m	0	multi5:21.3%	0	0|0	0|0	9m	6m	311	22:00:30	20.13	0.00	28.21	0.26	0.53	50.86	dm-0	0.00	0.00	0.00	0.00	0.00	0.00	0.00	0.00	0.00	0.00	0.00
0	16660	16672	0	0	10	0	800m	2.05g	30m	0	multi1:16.4%	0	4|0	1|1	9m	6m	311	22:00:31	21.60	0.00	22.90	0.13	0.39	54.98	dm-0	0.00	0.00	0.00	0.00	0.00	0.00	0.00	0.00	0.00	0.00	0.00
0	16340	16320	0	0	7	0	800m	2.05g	30m	0	multi9:17.8%	0	0|0	0|0	9m	5m	311	22:00:32	23.45	0.00	22.15	0.13	0.26	54.02	dm-0	0.00	0.00	0.00	0.00	0.00	0.00	0.00	0.00	0.00	0.00	0.00
0	20203	20216	0	0	10	0	800m	2.05g	30m	0	multi1:25.1%	0	0|0	0|0	11m	7m	311	22:00:33	24.57	0.00	31.08	0.13	0.53	43.69	dm-0	0.00	0.00	0.00	0.00	0.00	0.00	0.00	0.00	0.00	0.00	0.00
0	18266	18264	0	0	4	0	800m	2.05g	30m	0	multi1:17.8%	0	0|0	0|0	10m	6m	311	22:00:34	23.48	0.00	30.21	0.53	0.53	45.25	dm-0	0.00	0.00	0.00	4.00	0.00	16.00	8.00	0.16	41.00	25.00	10.00
0	19769	19797	0	0	12	0	800m	2.05g	30m	0	multi1:17.5%	0	1|0	1|2	10m	7m	311	22:00:35	23.90	0.00	20.72	0.13	0.66	54.58	dm-0	0.00	0.00	0.00	0.00	0.00	0.00	0.00	0.00	0.00	0.00	0.00
0	19753	19727	0	0	11	0	800m	2.05g	30m	0	multi3:15.9%	0	20|0	0|5	11m	7m	311	22:00:36	22.01	0.00	23.49	0.40	0.54	53.56	dm-0	0.00	0.00	0.00	0.00	0.00	0.00	0.00	0.00	0.00	0.00	0.00
0	17088	17099	0	0	5	0	800m	2.05g	30m	0	multi3:17.7%	0	16|0	0|4	9m	6m	311	22:00:37	24.27	0.00	38.00	0.13	0.40	37.20	dm-0	0.00	0.00	0.00	0.00	0.00	0.00	0.00	0.00	0.00	0.00	0.00
0	20314	20307	0	0	8	0	800m	2.05g	30m	0	multi1:21.7%	0	0|0	0|0	10m	7m	311	22:00:38	23.53	0.00	28.24	0.52	0.26	47.45	dm-0	0.00	0.00	0.00	0.00	0.00	0.00	0.00	0.00	0.00	0.00	0.00
0	15053	15071	0	0	11	0	800m	2.05g	30m	0	multi0:13.0%	0	2|0	1|2	8m	5m	311	22:00:39	20.35	0.00	32.13	0.27	0.54	46.72	dm-0	0.00	0.00	0.00	0.00	0.00	0.00	0.00	0.00	0.00	0.00	0.00
0	18090	18063	0	0	4	0	800m	2.05g	30m	0	multi1:17.9%	0	0|0	0|0	9m	6m	311	22:00:40	23.18	0.00	25.13	0.52	0.52	50.65	dm-0	0.00	0.00	0.00	4.00	0.00	16.00	8.00	0.14	34.00	20.00	8.00
0	17975	18014	0	0	6	0	800m	2.05g	30m	0	multi6:11.1%	0	0|0	1|0	9m	6m	311	22:00:41	15.20	0.00	15.33	0.00	0.41	69.06	dm-0	0.00	0.00	0.00	0.00	0.00	0.00	0.00	0.00	0.00	0.00	0.00
0	17864	17822	0	0	4	0	800m	2.05g	30m	0	multi9:12.0%	0	0|0	0|0	9m	6m	311	22:00:42	19.62	0.00	22.45	0.13	0.54	57.26	dm-0	0.00	0.00	0.00	0.00	0.00	0.00	0.00	0.00	0.00	0.00	0.00
0	14526	14541	0	0	5	0	800m	2.05g	30m	0	multi9:14.3%	0	7|0	0|4	7m	5m	311	22:00:43	17.84	0.00	19.46	0.14	0.41	62.16	dm-0	0.00	0.00	0.00	0.00	0.00	0.00	0.00	0.00	0.00	0.00	0.00
0	18517	18515	0	0	3	0	800m	2.05g	30m	0	multi6:15.6%	0	0|0	0|0	9m	6m	311	22:00:44	18.03	0.00	21.86	0.27	0.41	59.43	dm-0	0.00	0.00	0.00	0.00	0.00	0.00	0.00	0.00	0.00	0.00	0.00
0	15900	15901	0	0	5	0	800m	2.05g	30m	0	multi6:11.4%	0	4|0	0|3	7m	5m	311	22:00:45	19.84	0.00	18.40	0.13	0.53	61.10	dm-0	0.00	0.00	0.00	0.00	0.00	0.00	0.00	0.00	0.00	0.00	0.00
0	17331	17323	0	0	6	0	800m	2.05g	30m	0	multi9:12.4%	0	2|0	1|1	8m	6m	311	22:00:46	18.56	0.00	19.23	1.74	0.53	59.95	dm-0	0.00	0.00	0.00	4.00	0.00	16.00	8.00	0.33	82.00	68.00	27.20
0	16364	16362	0	0	6	0	800m	2.05g	30m	0	multi6:11.2%	0	12|0	1|2	8m	5m	311	22:00:48	14.19	0.00	16.82	0.13	0.53	68.33	dm-0	0.00	0.00	0.00	0.00	0.00	0.00	0.00	0.00	0.00	0.00	0.00
0	19034	18988	0	0	2	0	800m	2.05g	30m	0	multi0:15.7%	0	0|0	0|0	8m	5m	311	22:00:49	19.85	0.00	24.10	0.13	0.52	55.41	dm-0	0.00	0.00	0.00	0.00	0.00	0.00	0.00	0.00	0.00	0.00	0.00
0	16298	16337	0	0	6	0	800m	2.05g	30m	0	multi0:11.4%	0	6|0	2|3	7m	5m	311	22:00:50	20.24	0.00	23.91	0.68	0.41	54.76	dm-0	0.00	0.00	0.00	0.00	0.00	0.00	0.00	0.00	0.00	0.00	0.00
0	18530	18524	0	0	21	0	800m	2.05g	30m	0	multi3:14.1%	0	0|0	0|0	8m	6m	311	22:00:51	16.85	0.00	19.84	0.27	0.54	62.50	dm-0	0.00	0.00	0.00	0.00	0.00	0.00	0.00	0.00	0.00	0.00	0.00
0	16531	16529	0	0	15	0	800m	2.05g	30m	0	multi2:11.4%	0	0|0	0|0	7m	5m	311	22:00:52	19.21	0.00	23.71	0.13	0.40	56.56	dm-0	0.00	0.00	0.00	0.00	0.00	0.00	0.00	0.00	0.00	0.00	0.00
0	19435	19445	0	0	7	0	800m	2.05g	30m	0	multi2:14.0%	0	0|0	0|0	8m	6m	312	22:00:53	19.05	0.00	25.36	0.00	0.53	55.06	dm-0	0.00	0.00	0.00	0.00	0.00	0.00	0.00	0.00	0.00	0.00	0.00
0	16786	16796	0	0	3	0	800m	2.05g	30m	0	multi5:11.4%	0	1|0	0|1	7m	5m	312	22:00:54	19.65	0.00	20.19	0.00	0.53	59.63	dm-0	0.00	0.00	0.00	0.00	0.00	0.00	0.00	0.00	0.00	0.00	0.00
0	20319	20323	0	0	12	0	800m	2.05g	30m	0	multi5:11.5%	0	1|0	0|22	9m	6m	312	22:00:55	17.61	0.00	22.21	0.39	0.53	59.26	dm-0	0.00	0.00	0.00	0.00	0.00	0.00	0.00	0.00	0.00	0.00	0.00
0	20178	20166	0	0	9	0	800m	2.05g	30m	0	multi3:15.4%	0	1|0	2|2	9m	6m	312	22:00:56	21.67	0.00	23.89	0.13	0.39	53.92	dm-0	0.00	0.00	0.00	0.00	0.00	0.00	0.00	0.00	0.00	0.00	0.00
0	21796	21809	0	0	8	0	800m	2.05g	30m	0	multi3:15.9%	0	0|1	0|1	10m	7m	312	22:00:57	21.36	0.00	28.26	1.02	0.64	48.72	dm-0	0.00	0.00	0.00	4.00	0.00	16.00	8.00	0.19	48.00	34.00	13.60
0	19618	19590	0	0	9	0	800m	2.05g	30m	0	multi0:11.8%	0	0|0	0|0	9m	6m	312	22:00:58	21.44	0.00	35.69	0.13	0.80	41.94	dm-0	0.00	0.00	0.00	0.00	0.00	0.00	0.00	0.00	0.00	0.00	0.00
0	20947	20956	0	0	12	0	800m	2.05g	30m	0	multi3:17.4%	0	0|0	1|1	9m	6m	312	22:00:59	20.46	0.00	29.61	1.88	0.27	47.78	dm-0	0.00	0.00	0.00	0.00	0.00	0.00	0.00	0.00	0.00	0.00	0.00
0	22125	22098	0	0	3	0	800m	2.05g	30m	0	multi3:16.2%	0	0|0	0|0	10m	7m	312	22:01:00	25.48	0.00	30.50	0.13	0.51	43.37	dm-0	0.00	0.00	0.00	0.00	0.00	0.00	0.00	0.00	0.00	0.00	0.00
0	20198	20227	0	0	19	0	800m	2.05g	30m	0	multi3:14.5%	0	12|0	2|3	9m	6m	312	22:01:01	21.55	0.00	24.90	0.27	0.54	52.74	dm-0	0.00	0.00	0.00	0.00	0.00	0.00	0.00	0.00	0.00	0.00	0.00
0	20234	20250	0	0	16	0	800m	2.05g	30m	0	multi5:14.6%	0	0|0	1|0	9m	6m	312	22:01:02	25.10	0.00	34.09	0.00	0.40	40.40	dm-0	0.00	0.00	0.00	0.00	0.00	0.00	0.00	0.00	0.00	0.00	0.00
0	20496	20458	0	0	10	0	800m	2.05g	30m	0	multi3:18.5%	0	0|0	0|0	10m	7m	312	22:01:03	16.55	0.00	20.59	0.67	0.54	61.64	dm-0	0.00	0.00	0.00	4.00	0.00	16.00	8.00	0.24	59.00	37.00	14.80
0	18722	18722	0	0	13	0	800m	2.05g	30m	0	multi9:12.6%	0	5|0	6|3	9m	6m	312	22:01:04	21.76	0.00	27.77	0.53	0.40	49.53	dm-0	0.00	0.00	0.00	0.00	0.00	0.00	0.00	0.00	0.00	0.00	0.00
0	22925	22943	0	0	7	0	800m	2.05g	30m	0	multi0:19.2%	0	21|0	2|3	11m	7m	312	22:01:05	24.34	0.00	30.32	0.13	0.53	44.68	dm-0	0.00	0.00	0.00	0.00	0.00	0.00	0.00	0.00	0.00	0.00	0.00
0	24842	24811	0	0	11	0	800m	2.05g	30m	0	multi6:18.7%	0	0|0	0|0	11m	7m	312	22:01:06	25.97	0.00	30.89	0.27	0.40	42.48	dm-0	0.00	0.00	0.00	0.00	0.00	0.00	0.00	0.00	0.00	0.00	0.00
0	18564	18617	0	0	11	0	800m	2.05g	30m	0	multi3:14.7%	0	0|0	0|0	9m	6m	312	22:01:07	19.34	0.00	25.39	1.18	0.53	53.55	dm-0	0.00	0.00	0.00	4.00	0.00	16.00	8.00	0.27	68.00	32.00	12.80
0	22730	22722	0	0	4	0	800m	2.05g	30m	0	multi3:16.0%	0	1|0	0|10	11m	7m	312	22:01:08	20.57	0.00	20.84	0.14	0.81	57.65	dm-0	0.00	0.00	0.00	0.00	0.00	0.00	0.00	0.00	0.00	0.00	0.00
0	19569	19523	0	0	11	0	800m	2.05g	30m	0	multi9:19.8%	0	4|0	0|3	9m	6m	312	22:01:09	25.52	0.00	36.39	0.26	0.39	37.43	dm-0	0.00	0.00	0.00	0.00	0.00	0.00	0.00	0.00	0.00	0.00	0.00
0	21633	21667	0	0	11	0	800m	2.05g	30m	0	multi3:17.0%	0	6|0	1|1	10m	7m	312	22:01:10	21.63	0.00	24.38	0.13	0.39	53.47	dm-0	0.00	0.00	0.00	0.00	0.00	0.00	0.00	0.00	0.00	0.00	0.00
0	22725	22743	0	0	8	0	800m	2.05g	30m	0	multi7:16.6%	0	0|0	0|0	11m	7m	312	22:01:11	24.35	0.00	29.41	0.14	0.82	45.28	dm-0	0.00	0.00	0.00	0.00	0.00	0.00	0.00	0.00	0.00	0.00	0.00
0	19260	19226	0	0	7	0	800m	2.05g	30m	0	multi7:18.3%	0	4|0	1|2	9m	6m	312	22:01:12	22.45	0.00	31.98	0.13	0.39	45.04	dm-0	0.00	0.00	0.00	0.00	0.00	0.00	0.00	0.00	0.00	0.00	0.00
0	20590	20611	0	0	8	0	800m	2.05g	30m	0	multi7:18.3%	0	1|0	1|1	10m	7m	312	22:01:13	23.68	0.00	34.78	1.76	0.68	39.11	dm-0	0.00	0.00	0.00	4.00	0.00	16.00	8.00	0.52	27.00	115.00	46.00
0	23692	23678	0	0	14	0	800m	2.05g	30m	0	multi5:14.2%	0	6|0	1|1	11m	7m	312	22:01:14	23.36	0.00	23.08	2.52	0.70	50.35	dm-0	0.00	0.00	0.00	0.00	0.00	0.00	0.00	0.62	0.00	0.00	61.60
0	21543	21531	0	0	6	0	800m	2.05g	30m	0	multi7:15.6%	0	14|0	4|2	10m	7m	312	22:01:15	21.94	0.00	29.81	0.77	0.39	47.10	dm-0	0.00	0.00	0.00	0.00	0.00	0.00	0.00	0.00	0.00	0.00	0.00
0	22298	22265	0	0	10	0	800m	2.05g	30m	0	multi6:18.4%	0	22|0	1|2	10m	7m	312	22:01:16	27.89	0.00	37.87	0.13	0.52	33.59	dm-0	0.00	0.00	0.00	0.00	0.00	0.00	0.00	0.00	0.00	0.00	0.00
0	22095	22090	0	0	7	0	800m	2.05g	30m	0	multi5:21.4%	0	28|0	0|3	10m	7m	312	22:01:17	27.54	0.00	44.66	0.13	0.26	27.41	dm-0	0.00	0.00	0.00	0.00	0.00	0.00	0.00	0.00	0.00	0.00	0.00
0	26428	26468	0	0	11	0	800m	2.05g	30m	0	multi5:25.4%	0	64|0	1|5	13m	9m	312	22:01:18	27.38	0.00	40.46	0.14	0.27	31.74	dm-0	0.00	0.00	0.00	0.00	0.00	0.00	0.00	0.00	0.00	0.00	0.00
1	20736	20738	0	0	14	0	800m	2.05g	30m	0	multi9:17.5%	0	0|0	0|0	10m	6m	312	22:01:19	21.76	0.00	29.62	1.18	0.52	46.92	dm-0	0.00	0.00	0.00	5.00	0.00	20.00	8.00	0.30	53.60	43.20	21.60
2	10402	10428	0	0	6	1	800m	2.05g	30m	0	multi9:10.1%	0	0|0	0|0	5m	3m	312	22:01:20	3.74	0.00	3.10	3.48	0.13	89.55	dm-0	0.00	0.00	0.00	40.00	0.00	452.00	22.60	0.50	13.50	7.40	29.60
2	8527	8482	0	0	4	0	800m	2.05g	30m	0	multi7:7.8%	0	0|0	0|34	4m	2m	312	22:01:21	17.67	0.00	18.88	0.13	0.40	62.92	dm-0	0.00	0.00	0.00	0.00	0.00	0.00	0.00	0.00	0.00	0.00	0.00
8	22313	22319	0	0	6	0	800m	2.05g	30m	0	multi9:18.8%	0	0|0	0|0	11m	7m	312	22:01:22	25.90	0.00	24.83	0.13	0.66	48.47	dm-0	0.00	0.00	0.00	0.00	0.00	0.00	0.00	0.00	0.00	0.00	0.00
13	20666	20646	0	0	5	0	800m	2.05g	30m	0	multi0:13.5%	0	8|0	0|0	10m	6m	312	22:01:23	21.15	0.00	25.69	0.27	0.41	52.47	dm-0	0.00	0.00	0.00	0.00	0.00	0.00	0.00	0.00	0.00	0.00	0.00
5	23721	23693	0	0	14	0	800m	2.05g	30m	0	multi7:22.0%	0	0|0	0|0	12m	8m	312	22:01:24	29.00	0.00	34.45	0.37	0.50	35.69	dm-0	0.00	0.00	0.00	0.00	0.00	0.00	0.00	0.00	0.00	0.00	0.00
7	20823	20836	0	0	6	0	800m	2.05g	30m	0	multi5:16.3%	0	0|0	0|0	10m	6m	312	22:01:25	23.88	0.00	24.65	0.77	0.39	50.32	dm-0	0.00	0.00	0.00	4.00	0.00	16.00	8.00	0.13	32.00	22.00	8.80
4	21500	21513	0	0	8	0	800m	2.05g	30m	0	multi9:21.1%	0	6|0	0|2	10m	7m	312	22:01:27	21.94	0.00	31.80	0.39	0.39	45.47	dm-0	0.00	0.00	0.00	0.00	0.00	0.00	0.00	0.00	0.00	0.00	0.00
9	19219	19195	0	0	4	0	800m	2.05g	30m	0	multi7:15.5%	0	6|0	0|1	9m	6m	312	22:01:28	24.03	0.00	28.72	0.13	0.54	46.58	dm-0	0.00	0.00	0.00	0.00	0.00	0.00	0.00	0.00	0.00	0.00	0.00
5	20932	20957	0	0	10	0	800m	2.05g	30m	0	multi5:16.4%	0	0|0	1|2	10m	6m	312	22:01:29	20.58	0.00	26.16	0.00	0.40	52.86	dm-0	0.00	0.00	0.00	0.00	0.00	0.00	0.00	0.00	0.00	0.00	0.00
4	21103	21108	0	0	5	0	800m	2.05g	30m	0	multi2:13.8%	0	0|0	0|1	10m	6m	312	22:01:30	23.74	0.00	31.56	0.27	0.53	43.90	dm-0	0.00	0.00	0.00	0.00	0.00	0.00	0.00	0.00	0.00	0.00	0.00
9	20858	20844	0	0	7	0	800m	2.05g	30m	0	multi7:14.2%	0	0|0	0|3	10m	7m	312	22:01:31	17.57	0.00	17.57	0.41	0.68	63.76	dm-0	0.00	0.00	0.00	0.00	0.00	0.00	0.00	0.00	0.00	0.00	0.00
1	21382	21380	0	0	4	0	800m	2.05g	30m	0	multi4:16.4%	0	2|0	0|2	10m	6m	312	22:01:32	21.36	0.00	20.51	0.42	0.85	56.86	dm-0	0.00	0.00	0.00	4.00	0.00	16.00	8.00	0.70	169.00	164.00	65.60
4	21357	21346	0	0	8	0	800m	2.05g	30m	0	multi1:14.1%	0	0|0	0|0	10m	7m	312	22:01:33	23.29	0.00	27.95	0.41	0.68	47.67	dm-0	0.00	0.00	0.00	0.00	0.00	0.00	0.00	0.01	0.00	0.00	0.80
4	18171	18135	0	0	5	0	800m	2.05g	30m	0	multi5:16.3%	0	0|0	0|0	8m	5m	312	22:01:34	19.95	0.00	19.14	0.13	0.80	59.97	dm-0	0.00	0.00	0.00	0.00	0.00	0.00	0.00	0.00	0.00	0.00	0.00
2	22506	22497	0	0	7	0	800m	2.05g	31m	0	multi7:19.4%	0	0|0	0|0	11m	7m	312	22:01:35	23.24	0.00	25.63	0.13	0.40	50.60	dm-0	0.00	0.00	0.00	0.00	0.00	0.00	0.00	0.00	0.00	0.00	0.00
5	21953	21994	0	0	6	0	800m	2.05g	31m	0	multi1:19.2%	0	25|0	4|2	10m	6m	312	22:01:36	25.91	0.00	41.41	0.26	0.26	32.16	dm-0	0.00	0.00	0.00	0.00	0.00	0.00	0.00	0.00	0.00	0.00	0.00
8	17926	17905	0	0	7	0	800m	2.05g	31m	0	multi5:14.3%	0	3|0	0|4	8m	5m	312	22:01:37	22.72	0.00	25.40	0.67	0.54	50.67	dm-0	0.00	0.00	0.00	4.00	0.00	16.00	8.00	0.27	67.00	33.00	13.20
11	18519	18499	0	0	13	0	800m	2.05g	31m	0	multi1:19.7%	0	51|0	2|5	8m	5m	312	22:01:38	20.13	0.00	26.18	0.26	0.53	52.89	dm-0	0.00	0.00	0.00	0.00	0.00	0.00	0.00	0.00	0.00	0.00	0.00
1	21019	21066	0	0	7	0	800m	2.05g	31m	0	multi7:16.7%	0	0|0	0|0	10m	6m	312	22:01:39	24.24	0.00	43.48	0.00	0.26	32.02	dm-0	0.00	0.00	0.00	0.00	0.00	0.00	0.00	0.00	0.00	0.00	0.00
15	18516	18496	0	0	5	0	800m	2.05g	31m	0	multi5:15.5%	0	17|0	0|6	8m	5m	312	22:01:40	22.49	0.00	24.50	0.25	0.50	52.26	dm-0	0.00	0.00	0.00	0.00	0.00	0.00	0.00	0.00	0.00	0.00	0.00
13	17073	17085	0	0	10	0	800m	2.05g	31m	0	multi5:17.7%	0	12|0	1|2	8m	5m	312	22:01:41	19.41	0.00	20.88	0.00	0.53	59.18	dm-0	0.00	0.00	0.00	0.00	0.00	0.00	0.00	0.00	0.00	0.00	0.00
24	23015	23020	0	0	6	0	800m	2.05g	31m	0	multi5:18.1%	0	5|0	0|3	11m	7m	312	22:01:42	24.55	0.00	27.85	2.06	0.69	44.86	dm-0	0.00	0.00	0.00	4.00	0.00	16.00	8.00	0.50	124.00	93.00	37.20
5	21036	21038	0	0	4	0	800m	2.05g	31m	0	multi7:15.0%	0	0|0	0|1	10m	6m	312	22:01:43	20.44	0.00	20.99	0.14	0.69	57.75	dm-0	0.00	0.00	0.00	0.00	0.00	0.00	0.00	0.00	0.00	0.00	0.00
11	19629	19614	0	0	11	0	800m	2.05g	31m	0	multi2:17.4%	0	14|0	0|2	9m	6m	312	22:01:44	24.55	0.00	26.97	0.13	0.51	47.84	dm-0	0.00	0.00	0.00	0.00	0.00	0.00	0.00	0.00	0.00	0.00	0.00
9	22902	22870	0	0	7	0	800m	2.05g	31m	0	multi5:21.7%	0	0|0	0|0	11m	7m	312	22:01:45	27.16	0.00	29.32	0.14	0.54	42.84	dm-0	0.00	0.00	0.00	0.00	0.00	0.00	0.00	0.00	0.00	0.00	0.00
5	21117	21140	0	0	12	0	800m	2.06g	31m	0	multi1:21.1%	0	3|0	0|1	10m	6m	313	22:01:46	23.72	0.00	32.24	0.00	0.39	43.64	dm-0	0.00	0.00	0.00	0.00	0.00	0.00	0.00	0.00	0.00	0.00	0.00
17	20511	20518	0	0	8	0	800m	2.06g	31m	0	multi5:24.1%	0	21|0	4|3	10m	6m	313	22:01:47	23.58	0.00	26.09	0.26	0.40	49.67	dm-0	0.00	0.00	0.00	1.00	0.00	4.00	8.00	0.00	0.00	0.00	0.00
19	19386	19372	0	0	16	0	800m	2.06g	31m	0	multi5:17.5%	0	7|0	0|1	9m	5m	313	22:01:48	21.76	0.00	24.64	0.92	0.39	52.29	dm-0	0.00	0.00	0.00	3.00	0.00	12.00	8.00	0.27	89.33	49.33	14.80
6	20683	20675	0	0	11	0	800m	2.06g	30m	0	multi0:15.0%	0	17|0	0|4	9m	6m	313	22:01:49	24.55	0.00	43.15	0.13	0.39	31.78	dm-0	0.00	0.00	0.00	0.00	0.00	0.00	0.00	0.00	0.00	0.00	0.00
13	21170	21137	0	0	10	0	800m	2.06g	31m	0	multi5:17.2%	0	8|0	4|1	10m	6m	313	22:01:50	22.79	0.00	30.43	0.13	0.40	46.25	dm-0	0.00	0.00	0.00	0.00	0.00	0.00	0.00	0.00	0.00	0.00	0.00
13	21454	21463	0	0	5	0	800m	2.06g	31m	0	multi1:19.6%	0	43|0	3|12	10m	6m	313	22:01:51	26.89	0.00	44.70	0.00	0.38	28.03	dm-0	0.00	0.00	0.00	0.00	0.00	0.00	0.00	0.00	0.00	0.00	0.00
11	24891	24852	0	0	13	0	800m	2.06g	31m	0	multi1:27.4%	0	60|0	2|5	11m	7m	313	22:01:52	30.20	0.00	42.78	0.40	0.40	26.23	dm-0	0.00	0.00	0.00	0.00	0.00	0.00	0.00	0.00	0.00	0.00	0.00
12	23686	23726	0	0	21	0	800m	2.06g	31m	0	multi5:20.2%	0	1|0	0|0	11m	7m	313	22:01:53	21.97	0.00	28.95	0.79	0.79	47.50	dm-0	0.00	0.00	0.00	4.00	0.00	16.00	8.00	0.21	52.00	32.00	12.80
10	19214	19197	0	0	7	0	800m	2.06g	30m	0	multi4:12.1%	0	4|0	2|1	9m	6m	313	22:01:54	17.99	0.00	21.02	0.00	0.69	60.30	dm-0	0.00	0.00	0.00	0.00	0.00	0.00	0.00	0.00	0.00	0.00	0.00
9	20995	20951	0	0	10	0	800m	2.06g	31m	0	multi6:18.5%	0	13|0	2|3	10m	6m	313	22:01:55	26.15	0.00	38.39	0.26	0.38	34.82	dm-0	0.00	0.00	0.00	0.00	0.00	0.00	0.00	0.00	0.00	0.00	0.00
5	22369	22348	0	0	21	0	800m	2.06g	31m	0	multi1:26.4%	0	14|0	0|1	10m	6m	313	22:01:56	25.46	0.00	33.82	0.27	0.53	39.92	dm-0	0.00	0.00	0.00	0.00	0.00	0.00	0.00	0.00	0.00	0.00	0.00
5	22711	22721	0	0	17	0	800m	2.06g	30m	0	multi1:24.4%	0	0|0	0|0	10m	6m	315	22:01:57	26.83	0.00	41.10	0.00	0.26	31.81	dm-0	0.00	0.00	0.00	0.00	0.00	0.00	0.00	0.00	0.00	0.00	0.00
7	22396	22419	0	0	7	0	800m	2.06g	30m	0	multi1:21.1%	0	14|0	1|5	10m	7m	315	22:01:58	23.21	0.00	37.36	0.00	0.41	39.01	dm-0	0.00	0.00	0.00	0.00	0.00	0.00	0.00	0.00	0.00	0.00	0.00
6	20363	20360	0	0	8	0	800m	2.06g	30m	0	multi1:20.3%	0	4|0	2|1	9m	6m	315	22:01:59	21.17	0.00	24.16	0.78	0.52	53.38	dm-0	0.00	0.00	0.00	4.00	0.00	16.00	8.00	0.10	26.00	16.00	6.40
5	19223	19233	0	0	9	0	800m	2.06g	30m	0	multi4:14.2%	0	1|0	1|1	9m	6m	315	22:02:00	18.07	0.00	18.61	0.00	0.54	62.78	dm-0	0.00	0.00	0.00	0.00	0.00	0.00	0.00	0.00	0.00	0.00	0.00
3	15059	15027	0	0	11	0	800m	2.06g	30m	0	multi0:9.2%	0	0|0	0|0	7m	4m	315	22:02:01	16.02	0.00	16.69	0.27	0.54	66.49	dm-0	0.00	0.00	0.00	0.00	0.00	0.00	0.00	0.00	0.00	0.00	0.00
7	19584	19581	0	0	14	0	800m	2.06g	30m	0	multi0:13.9%	0	15|0	0|2	9m	6m	315	22:02:02	21.19	0.00	25.03	0.53	0.53	52.72	dm-0	0.00	0.00	0.00	0.00	0.00	0.00	0.00	0.00	0.00	0.00	0.00
3	21993	21935	0	0	21	0	800m	2.06g	30m	0	multi1:22.8%	0	11|0	0|1	9m	6m	315	22:02:03	25.55	0.00	36.64	0.26	0.52	37.03	dm-0	0.00	0.00	0.00	0.00	0.00	0.00	0.00	0.00	0.00	0.00	0.00
10	21276	21337	0	0	19	0	800m	2.06g	30m	0	multi2:17.1%	0	3|0	1|1	10m	6m	315	22:02:04	22.27	0.00	25.43	0.00	0.66	51.65	dm-0	0.00	0.00	0.00	0.00	0.00	0.00	0.00	0.00	0.00	0.00	0.00
8	21888	21851	0	0	8	0	800m	2.06g	30m	0	multi2:19.2%	0	0|0	0|0	10m	6m	315	22:02:05	26.64	0.00	36.68	0.51	0.39	35.78	dm-0	0.00	0.00	0.00	4.00	0.00	16.00	8.00	0.20	49.00	31.00	12.40
7	20217	20245	0	0	2	0	800m	2.06g	30m	0	multi5:15.4%	0	0|0	0|0	9m	6m	315	22:02:06	16.49	0.00	17.30	0.00	0.68	65.54	dm-0	0.00	0.00	0.00	0.00	0.00	0.00	0.00	0.00	0.00	0.00	0.00
9	15327	15305	0	0	10	0	800m	2.06g	30m	0	multi0:12.4%	0	0|0	0|0	7m	4m	315	22:02:08	8.50	0.00	8.64	0.13	0.40	82.32	dm-0	0.00	0.00	0.00	0.00	0.00	0.00	0.00	0.00	0.00	0.00	0.00
14	19270	19176	0	0	12	0	800m	2.06g	30m	0	multi9:14.9%	0	12|0	0|0	9m	5m	315	22:02:09	15.57	0.00	17.58	0.40	0.54	65.91	dm-0	0.00	0.00	0.00	0.00	0.00	0.00	0.00	0.00	0.00	0.00	0.00
6	26111	26190	0	0	13	0	800m	2.06g	30m	0	multi2:22.8%	0	0|0	0|0	12m	7m	315	22:02:10	20.70	0.00	27.97	0.14	0.56	50.63	dm-0	0.00	0.00	0.00	0.00	0.00	0.00	0.00	0.00	0.00	0.00	0.00
11	18466	18440	0	0	25	0	800m	2.06g	30m	0	multi5:14.8%	0	0|0	0|1	8m	5m	315	22:02:11	28.04	0.00	34.31	0.26	0.26	37.13	dm-0	0.00	0.00	0.00	0.00	0.00	0.00	0.00	0.00	0.00	0.00	0.00
6	20197	20217	0	0	12	0	800m	2.06g	30m	0	multi5:16.1%	0	4|0	1|0	9m	6m	315	22:02:12	20.52	0.00	22.83	0.27	0.68	55.71	dm-0	0.00	0.00	0.00	0.00	0.00	0.00	0.00	0.00	0.00	0.00	0.00
6	19726	19695	0	0	8	0	800m	2.06g	30m	0	multi5:21.0%	0	26|0	1|4	9m	6m	315	22:02:13	22.04	0.00	27.62	0.00	0.54	49.80	dm-0	0.00	0.00	0.00	0.00	0.00	0.00	0.00	0.00	0.00	0.00	0.00
16	17776	17750	0	0	8	0	800m	2.06g	30m	0	multi0:16.3%	0	5|0	1|3	8m	5m	315	22:02:14	17.24	0.00	20.55	0.14	0.55	61.52	dm-0	0.00	0.00	0.00	0.00	0.00	0.00	0.00	0.00	0.00	0.00	0.00
3	17538	17493	0	0	8	0	800m	2.06g	30m	0	multi0:15.4%	0	0|0	0|0	8m	5m	315	22:02:15	18.73	0.00	20.84	0.26	0.53	59.63	dm-0	0.00	0.00	0.00	0.00	0.00	0.00	0.00	0.00	0.00	0.00	0.00
11	19798	19828	0	0	7	0	800m	2.06g	31m	0	multi0:13.7%	0	8|0	2|2	9m	6m	315	22:02:16	20.29	0.00	25.60	0.13	0.53	53.45	dm-0	0.00	0.00	0.00	0.00	0.00	0.00	0.00	0.00	0.00	0.00	0.00
12	18751	18754	0	0	14	0	800m	2.06g	31m	0	multi9:17.3%	0	5|0	2|3	9m	6m	315	22:02:17	20.94	0.00	24.06	0.26	0.52	54.23	dm-0	0.00	0.00	0.00	0.00	0.00	0.00	0.00	0.00	0.00	0.00	0.00
4	20987	20966	0	0	9	0	800m	2.06g	30m	0	multi9:18.9%	0	6|0	2|0	10m	6m	315	22:02:18	23.64	0.00	26.77	1.09	0.41	48.10	dm-0	0.00	0.00	0.00	4.00	0.00	16.00	8.00	0.27	67.00	39.00	15.60
6	17932	17960	0	0	5	0	800m	2.06g	31m	0	multi5:14.3%	0	0|0	0|0	9m	6m	315	22:02:19	16.92	0.00	20.74	2.18	0.68	59.48	dm-0	0.00	0.00	0.00	14.00	0.00	36.00	5.14	0.24	6.29	15.71	22.00
3	9883	9823	0	0	4	0	800m	2.06g	30m	0	multi6:7.4%	0	0|0	0|0	5m	3m	315	22:02:20	9.55	0.00	12.17	10.47	0.39	67.41	dm-0	0.00	0.00	0.00	13.00	0.00	72.00	11.08	1.11	96.92	76.62	99.60
11	18499	18541	0	0	7	1	800m	2.06g	30m	0	multi0:11.6%	0	0|0	0|1	9m	5m	315	22:02:21	16.71	0.00	17.68	3.04	0.69	61.88	dm-0	0.00	0.00	0.00	85.00	0.00	828.00	19.48	0.90	10.54	3.95	33.60
6	18927	18893	0	0	9	0	800m	2.06g	31m	0	multi0:18.3%	0	2|0	1|2	9m	6m	315	22:02:22	21.94	0.00	28.39	0.13	0.39	49.16	dm-0	0.00	0.00	0.00	0.00	0.00	0.00	0.00	0.00	0.00	0.00	0.00
10	18659	18676	0	0	11	0	800m	2.06g	30m	0	multi0:15.7%	0	0|0	0|0	8m	5m	315	22:02:23	19.29	0.00	22.44	0.00	0.66	57.61	dm-0	0.00	0.00	0.00	0.00	0.00	0.00	0.00	0.00	0.00	0.00	0.00
8	19821	19797	0	0	4	0	800m	2.06g	30m	0	multi5:17.5%	0	0|0	0|0	10m	6m	315	22:02:24	21.24	0.00	28.63	0.13	0.40	49.60	dm-0	0.00	0.00	0.00	0.00	0.00	0.00	0.00	0.00	0.00	0.00	0.00
6	16041	16048	0	0	6	0	800m	2.06g	30m	0	multi0:13.9%	0	0|0	0|1	7m	5m	315	22:02:25	15.99	0.00	19.22	0.13	0.54	64.11	dm-0	0.00	0.00	0.00	0.00	0.00	0.00	0.00	0.00	0.00	0.00	0.00
4	19219	19217	0	0	5	0	800m	2.06g	30m	0	multi1:13.7%	0	3|0	0|2	9m	6m	315	22:02:26	19.86	0.00	18.22	1.92	0.82	59.18	dm-0	0.00	0.00	0.00	4.00	0.00	16.00	8.00	0.28	69.00	59.00	23.60
0	20101	20103	0	0	8	0	800m	2.06g	30m	0	multi6:13.0%	0	0|0	0|1	10m	6m	315	22:02:27	19.89	0.00	23.79	0.27	0.67	55.38	dm-0	0.00	0.00	0.00	0.00	0.00	0.00	0.00	0.00	0.00	0.00	0.00
0	15720	15694	0	0	3	0	800m	2.06g	30m	0	multi0:15.8%	0	24|0	1|2	8m	5m	315	22:02:28	15.14	0.00	16.67	0.14	0.42	67.64	dm-0	0.00	0.00	0.00	0.00	0.00	0.00	0.00	0.00	0.00	0.00	0.00
0	20084	20099	0	0	3	0	800m	2.06g	30m	0	multi1:22.1%	0	15|0	2|2	9m	6m	315	22:02:29	21.83	0.00	35.71	0.13	0.79	41.53	dm-0	0.00	0.00	0.00	0.00	0.00	0.00	0.00	0.00	0.00	0.00	0.00
0	16349	16305	0	0	6	0	800m	2.06g	30m	0	multi0:13.3%	0	0|0	0|0	8m	5m	315	22:02:30	19.80	0.00	22.99	0.38	0.26	56.58	dm-0	0.00	0.00	0.00	0.00	0.00	0.00	0.00	0.00	0.00	0.00	0.00
0	17465	17504	0	0	4	0	800m	2.06g	30m	0	multi1:14.7%	0	0|0	0|0	8m	5m	315	22:02:31	17.29	0.00	17.84	0.14	0.55	64.18	dm-0	0.00	0.00	0.00	0.00	0.00	0.00	0.00	0.00	0.00	0.00	0.00
0	20133	20117	0	0	5	0	800m	2.06g	30m	0	multi6:18.3%	0	0|0	0|0	9m	6m	315	22:02:32	23.51	0.00	28.26	0.14	0.41	47.69	dm-0	0.00	0.00	0.00	0.00	0.00	0.00	0.00	0.00	0.00	0.00	0.00
0	18006	18007	0	0	5	0	800m	2.06g	30m	0	multi1:16.4%	0	0|0	0|0	9m	5m	315	22:02:33	20.55	0.00	29.00	0.13	0.52	49.80	dm-0	0.00	0.00	0.00	0.00	0.00	0.00	0.00	0.00	0.00	0.00	0.00
0	18320	18322	0	0	3	0	800m	2.06g	30m	0	multi6:15.7%	0	0|0	0|0	9m	6m	315	22:02:34	20.46	0.00	20.33	0.00	0.54	58.67	dm-0	0.00	0.00	0.00	0.00	0.00	0.00	0.00	0.00	0.00	0.00	0.00
0	21812	21820	0	0	5	0	800m	2.06g	30m	0	multi0:20.5%	0	31|0	2|5	10m	7m	315	22:02:35	24.64	0.00	29.91	0.26	0.40	44.80	dm-0	0.00	0.00	0.00	0.00	0.00	0.00	0.00	0.00	0.00	0.00	0.00
0	19655	19659	0	0	5	0	800m	2.06g	30m	0	multi0:17.9%	0	0|0	0|0	9m	6m	315	22:02:36	22.22	0.00	24.87	0.13	0.53	52.25	dm-0	0.00	0.00	0.00	0.00	0.00	0.00	0.00	0.00	0.00	0.00	0.00
0	18760	18732	0	0	4	0	800m	2.06g	30m	0	multi0:21.6%	0	0|0	0|0	9m	6m	315	22:02:37	22.34	0.00	27.16	0.00	0.51	50.00	dm-0	0.00	0.00	0.00	0.00	0.00	0.00	0.00	0.00	0.00	0.00	0.00
0	22242	22258	0	0	6	0	800m	2.06g	30m	0	multi0:24.6%	0	0|0	0|0	11m	7m	315	22:02:38	24.23	0.00	34.26	0.28	0.56	40.67	dm-0	0.00	0.00	0.00	0.00	0.00	0.00	0.00	0.00	0.00	0.00	0.00
0	18372	18375	0	0	7	0	800m	2.06g	30m	0	multi0:17.5%	0	42|0	3|3	9m	6m	315	22:02:39	22.36	0.00	33.33	0.27	0.54	43.51	dm-0	0.00	0.00	0.00	0.00	0.00	0.00	0.00	0.00	0.00	0.00	0.00
0	22561	22569	0	0	2	0	800m	2.06g	30m	0	multi0:22.7%	0	10|0	3|1	11m	7m	315	22:02:40	27.20	0.00	40.49	0.00	0.38	31.93	dm-0	0.00	0.00	0.00	0.00	0.00	0.00	0.00	0.00	0.00	0.00	0.00
0	17545	17560	0	0	7	0	800m	2.06g	30m	0	multi7:13.9%	0	1|0	3|1	8m	5m	315	22:02:41	19.12	0.00	19.79	0.27	0.66	60.16	dm-0	0.00	0.00	0.00	0.00	0.00	0.00	0.00	0.00	0.00	0.00	0.00
0	21159	21098	0	0	6	0	800m	2.06g	30m	0	multi7:24.7%	0	13|0	0|1	10m	7m	315	22:02:42	23.64	0.00	38.45	0.27	0.54	37.09	dm-0	0.00	0.00	0.00	0.00	0.00	0.00	0.00	0.00	0.00	0.00	0.00
0	23571	23604	0	0	7	0	800m	2.06g	30m	0	multi7:19.2%	0	24|0	4|1	11m	8m	315	22:02:43	26.82	0.00	31.93	0.13	0.38	40.74	dm-0	0.00	0.00	0.00	0.00	0.00	0.00	0.00	0.00	0.00	0.00	0.00
0	25785	25809	0	0	4	0	800m	2.06g	30m	0	multi7:19.5%	0	2|0	2|1	12m	8m	315	22:02:44	26.99	0.00	29.18	0.14	0.82	42.88	dm-0	0.00	0.00	0.00	0.00	0.00	0.00	0.00	0.00	0.00	0.00	0.00
0	22200	22166	0	0	3	0	800m	2.06g	30m	0	multi5:16.6%	0	47|0	1|4	10m	7m	315	22:02:45	22.65	0.00	25.20	0.00	0.67	51.47	dm-0	0.00	0.00	0.00	0.00	0.00	0.00	0.00	0.00	0.00	0.00	0.00
0	22451	22450	0	0	7	0	800m	2.06g	30m	0	multi1:23.1%	0	3|0	0|0	10m	7m	315	22:02:46	26.04	0.00	40.94	0.13	0.40	32.48	dm-0	0.00	0.00	0.00	0.00	0.00	0.00	0.00	0.00	0.00	0.00	0.00
0	20925	20948	0	0	7	0	800m	2.06g	30m	0	multi0:22.1%	0	4|0	1|2	10m	7m	315	22:02:47	23.27	0.00	42.49	0.14	0.27	33.83	dm-0	0.00	0.00	0.00	0.00	0.00	0.00	0.00	0.00	0.00	0.00	0.00
0	20229	20223	0	0	7	0	800m	2.06g	30m	0	multi0:14.5%	0	11|0	0|1	9m	6m	315	22:02:48	20.75	0.00	27.31	0.27	0.40	51.27	dm-0	0.00	0.00	0.00	0.00	0.00	0.00	0.00	0.00	0.00	0.00	0.00
0	21853	21853	0	0	6	0	800m	2.06g	30m	0	multi7:22.3%	0	0|0	0|0	10m	7m	315	22:02:49	23.69	0.00	30.15	0.27	0.54	45.36	dm-0	0.00	0.00	0.00	0.00	0.00	0.00	0.00	0.00	0.00	0.00	0.00
0	23179	23185	0	0	6	0	800m	2.06g	30m	0	multi1:20.4%	0	33|0	2|1	11m	7m	315	22:02:52	26.84	0.00	30.84	0.27	0.53	41.52	dm-0	0.00	0.00	0.00	0.00	0.00	0.00	0.00	0.00	0.00	0.00	0.00
0	21856	21887	0	0	8	0	800m	2.06g	30m	0	multi7:19.1%	0	18|0	2|1	10m	7m	315	22:02:53	24.17	0.00	32.63	0.13	0.53	42.54	dm-0	0.00	0.00	0.00	0.00	0.00	0.00	0.00	0.00	0.00	0.00	0.00
0	22047	22034	0	0	6	0	800m	2.06g	30m	0	multi7:18.2%	0	18|0	0|4	10m	7m	315	22:02:54	21.32	0.00	32.19	0.00	0.55	45.94	dm-0	0.00	0.00	0.00	0.00	0.00	0.00	0.00	0.00	0.00	0.00	0.00
0	22366	22382	0	0	7	0	800m	2.06g	30m	0	multi5:15.6%	0	1|0	1|2	10m	7m	315	22:02:55	23.03	0.00	28.92	0.13	0.54	47.39	dm-0	0.00	0.00	0.00	0.00	0.00	0.00	0.00	0.00	0.00	0.00	0.00
0	18577	18540	0	0	11	0	800m	2.06g	30m	0	multi5:13.6%	0	13|0	2|4	9m	6m	315	22:02:56	18.29	0.00	22.63	0.00	0.68	58.40	dm-0	0.00	0.00	0.00	0.00	0.00	0.00	0.00	0.00	0.00	0.00	0.00
0	19980	20019	0	0	12	0	800m	2.06g	30m	0	multi5:16.0%	0	0|0	1|0	9m	6m	315	22:02:57	20.96	0.00	26.97	0.00	0.53	51.54	dm-0	0.00	0.00	0.00	0.00	0.00	0.00	0.00	0.00	0.00	0.00	0.00
0	18815	18798	0	0	9	0	800m	2.06g	30m	0	multi3:11.0%	0	1|0	1|0	9m	6m	315	22:02:58	15.93	0.00	23.35	0.27	0.55	59.89	dm-0	0.00	0.00	0.00	0.00	0.00	0.00	0.00	0.00	0.00	0.00	0.00
0	19344	19356	0	0	12	0	800m	2.06g	30m	0	multi7:12.3%	0	0|0	1|1	9m	6m	315	22:02:59	18.88	0.00	21.81	0.13	0.53	58.64	dm-0	0.00	0.00	0.00	0.00	0.00	0.00	0.00	0.00	0.00	0.00	0.00
0	15537	15551	0	0	9	0	800m	2.06g	30m	0	multi1:9.5%	0	0|0	0|0	7m	5m	315	22:03:00	13.44	0.00	15.50	0.14	0.55	70.37	dm-0	0.00	0.00	0.00	0.00	0.00	0.00	0.00	0.00	0.00	0.00	0.00
0	18504	18497	0	0	11	0	800m	2.06g	30m	0	multi1:14.4%	0	1|0	2|1	9m	6m	315	22:03:01	17.29	0.00	23.01	0.00	0.53	59.18	dm-0	0.00	0.00	0.00	0.00	0.00	0.00	0.00	0.00	0.00	0.00	0.00
0	15194	15189	0	0	13	0	800m	2.06g	30m	0	multi7:14.3%	0	2|0	0|3	7m	5m	315	22:03:02	12.76	0.00	16.23	0.42	0.55	70.04	dm-0	0.00	0.00	0.00	0.00	0.00	0.00	0.00	0.00	0.00	0.00	0.00
0	20298	20304	0	0	7	0	800m	2.06g	30m	0	multi7:18.8%	0	1|0	0|0	10m	6m	315	22:03:03	19.71	0.00	23.06	0.27	0.67	56.30	dm-0	0.00	0.00	0.00	0.00	0.00	0.00	0.00	0.00	0.00	0.00	0.00
0	21548	21550	0	0	10	0	800m	2.06g	30m	0	multi6:13.5%	0	0|0	1|1	10m	7m	315	22:03:04	18.54	0.00	22.68	0.14	0.71	57.92	dm-0	0.00	0.00	0.00	0.00	0.00	0.00	0.00	0.00	0.00	0.00	0.00
0	24358	24349	0	0	9	0	800m	2.06g	30m	0	multi7:18.9%	0	3|0	1|2	12m	8m	315	22:03:05	22.25	0.00	27.46	0.00	1.01	49.28	dm-0	0.00	0.00	0.00	0.00	0.00	0.00	0.00	0.00	0.00	0.00	0.00
0	23128	23091	0	0	8	0	800m	2.06g	30m	0	multi7:16.6%	0	0|0	0|0	11m	7m	315	22:03:06	21.85	0.00	21.55	0.15	0.73	55.72	dm-0	0.00	0.00	0.00	0.00	0.00	0.00	0.00	0.00	0.00	0.00	0.00
0	18817	18849	0	0	5	0	800m	2.06g	30m	0	multi6:17.5%	0	7|0	3|2	9m	6m	315	22:03:07	19.13	0.00	25.24	0.14	0.41	55.09	dm-0	0.00	0.00	0.00	0.00	0.00	0.00	0.00	0.00	0.00	0.00	0.00
0	17316	17308	0	0	5	0	800m	2.06g	30m	0	multi5:16.4%	0	0|0	0|0	8m	5m	315	22:03:08	19.87	0.00	22.09	0.78	0.52	56.73	dm-0	0.00	0.00	0.00	0.00	0.00	0.00	0.00	0.00	0.00	0.00	0.00
0	19447	19458	0	0	3	0	800m	2.06g	30m	0	multi7:18.2%	0	7|0	4|6	9m	6m	315	22:03:09	20.56	0.00	25.51	0.13	0.51	53.30	dm-0	0.00	0.00	0.00	0.00	0.00	0.00	0.00	0.00	0.00	0.00	0.00
0	16912	16909	0	0	9	0	800m	2.06g	30m	0	multi7:13.5%	0	0|0	0|0	8m	5m	315	22:03:10	17.94	0.00	19.81	0.27	0.40	61.58	dm-0	0.00	0.00	0.00	0.00	0.00	0.00	0.00	0.00	0.00	0.00	0.00
0	15852	15840	0	0	3	0	800m	2.06g	29m	0	multi0:12.4%	0	0|0	0|0	7m	5m	315	22:03:11	13.76	0.00	20.03	0.41	0.41	65.40	dm-0	0.00	0.00	0.00	0.00	0.00	0.00	0.00	0.00	0.00	0.00	0.00
0	15366	15393	0	0	6	0	800m	2.06g	29m	0	multi5:12.4%	0	0|0	0|0	7m	5m	315	22:03:12	13.44	0.00	19.75	0.00	0.55	66.26	dm-0	0.00	0.00	0.00	0.00	0.00	0.00	0.00	0.00	0.00	0.00	0.00
0	14209	14210	0	0	8	0	800m	2.06g	30m	0	multi0:9.6%	0	0|0	0|0	7m	4m	315	22:03:13	13.84	0.00	15.99	0.27	0.54	69.35	dm-0	0.00	0.00	0.00	0.00	0.00	0.00	0.00	0.00	0.00	0.00	0.00
0	11469	11468	0	0	8	0	800m	2.06g	29m	0	multi5:7.5%	0	0|0	0|0	5m	3m	315	22:03:14	8.56	0.00	11.55	0.00	0.54	79.35	dm-0	0.00	0.00	0.00	0.00	0.00	0.00	0.00	0.00	0.00	0.00	0.00
0	11546	11532	0	0	2	0	800m	2.06g	30m	0	multi0:7.8%	0	0|0	0|0	5m	3m	315	22:03:15	8.45	0.00	9.00	0.14	0.55	81.86	dm-0	0.00	0.00	0.00	0.00	0.00	0.00	0.00	0.00	0.00	0.00	0.00
0	9647	9656	0	0	7	0	800m	2.06g	30m	0	multi7:6.9%	0	0|0	0|0	4m	3m	315	22:03:16	7.97	0.00	7.42	0.14	0.27	84.20	dm-0	0.00	0.00	0.00	0.00	0.00	0.00	0.00	0.00	0.00	0.00	0.00
0	5595	5594	0	0	8	0	800m	2.06g	30m	0	multi0:7.1%	0	0|0	0|0	2m	2m	315	22:03:17	3.58	0.00	4.64	0.13	0.40	91.26	dm-0	0.00	0.00	0.00	0.00	0.00	0.00	0.00	0.00	0.00	0.00	0.00
0	4375	4374	0	0	3	0	800m	2.06g	30m	0	multi2:3.0%	0	0|0	0|0	2m	1m	315	22:03:18	3.15	0.00	3.68	0.13	0.39	92.64	dm-0	0.00	0.00	0.00	0.00	0.00	0.00	0.00	0.00	0.00	0.00	0.00
0	3170	3171	0	0	2	0	800m	2.06g	30m	0	multi5:1.7%	0	0|0	1|0	1m	1m	315	22:03:19	1.30	0.00	2.74	0.13	0.26	95.57	dm-0	0.00	0.00	0.00	0.00	0.00	0.00	0.00	0.00	0.00	0.00	0.00
0	3172	3172	0	0	2	0	800m	2.06g	30m	0	multi7:2.5%	0	0|0	0|0	1m	1m	315	22:03:20	1.69	0.00	2.34	0.13	0.26	95.58	dm-0	0.00	0.00	0.00	1.00	0.00	4.00	8.00	0.22	0.00	220.00	22.00
0	1910	1913	0	0	3	1	800m	2.06g	30m	0	multi0:2.3%	0	0|0	0|0	1m	716k	315	22:03:21	0.77	0.00	1.54	7.70	0.00	89.99	dm-0	0.00	0.00	0.00	90.00	0.00	584.00	12.98	1.34	17.33	6.44	58.00
0	1291	1290	0	0	2	0	800m	2.06g	30m	0	multi6:1.3%	0	0|0	0|0	619k	421k	315	22:03:22	0.26	0.00	1.91	0.26	0.26	97.32	dm-0	0.00	0.00	0.00	0.00	0.00	0.00	0.00	0.00	0.00	0.00	0.00
0	585	585	0	0	3	0	800m	2.06g	30m	0	multi7:0.7%	0	0|0	0|0	304k	217k	315	22:03:23	0.38	0.00	1.02	0.00	0.13	98.47	dm-0	0.00	0.00	0.00	0.00	0.00	0.00	0.00	0.00	0.00	0.00	0.00
0	1130	1130	0	0	2	0	800m	2.06g	30m	0	multi3:0.9%	0	0|0	0|0	598k	424k	315	22:03:24	0.39	0.00	1.16	0.39	0.26	97.82	dm-0	0.00	0.00	0.00	0.00	0.00	0.00	0.00	0.00	0.00	0.00	0.00
0	836	837	0	0	3	0	800m	2.06g	30m	0	multi6:1.0%	0	0|0	0|0	385k	259k	315	22:03:25	0.26	0.00	1.28	0.38	0.26	97.83	dm-0	0.00	0.00	0.00	0.00	0.00	0.00	0.00	0.00	0.00	0.00	0.00
0	1182	1180	0	0	2	0	800m	2.06g	30m	0	multi7:0.8%	0	0|0	0|0	569k	389k	315	22:03:26	0.26	0.00	0.51	1.03	0.13	98.07	dm-0	0.00	0.00	0.00	4.00	0.00	16.00	8.00	0.11	28.00	22.00	8.80
0	1048	1050	0	0	3	0	800m	2.06g	30m	0	multi6:0.8%	0	0|0	0|0	531k	370k	315	22:03:27	0.38	0.00	1.15	0.13	0.26	98.08	dm-0	0.00	0.00	0.00	0.00	0.00	0.00	0.00	0.00	0.00	0.00	0.00
0	1007	1006	0	0	2	0	800m	2.06g	30m	0	multi7:0.9%	0	0|0	0|0	458k	305k	315	22:03:28	0.38	0.00	0.90	0.13	0.13	98.46	dm-0	0.00	0.00	0.00	0.00	0.00	0.00	0.00	0.00	0.00	0.00	0.00
0	1420	1421	0	0	2	0	800m	2.06g	30m	0	multi1:1.8%	0	0|0	0|0	789k	569k	315	22:03:29	0.26	0.00	0.91	0.13	0.13	98.58	dm-0	0.00	0.00	0.00	0.00	0.00	0.00	0.00	0.00	0.00	0.00	0.00
0	566	566	0	0	2	0	800m	2.06g	30m	0	multi2:0.6%	0	0|0	0|0	259k	176k	315	22:03:30	0.13	0.00	1.02	0.13	0.25	98.48	dm-0	0.00	0.00	0.00	0.00	0.00	0.00	0.00	0.00	0.00	0.00	0.00
0	1071	1069	0	0	2	0	800m	2.06g	30m	0	multi7:1.4%	0	0|0	0|0	563k	400k	315	22:03:31	0.64	0.00	0.77	0.00	0.26	98.34	dm-0	0.00	0.00	0.00	0.00	0.00	0.00	0.00	0.00	0.00	0.00	0.00
0	1408	1409	0	0	2	0	800m	2.06g	30m	0	multi7:1.1%	0	0|0	0|0	660k	442k	315	22:03:32	0.52	0.00	0.90	0.13	0.13	98.32	dm-0	0.00	0.00	0.00	0.00	0.00	0.00	0.00	0.00	0.00	0.00	0.00
0	1204	1205	0	0	2	0	800m	2.06g	30m	0	multi6:2.1%	0	0|0	0|6	571k	387k	315	22:03:33	0.26	0.00	0.65	2.98	0.13	95.98	dm-0	0.00	0.00	0.00	3.00	0.00	12.00	8.00	0.12	38.67	33.33	10.00
0	1064	1063	0	0	2	0	800m	2.06g	30m	0	multi5:1.5%	0	0|0	0|0	493k	329k	315	22:03:34	0.26	0.00	1.02	549228554.35	0.26	98.59	dm-0	0.00	0.00	0.00	0.00	0.00	0.00	0.00	0.00	0.00	0.00	0.00
0	1142	1141	0	0	2	0	800m	2.06g	30m	0	multi0:1.2%	0	0|0	0|0	607k	432k	315	22:03:35	0.26	0.00	1.16	0.13	0.13	98.33	dm-0	0.00	0.00	0.00	0.00	0.00	0.00	0.00	0.00	0.00	0.00	0.00
0	247	249	0	0	2	0	800m	2.06g	30m	0	multi8:0.4%	0	0|0	1|0	131k	98k	315	22:03:36	0.25	0.00	0.38	0.13	0.13	99.11	dm-0	0.00	0.00	0.00	0.00	0.00	0.00	0.00	0.00	0.00	0.00	0.00
0	557	556	0	0	2	0	800m	2.06g	30m	0	multi2:0.9%	0	0|0	0|0	271k	189k	315	22:03:37	0.25	0.00	1.01	0.13	0.25	98.35	dm-0	0.00	0.00	0.00	0.00	0.00	0.00	0.00	0.00	0.00	0.00	0.00
0	477	478	0	0	3	0	800m	2.06g	30m	0	multi3:0.4%	0	0|0	0|0	246k	177k	315	22:03:38	0.25	0.00	1.14	0.00	0.13	98.48	dm-0	0.00	0.00	0.00	0.00	0.00	0.00	0.00	0.00	0.00	0.00	0.00
0	661	661	0	0	2	0	800m	2.06g	30m	0	multi7:0.9%	0	0|0	0|0	292k	193k	315	22:03:39	0.13	0.00	0.76	3.95	0.13	95.03	dm-0	0.00	0.00	0.00	0.00	0.00	0.00	0.00	0.00	0.00	0.00	0.00
0	636	635	0	0	2	0	800m	2.06g	30m	0	multi0:1.1%	0	1|0	1|0	353k	259k	315	22:03:40	0.38	0.00	0.76	0.00	0.00	98.86	dm-0	0.00	0.00	0.00	0.00	0.00	0.00	0.00	0.00	0.00	0.00	0.00
0	150	151	0	0	31	0	800m	2.06g	30m	0	multi2:0.2%	0	0|0	0|0	85k	67k	315	22:03:41	0.00	0.00	0.51	0.00	0.13	99.37	dm-0	0.00	0.00	0.00	0.00	0.00	0.00	0.00	0.00	0.00	0.00	0.00
0	0	0	0	0	2	0	800m	2.06g	30m	0	multi9:0.0%	0	0|0	0|0	124b	7k	315	22:03:42	0.13	0.00	0.76	0.00	0.13	98.99	dm-0	0.00	0.00	0.00	0.00	0.00	0.00	0.00	0.00	0.00	0.00	0.00
0	0	0	0	0	3	0	800m	2.06g	30m	0	.:0.1%	0	0|0	0|0	197b	7k	315	22:03:43	0.13	0.00	0.63	0.00	0.25	98.99	dm-0	0.00	0.00	0.00	0.00	0.00	0.00	0.00	0.00	0.00	0.00	0.00
0	0	0	0	0	2	0	800m	2.06g	30m	0	multi9:0.0%	0	0|0	0|0	124b	7k	315	22:03:44	0.00	0.00	0.76	0.00	0.13	99.12	dm-0	0.00	0.00	0.00	0.00	0.00	0.00	0.00	0.00	0.00	0.00	0.00
0	0	0	0	0	2	0	800m	2.06g	30m	0	local:0.0%	0	0|0	0|0	124b	7k	315	22:03:45	0.13	0.00	0.76	0.25	0.13	98.74	dm-0	0.00	0.00	0.00	0.00	0.00	0.00	0.00	0.00	0.00	0.00	0.00
0	0	0	0	0	2	0	800m	2.06g	30m	0	multi9:0.0%	0	0|0	0|0	124b	7k	315	22:03:46	0.13	0.00	0.50	0.00	0.13	99.24	dm-0	0.00	0.00	0.00	0.00	0.00	0.00	0.00	0.00	0.00	0.00	0.00
0	0	0	0	0	2	0	800m	2.06g	30m	0	multi9:0.0%	0	0|0	0|0	124b	7k	315	22:03:47	0.00	0.00	0.75	0.00	0.13	99.12	dm-0	0.00	0.00	0.00	0.00	0.00	0.00	0.00	0.00	0.00	0.00	0.00
0	0	0	0	0	2	0	800m	2.06g	30m	0	multi9:0.0%	0	0|0	0|0	124b	7k	315	22:03:49	0.13	0.00	0.64	0.00	0.13	99.11	dm-0	0.00	0.00	0.00	0.00	0.00	0.00	0.00	0.00	0.00	0.00	0.00
0	0	0	0	0	2	0	800m	2.06g	30m	0	multi9:0.0%	0	0|0	0|0	124b	7k	315	22:03:50	0.00	0.00	0.63	0.00	0.13	99.24	dm-0	0.00	0.00	0.00	0.00	0.00	0.00	0.00	0.00	0.00	0.00	0.00
0	0	0	0	0	2	0	800m	2.06g	30m	0	multi9:0.0%	0	0|0	0|0	124b	7k	315	22:03:51	0.00	0.00	0.76	0.00	0.25	98.99	dm-0	0.00	0.00	0.00	0.00	0.00	0.00	0.00	0.00	0.00	0.00	0.00
0	0	0	0	0	2	0	800m	2.06g	30m	0	multi9:0.0%	0	0|0	0|0	124b	7k	315	22:03:52	0.00	0.00	0.76	0.00	0.13	99.12	dm-0	0.00	0.00	0.00	0.00	0.00	0.00	0.00	0.00	0.00	0.00	0.00
0	0	0	0	0	2	0	800m	2.06g	30m	0	multi9:0.0%	0	0|0	0|0	124b	7k	315	22:03:53	0.25	0.00	0.38	0.13	0.13	99.12	dm-0	0.00	0.00	0.00	0.00	0.00	0.00	0.00	0.00	0.00	0.00	0.00
0	0	0	0	0	2	0	800m	2.06g	30m	0	multi9:0.0%	0	0|0	0|0	124b	7k	315	22:03:54	0.00	0.00	0.25	0.00	0.00	99.75	dm-0	0.00	0.00	0.00	0.00	0.00	0.00	0.00	0.00	0.00	0.00	0.00
0	0	0	0	0	2	0	800m	2.06g	30m	0	multi9:0.0%	0	0|0	0|0	124b	7k	315	22:03:55	0.00	0.00	0.38	0.00	0.25	99.37	dm-0	0.00	0.00	0.00	0.00	0.00	0.00	0.00	0.00	0.00	0.00	0.00
0	0	0	0	0	2	0	800m	2.06g	30m	0	multi9:0.0%	0	0|0	0|0	124b	7k	315	22:03:56	0.13	0.00	0.63	0.00	0.25	98.99	dm-0	0.00	0.00	0.00	0.00	0.00	0.00	0.00	0.00	0.00	0.00	0.00
0	0	0	0	0	2	0	800m	2.06g	30m	0	multi9:0.0%	0	0|0	0|0	124b	7k	315	22:03:57	0.13	0.00	0.63	0.00	0.00	99.24	dm-0	0.00	0.00	0.00	0.00	0.00	0.00	0.00	0.00	0.00	0.00	0.00
0	0	0	0	0	2	0	800m	2.06g	30m	0	multi9:0.0%	0	0|0	0|0	124b	7k	315	22:03:58	0.00	0.00	0.63	0.00	0.25	99.12	dm-0	0.00	0.00	0.00	0.00	0.00	0.00	0.00	0.00	0.00	0.00	0.00
0	0	0	0	0	2	0	800m	2.06g	30m	0	multi9:0.0%	0	0|0	0|0	124b	7k	315	22:03:59	0.13	0.00	0.63	0.00	0.00	99.24	dm-0	0.00	0.00	0.00	0.00	0.00	0.00	0.00	0.00	0.00	0.00	0.00
0	0	0	0	0	2	0	800m	2.06g	30m	0	.:0.0%	0	0|0	0|0	124b	7k	315	22:04:00	0.13	0.00	0.38	0.00	0.25	99.24	dm-0	0.00	0.00	0.00	0.00	0.00	0.00	0.00	0.00	0.00	0.00	0.00
0	0	0	0	0	2	0	800m	2.06g	30m	0	multi9:0.0%	0	0|0	0|0	124b	7k	315	22:04:01	0.00	0.00	0.38	0.00	0.00	99.62	dm-0	0.00	0.00	0.00	0.00	0.00	0.00	0.00	0.00	0.00	0.00	0.00
0	0	0	0	0	2	0	800m	2.06g	30m	0	multi9:0.0%	0	0|0	0|0	124b	7k	315	22:04:02	0.00	0.00	0.76	0.00	0.00	99.24	dm-0	0.00	0.00	0.00	0.00	0.00	0.00	0.00	0.00	0.00	0.00	0.00
0	0	0	0	0	2	0	800m	2.06g	30m	0	multi9:0.0%	0	0|0	0|0	124b	7k	315	22:04:03	0.13	0.00	0.51	0.00	0.25	99.11	dm-0	0.00	0.00	0.00	0.00	0.00	0.00	0.00	0.00	0.00	0.00	0.00
0	0	0	0	0	2	0	800m	2.06g	30m	0	multi9:0.0%	0	0|0	0|0	124b	7k	315	22:04:04	0.00	0.00	0.51	0.00	0.13	99.36	dm-0	0.00	0.00	0.00	0.00	0.00	0.00	0.00	0.00	0.00	0.00	0.00
0	0	0	0	0	2	0	800m	2.06g	30m	0	multi9:0.0%	0	0|0	0|0	124b	7k	315	22:04:05	0.00	0.00	0.38	0.00	0.13	99.49	dm-0	0.00	0.00	0.00	0.00	0.00	0.00	0.00	0.00	0.00	0.00	0.00
0	0	0	0	0	2	0	800m	2.06g	30m	0	multi9:0.0%	0	0|0	0|0	124b	7k	315	22:04:06	0.00	0.00	0.51	0.00	0.25	99.24	dm-0	0.00	0.00	0.00	0.00	0.00	0.00	0.00	0.00	0.00	0.00	0.00
