insert	query	update	delete	getmore	command	flushes	mapped	vsize	res	faults	locked-db	%idx-miss	qr|qw	ar|aw	netIn	netOut	conn	time	%user	%nice	%system	%iowait	%steal	%idle	Device:	rrqm/s	wrqm/s	r/s	w/s	rkB/s	wkB/s	avgrq-sz	avgqu-sz	await	svctm	%util
0	0	0	0	0	2	0	800m	2.06g	28m	0	multi9:0.0%	0	0|0	0|0	124b	7k	299	21:57:08	0.00	0.00	0.13	0.00	0.00	99.87	dm-0	0.00	0.00	0.00	0.00	0.00	0.00	0.00	0.00	0.00	0.00	0.00
0	0	0	0	0	2	0	800m	2.06g	28m	0	multi9:0.0%	0	0|0	0|0	124b	7k	299	21:57:09	0.12	0.00	0.75	0.25	0.00	98.88	dm-0	0.00	0.00	0.00	0.00	0.00	0.00	0.00	0.00	0.00	0.00	0.00
0	0	0	0	0	2	0	800m	2.06g	28m	0	multi7:0.0%	0	0|0	0|0	124b	7k	299	21:57:11	0.12	0.00	0.50	0.00	0.00	99.38	dm-0	0.00	0.00	0.00	0.00	0.00	0.00	0.00	0.00	0.00	0.00	0.00
0	0	0	0	0	2	0	800m	2.06g	28m	0	multi9:0.0%	0	0|0	0|0	124b	7k	299	21:57:12	0.00	0.00	0.50	0.13	0.00	99.37	dm-0	0.00	0.00	0.00	0.00	0.00	0.00	0.00	0.00	0.00	0.00	0.00
0	0	0	0	0	2	0	800m	2.06g	28m	0	multi9:0.0%	0	0|0	0|0	124b	7k	299	21:57:13	0.25	0.00	0.13	0.00	0.00	99.62	dm-0	0.00	0.00	0.00	0.00	0.00	0.00	0.00	0.00	0.00	0.00	0.00
0	0	0	0	0	2	0	800m	2.06g	28m	0	multi3:0.0%	0	0|0	0|0	124b	7k	299	21:57:14	0.00	0.00	0.25	0.00	0.00	99.75	dm-0	0.00	0.00	0.00	0.00	0.00	0.00	0.00	0.00	0.00	0.00	0.00
0	0	0	0	0	2	0	800m	2.06g	28m	0	multi9:0.0%	0	0|0	0|0	124b	7k	299	21:57:15	0.00	0.00	0.38	0.00	0.00	99.62	dm-0	0.00	0.00	0.00	0.00	0.00	0.00	0.00	0.00	0.00	0.00	0.00
0	0	0	0	0	2	0	800m	2.06g	28m	0	.:0.0%	0	0|0	0|0	124b	7k	299	21:57:16	0.00	0.00	0.38	0.00	0.00	99.62	dm-0	0.00	0.00	0.00	0.00	0.00	0.00	0.00	0.00	0.00	0.00	0.00
0	0	0	0	0	2	0	800m	2.06g	28m	0	.:0.1%	0	0|0	0|0	124b	7k	299	21:57:17	0.00	0.00	0.63	0.13	0.00	99.25	dm-0	0.00	0.00	0.00	0.00	0.00	0.00	0.00	0.00	0.00	0.00	0.00
0	782	781	0	0	2	0	800m	2.06g	28m	0	multi8:1.9%	0	0|0	0|0	247k	160k	299	21:57:18	0.62	0.00	1.12	0.00	0.12	98.13	dm-0	0.00	0.00	0.00	0.00	0.00	0.00	0.00	0.00	0.00	0.00	0.00
0	9439	9437	0	0	2	1	800m	2.06g	28m	0	multi0:9.7%	0	0|0	0|0	4m	3m	299	21:57:19	5.80	0.00	7.68	1.35	0.40	84.77	dm-0	0.00	0.00	0.00	31.00	0.00	48.00	3.10	0.16	5.16	3.87	12.00
0	12531	12530	0	0	2	0	800m	2.06g	28m	0	multi0:13.8%	0	0|0	0|0	6m	4m	299	21:57:20	9.67	0.00	12.66	0.14	0.85	76.67	dm-0	0.00	0.00	0.00	0.00	0.00	0.00	0.00	0.00	0.00	0.00	0.00
0	20035	20023	0	0	2	0	800m	2.06g	28m	0	multi0:23.5%	0	27|0	0|1	10m	7m	299	21:57:21	19.26	0.00	32.44	0.00	0.99	47.31	dm-0	0.00	0.00	0.00	0.00	0.00	0.00	0.00	0.00	0.00	0.00	0.00
0	13693	13708	0	0	2	0	800m	2.06g	28m	0	multi8:18.6%	0	0|0	0|0	6m	4m	299	21:57:22	13.05	0.00	19.43	0.00	1.28	66.24	dm-0	0.00	0.00	0.00	0.00	0.00	0.00	0.00	0.00	0.00	0.00	0.00
0	5005	5004	0	0	2	0	800m	2.06g	28m	0	multi4:4.1%	0	0|0	0|0	2m	1m	299	21:57:23	2.96	0.00	4.88	0.13	0.13	91.90	dm-0	0.00	0.00	0.00	0.00	0.00	0.00	0.00	0.00	0.00	0.00	0.00
0	5644	5645	0	0	2	0	800m	2.06g	28m	0	multi1:5.0%	0	0|0	0|0	2m	1m	299	21:57:24	4.76	0.00	4.24	0.00	0.26	90.75	dm-0	0.00	0.00	0.00	0.00	0.00	0.00	0.00	0.00	0.00	0.00	0.00
0	4992	4989	0	0	4	0	800m	2.06g	28m	0	multi2:3.7%	0	0|0	0|0	2m	1m	299	21:57:25	4.34	0.00	4.21	0.13	0.26	91.06	dm-0	0.00	0.00	0.00	4.00	0.00	16.00	8.00	0.02	4.00	2.00	0.80
0	6209	6209	0	0	3	0	800m	2.06g	28m	0	multi2:4.7%	0	0|0	0|0	3m	2m	299	21:57:26	4.38	0.00	5.28	0.00	0.26	90.08	dm-0	0.00	0.00	0.00	0.00	0.00	0.00	0.00	0.00	0.00	0.00	0.00
0	10729	10729	0	0	2	0	800m	2.06g	28m	0	multi4:11.3%	0	0|0	0|0	4m	3m	299	21:57:27	8.78	0.00	9.04	0.13	0.39	81.65	dm-0	0.00	0.00	0.00	0.00	0.00	0.00	0.00	0.00	0.00	0.00	0.00
0	11040	11040	0	0	2	0	800m	2.06g	28m	0	multi6:6.3%	0	1|0	1|0	5m	3m	299	21:57:28	9.08	0.00	10.26	0.13	0.39	80.13	dm-0	0.00	0.00	0.00	0.00	0.00	0.00	0.00	0.00	0.00	0.00	0.00
0	14207	14194	0	0	2	0	800m	2.06g	28m	0	multi2:9.1%	0	2|0	1|1	6m	4m	299	21:57:29	10.69	0.00	13.40	0.14	0.68	75.10	dm-0	0.00	0.00	0.00	0.00	0.00	0.00	0.00	0.00	0.00	0.00	0.00
0	16159	16159	0	0	2	0	800m	2.06g	28m	0	multi5:9.8%	0	0|0	1|1	7m	5m	299	21:57:30	12.93	0.00	16.13	0.00	0.67	70.27	dm-0	0.00	0.00	0.00	0.00	0.00	0.00	0.00	0.00	0.00	0.00	0.00
0	20075	20085	0	0	4	0	800m	2.06g	28m	0	multi0:15.1%	0	0|0	0|0	9m	6m	299	21:57:31	18.47	0.00	18.88	0.14	0.68	61.83	dm-0	0.00	0.00	0.00	0.00	0.00	0.00	0.00	0.00	0.00	0.00	0.00
0	26871	26861	0	0	5	0	800m	2.06g	28m	0	multi0:24.5%	0	0|0	0|1	13m	8m	299	21:57:32	27.33	0.00	29.91	0.27	0.95	41.54	dm-0	0.00	0.00	0.00	3.00	0.00	12.00	8.00	0.04	0.00	5.33	1.60
0	19412	19413	0	0	10	0	800m	2.06g	28m	0	multi5:15.4%	0	2|0	2|3	9m	6m	299	21:57:33	18.37	0.00	19.73	0.00	0.68	61.22	dm-0	0.00	0.00	0.00	1.00	0.00	4.00	8.00	0.02	64.00	8.00	0.80
0	22108	22110	0	0	4	0	800m	2.06g	28m	0	multi0:19.5%	0	0|0	1|1	10m	7m	299	21:57:34	18.71	0.00	24.19	0.14	0.98	55.98	dm-0	0.00	0.00	0.00	0.00	0.00	0.00	0.00	0.00	0.00	0.00	0.00
0	24248	24255	0	0	3	0	800m	2.06g	28m	0	multi0:17.5%	0	0|0	1|2	11m	8m	299	21:57:35	22.24	0.00	27.29	0.14	0.82	49.52	dm-0	0.00	0.00	0.00	0.00	0.00	0.00	0.00	0.00	0.00	0.00	0.00
0	26434	26426	0	0	4	0	800m	2.06g	28m	0	multi0:21.3%	0	0|0	0|2	12m	8m	299	21:57:36	26.70	0.00	39.78	0.14	0.82	32.56	dm-0	0.00	0.00	0.00	0.00	0.00	0.00	0.00	0.00	0.00	0.00	0.00
0	26698	26624	0	0	3	0	800m	2.06g	28m	0	multi0:19.6%	0	11|0	0|1	12m	8m	299	21:57:37	30.83	0.00	39.43	0.00	1.09	28.65	dm-0	0.00	0.00	0.00	0.00	0.00	0.00	0.00	0.00	0.00	0.00	0.00
0	28270	28341	0	0	14	0	800m	2.06g	28m	0	multi0:34.4%	0	2|0	1|1	14m	9m	299	21:57:38	29.60	0.00	46.61	0.14	1.24	22.41	dm-0	0.00	0.00	0.00	0.00	0.00	0.00	0.00	0.00	0.00	0.00	0.00
0	16737	16750	0	0	2	0	800m	2.06g	28m	0	multi0:9.1%	0	0|0	1|1	8m	5m	299	21:57:39	14.88	0.00	17.49	0.00	0.55	67.08	dm-0	0.00	0.00	0.00	3.00	0.00	12.00	8.00	0.01	4.00	2.67	0.80
0	24610	24598	0	0	4	0	800m	2.06g	28m	0	multi8:16.0%	0	2|0	0|2	12m	8m	299	21:57:40	23.71	0.00	24.80	0.41	0.95	50.14	dm-0	0.00	0.00	0.00	0.00	0.00	0.00	0.00	0.00	0.00	0.00	0.00
0	19526	19524	0	0	7	0	800m	2.06g	28m	0	multi8:13.8%	0	5|0	0|2	9m	6m	299	21:57:41	18.77	0.00	20.96	0.00	0.96	59.32	dm-0	0.00	0.00	0.00	0.00	0.00	0.00	0.00	0.00	0.00	0.00	0.00
0	24962	24965	0	0	12	0	800m	2.06g	28m	0	multi6:14.5%	0	11|3	5|4	12m	8m	299	21:57:42	21.12	0.00	26.06	0.14	0.69	51.99	dm-0	0.00	0.00	0.00	0.00	0.00	0.00	0.00	0.00	0.00	0.00	0.00
0	21296	21306	0	0	2	0	800m	2.06g	28m	0	multi1:12.8%	0	0|0	0|0	9m	6m	299	21:57:43	19.41	0.00	22.93	0.00	0.84	56.82	dm-0	0.00	0.00	0.00	0.00	0.00	0.00	0.00	0.00	0.00	0.00	0.00
0	22077	22072	0	0	3	0	800m	2.06g	28m	0	multi6:15.9%	0	0|0	1|1	10m	7m	299	21:57:44	20.03	0.00	22.53	0.28	0.83	56.33	dm-0	0.00	0.00	0.00	0.00	0.00	0.00	0.00	0.00	0.00	0.00	0.00
0	21459	21454	0	0	4	0	800m	2.06g	28m	0	multi8:12.4%	0	3|0	1|2	10m	6m	299	21:57:45	20.27	0.00	23.42	0.27	0.82	55.21	dm-0	0.00	0.00	0.00	4.00	0.00	16.00	8.00	0.03	7.00	3.00	1.20
0	19218	19226	0	0	7	0	800m	2.06g	28m	0	multi1:12.6%	0	0|0	1|1	8m	5m	299	21:57:46	18.07	0.00	16.95	0.14	0.84	64.01	dm-0	0.00	0.00	0.00	0.00	0.00	0.00	0.00	0.00	0.00	0.00	0.00
0	21595	21595	0	0	27	0	800m	2.06g	28m	0	multi1:14.2%	0	2|0	5|0	9m	6m	299	21:57:47	19.69	0.00	21.08	0.14	0.69	58.39	dm-0	0.00	0.00	0.00	0.00	0.00	0.00	0.00	0.00	0.00	0.00	0.00
0	24211	24194	0	0	6	0	800m	2.06g	28m	0	multi1:18.4%	0	0|0	0|1	10m	7m	299	21:57:48	22.90	0.00	21.76	0.00	1.00	54.34	dm-0	0.00	0.00	0.00	2.00	0.00	12.00	12.00	0.03	16.00	8.00	1.60
0	19268	19270	0	0	8	0	800m	2.06g	28m	0	multi1:12.7%	0	3|0	0|2	8m	5m	299	21:57:49	18.18	0.00	19.02	0.28	0.84	61.68	dm-0	0.00	0.00	0.00	0.00	0.00	0.00	0.00	0.00	0.00	0.00	0.00
0	22475	22476	0	0	6	0	800m	2.06g	28m	0	multi1:16.8%	0	1|0	2|3	10m	6m	299	21:57:50	19.94	0.00	22.45	0.00	0.70	56.90	dm-0	0.00	0.00	0.00	0.00	0.00	0.00	0.00	0.00	0.00	0.00	0.00
0	20332	20335	0	0	2	0	800m	2.06g	28m	0	multi1:13.3%	0	0|0	0|0	9m	6m	299	21:57:51	17.59	0.00	20.43	0.14	0.85	60.99	dm-0	0.00	0.00	0.00	0.00	0.00	0.00	0.00	0.00	0.00	0.00	0.00
0	25743	25737	0	0	3	0	800m	2.06g	28m	0	multi4:17.3%	0	1|0	0|1	12m	8m	299	21:57:52	23.80	0.00	27.62	0.28	0.99	47.31	dm-0	0.00	0.00	0.00	4.00	0.00	16.00	8.00	0.02	6.00	2.00	0.80
0	31234	31235	0	0	3	0	800m	2.06g	28m	0	multi4:27.9%	0	2|0	2|1	15m	10m	299	21:57:53	34.02	0.00	38.04	0.41	0.97	26.56	dm-0	0.00	0.00	0.00	19.00	0.00	124.00	13.05	0.74	39.16	2.95	5.60
0	25032	25036	0	0	5	0	800m	2.06g	28m	0	multi4:18.8%	0	0|0	0|0	12m	8m	299	21:57:54	29.55	0.00	31.65	0.14	0.98	37.68	dm-0	0.00	0.00	0.00	0.00	0.00	0.00	0.00	0.00	0.00	0.00	0.00
0	24939	24921	0	0	3	0	800m	2.06g	28m	0	multi8:17.1%	0	8|0	1|4	12m	8m	299	21:57:55	25.79	0.00	26.34	0.00	0.82	47.05	dm-0	0.00	0.00	0.00	0.00	0.00	0.00	0.00	0.00	0.00	0.00	0.00
0	23883	23900	0	0	2	0	800m	2.06g	28m	0	multi4:19.6%	0	0|0	1|0	12m	8m	299	21:57:56	25.56	0.00	25.56	0.14	0.84	47.89	dm-0	0.00	0.00	0.00	0.00	0.00	0.00	0.00	0.00	0.00	0.00	0.00
0	20950	20941	0	0	5	0	800m	2.06g	28m	0	multi0:15.3%	0	14|0	1|4	11m	7m	299	21:57:57	23.27	0.00	25.71	0.27	0.82	49.93	dm-0	0.00	0.00	0.00	4.00	0.00	16.00	8.00	0.06	14.00	6.00	2.40
0	23853	23862	0	0	5	0	800m	2.06g	28m	0	multi8:17.0%	0	1|0	3|0	13m	8m	299	21:57:58	27.66	0.00	30.11	0.00	0.82	41.42	dm-0	0.00	0.00	0.00	0.00	0.00	0.00	0.00	0.00	0.00	0.00	0.00
0	23271	23265	0	0	6	0	800m	2.06g	28m	0	multi6:17.5%	0	3|0	1|0	12m	8m	299	21:57:59	27.31	0.00	31.31	0.28	0.83	40.28	dm-0	0.00	0.00	0.00	0.00	0.00	0.00	0.00	0.00	0.00	0.00	0.00
0	24030	24034	0	0	4	0	800m	2.06g	28m	0	multi4:23.9%	0	0|0	0|0	13m	8m	299	21:58:00	28.39	0.00	26.29	0.28	0.98	44.06	dm-0	0.00	0.00	0.00	0.00	0.00	0.00	0.00	0.00	0.00	0.00	0.00
0	23067	23069	0	0	4	0	800m	2.06g	28m	0	multi8:17.3%	0	1|0	0|2	12m	8m	299	21:58:01	20.08	0.00	24.32	0.14	0.55	54.92	dm-0	0.00	0.00	0.00	0.00	0.00	0.00	0.00	0.00	0.00	0.00	0.00
0	20030	20029	0	0	3	0	800m	2.06g	28m	0	multi0:16.9%	0	3|0	3|1	11m	7m	299	21:58:02	27.71	0.00	30.73	0.14	0.96	40.47	dm-0	0.00	0.00	0.00	0.00	0.00	0.00	0.00	0.00	0.00	0.00	0.00
0	24084	24070	0	0	4	0	800m	2.06g	28m	0	multi6:23.8%	0	38|0	1|5	12m	8m	299	21:58:03	32.01	0.00	48.47	0.13	0.53	18.86	dm-0	0.00	0.00	0.00	4.00	0.00	16.00	8.00	0.04	11.00	5.00	2.00
0	22852	22866	0	0	11	0	800m	2.06g	28m	0	multi6:25.6%	0	1|0	2|3	12m	7m	299	21:58:04	32.25	0.00	50.65	0.00	0.52	16.58	dm-0	0.00	0.00	0.00	0.00	0.00	0.00	0.00	0.00	0.00	0.00	0.00
0	23827	23829	0	0	7	0	800m	2.06g	28m	0	multi6:21.0%	0	0|0	0|0	12m	8m	300	21:58:06	26.39	0.00	26.94	0.00	0.83	45.83	dm-0	0.00	0.00	0.00	0.00	0.00	0.00	0.00	0.00	0.00	0.00	0.00
0	27669	27671	0	0	6	0	800m	2.06g	28m	0	multi6:24.3%	0	0|0	0|0	14m	10m	300	21:58:07	33.15	0.00	35.33	0.27	1.09	30.15	dm-0	0.00	0.00	0.00	0.00	0.00	0.00	0.00	0.00	0.00	0.00	0.00
0	24084	24078	0	0	6	0	800m	2.06g	28m	0	multi0:19.9%	0	0|0	0|1	12m	8m	300	21:58:08	28.59	0.00	26.98	0.13	0.94	43.36	dm-0	0.00	0.00	0.00	0.00	0.00	0.00	0.00	0.00	0.00	0.00	0.00
0	28407	28408	0	0	15	0	800m	2.06g	28m	0	multi6:29.4%	0	0|0	1|2	13m	9m	300	21:58:09	30.98	0.00	34.72	0.00	0.83	33.47	dm-0	0.00	0.00	0.00	0.00	0.00	0.00	0.00	0.00	0.00	0.00	0.00
0	26975	26973	0	0	10	0	800m	2.06g	28m	0	multi6:28.2%	0	32|0	2|2	13m	8m	300	21:58:10	31.19	0.00	39.76	0.27	0.94	27.84	dm-0	0.00	0.00	0.00	4.00	0.00	16.00	8.00	0.03	7.00	3.00	1.20
0	24490	24494	0	0	2	0	800m	2.06g	28m	0	multi6:34.0%	0	1|0	1|0	11m	8m	300	21:58:11	29.61	0.00	36.14	0.00	1.31	32.95	dm-0	0.00	0.00	0.00	0.00	0.00	0.00	0.00	0.00	0.00	0.00	0.00
0	24256	24249	0	0	3	0	800m	2.06g	28m	0	multi6:19.6%	0	0|0	0|1	11m	7m	300	21:58:12	24.37	0.00	23.38	0.14	0.85	51.27	dm-0	0.00	0.00	0.00	0.00	0.00	0.00	0.00	0.00	0.00	0.00	0.00
0	24516	24524	0	0	3	0	800m	2.06g	28m	0	multi6:21.3%	0	0|0	0|0	11m	7m	300	21:58:13	26.59	0.00	24.71	0.29	1.01	47.40	dm-0	0.00	0.00	0.00	0.00	0.00	0.00	0.00	0.00	0.00	0.00	0.00
0	24454	24449	0	0	17	0	800m	2.06g	28m	0	multi6:17.5%	0	33|0	1|0	11m	7m	300	21:58:14	26.44	0.00	26.58	0.14	0.82	46.03	dm-0	0.00	0.00	0.00	0.00	0.00	0.00	0.00	0.00	0.00	0.00	0.00
0	26810	26799	0	0	12	0	800m	2.06g	28m	0	multi6:37.4%	0	27|0	1|2	11m	8m	301	21:58:15	32.54	0.00	40.42	0.00	1.41	25.63	dm-0	0.00	0.00	0.00	0.00	0.00	0.00	0.00	0.00	0.00	0.00	0.00
0	27129	27148	0	0	16	0	800m	2.06g	28m	0	multi6:26.9%	0	0|0	0|0	12m	8m	302	21:58:16	28.79	0.00	36.02	0.27	1.09	33.83	dm-0	0.00	0.00	0.00	4.00	0.00	16.00	8.00	0.06	14.00	7.00	2.80
0	18912	18905	0	0	5	0	800m	2.06g	28m	0	multi6:17.1%	0	1|0	0|1	8m	5m	302	21:58:17	17.52	0.00	20.08	0.13	0.81	61.46	dm-0	0.00	0.00	0.00	0.00	0.00	0.00	0.00	0.00	0.00	0.00	0.00
0	18146	18155	0	0	6	0	800m	2.06g	28m	0	multi6:12.2%	0	1|0	0|1	8m	5m	302	21:58:18	18.41	0.00	15.66	0.14	0.69	65.11	dm-0	0.00	0.00	0.00	0.00	0.00	0.00	0.00	0.00	0.00	0.00	0.00
0	21763	21750	0	0	12	1	800m	2.06g	28m	0	multi6:16.1%	0	0|0	1|0	9m	6m	302	21:58:19	18.53	0.00	22.13	2.21	0.69	56.43	dm-0	0.00	0.00	0.00	43.00	0.00	216.00	10.05	0.24	5.58	3.35	14.40
0	11212	11222	0	0	4	0	800m	2.06g	28m	0	multi6:10.7%	0	0|0	0|0	4m	3m	302	21:58:20	10.20	0.00	11.24	0.00	0.52	78.04	dm-0	0.00	0.00	0.00	0.00	0.00	0.00	0.00	0.00	0.00	0.00	0.00
0	24884	24880	0	0	10	0	800m	2.06g	28m	0	multi6:15.0%	0	6|0	2|2	10m	7m	302	21:58:21	23.13	0.00	27.48	0.27	0.95	48.16	dm-0	0.00	0.00	0.00	0.00	0.00	0.00	0.00	0.00	0.00	0.00	0.00
0	20955	20897	0	0	15	0	800m	2.06g	28m	0	multi6:23.7%	0	0|0	0|0	9m	6m	303	21:58:22	21.33	0.00	22.30	0.00	0.83	55.54	dm-0	0.00	0.00	0.00	0.00	0.00	0.00	0.00	0.00	0.00	0.00	0.00
0	20642	20697	0	0	5	0	800m	2.06g	28m	0	multi6:13.4%	0	0|0	0|1	9m	5m	303	21:58:23	17.97	0.00	20.95	0.14	0.68	60.27	dm-0	0.00	0.00	0.00	1.00	0.00	12.00	24.00	0.00	4.00	4.00	0.40
0	21823	21825	0	0	6	0	800m	2.06g	28m	0	multi6:21.8%	0	2|0	0|1	9m	6m	303	21:58:24	21.46	0.00	26.00	0.28	0.96	51.31	dm-0	0.00	0.00	0.00	4.00	0.00	16.00	8.00	0.05	13.00	5.00	2.00
0	20921	20918	0	0	9	0	800m	2.06g	28m	0	multi2:13.7%	0	0|0	0|0	9m	6m	303	21:58:25	17.74	0.00	20.46	0.14	0.68	60.98	dm-0	0.00	0.00	0.00	0.00	0.00	0.00	0.00	0.00	0.00	0.00	0.00
0	23828	23822	0	0	4	0	800m	2.06g	28m	0	multi5:16.1%	0	18|0	1|1	10m	6m	303	21:58:26	23.26	0.00	28.27	0.14	0.84	47.49	dm-0	0.00	0.00	0.00	0.00	0.00	0.00	0.00	0.00	0.00	0.00	0.00
0	16420	16437	0	0	13	0	800m	2.06g	28m	0	multi5:9.3%	0	0|0	0|0	7m	4m	303	21:58:27	16.11	0.00	16.67	0.00	0.69	66.53	dm-0	0.00	0.00	0.00	0.00	0.00	0.00	0.00	0.00	0.00	0.00	0.00
0	18479	18470	0	0	2	0	800m	2.06g	28m	0	multi2:14.9%	0	0|0	1|0	8m	5m	303	21:58:28	16.82	0.00	16.96	0.41	0.68	65.13	dm-0	0.00	0.00	0.00	9.00	0.00	128.00	28.44	0.10	11.56	3.56	3.20
0	21509	21509	0	0	16	0	800m	2.06g	28m	0	multi5:14.2%	0	2|0	2|2	10m	6m	303	21:58:29	19.45	0.00	24.25	0.00	0.82	55.48	dm-0	0.00	0.00	0.00	0.00	0.00	0.00	0.00	0.00	0.00	0.00	0.00
0	21520	21515	0	0	7	0	800m	2.06g	28m	0	multi2:19.1%	0	4|0	3|0	10m	7m	303	21:58:30	20.65	0.00	25.28	0.14	1.12	52.81	dm-0	0.00	0.00	0.00	0.00	0.00	0.00	0.00	0.00	0.00	0.00	0.00
0	17796	17791	0	0	12	0	800m	2.06g	28m	0	multi6:10.0%	0	0|0	0|0	8m	5m	303	21:58:31	17.43	0.00	21.49	0.14	0.54	60.41	dm-0	0.00	0.00	0.00	4.00	0.00	16.00	8.00	0.02	4.00	2.00	0.80
0	21728	21746	0	0	9	0	800m	2.06g	28m	0	multi2:19.9%	0	0|0	0|0	10m	6m	303	21:58:32	21.39	0.00	26.43	0.14	0.82	51.23	dm-0	0.00	0.00	0.00	0.00	0.00	0.00	0.00	0.00	0.00	0.00	0.00
0	20839	20835	0	0	9	0	800m	2.06g	28m	0	multi2:15.4%	0	3|0	0|2	9m	6m	303	21:58:33	21.69	0.00	24.10	0.13	0.80	53.28	dm-0	0.00	0.00	0.00	0.00	0.00	0.00	0.00	0.00	0.00	0.00	0.00
0	19500	19487	0	0	10	0	800m	2.06g	28m	0	multi6:11.9%	0	2|0	2|1	9m	6m	303	21:58:34	18.58	0.00	18.31	0.14	0.68	62.30	dm-0	0.00	0.00	0.00	0.00	0.00	0.00	0.00	0.00	0.00	0.00	0.00
0	20523	20534	0	0	2	0	800m	2.06g	28m	0	multi5:11.6%	0	0|0	0|1	10m	6m	303	21:58:35	21.14	0.00	28.18	0.14	0.95	49.59	dm-0	0.00	0.00	0.00	0.00	0.00	0.00	0.00	0.00	0.00	0.00	0.00
0	19497	19500	0	0	4	0	800m	2.06g	28m	0	multi2:20.3%	0	0|0	1|0	9m	5m	303	21:58:36	19.42	0.00	19.01	0.28	0.83	60.47	dm-0	0.00	0.00	0.00	0.00	0.00	0.00	0.00	0.00	0.00	0.00	0.00
0	23501	23491	0	0	2	0	800m	2.06g	28m	0	multi2:24.7%	0	0|0	0|1	10m	6m	303	21:58:37	22.10	0.00	24.76	0.14	1.12	51.89	dm-0	0.00	0.00	0.00	4.00	0.00	16.00	8.00	0.02	4.00	2.00	0.80
0	22441	22435	0	0	3	0	800m	2.06g	28m	0	multi2:18.9%	0	18|0	2|1	10m	7m	303	21:58:38	20.16	0.00	25.10	0.14	0.82	53.77	dm-0	0.00	0.00	0.00	0.00	0.00	0.00	0.00	0.00	0.00	0.00	0.00
0	18990	18988	0	0	5	0	800m	2.06g	28m	0	multi5:17.5%	0	2|0	2|0	9m	6m	303	21:58:39	19.94	0.00	21.47	0.00	0.69	57.89	dm-0	0.00	0.00	0.00	0.00	0.00	0.00	0.00	0.00	0.00	0.00	0.00
0	20568	20590	0	0	31	0	800m	2.06g	28m	0	multi5:17.8%	0	0|0	0|0	10m	7m	303	21:58:40	20.87	0.00	24.23	1.12	0.84	52.94	dm-0	0.00	0.00	0.00	0.00	0.00	0.00	0.00	0.00	0.00	0.00	0.00
0	24896	24889	0	0	15	0	800m	2.06g	28m	0	multi5:20.6%	0	0|0	2|0	13m	8m	303	21:58:41	24.28	0.00	26.48	0.14	0.97	48.14	dm-0	0.00	0.00	0.00	0.00	0.00	0.00	0.00	0.00	0.00	0.00	0.00
0	20274	20275	0	0	18	0	800m	2.06g	28m	0	multi5:18.9%	0	0|0	1|1	10m	7m	303	21:58:42	21.27	0.00	21.27	0.14	0.95	56.37	dm-0	0.00	0.00	0.00	0.00	0.00	0.00	0.00	0.00	0.00	0.00	0.00
0	21648	21644	0	0	9	0	800m	2.06g	28m	0	multi5:17.0%	0	2|0	3|1	11m	7m	303	21:58:43	24.48	0.00	22.67	0.14	0.83	51.88	dm-0	0.00	0.00	0.00	4.00	0.00	16.00	8.00	0.02	4.00	2.00	0.80
0	21235	21236	0	0	13	0	800m	2.06g	28m	0	multi5:19.2%	0	1|0	1|2	11m	7m	303	21:58:44	20.41	0.00	23.92	0.14	0.95	54.59	dm-0	0.00	0.00	0.00	0.00	0.00	0.00	0.00	0.00	0.00	0.00	0.00
0	18536	18544	0	0	9	0	800m	2.06g	28m	0	multi5:19.1%	0	0|0	0|0	9m	6m	303	21:58:45	18.64	0.00	18.10	0.41	0.68	62.18	dm-0	0.00	0.00	0.00	0.00	0.00	0.00	0.00	0.00	0.00	0.00	0.00
0	20856	20855	0	0	6	0	800m	2.06g	28m	0	multi5:13.3%	0	5|0	3|3	10m	7m	303	21:58:46	25.41	0.00	27.06	0.14	0.96	46.43	dm-0	0.00	0.00	0.00	0.00	0.00	0.00	0.00	0.00	0.00	0.00	0.00
0	24428	24426	0	0	3	0	800m	2.06g	28m	0	multi5:20.4%	0	0|0	0|1	12m	8m	303	21:58:47	20.81	0.00	23.88	0.00	0.84	54.47	dm-0	0.00	0.00	0.00	0.00	0.00	0.00	0.00	0.00	0.00	0.00	0.00
0	22877	22864	0	0	8	0	800m	2.06g	28m	0	multi8:14.6%	0	2|0	0|1	11m	8m	303	21:58:48	23.76	0.00	28.19	0.27	0.94	46.85	dm-0	0.00	0.00	0.00	4.00	0.00	16.00	8.00	0.02	5.00	3.00	1.20
0	26804	26802	0	0	4	0	800m	2.06g	28m	0	multi5:23.2%	0	0|0	2|0	14m	9m	303	21:58:49	30.80	0.00	36.64	0.14	0.95	31.48	dm-0	0.00	0.00	0.00	0.00	0.00	0.00	0.00	0.00	0.00	0.00	0.00
0	27586	27586	0	0	4	0	800m	2.06g	28m	0	multi5:23.9%	0	8|9	0|9	14m	9m	303	21:58:50	27.36	0.00	34.84	0.00	1.13	36.67	dm-0	0.00	0.00	0.00	0.00	0.00	0.00	0.00	0.00	0.00	0.00	0.00
0	26483	26473	0	0	8	0	800m	2.06g	28m	0	multi5:33.4%	0	20|0	4|2	14m	9m	303	21:58:51	23.87	0.00	30.50	0.27	0.80	44.56	dm-0	0.00	0.00	0.00	0.00	0.00	0.00	0.00	0.00	0.00	0.00	0.00
0	22187	22197	0	0	6	0	800m	2.06g	28m	0	multi5:16.5%	0	0|0	2|1	11m	8m	303	21:58:52	28.86	0.00	36.31	0.00	0.81	34.01	dm-0	0.00	0.00	0.00	0.00	0.00	0.00	0.00	0.00	0.00	0.00	0.00
0	27925	27916	0	0	5	0	800m	2.06g	28m	0	multi5:25.9%	0	22|1	1|6	14m	9m	303	21:58:54	30.42	0.00	35.14	0.28	1.11	33.06	dm-0	0.00	0.00	0.00	0.00	0.00	0.00	0.00	0.00	0.00	0.00	0.00
0	24758	24762	0	0	6	0	800m	2.06g	28m	0	multi5:15.4%	0	0|0	0|0	12m	8m	303	21:58:55	25.82	0.00	29.12	0.00	0.82	44.23	dm-0	0.00	0.00	0.00	0.00	0.00	0.00	0.00	0.00	0.00	0.00	0.00
0	25082	25099	0	0	5	0	800m	2.06g	28m	0	multi5:22.4%	0	0|0	1|0	13m	9m	303	21:58:56	23.85	0.00	26.64	0.28	0.84	48.40	dm-0	0.00	0.00	0.00	4.00	0.00	16.00	8.00	0.03	7.00	3.00	1.20
0	26252	26233	0	0	2	0	800m	2.06g	28m	0	multi5:21.8%	0	33|0	1|2	12m	8m	303	21:58:57	22.40	0.00	31.97	0.14	0.82	44.67	dm-0	0.00	0.00	0.00	0.00	0.00	0.00	0.00	0.00	0.00	0.00	0.00
0	26561	26581	0	0	2	0	800m	2.06g	28m	0	multi5:23.7%	0	0|0	0|2	13m	9m	303	21:58:58	28.67	0.00	41.82	0.14	1.26	28.11	dm-0	0.00	0.00	0.00	1.00	0.00	28.00	56.00	0.01	8.00	8.00	0.80
0	29587	29576	0	0	4	0	800m	2.06g	28m	0	multi5:30.0%	0	9|0	1|1	13m	9m	303	21:58:59	31.82	0.00	36.36	0.00	0.96	30.85	dm-0	0.00	0.00	0.00	0.00	0.00	0.00	0.00	0.00	0.00	0.00	0.00
0	24287	24288	0	0	8	0	800m	2.06g	28m	0	multi5:23.7%	0	0|0	0|1	12m	8m	303	21:59:00	24.83	0.00	27.53	0.13	0.81	46.69	dm-0	0.00	0.00	0.00	0.00	0.00	0.00	0.00	0.00	0.00	0.00	0.00
0	28988	28986	0	0	3	0	800m	2.06g	28m	0	multi5:29.7%	0	0|0	0|1	14m	10m	303	21:59:01	30.23	0.00	33.60	0.13	0.81	35.22	dm-0	0.00	0.00	0.00	4.00	0.00	16.00	8.00	0.03	8.00	4.00	1.60
0	23899	23901	0	0	4	0	800m	2.06g	28m	0	multi7:18.0%	0	7|0	3|2	11m	7m	303	21:59:02	23.61	0.00	23.06	0.14	0.69	52.50	dm-0	0.00	0.00	0.00	0.00	0.00	0.00	0.00	0.00	0.00	0.00	0.00
0	25312	25310	0	0	4	0	800m	2.06g	29m	0	multi5:29.2%	0	27|0	0|1	12m	8m	303	21:59:03	26.20	0.00	28.67	0.69	0.96	43.48	dm-0	0.00	0.00	0.00	10.00	0.00	204.00	40.80	0.22	22.00	4.40	4.40
0	26634	26646	0	0	3	0	800m	2.06g	29m	0	multi5:29.6%	0	0|0	1|0	13m	9m	303	21:59:04	29.73	0.00	36.27	0.00	1.28	32.72	dm-0	0.00	0.00	0.00	0.00	0.00	0.00	0.00	0.00	0.00	0.00	0.00
0	26820	26802	0	0	6	0	800m	2.06g	29m	0	multi5:31.0%	0	24|0	0|3	12m	8m	303	21:59:05	25.61	0.00	26.70	0.27	1.09	46.32	dm-0	0.00	0.00	0.00	0.00	0.00	0.00	0.00	0.00	0.00	0.00	0.00
0	30455	30451	0	0	5	0	800m	2.06g	29m	0	multi5:36.3%	0	20|0	2|1	14m	10m	303	21:59:06	34.76	0.00	46.66	0.00	1.07	17.51	dm-0	0.00	0.00	0.00	0.00	0.00	0.00	0.00	0.00	0.00	0.00	0.00
0	26583	26590	0	0	11	0	800m	2.06g	29m	0	multi5:21.1%	0	14|0	3|2	12m	8m	303	21:59:07	28.01	0.00	30.74	0.00	0.82	40.44	dm-0	0.00	0.00	0.00	0.00	0.00	0.00	0.00	0.00	0.00	0.00	0.00
0	31198	31198	0	0	9	0	800m	2.06g	29m	0	multi5:37.8%	0	40|0	0|2	14m	9m	303	21:59:08	35.35	0.00	41.54	0.28	1.10	21.73	dm-0	0.00	0.00	0.00	0.00	0.00	0.00	0.00	0.00	0.00	0.00	0.00
0	26565	26569	0	0	9	0	800m	2.06g	29m	0	multi5:20.3%	0	2|0	1|2	13m	8m	303	21:59:09	29.67	0.00	35.91	0.14	0.95	33.33	dm-0	0.00	0.00	0.00	4.00	0.00	16.00	8.00	0.03	7.00	3.00	1.20
0	27348	27341	0	0	10	0	800m	2.06g	29m	0	multi5:24.7%	0	40|0	1|2	13m	8m	303	21:59:10	25.77	0.00	27.99	0.14	0.97	45.13	dm-0	0.00	0.00	0.00	0.00	0.00	0.00	0.00	0.00	0.00	0.00	0.00
0	29185	29194	0	0	24	0	800m	2.06g	29m	0	multi5:27.1%	0	2|0	0|2	13m	9m	304	21:59:11	31.45	0.00	41.67	0.00	0.81	26.08	dm-0	0.00	0.00	0.00	0.00	0.00	0.00	0.00	0.00	0.00	0.00	0.00
0	24416	24408	0	0	23	0	800m	2.06g	29m	0	multi5:14.0%	0	11|0	1|0	11m	7m	304	21:59:12	24.70	0.00	28.46	0.00	0.94	45.91	dm-0	0.00	0.00	0.00	0.00	0.00	0.00	0.00	0.00	0.00	0.00	0.00
0	29690	29689	0	0	17	0	800m	2.06g	29m	0	multi5:24.7%	0	5|0	1|0	14m	9m	304	21:59:13	29.31	0.00	36.25	0.14	1.11	33.19	dm-0	0.00	0.00	0.00	0.00	0.00	0.00	0.00	0.00	0.00	0.00	0.00
0	25488	25496	0	0	7	0	800m	2.06g	29m	0	multi5:23.2%	0	1|0	2|2	12m	8m	304	21:59:14	26.61	0.00	30.95	0.28	0.84	41.32	dm-0	0.00	0.00	0.00	0.00	0.00	0.00	0.00	0.00	0.00	0.00	0.00
0	23816	23814	0	0	17	0	800m	2.06g	29m	0	multi1:14.9%	0	5|0	1|1	11m	7m	304	21:59:15	23.29	0.00	23.70	0.14	0.82	52.05	dm-0	0.00	0.00	0.00	3.00	0.00	12.00	8.00	0.01	4.00	2.67	0.80
0	24233	24239	0	0	13	0	800m	2.06g	29m	0	multi1:15.4%	0	1|0	3|1	11m	7m	304	21:59:16	24.93	0.00	27.02	0.14	0.97	46.94	dm-0	0.00	0.00	0.00	0.00	0.00	0.00	0.00	0.00	0.00	0.00	0.00
0	22189	22198	0	0	14	0	800m	2.06g	29m	0	multi1:17.1%	0	0|0	3|0	10m	7m	304	21:59:17	20.53	0.00	22.19	0.14	0.69	56.45	dm-0	0.00	0.00	0.00	0.00	0.00	0.00	0.00	0.00	0.00	0.00	0.00
0	18607	18601	0	0	2	0	800m	2.06g	29m	0	multi1:12.6%	0	5|0	0|2	8m	5m	304	21:59:18	18.04	0.00	18.30	0.00	0.80	62.86	dm-0	0.00	0.00	0.00	0.00	0.00	0.00	0.00	0.00	0.00	0.00	0.00
0	21291	21295	0	0	5	1	800m	2.06g	29m	0	multi8:13.9%	0	0|0	0|1	9m	6m	304	21:59:19	16.41	0.00	21.14	0.83	0.83	60.78	dm-0	0.00	0.00	0.00	33.00	0.00	196.00	11.88	0.10	2.91	2.42	8.00
0	25925	25918	0	0	8	0	800m	2.06g	29m	0	multi1:20.5%	0	2|0	3|2	12m	7m	304	21:59:20	24.32	0.00	32.43	0.14	0.81	42.30	dm-0	0.00	0.00	0.00	0.00	0.00	0.00	0.00	0.00	0.00	0.00	0.00
0	23941	23939	0	0	10	0	800m	2.06g	29m	0	multi8:14.8%	0	2|0	3|0	11m	7m	304	21:59:21	23.10	0.00	22.11	0.00	0.85	53.94	dm-0	0.00	0.00	0.00	0.00	0.00	0.00	0.00	0.00	0.00	0.00	0.00
0	25168	25176	0	0	9	0	800m	2.06g	29m	0	multi1:21.3%	0	1|0	0|1	11m	7m	304	21:59:22	24.52	0.00	25.35	0.14	0.97	49.03	dm-0	0.00	0.00	0.00	0.00	0.00	0.00	0.00	0.00	0.00	0.00	0.00
0	18531	18533	0	0	5	0	800m	2.06g	29m	0	multi1:12.4%	0	0|0	1|1	8m	5m	304	21:59:23	17.43	0.00	19.94	0.00	0.56	62.06	dm-0	0.00	0.00	0.00	0.00	0.00	0.00	0.00	0.00	0.00	0.00	0.00
0	21204	21196	0	0	3	0	800m	2.06g	29m	0	multi0:15.5%	0	1|0	1|2	9m	6m	304	21:59:24	17.27	0.00	20.17	0.28	0.97	61.33	dm-0	0.00	0.00	0.00	0.00	0.00	0.00	0.00	0.00	0.00	0.00	0.00
0	19781	19787	0	0	2	0	800m	2.06g	29m	0	multi6:11.9%	0	0|0	1|1	9m	5m	304	21:59:25	18.34	0.00	17.93	0.14	0.68	62.91	dm-0	0.00	0.00	0.00	4.00	0.00	16.00	8.00	0.02	4.00	2.00	0.80
0	20049	20053	0	0	4	0	800m	2.06g	29m	0	multi6:13.3%	0	0|0	0|0	9m	6m	304	21:59:26	21.81	0.00	19.62	0.14	0.69	57.75	dm-0	0.00	0.00	0.00	0.00	0.00	0.00	0.00	0.00	0.00	0.00	0.00
0	19080	19076	0	0	4	0	800m	2.06g	29m	0	multi8:13.6%	0	2|0	0|2	8m	5m	304	21:59:27	19.23	0.00	20.89	0.14	0.83	58.92	dm-0	0.00	0.00	0.00	0.00	0.00	0.00	0.00	0.00	0.00	0.00	0.00
0	23568	23563	0	0	3	0	800m	2.06g	29m	0	multi8:15.7%	0	2|0	0|1	11m	7m	304	21:59:28	23.51	0.00	30.15	0.00	0.69	45.64	dm-0	0.00	0.00	0.00	0.00	0.00	0.00	0.00	0.00	0.00	0.00	0.00
0	22027	22034	0	0	4	0	800m	2.06g	29m	0	multi6:15.6%	0	0|0	0|1	10m	6m	304	21:59:29	17.23	0.00	17.10	0.14	0.68	64.86	dm-0	0.00	0.00	0.00	0.00	0.00	0.00	0.00	0.00	0.00	0.00	0.00
0	21404	21390	0	0	12	0	800m	2.06g	29m	0	multi6:17.1%	0	12|0	3|0	10m	6m	304	21:59:30	24.20	0.00	27.80	0.28	0.97	46.75	dm-0	0.00	0.00	0.00	3.00	0.00	12.00	8.00	0.01	4.00	2.67	0.80
0	22472	22478	0	0	5	0	800m	2.06g	29m	0	multi8:14.8%	0	0|0	0|1	10m	6m	304	21:59:31	23.18	0.00	25.70	0.14	0.84	50.14	dm-0	0.00	0.00	0.00	0.00	0.00	0.00	0.00	0.00	0.00	0.00	0.00
0	24561	24560	0	0	9	0	800m	2.06g	29m	0	multi6:19.7%	0	0|0	0|15	11m	7m	304	21:59:32	18.50	0.00	22.67	0.14	0.70	58.00	dm-0	0.00	0.00	0.00	1.00	0.00	24.00	48.00	0.00	4.00	4.00	0.40
0	19416	19424	0	0	6	0	800m	2.06g	29m	0	multi6:11.3%	0	0|0	0|0	9m	6m	304	21:59:33	17.98	0.00	19.57	0.00	0.93	61.52	dm-0	0.00	0.00	0.00	0.00	0.00	0.00	0.00	0.00	0.00	0.00	0.00
0	21209	21208	0	0	5	0	800m	2.06g	29m	0	multi8:16.1%	0	3|0	3|0	10m	6m	304	21:59:34	18.10	0.00	20.95	0.14	0.68	60.14	dm-0	0.00	0.00	0.00	0.00	0.00	0.00	0.00	0.00	0.00	0.00	0.00
0	21474	21468	0	0	11	0	800m	2.06g	29m	0	multi2:13.2%	0	0|0	2|0	9m	6m	304	21:59:35	23.86	0.00	28.55	0.14	0.85	46.59	dm-0	0.00	0.00	0.00	0.00	0.00	0.00	0.00	0.00	0.00	0.00	0.00
0	25295	25296	0	0	3	0	800m	2.06g	29m	0	multi6:19.1%	0	2|0	2|0	11m	7m	304	21:59:36	21.88	0.00	20.62	0.14	0.84	56.52	dm-0	0.00	0.00	0.00	0.00	0.00	0.00	0.00	0.00	0.00	0.00	0.00
0	21863	21867	0	0	5	0	800m	2.06g	29m	0	multi0:16.0%	0	0|0	0|0	10m	6m	304	21:59:37	20.47	0.00	21.17	0.42	0.84	57.10	dm-0	0.00	0.00	0.00	13.00	0.00	156.00	24.00	0.13	10.15	2.46	3.20
0	21165	21155	0	0	4	0	800m	2.06g	29m	0	multi8:15.2%	0	3|0	2|1	9m	6m	304	21:59:38	19.42	0.00	18.32	0.00	0.83	61.43	dm-0	0.00	0.00	0.00	0.00	0.00	0.00	0.00	0.00	0.00	0.00	0.00
0	17867	17868	0	0	6	0	800m	2.06g	29m	0	multi8:13.1%	0	0|0	0|0	8m	5m	304	21:59:40	14.67	0.00	17.47	0.13	0.53	67.20	dm-0	0.00	0.00	0.00	0.00	0.00	0.00	0.00	0.00	0.00	0.00	0.00
0	17528	17522	0	0	2	0	800m	2.06g	29m	0	multi6:14.7%	0	1|0	1|0	8m	5m	304	21:59:41	15.42	0.00	16.89	0.13	0.80	66.76	dm-0	0.00	0.00	0.00	0.00	0.00	0.00	0.00	0.00	0.00	0.00	0.00
0	20951	20958	0	0	9	0	800m	2.06g	29m	0	multi6:16.9%	0	0|0	0|0	9m	6m	304	21:59:42	16.67	0.00	19.44	0.00	0.56	63.33	dm-0	0.00	0.00	0.00	0.00	0.00	0.00	0.00	0.00	0.00	0.00	0.00
0	18778	18768	0	0	8	0	800m	2.06g	29m	0	multi2:14.9%	0	3|0	2|1	8m	5m	304	21:59:43	18.27	0.00	20.97	0.27	0.81	59.68	dm-0	0.00	0.00	0.00	6.00	0.00	24.00	8.00	0.03	4.67	2.00	1.20
0	18476	18479	0	0	11	0	800m	2.06g	29m	0	multi2:13.4%	0	1|0	1|1	8m	5m	304	21:59:44	17.87	0.00	17.31	0.14	0.83	63.85	dm-0	0.00	0.00	0.00	0.00	0.00	0.00	0.00	0.00	0.00	0.00	0.00
0	15808	15814	0	0	13	0	800m	2.06g	29m	0	multi2:10.0%	0	0|0	0|0	7m	4m	304	21:59:45	15.34	0.00	15.34	0.14	0.55	68.63	dm-0	0.00	0.00	0.00	0.00	0.00	0.00	0.00	0.00	0.00	0.00	0.00
0	19341	19328	0	0	10	0	800m	2.06g	29m	0	multi2:9.5%	0	2|0	1|2	8m	5m	304	21:59:46	12.87	0.00	15.66	0.14	0.70	70.63	dm-0	0.00	0.00	0.00	0.00	0.00	0.00	0.00	0.00	0.00	0.00	0.00
0	20172	20182	0	0	9	0	800m	2.06g	29m	0	multi8:15.4%	0	0|0	1|0	9m	6m	304	21:59:47	23.24	0.00	22.27	0.00	0.83	53.67	dm-0	0.00	0.00	0.00	0.00	0.00	0.00	0.00	0.00	0.00	0.00	0.00
0	20731	20710	0	0	13	0	800m	2.06g	29m	0	multi2:16.3%	0	2|0	2|1	8m	5m	304	21:59:48	17.44	0.00	19.69	0.28	0.70	61.88	dm-0	0.00	0.00	0.00	0.00	0.00	0.00	0.00	0.00	0.00	0.00	0.00
0	21534	21536	0	0	9	0	800m	2.06g	29m	0	multi2:16.3%	0	2|0	3|0	9m	5m	304	21:59:49	18.69	0.00	21.06	0.00	0.70	59.55	dm-0	0.00	0.00	0.00	0.00	0.00	0.00	0.00	0.00	0.00	0.00	0.00
0	15108	15111	0	0	10	0	800m	2.06g	29m	0	multi5:9.0%	0	1|0	0|1	6m	4m	304	21:59:50	14.66	0.00	15.50	0.28	0.70	68.85	dm-0	0.00	0.00	0.00	4.00	0.00	16.00	8.00	0.04	9.00	7.00	2.80
0	20604	20608	0	0	7	0	800m	2.06g	29m	0	multi8:17.8%	0	0|0	1|0	9m	5m	304	21:59:51	19.62	0.00	20.71	0.14	0.82	58.71	dm-0	0.00	0.00	0.00	0.00	0.00	0.00	0.00	0.00	0.00	0.00	0.00
0	17067	17066	0	0	9	0	800m	2.06g	29m	0	multi0:9.8%	0	0|0	0|0	7m	4m	304	21:59:52	14.31	0.00	14.44	0.00	0.69	70.56	dm-0	0.00	0.00	0.00	0.00	0.00	0.00	0.00	0.00	0.00	0.00	0.00
0	16506	16513	0	0	6	0	800m	2.06g	30m	0	multi8:14.4%	0	0|0	0|0	7m	5m	304	21:59:53	13.70	0.00	14.65	0.27	0.54	70.83	dm-0	0.00	0.00	0.00	0.00	0.00	0.00	0.00	0.00	0.00	0.00	0.00
0	16127	16123	0	0	8	0	800m	2.06g	30m	0	multi8:14.4%	0	0|0	0|0	7m	4m	304	21:59:54	15.06	0.00	16.44	0.00	0.69	67.82	dm-0	0.00	0.00	0.00	0.00	0.00	0.00	0.00	0.00	0.00	0.00	0.00
0	22910	22909	0	0	12	0	800m	2.06g	30m	0	multi8:22.0%	0	0|0	0|0	11m	7m	304	21:59:55	18.67	0.00	20.16	0.14	0.81	60.22	dm-0	0.00	0.00	0.00	0.00	0.00	0.00	0.00	0.00	0.00	0.00	0.00
0	15413	15411	0	0	9	0	800m	2.06g	30m	0	multi8:10.2%	0	1|0	0|0	7m	4m	304	21:59:56	18.24	0.00	20.71	0.14	0.82	60.08	dm-0	0.00	0.00	0.00	0.00	0.00	0.00	0.00	0.00	0.00	0.00	0.00
0	21417	21422	0	0	19	0	800m	2.06g	30m	0	multi8:19.9%	0	0|0	0|0	10m	6m	304	21:59:57	18.43	0.00	19.11	0.14	0.68	61.65	dm-0	0.00	0.00	0.00	4.00	0.00	16.00	8.00	0.02	5.00	3.00	1.20
0	15040	15039	0	0	8	0	800m	2.06g	30m	0	multi8:8.9%	0	0|0	0|0	7m	4m	304	21:59:58	17.53	0.00	19.97	0.14	0.82	61.55	dm-0	0.00	0.00	0.00	0.00	0.00	0.00	0.00	0.00	0.00	0.00	0.00
0	15101	15105	0	0	9	0	800m	2.06g	30m	0	multi9:7.9%	0	0|0	0|0	7m	4m	304	21:59:59	14.63	0.00	15.44	0.00	0.54	69.40	dm-0	0.00	0.00	0.00	0.00	0.00	0.00	0.00	0.00	0.00	0.00	0.00
0	19412	19395	0	0	3	0	800m	2.06g	30m	0	multi8:14.7%	0	1|0	2|0	9m	6m	304	22:00:00	17.12	0.00	15.36	0.00	0.67	66.85	dm-0	0.00	0.00	0.00	0.00	0.00	0.00	0.00	0.00	0.00	0.00	0.00
0	20129	20137	0	0	8	0	800m	2.06g	30m	0	multi8:18.0%	0	0|0	1|0	10m	6m	304	22:00:01	19.75	0.00	21.67	0.27	0.69	57.61	dm-0	0.00	0.00	0.00	0.00	0.00	0.00	0.00	0.00	0.00	0.00	0.00
0	17548	17539	0	0	6	0	800m	2.06g	30m	0	multi8:13.1%	0	6|0	3|1	8m	5m	304	22:00:02	15.73	0.00	16.40	0.40	0.67	66.80	dm-0	0.00	0.00	0.00	4.00	0.00	16.00	8.00	0.02	6.00	2.00	0.80
0	18664	18670	0	0	11	0	800m	2.06g	30m	0	multi8:13.4%	0	7|0	1|2	9m	6m	304	22:00:03	20.00	0.00	21.22	0.14	0.68	57.96	dm-0	0.00	0.00	0.00	0.00	0.00	0.00	0.00	0.00	0.00	0.00	0.00
0	17446	17456	0	0	13	0	800m	2.06g	30m	0	multi8:13.2%	0	0|0	0|1	9m	5m	304	22:00:04	20.99	0.00	19.89	0.14	0.82	58.16	dm-0	0.00	0.00	0.00	0.00	0.00	0.00	0.00	0.00	0.00	0.00	0.00
0	13176	13173	0	0	2	0	800m	2.06g	30m	0	multi2:12.7%	0	0|0	0|5	6m	4m	304	22:00:05	15.21	0.00	14.80	0.13	0.54	69.31	dm-0	0.00	0.00	0.00	0.00	0.00	0.00	0.00	0.00	0.00	0.00	0.00
0	19806	19802	0	0	7	0	800m	2.06g	30m	0	multi8:20.5%	0	0|0	1|1	10m	6m	304	22:00:06	16.51	0.00	29.80	0.00	0.27	53.42	dm-0	0.00	0.00	0.00	0.00	0.00	0.00	0.00	0.00	0.00	0.00	0.00
0	21688	21684	0	0	9	0	800m	2.06g	30m	0	multi8:15.2%	0	0|0	0|3	11m	7m	304	22:00:07	24.72	0.00	26.41	0.14	0.99	47.74	dm-0	0.00	0.00	0.00	4.00	0.00	16.00	8.00	0.02	4.00	2.00	0.80
0	20345	20352	0	0	8	0	800m	2.06g	30m	0	multi8:20.3%	0	4|0	0|2	10m	6m	304	22:00:08	23.59	0.00	21.26	0.14	0.82	54.18	dm-0	0.00	0.00	0.00	1.00	0.00	40.00	80.00	0.00	4.00	4.00	0.40
0	17736	17732	0	0	9	0	800m	2.06g	30m	0	multi8:11.4%	0	1|0	2|0	9m	5m	304	22:00:09	20.14	0.00	17.93	0.28	0.83	60.83	dm-0	0.00	0.00	0.00	0.00	0.00	0.00	0.00	0.00	0.00	0.00	0.00
0	17806	17803	0	0	7	0	800m	2.06g	31m	0	multi8:12.5%	0	0|0	2|1	9m	6m	304	22:00:10	18.46	0.00	17.76	0.14	0.56	63.08	dm-0	0.00	0.00	0.00	0.00	0.00	0.00	0.00	0.00	0.00	0.00	0.00
0	18258	18263	0	0	24	0	800m	2.06g	31m	0	multi2:14.1%	0	0|0	1|0	9m	6m	304	22:00:11	23.61	0.00	28.77	0.14	0.95	46.54	dm-0	0.00	0.00	0.00	0.00	0.00	0.00	0.00	0.00	0.00	0.00	0.00
0	22694	22693	0	0	15	0	800m	2.06g	31m	0	multi8:24.5%	0	1|0	0|1	12m	7m	304	22:00:12	20.24	0.00	21.33	0.41	0.68	57.34	dm-0	0.00	0.00	0.00	13.00	0.00	272.00	41.85	0.26	19.69	3.69	4.80
0	18188	18177	0	0	8	0	800m	2.06g	31m	0	multi2:14.5%	0	2|0	0|0	9m	6m	304	22:00:13	23.44	0.00	23.16	0.28	0.69	52.43	dm-0	0.00	0.00	0.00	0.00	0.00	0.00	0.00	0.00	0.00	0.00	0.00
0	19387	19401	0	0	5	0	800m	2.06g	31m	0	multi3:13.3%	0	0|0	0|1	10m	6m	304	22:00:14	16.22	0.00	14.49	0.13	0.80	68.35	dm-0	0.00	0.00	0.00	0.00	0.00	0.00	0.00	0.00	0.00	0.00	0.00
0	13378	13381	0	0	5	0	800m	2.06g	31m	0	multi1:9.9%	0	0|0	1|0	7m	4m	304	22:00:15	19.23	0.00	17.77	0.00	0.53	62.47	dm-0	0.00	0.00	0.00	0.00	0.00	0.00	0.00	0.00	0.00	0.00	0.00
0	19814	19800	0	0	11	0	800m	2.06g	30m	0	multi7:15.7%	0	1|0	4|1	10m	6m	304	22:00:16	21.05	0.00	18.22	0.27	0.67	59.78	dm-0	0.00	0.00	0.00	0.00	0.00	0.00	0.00	0.00	0.00	0.00	0.00
0	15346	15360	0	0	9	0	800m	2.06g	30m	0	multi3:10.4%	0	0|0	0|0	8m	5m	304	22:00:17	19.89	0.00	18.67	0.27	0.68	60.49	dm-0	0.00	0.00	0.00	4.00	0.00	16.00	8.00	0.10	25.00	9.00	3.60
0	18759	18760	0	0	6	0	800m	2.06g	30m	0	multi2:12.2%	0	0|0	1|1	10m	6m	304	22:00:18	20.68	0.00	18.08	1.23	0.82	59.18	dm-0	0.00	0.00	0.00	35.00	0.00	284.00	16.23	0.09	2.63	2.29	8.00
0	16480	16476	0	0	7	1	800m	2.06g	30m	0	multi7:13.0%	0	0|0	0|0	8m	5m	304	22:00:19	7.77	0.00	7.77	0.00	0.26	84.20	dm-0	0.00	0.00	0.00	0.00	0.00	0.00	0.00	0.00	0.00	0.00	0.00
0	8140	8119	0	0	7	0	800m	2.06g	30m	0	multi2:6.3%	0	35|2	5|3	4m	2m	304	22:00:20	24.15	0.00	26.73	0.14	0.81	48.17	dm-0	0.00	0.00	0.00	0.00	0.00	0.00	0.00	0.00	0.00	0.00	0.00
0	21756	21774	0	0	10	0	800m	2.06g	30m	0	multi3:16.4%	0	1|0	2|1	11m	6m	304	22:00:21	18.12	0.00	19.35	0.14	0.68	61.72	dm-0	0.00	0.00	0.00	0.00	0.00	0.00	0.00	0.00	0.00	0.00	0.00
0	16635	16637	0	0	7	0	800m	2.06g	30m	0	multi2:11.1%	0	0|0	0|0	9m	5m	304	22:00:22	16.31	0.00	16.04	0.00	0.67	66.98	dm-0	0.00	0.00	0.00	0.00	0.00	0.00	0.00	0.00	0.00	0.00	0.00
0	16637	16631	0	0	5	0	800m	2.06g	30m	0	multi7:11.3%	0	1|0	0|1	9m	5m	304	22:00:23	19.44	0.00	16.09	0.27	0.67	63.54	dm-0	0.00	0.00	0.00	0.00	0.00	0.00	0.00	0.00	0.00	0.00	0.00
0	14561	14566	0	0	10	0	800m	2.06g	30m	0	multi2:10.8%	0	0|0	0|0	8m	5m	304	22:00:24	17.82	0.00	16.71	0.00	0.69	64.78	dm-0	0.00	0.00	0.00	4.00	0.00	16.00	8.00	0.02	4.00	2.00	0.80
0	18543	18544	0	0	2	0	800m	2.06g	30m	0	multi3:16.0%	0	5|0	3|2	10m	6m	304	22:00:25	20.35	0.00	26.06	0.27	0.66	52.66	dm-0	0.00	0.00	0.00	0.00	0.00	0.00	0.00	0.00	0.00	0.00	0.00
0	16351	16346	0	0	7	0	800m	2.06g	30m	0	multi8:12.4%	0	1|0	0|4	9m	5m	304	22:00:26	23.59	0.00	23.86	0.00	0.69	51.86	dm-0	0.00	0.00	0.00	0.00	0.00	0.00	0.00	0.00	0.00	0.00	0.00
0	19767	19778	0	0	3	0	800m	2.06g	30m	0	multi4:17.4%	0	0|0	0|1	10m	6m	304	22:00:27	14.59	0.00	13.40	0.13	0.53	71.35	dm-0	0.00	0.00	0.00	0.00	0.00	0.00	0.00	0.00	0.00	0.00	0.00
0	17820	17822	0	0	6	0	800m	2.06g	30m	0	multi5:14.5%	0	1|0	0|0	9m	5m	304	22:00:29	21.08	0.00	18.65	0.14	0.81	59.32	dm-0	0.00	0.00	0.00	0.00	0.00	0.00	0.00	0.00	0.00	0.00	0.00
0	13151	13151	0	0	13	0	800m	2.06g	30m	0	multi6:9.8%	0	1|0	0|1	6m	4m	304	22:00:30	14.94	0.00	13.50	0.26	0.52	70.77	dm-0	0.00	0.00	0.00	4.00	0.00	16.00	8.00	0.03	8.00	6.00	2.40
0	19480	19476	0	0	6	0	800m	2.06g	30m	0	multi9:15.1%	0	2|0	0|0	10m	6m	304	22:00:31	19.52	0.00	19.79	0.27	0.80	59.63	dm-0	0.00	0.00	0.00	0.00	0.00	0.00	0.00	0.00	0.00	0.00	0.00
0	16527	16530	0	0	10	0	800m	2.06g	30m	0	multi1:13.7%	0	1|0	0|1	9m	5m	304	22:00:32	19.97	0.00	16.01	0.14	0.68	63.20	dm-0	0.00	0.00	0.00	0.00	0.00	0.00	0.00	0.00	0.00	0.00	0.00
0	17393	17392	0	0	5	0	800m	2.06g	30m	0	multi3:13.5%	0	0|0	0|0	9m	5m	304	22:00:33	20.11	0.00	19.30	0.00	0.54	60.05	dm-0	0.00	0.00	0.00	0.00	0.00	0.00	0.00	0.00	0.00	0.00	0.00
0	16843	16844	0	0	10	0	800m	2.06g	30m	0	multi1:11.5%	0	0|0	0|1	8m	5m	304	22:00:34	20.58	0.00	15.83	0.13	0.66	62.80	dm-0	0.00	0.00	0.00	0.00	0.00	0.00	0.00	0.00	0.00	0.00	0.00
0	20717	20711	0	0	14	0	800m	2.06g	30m	0	multi1:14.5%	0	3|0	2|2	10m	6m	304	22:00:35	23.33	0.00	21.33	0.13	0.80	54.40	dm-0	0.00	0.00	0.00	0.00	0.00	0.00	0.00	0.00	0.00	0.00	0.00
0	18209	18216	0	0	9	0	800m	2.06g	30m	0	multi8:13.0%	0	0|0	1|1	9m	5m	304	22:00:36	19.60	0.00	20.13	0.40	0.54	59.33	dm-0	0.00	0.00	0.00	0.00	0.00	0.00	0.00	0.00	0.00	0.00	0.00
0	18443	18428	0	0	7	0	800m	2.06g	30m	0	multi8:14.4%	0	0|0	0|1	9m	6m	304	22:00:37	19.11	0.00	18.13	0.00	0.84	61.92	dm-0	0.00	0.00	0.00	0.00	0.00	0.00	0.00	0.00	0.00	0.00	0.00
0	16182	16198	0	0	13	0	800m	2.06g	30m	0	multi3:12.1%	0	1|0	0|7	7m	4m	304	22:00:38	19.67	0.00	19.13	0.00	0.81	60.38	dm-0	0.00	0.00	0.00	0.00	0.00	0.00	0.00	0.00	0.00	0.00	0.00
0	18451	18447	0	0	5	0	800m	2.06g	30m	0	multi3:11.2%	0	0|0	2|0	9m	5m	304	22:00:39	17.44	0.00	16.91	0.13	0.53	64.98	dm-0	0.00	0.00	0.00	0.00	0.00	0.00	0.00	0.00	0.00	0.00	0.00
0	20214	20214	0	0	6	0	800m	2.06g	30m	0	multi1:14.6%	0	2|0	1|1	9m	6m	304	22:00:40	19.31	0.00	18.61	0.14	0.69	61.25	dm-0	0.00	0.00	0.00	4.00	0.00	16.00	8.00	0.02	6.00	2.00	0.80
0	19633	19630	0	0	5	0	800m	2.06g	30m	0	multi8:12.7%	0	1|0	1|1	9m	5m	304	22:00:41	21.54	0.00	20.87	0.41	0.68	56.50	dm-0	0.00	0.00	0.00	0.00	0.00	0.00	0.00	0.00	0.00	0.00	0.00
0	21155	21153	0	0	3	0	800m	2.06g	30m	0	multi3:12.3%	0	1|0	2|0	9m	6m	304	22:00:42	23.42	0.00	22.88	0.13	0.81	52.76	dm-0	0.00	0.00	0.00	0.00	0.00	0.00	0.00	0.00	0.00	0.00	0.00
0	16911	16916	0	0	7	0	800m	2.06g	30m	0	multi2:12.9%	0	0|0	0|0	8m	5m	304	22:00:43	16.67	0.00	17.87	0.40	0.80	64.27	dm-0	0.00	0.00	0.00	3.00	0.00	52.00	34.67	0.02	6.67	5.33	1.60
0	18751	18754	0	0	2	0	800m	2.06g	30m	0	multi8:14.9%	0	0|0	0|1	9m	5m	304	22:00:44	20.97	0.00	22.22	0.00	0.56	56.25	dm-0	0.00	0.00	0.00	0.00	0.00	0.00	0.00	0.00	0.00	0.00	0.00
0	18817	18810	0	0	8	0	800m	2.06g	30m	0	multi1:13.5%	0	1|0	0|1	8m	5m	304	22:00:45	16.18	0.00	14.52	0.28	0.69	68.33	dm-0	0.00	0.00	0.00	4.00	0.00	16.00	8.00	0.02	4.00	2.00	0.80
0	18968	18969	0	0	7	0	800m	2.06g	30m	0	multi3:11.6%	0	0|1	0|1	8m	5m	304	22:00:46	20.90	0.00	21.17	0.14	0.96	56.83	dm-0	0.00	0.00	0.00	0.00	0.00	0.00	0.00	0.00	0.00	0.00	0.00
0	18917	18917	0	0	5	0	800m	2.06g	30m	0	multi1:12.2%	0	0|0	0|1	8m	5m	304	22:00:47	19.78	0.00	16.82	0.00	0.54	62.85	dm-0	0.00	0.00	0.00	0.00	0.00	0.00	0.00	0.00	0.00	0.00	0.00
0	19440	19429	0	0	6	0	800m	2.06g	31m	0	multi3:16.5%	0	0|0	0|0	8m	5m	304	22:00:48	19.10	0.00	20.42	0.27	0.53	59.68	dm-0	0.00	0.00	0.00	11.00	0.00	292.00	53.09	0.16	14.18	2.18	2.40
0	21990	21991	0	0	6	0	800m	2.06g	31m	0	multi1:18.6%	0	2|0	0|2	9m	6m	304	22:00:49	22.13	0.00	25.86	0.14	0.83	51.04	dm-0	0.00	0.00	0.00	0.00	0.00	0.00	0.00	0.00	0.00	0.00	0.00
0	22604	22603	0	0	9	0	800m	2.06g	30m	0	multi8:14.1%	0	0|0	0|0	10m	6m	304	22:00:50	20.53	0.00	23.72	0.14	0.83	54.79	dm-0	0.00	0.00	0.00	0.00	0.00	0.00	0.00	0.00	0.00	0.00	0.00
0	20238	20240	0	0	23	0	800m	2.06g	31m	0	multi1:14.1%	0	0|0	0|3	8m	5m	304	22:00:51	21.89	0.00	20.48	0.00	0.85	56.78	dm-0	0.00	0.00	0.00	0.00	0.00	0.00	0.00	0.00	0.00	0.00	0.00
0	23448	23448	0	0	13	0	800m	2.06g	30m	0	multi4:14.6%	0	0|0	0|0	9m	6m	304	22:00:52	18.07	0.00	17.40	0.27	0.67	63.59	dm-0	0.00	0.00	0.00	0.00	0.00	0.00	0.00	0.00	0.00	0.00	0.00
0	22634	22638	0	0	6	0	800m	2.06g	30m	0	multi3:14.3%	0	0|0	0|0	9m	6m	304	22:00:53	22.98	0.00	25.17	0.00	0.82	51.03	dm-0	0.00	0.00	0.00	0.00	0.00	0.00	0.00	0.00	0.00	0.00	0.00
0	23592	23573	0	0	7	0	800m	2.06g	30m	0	multi9:14.7%	0	4|0	2|0	9m	6m	304	22:00:54	19.56	0.00	23.14	0.14	0.83	56.34	dm-0	0.00	0.00	0.00	4.00	0.00	16.00	8.00	0.02	4.00	2.00	0.80
0	21751	21768	0	0	7	0	800m	2.06g	30m	0	multi4:17.4%	0	0|0	0|0	9m	6m	304	22:00:55	25.24	0.00	32.73	0.14	0.69	41.19	dm-0	0.00	0.00	0.00	0.00	0.00	0.00	0.00	0.00	0.00	0.00	0.00
0	21791	21775	0	0	10	0	800m	2.06g	30m	0	multi3:12.8%	0	1|0	0|3	9m	6m	304	22:00:56	15.85	0.00	18.99	0.14	0.96	64.07	dm-0	0.00	0.00	0.00	0.00	0.00	0.00	0.00	0.00	0.00	0.00	0.00
0	24962	24969	0	0	9	0	800m	2.06g	31m	0	multi8:14.0%	0	5|0	2|1	10m	7m	304	22:00:57	24.09	0.00	25.63	0.14	0.70	49.44	dm-0	0.00	0.00	0.00	0.00	0.00	0.00	0.00	0.00	0.00	0.00	0.00
0	23103	23096	0	0	11	0	800m	2.06g	31m	0	multi9:17.4%	0	6|0	2|2	9m	6m	304	22:00:58	20.58	0.00	22.38	0.14	0.83	56.08	dm-0	0.00	0.00	0.00	0.00	0.00	0.00	0.00	0.00	0.00	0.00	0.00
0	27674	27687	0	0	9	0	800m	2.06g	31m	0	multi4:19.6%	0	0|0	0|0	12m	8m	304	22:00:59	26.86	0.00	32.63	0.14	0.98	39.38	dm-0	0.00	0.00	0.00	0.00	0.00	0.00	0.00	0.00	0.00	0.00	0.00
0	20631	20625	0	0	8	0	800m	2.06g	31m	0	multi8:16.9%	0	0|0	2|1	9m	6m	304	22:01:00	23.20	0.00	34.06	0.14	0.81	41.79	dm-0	0.00	0.00	0.00	0.00	0.00	0.00	0.00	0.00	0.00	0.00	0.00
0	21461	21466	0	0	16	0	800m	2.06g	31m	0	multi8:13.3%	0	0|0	0|0	9m	6m	304	22:01:01	19.51	0.00	26.06	0.27	0.55	53.62	dm-0	0.00	0.00	0.00	0.00	0.00	0.00	0.00	0.00	0.00	0.00	0.00
0	21466	21469	0	0	6	0	800m	2.06g	31m	0	multi8:21.8%	0	0|0	0|0	10m	6m	304	22:01:02	20.59	0.00	23.25	0.14	0.70	55.32	dm-0	0.00	0.00	0.00	0.00	0.00	0.00	0.00	0.00	0.00	0.00	0.00
0	21297	21294	0	0	11	0	800m	2.06g	31m	0	multi8:16.5%	0	2|0	0|4	9m	6m	304	22:01:03	19.35	0.00	23.30	0.14	0.95	56.27	dm-0	0.00	0.00	0.00	0.00	0.00	0.00	0.00	0.00	0.00	0.00	0.00
0	20055	20057	0	0	11	0	800m	2.06g	31m	0	multi4:14.8%	0	0|0	1|0	9m	6m	304	22:01:04	22.45	0.00	22.59	0.14	0.84	53.97	dm-0	0.00	0.00	0.00	4.00	0.00	16.00	8.00	0.03	7.00	3.00	1.20
0	26563	26560	0	0	13	0	800m	2.06g	31m	0	multi8:20.2%	0	1|0	0|2	11m	7m	304	22:01:05	25.82	0.00	29.67	0.00	0.82	43.68	dm-0	0.00	0.00	0.00	0.00	0.00	0.00	0.00	0.00	0.00	0.00	0.00
0	21091	21100	0	0	7	0	800m	2.06g	31m	0	multi8:15.6%	0	0|0	0|3	10m	6m	304	22:01:06	17.66	0.00	17.10	0.14	0.69	64.41	dm-0	0.00	0.00	0.00	0.00	0.00	0.00	0.00	0.00	0.00	0.00	0.00
0	19082	19066	0	0	10	0	800m	2.06g	31m	0	multi8:13.9%	0	4|0	1|3	9m	6m	304	22:01:07	20.68	0.00	33.33	0.00	0.68	45.31	dm-0	0.00	0.00	0.00	0.00	0.00	0.00	0.00	0.00	0.00	0.00	0.00
0	22359	22368	0	0	7	0	800m	2.06g	31m	0	multi8:20.0%	0	0|0	1|1	10m	6m	304	22:01:08	22.79	0.00	22.38	0.28	0.69	53.87	dm-0	0.00	0.00	0.00	0.00	0.00	0.00	0.00	0.00	0.00	0.00	0.00
0	23633	23633	0	0	10	0	800m	2.06g	31m	0	multi8:14.3%	0	0|0	0|1	11m	7m	304	22:01:09	20.44	0.00	21.96	0.00	0.97	56.63	dm-0	0.00	0.00	0.00	0.00	0.00	0.00	0.00	0.00	0.00	0.00	0.00
0	20137	20127	0	0	7	0	800m	2.06g	31m	0	multi8:15.9%	0	7|0	0|1	9m	6m	304	22:01:10	21.45	0.00	23.22	0.14	0.82	54.37	dm-0	0.00	0.00	0.00	4.00	0.00	16.00	8.00	0.02	4.00	2.00	0.80
0	22193	22202	0	0	9	0	800m	2.06g	31m	0	multi8:15.7%	0	0|0	0|2	10m	6m	304	22:01:11	23.47	0.00	21.01	0.14	0.68	54.71	dm-0	0.00	0.00	0.00	0.00	0.00	0.00	0.00	0.00	0.00	0.00	0.00
0	21612	21614	0	0	4	0	800m	2.06g	32m	0	multi8:14.5%	0	1|0	0|1	10m	7m	304	22:01:12	17.85	0.00	20.30	0.14	0.68	61.04	dm-0	0.00	0.00	0.00	2.00	0.00	48.00	48.00	0.04	20.00	10.00	2.00
0	24060	24048	0	0	10	0	800m	2.06g	32m	0	multi8:19.6%	0	2|0	2|2	11m	7m	304	22:01:13	28.63	0.00	26.83	0.14	0.97	43.43	dm-0	0.00	0.00	0.00	0.00	0.00	0.00	0.00	0.00	0.00	0.00	0.00
0	24931	24946	0	0	14	0	800m	2.06g	32m	0	multi2:15.2%	0	2|0	0|1	11m	7m	304	22:01:14	20.72	0.00	22.38	0.00	0.83	56.08	dm-0	0.00	0.00	0.00	0.00	0.00	0.00	0.00	0.00	0.00	0.00	0.00
0	21682	21672	0	0	9	0	800m	2.06g	31m	0	multi8:13.9%	0	1|0	0|4	10m	6m	304	22:01:15	21.85	0.00	20.59	0.14	0.84	56.58	dm-0	0.00	0.00	0.00	0.00	0.00	0.00	0.00	0.00	0.00	0.00	0.00
0	21014	21018	0	0	10	0	800m	2.06g	31m	0	multi8:14.0%	0	2|0	0|1	9m	6m	304	22:01:16	19.75	0.00	21.41	0.28	0.83	57.73	dm-0	0.00	0.00	0.00	4.00	0.00	16.00	8.00	0.02	6.00	4.00	1.60
0	25539	25530	0	0	5	0	800m	2.06g	31m	0	multi2:18.8%	0	3|0	2|0	12m	8m	304	22:01:17	28.53	0.00	32.83	0.00	0.83	37.81	dm-0	0.00	0.00	0.00	0.00	0.00	0.00	0.00	0.00	0.00	0.00	0.00
0	25639	25631	0	0	21	0	800m	2.06g	31m	0	multi8:21.8%	0	12|0	2|3	12m	7m	304	22:01:18	25.72	0.00	29.02	0.83	0.96	43.47	dm-0	0.00	0.00	0.00	35.00	0.00	384.00	21.94	0.09	2.63	2.17	7.60
4	23985	23990	0	0	8	1	800m	2.06g	31m	0	multi8:21.8%	0	10|0	0|1	11m	7m	304	22:01:19	11.10	0.00	13.42	0.14	0.41	74.93	dm-0	0.00	0.00	0.00	0.00	0.00	0.00	0.00	0.00	0.00	0.00	0.00
9	18036	18022	0	0	4	0	800m	2.06g	32m	0	multi2:18.0%	0	7|0	1|16	8m	5m	304	22:01:21	5.74	0.00	5.61	0.00	0.39	88.27	dm-0	0.00	0.00	0.00	0.00	0.00	0.00	0.00	0.00	0.00	0.00	0.00
9	18095	18084	0	0	7	0	800m	2.06g	31m	0	multi4:12.3%	0	0|0	0|2	8m	5m	304	22:01:22	22.30	0.00	24.40	0.00	0.84	52.45	dm-0	0.00	0.00	0.00	0.00	0.00	0.00	0.00	0.00	0.00	0.00	0.00
9	20621	20608	0	0	8	0	800m	2.06g	31m	0	multi4:12.5%	0	0|0	0|2	9m	6m	304	22:01:23	15.73	0.00	18.41	0.67	0.67	64.52	dm-0	0.00	0.00	0.00	31.00	0.00	324.00	20.90	0.51	16.39	1.29	4.00
11	20920	20907	0	0	8	0	800m	2.06g	32m	0	multi3:10.8%	0	1|0	2|2	10m	6m	304	22:01:24	21.65	0.00	22.21	0.28	0.84	55.03	dm-0	0.00	0.00	0.00	12.00	0.00	48.00	8.00	0.10	8.67	2.00	2.40
8	22331	22327	0	0	8	0	800m	2.06g	31m	0	multi8:15.1%	0	0|0	0|0	11m	7m	304	22:01:25	20.27	0.00	19.18	0.00	0.82	59.73	dm-0	0.00	0.00	0.00	0.00	0.00	0.00	0.00	0.00	0.00	0.00	0.00
3	24501	24488	0	0	10	0	800m	2.06g	31m	0	multi2:19.8%	0	5|0	0|3	12m	8m	304	22:01:26	23.93	0.00	24.07	0.14	0.83	51.04	dm-0	0.00	0.00	0.00	0.00	0.00	0.00	0.00	0.00	0.00	0.00	0.00
7	22339	22337	0	0	10	0	800m	2.06g	31m	0	multi4:15.6%	0	0|0	1|1	10m	6m	304	22:01:27	27.31	0.00	32.55	0.28	0.83	39.03	dm-0	0.00	0.00	0.00	0.00	0.00	0.00	0.00	0.00	0.00	0.00	0.00
15	23522	23512	0	0	9	0	800m	2.06g	31m	0	multi8:17.7%	0	0|0	0|1	11m	7m	304	22:01:28	17.24	0.00	21.34	0.00	0.82	60.60	dm-0	0.00	0.00	0.00	0.00	0.00	0.00	0.00	0.00	0.00	0.00	0.00
8	24357	24347	0	0	12	0	800m	2.06g	31m	0	multi2:17.4%	0	0|0	0|0	12m	8m	304	22:01:30	23.79	0.00	24.07	0.28	0.85	51.00	dm-0	0.00	0.00	0.00	0.00	0.00	0.00	0.00	0.00	0.00	0.00	0.00
7	25640	25635	0	0	6	0	800m	2.06g	31m	0	multi8:18.7%	0	1|0	0|1	12m	8m	304	22:01:31	25.69	0.00	29.28	0.14	0.83	44.06	dm-0	0.00	0.00	0.00	4.00	0.00	16.00	8.00	0.02	4.00	2.00	0.80
3	22458	22458	0	0	5	0	800m	2.06g	31m	0	multi2:19.0%	0	0|0	1|1	11m	7m	304	22:01:32	26.96	0.00	31.70	0.14	0.84	40.36	dm-0	0.00	0.00	0.00	0.00	0.00	0.00	0.00	0.00	0.00	0.00	0.00
6	26981	26968	0	0	7	0	800m	2.06g	31m	0	multi5:21.0%	0	0|0	1|1	13m	9m	304	22:01:33	20.34	0.00	21.74	0.00	0.84	57.08	dm-0	0.00	0.00	0.00	0.00	0.00	0.00	0.00	0.00	0.00	0.00	0.00
8	22530	22528	0	0	7	0	800m	2.06g	31m	0	multi8:15.4%	0	0|0	0|0	10m	7m	304	22:01:34	28.41	0.00	34.54	0.14	0.70	36.21	dm-0	0.00	0.00	0.00	0.00	0.00	0.00	0.00	0.00	0.00	0.00	0.00
5	21198	21192	0	0	8	0	800m	2.06g	31m	0	multi2:14.5%	0	3|0	0|2	10m	7m	304	22:01:35	19.18	0.00	20.41	0.14	0.82	59.45	dm-0	0.00	0.00	0.00	0.00	0.00	0.00	0.00	0.00	0.00	0.00	0.00
8	24196	24194	0	0	8	0	800m	2.06g	31m	0	multi8:19.6%	0	0|0	1|0	11m	7m	304	22:01:36	22.18	0.00	22.87	0.14	0.84	53.97	dm-0	0.00	0.00	0.00	0.00	0.00	0.00	0.00	0.00	0.00	0.00	0.00
22	23268	23251	0	0	5	0	800m	2.06g	31m	0	multi8:14.9%	0	3|0	3|2	11m	7m	304	22:01:37	23.31	0.00	26.62	0.14	0.97	48.97	dm-0	0.00	0.00	0.00	0.00	0.00	0.00	0.00	0.00	0.00	0.00	0.00
10	21781	21790	0	0	12	0	800m	2.06g	31m	0	multi8:15.6%	0	1|0	1|1	10m	6m	304	22:01:38	22.46	0.00	23.16	0.00	0.71	53.67	dm-0	0.00	0.00	0.00	0.00	0.00	0.00	0.00	0.00	0.00	0.00	0.00
9	19634	19629	0	0	11	0	800m	2.06g	31m	0	multi8:15.1%	0	0|0	1|1	9m	6m	304	22:01:39	21.82	0.00	22.10	0.28	0.97	54.83	dm-0	0.00	0.00	0.00	4.00	0.00	16.00	8.00	0.02	4.00	2.00	0.80
9	22104	22107	0	0	7	0	800m	2.06g	31m	0	multi5:14.1%	0	1|0	0|2	11m	7m	304	22:01:40	19.97	0.00	18.30	0.00	0.56	61.17	dm-0	0.00	0.00	0.00	0.00	0.00	0.00	0.00	0.00	0.00	0.00	0.00
17	26751	26752	0	0	2	0	800m	2.06g	31m	0	multi2:27.7%	0	0|0	0|0	13m	8m	304	22:01:41	30.42	0.00	40.65	0.13	0.81	27.99	dm-0	0.00	0.00	0.00	0.00	0.00	0.00	0.00	0.00	0.00	0.00	0.00
9	21969	21964	0	0	11	0	800m	2.06g	31m	0	multi2:13.6%	0	1|0	1|4	10m	7m	304	22:01:42	21.63	0.00	22.33	0.14	0.84	55.06	dm-0	0.00	0.00	0.00	0.00	0.00	0.00	0.00	0.00	0.00	0.00	0.00
10	26749	26751	0	0	6	0	800m	2.06g	31m	0	multi8:22.2%	0	2|1	0|3	13m	8m	304	22:01:43	27.46	0.00	30.87	0.27	0.82	40.57	dm-0	0.00	0.00	0.00	0.00	0.00	0.00	0.00	0.00	0.00	0.00	0.00
19	23273	23270	0	0	6	0	800m	2.06g	31m	0	multi8:23.5%	0	2|0	0|1	11m	7m	304	22:01:44	22.35	0.00	23.46	0.00	0.84	53.35	dm-0	0.00	0.00	0.00	0.00	0.00	0.00	0.00	0.00	0.00	0.00	0.00
17	25564	25564	0	0	11	0	800m	2.06g	31m	0	multi8:18.4%	0	2|0	1|2	13m	8m	304	22:01:45	29.04	0.00	37.40	0.27	0.82	32.47	dm-0	0.00	0.00	0.00	4.00	0.00	16.00	8.00	0.04	9.00	7.00	2.80
9	26032	26023	0	0	8	0	800m	2.06g	31m	0	multi2:17.7%	0	4|0	0|2	12m	8m	304	22:01:46	33.79	0.00	35.56	0.27	0.95	29.43	dm-0	0.00	0.00	0.00	0.00	0.00	0.00	0.00	0.00	0.00	0.00	0.00
16	29275	29290	0	0	8	0	800m	2.06g	31m	0	multi2:26.0%	0	0|0	1|2	13m	9m	304	22:01:47	27.99	0.00	36.01	0.14	0.68	35.19	dm-0	0.00	0.00	0.00	0.00	0.00	0.00	0.00	0.00	0.00	0.00	0.00
22	26057	26050	0	0	12	0	800m	2.06g	31m	0	multi5:18.9%	0	1|0	0|2	13m	8m	304	22:01:48	28.41	0.00	27.71	0.00	0.98	42.90	dm-0	0.00	0.00	0.00	6.00	0.00	84.00	28.00	0.11	18.67	4.00	2.40
15	25647	25629	0	0	9	0	800m	2.06g	31m	0	multi0:18.6%	0	1|0	0|0	11m	7m	304	22:01:49	24.97	0.00	29.08	0.41	0.82	44.72	dm-0	0.00	0.00	0.00	16.00	0.00	64.00	8.00	0.25	15.50	3.00	4.80
3	24178	24180	0	0	13	0	800m	2.06g	31m	0	multi8:19.3%	0	0|0	0|2	11m	7m	304	22:01:50	24.32	0.00	25.68	0.27	0.68	49.04	dm-0	0.00	0.00	0.00	0.00	0.00	0.00	0.00	0.00	0.00	0.00	0.00
12	26107	26080	0	0	8	0	800m	2.06g	31m	0	multi8:17.9%	0	7|0	1|4	12m	8m	304	22:01:51	28.67	0.00	36.49	0.14	1.10	33.61	dm-0	0.00	0.00	0.00	0.00	0.00	0.00	0.00	0.00	0.00	0.00	0.00
11	25001	24985	0	0	3	0	800m	2.06g	31m	0	multi0:17.4%	0	1|0	0|1	11m	7m	304	22:01:52	26.71	0.00	25.34	0.14	0.82	46.99	dm-0	0.00	0.00	0.00	0.00	0.00	0.00	0.00	0.00	0.00	0.00	0.00
14	27010	27013	0	0	15	0	800m	2.06g	31m	0	multi0:18.2%	0	2|0	1|0	13m	8m	304	22:01:53	25.74	0.00	24.93	0.13	0.94	48.25	dm-0	0.00	0.00	0.00	12.00	0.00	48.00	8.00	0.75	43.33	19.33	23.20
11	19998	19962	0	0	15	0	800m	2.06g	31m	0	multi2:13.2%	0	25|0	1|0	9m	6m	304	22:01:54	24.34	0.00	27.93	2.53	0.53	44.68	dm-0	0.00	0.00	0.00	4.00	0.00	16.00	8.00	0.40	158.00	98.00	39.20
15	30863	30856	0	0	7	0	800m	2.06g	31m	0	multi8:25.0%	0	19|0	1|0	13m	9m	304	22:01:55	33.99	0.00	40.08	0.13	0.79	25.00	dm-0	0.00	0.00	0.00	0.00	0.00	0.00	0.00	0.00	0.00	0.00	0.00
6	27940	27954	0	0	16	0	800m	2.06g	31m	0	multi8:24.2%	0	1|0	0|2	13m	8m	304	22:01:56	27.43	0.00	32.24	0.14	0.82	39.37	dm-0	0.00	0.00	0.00	0.00	0.00	0.00	0.00	0.00	0.00	0.00	0.00
4	23994	23980	0	0	14	0	800m	2.06g	31m	0	multi8:19.0%	0	1|0	2|2	11m	7m	304	22:01:57	24.37	0.00	25.92	0.28	0.85	48.59	dm-0	0.00	0.00	0.00	0.00	0.00	0.00	0.00	0.00	0.00	0.00	0.00
2	24976	24980	0	0	15	0	800m	2.06g	31m	0	multi0:15.5%	0	1|0	1|0	11m	7m	304	22:01:58	22.56	0.00	24.21	0.28	0.83	52.13	dm-0	0.00	0.00	0.00	34.65	0.00	578.22	33.37	0.83	24.00	2.40	8.32
8	22452	22426	0	0	4	0	800m	2.06g	31m	0	multi0:17.0%	0	18|0	1|5	11m	7m	304	22:01:59	24.13	0.00	30.93	0.42	0.83	43.69	dm-0	0.00	0.00	0.00	73.00	0.00	292.00	8.00	0.71	9.75	0.33	2.40
6	22900	22908	0	0	9	0	800m	2.06g	31m	0	multi0:14.9%	0	0|0	0|1	10m	7m	304	22:02:00	20.53	0.00	22.88	0.14	0.69	55.76	dm-0	0.00	0.00	0.00	0.00	0.00	0.00	0.00	0.00	0.00	0.00	0.00
12	20866	20852	0	0	7	0	800m	2.06g	31m	0	multi8:13.3%	0	2|0	0|1	9m	6m	304	22:02:01	23.37	0.00	25.73	0.00	0.83	50.07	dm-0	0.00	0.00	0.00	0.00	0.00	0.00	0.00	0.00	0.00	0.00	0.00
19	27922	27900	0	0	12	0	800m	2.06g	31m	0	multi8:21.1%	0	2|0	4|0	12m	8m	304	22:02:02	26.38	0.00	27.46	0.27	0.81	45.09	dm-0	0.00	0.00	0.00	0.00	0.00	0.00	0.00	0.00	0.00	0.00	0.00
10	24408	24406	0	0	18	0	800m	2.06g	31m	0	multi2:18.2%	0	0|0	0|1	11m	7m	304	22:02:03	25.89	0.00	29.57	0.00	0.66	43.89	dm-0	0.00	0.00	0.00	0.00	0.00	0.00	0.00	0.00	0.00	0.00	0.00
4	19463	19459	0	0	16	0	800m	2.06g	31m	0	multi1:9.7%	0	0|0	1|1	10m	6m	304	22:02:05	20.90	0.00	21.46	0.42	0.84	56.38	dm-0	0.00	0.00	0.00	4.00	0.00	16.00	8.00	0.04	9.00	7.00	2.80
12	22720	22700	0	0	9	0	800m	2.06g	31m	0	multi1:14.0%	0	0|0	0|1	11m	7m	304	22:02:06	22.12	0.00	23.21	0.14	0.69	53.85	dm-0	0.00	0.00	0.00	0.00	0.00	0.00	0.00	0.00	0.00	0.00	0.00
5	16914	16920	0	0	4	0	800m	2.06g	31m	0	multi7:12.2%	0	0|0	0|0	8m	5m	304	22:02:07	19.92	0.00	21.41	0.00	0.81	57.86	dm-0	0.00	0.00	0.00	0.00	0.00	0.00	0.00	0.00	0.00	0.00	0.00
4	12541	12532	0	0	9	0	800m	2.06g	31m	0	multi8:11.2%	0	0|0	0|1	5m	3m	304	22:02:08	6.67	0.00	6.93	0.13	0.39	85.88	dm-0	0.00	0.00	0.00	0.00	0.00	0.00	0.00	0.00	0.00	0.00	0.00
5	26492	26484	0	0	16	0	800m	2.06g	31m	0	multi8:22.8%	0	2|0	3|0	12m	8m	304	22:02:09	24.97	0.00	25.93	0.14	0.97	48.00	dm-0	0.00	0.00	0.00	0.00	0.00	0.00	0.00	0.00	0.00	0.00	0.00
10	24778	24766	0	0	20	0	800m	2.06g	31m	0	multi8:18.3%	0	1|0	2|1	11m	7m	304	22:02:10	24.72	0.00	29.28	0.14	0.83	45.03	dm-0	0.00	0.00	0.00	0.00	0.00	0.00	0.00	0.00	0.00	0.00	0.00
7	27046	27035	0	0	17	0	800m	2.06g	31m	0	multi1:20.2%	0	0|0	1|0	13m	8m	304	22:02:11	27.18	0.00	29.44	0.56	0.99	41.83	dm-0	0.00	0.00	0.00	4.00	0.00	16.00	8.00	0.10	25.00	9.00	3.60
13	20705	20692	0	0	22	0	800m	2.06g	31m	0	multi8:14.2%	0	0|0	1|0	10m	6m	305	22:02:12	24.10	0.00	26.23	0.13	0.80	48.74	dm-0	0.00	0.00	0.00	0.00	0.00	0.00	0.00	0.00	0.00	0.00	0.00
3	21634	21634	0	0	12	0	800m	2.06g	31m	0	multi1:14.2%	0	0|0	0|0	10m	6m	305	22:02:13	20.38	0.00	22.98	0.00	0.82	55.81	dm-0	0.00	0.00	0.00	0.00	0.00	0.00	0.00	0.00	0.00	0.00	0.00
10	23452	23423	0	0	8	0	800m	2.06g	31m	0	multi8:19.0%	0	0|0	0|0	11m	7m	305	22:02:14	22.31	0.00	24.49	0.14	0.82	52.24	dm-0	0.00	0.00	0.00	0.00	0.00	0.00	0.00	0.00	0.00	0.00	0.00
6	27625	27629	0	0	15	0	800m	2.06g	31m	0	multi8:18.9%	0	2|0	0|3	13m	8m	305	22:02:15	28.33	0.00	32.72	0.14	0.85	37.96	dm-0	0.00	0.00	0.00	0.00	0.00	0.00	0.00	0.00	0.00	0.00	0.00
4	19425	19431	0	0	4	0	800m	2.06g	31m	0	multi8:13.7%	0	0|0	2|0	9m	6m	305	22:02:16	21.43	0.00	23.76	0.00	0.82	53.98	dm-0	0.00	0.00	0.00	0.00	0.00	0.00	0.00	0.00	0.00	0.00	0.00
6	27385	27369	0	0	14	0	800m	2.06g	31m	0	multi8:23.6%	0	3|0	2|1	13m	8m	306	22:02:17	20.65	0.00	22.75	0.28	0.98	55.34	dm-0	0.00	0.00	0.00	4.00	0.00	16.00	8.00	0.05	13.00	5.00	2.00
10	24337	24333	0	0	12	0	800m	2.06g	31m	0	multi8:15.6%	0	1|0	1|0	12m	8m	306	22:02:18	31.84	0.00	31.84	0.28	0.98	35.06	dm-0	0.00	0.00	0.00	0.00	0.00	0.00	0.00	0.00	0.00	0.00	0.00
7	22580	22568	0	0	10	0	800m	2.06g	31m	0	multi1:16.2%	0	4|0	0|5	11m	7m	306	22:02:19	17.37	0.00	21.03	0.54	0.68	60.38	dm-0	0.00	0.00	0.00	6.00	0.00	84.00	28.00	0.20	33.33	9.33	5.60
8	16875	16886	0	0	3	1	800m	2.06g	31m	0	multi7:10.6%	0	0|0	0|0	7m	5m	306	22:02:20	24.65	0.00	23.53	2.24	0.98	48.60	dm-0	0.00	0.00	0.00	67.00	0.00	472.00	14.09	0.42	5.97	2.39	16.00
7	17606	17592	0	0	5	0	800m	2.06g	31m	0	multi8:15.2%	0	1|0	0|2	8m	5m	306	22:02:21	9.83	0.00	12.84	1.97	0.26	75.10	dm-0	0.00	0.00	0.00	55.00	0.00	444.00	16.15	0.46	8.87	3.78	20.80
12	22759	22744	0	0	7	0	800m	2.06g	31m	0	multi8:21.6%	0	41|0	1|0	10m	7m	306	22:02:22	26.01	0.00	34.05	0.00	0.67	39.28	dm-0	0.00	0.00	0.00	0.00	0.00	0.00	0.00	0.00	0.00	0.00	0.00
11	30423	30413	0	0	14	0	800m	2.06g	31m	0	multi8:32.3%	0	0|0	2|0	13m	9m	306	22:02:23	33.73	0.00	49.40	0.27	0.94	15.66	dm-0	0.00	0.00	0.00	0.00	0.00	0.00	0.00	0.00	0.00	0.00	0.00
5	26751	26748	0	0	14	0	800m	2.06g	31m	0	multi8:16.8%	0	0|0	1|0	12m	8m	306	22:02:24	27.56	0.00	30.19	0.00	0.97	41.27	dm-0	0.00	0.00	0.00	0.00	0.00	0.00	0.00	0.00	0.00	0.00	0.00
10	20576	20555	0	0	3	0	800m	2.06g	31m	0	multi0:12.3%	0	2|0	1|2	10m	6m	306	22:02:25	23.53	0.00	24.62	0.14	0.68	51.03	dm-0	0.00	0.00	0.00	0.00	0.00	0.00	0.00	0.00	0.00	0.00	0.00
10	20561	20562	0	0	10	0	800m	2.06g	31m	0	multi0:17.1%	0	0|0	1|0	10m	6m	306	22:02:26	21.46	0.00	22.56	0.28	0.83	54.88	dm-0	0.00	0.00	0.00	4.00	0.00	16.00	8.00	0.02	6.00	2.00	0.80
4	24445	24436	0	0	6	0	800m	2.06g	31m	0	multi8:16.8%	0	1|0	1|0	11m	7m	306	22:02:27	21.28	0.00	24.83	0.14	0.82	52.93	dm-0	0.00	0.00	0.00	0.00	0.00	0.00	0.00	0.00	0.00	0.00	0.00
0	24652	24644	0	0	8	0	800m	2.06g	31m	0	multi8:20.3%	0	4|0	0|3	12m	8m	306	22:02:28	26.26	0.00	24.86	0.14	0.98	47.77	dm-0	0.00	0.00	0.00	0.00	0.00	0.00	0.00	0.00	0.00	0.00	0.00
0	22063	22074	0	0	3	0	800m	2.06g	31m	0	multi4:15.4%	0	0|0	1|2	10m	7m	306	22:02:29	23.19	0.00	22.90	0.57	0.71	52.63	dm-0	0.00	0.00	0.00	44.00	0.00	464.00	21.09	0.85	19.36	1.36	6.00
0	22887	22880	0	0	4	0	800m	2.06g	31m	0	multi8:18.5%	0	3|0	2|0	11m	7m	306	22:02:30	19.94	0.00	21.36	0.14	0.85	57.71	dm-0	0.00	0.00	0.00	0.00	0.00	0.00	0.00	0.00	0.00	0.00	0.00
0	19446	19448	0	0	8	0	800m	2.06g	31m	0	multi6:14.0%	0	0|0	0|0	9m	6m	306	22:02:31	23.16	0.00	22.62	0.27	0.82	53.13	dm-0	0.00	0.00	0.00	28.00	0.00	112.00	8.00	0.18	6.29	0.43	1.20
0	22680	22684	0	0	6	0	800m	2.06g	31m	0	multi6:15.6%	0	1|0	2|2	10m	7m	306	22:02:32	19.03	0.00	20.55	0.14	0.69	59.59	dm-0	0.00	0.00	0.00	0.00	0.00	0.00	0.00	0.00	0.00	0.00	0.00
0	20875	20877	0	0	6	0	800m	2.06g	31m	0	multi8:13.0%	0	1|0	1|1	10m	7m	306	22:02:33	24.83	0.00	27.02	0.27	0.96	46.91	dm-0	0.00	0.00	0.00	7.00	0.00	68.00	19.43	0.08	11.43	4.00	2.80
0	23455	23439	0	0	5	0	800m	2.06g	31m	0	multi8:14.4%	0	6|0	3|2	11m	7m	306	22:02:34	26.83	0.00	28.37	0.14	0.84	43.82	dm-0	0.00	0.00	0.00	0.00	0.00	0.00	0.00	0.00	0.00	0.00	0.00
0	26283	26299	0	0	6	0	800m	2.06g	31m	0	multi8:17.9%	0	0|0	1|0	12m	8m	306	22:02:35	22.44	0.00	23.00	0.00	0.98	53.58	dm-0	0.00	0.00	0.00	0.00	0.00	0.00	0.00	0.00	0.00	0.00	0.00
0	22701	22698	0	0	6	0	800m	2.06g	30m	0	multi7:14.1%	0	1|0	0|1	11m	7m	306	22:02:36	23.18	0.00	21.51	0.14	0.70	54.47	dm-0	0.00	0.00	0.00	0.00	0.00	0.00	0.00	0.00	0.00	0.00	0.00
0	18806	18803	0	0	5	0	800m	2.06g	30m	0	multi4:13.0%	0	2|0	0|2	9m	6m	306	22:02:37	15.45	0.00	16.12	0.41	0.68	67.34	dm-0	0.00	0.00	0.00	11.00	0.00	44.00	8.00	0.04	4.00	0.73	0.80
0	19085	19095	0	0	4	0	800m	2.06g	30m	0	multi2:12.2%	0	0|0	0|1	10m	6m	306	22:02:38	21.07	0.00	22.18	0.00	0.69	56.06	dm-0	0.00	0.00	0.00	0.00	0.00	0.00	0.00	0.00	0.00	0.00	0.00
0	21658	21657	0	0	9	0	800m	2.06g	30m	0	multi6:16.1%	0	0|0	1|1	11m	7m	306	22:02:39	21.17	0.00	22.54	0.00	0.96	55.33	dm-0	0.00	0.00	0.00	0.00	0.00	0.00	0.00	0.00	0.00	0.00	0.00
0	23088	23089	0	0	9	0	800m	2.06g	30m	0	multi6:20.2%	0	0|0	0|0	11m	7m	306	22:02:40	27.72	0.00	27.17	0.28	0.83	44.00	dm-0	0.00	0.00	0.00	0.00	0.00	0.00	0.00	0.00	0.00	0.00	0.00
0	22918	22892	0	0	3	0	800m	2.06g	30m	0	multi6:15.6%	0	7|0	2|1	11m	7m	306	22:02:41	18.49	0.00	18.35	0.00	0.81	62.35	dm-0	0.00	0.00	0.00	0.00	0.00	0.00	0.00	0.00	0.00	0.00	0.00
0	17881	17902	0	0	5	0	800m	2.06g	30m	0	multi6:14.5%	0	0|0	0|0	9m	6m	306	22:02:42	19.19	0.00	18.08	0.14	0.70	61.89	dm-0	0.00	0.00	0.00	0.00	0.00	0.00	0.00	0.00	0.00	0.00	0.00
0	23311	23301	0	0	8	0	800m	2.06g	30m	0	multi6:15.1%	0	6|0	2|1	11m	7m	306	22:02:43	22.15	0.00	25.17	0.28	0.83	51.58	dm-0	0.00	0.00	0.00	5.00	0.00	20.00	8.00	0.05	9.60	4.80	2.40
0	23163	23169	0	0	9	0	800m	2.06g	30m	0	multi6:18.3%	0	0|0	1|1	11m	7m	306	22:02:44	23.09	0.00	25.31	0.00	0.83	50.76	dm-0	0.00	0.00	0.00	0.00	0.00	0.00	0.00	0.00	0.00	0.00	0.00
0	22069	22077	0	0	8	0	800m	2.06g	30m	0	multi6:14.0%	0	1|0	1|1	10m	6m	306	22:02:45	19.72	0.00	21.67	0.28	0.83	57.50	dm-0	0.00	0.00	0.00	0.00	0.00	0.00	0.00	0.00	0.00	0.00	0.00
0	19859	19857	0	0	2	0	800m	2.06g	30m	0	multi4:12.8%	0	0|0	0|0	10m	7m	306	22:02:46	18.28	0.00	22.10	0.00	0.82	58.80	dm-0	0.00	0.00	0.00	0.00	0.00	0.00	0.00	0.00	0.00	0.00	0.00
0	21286	21282	0	0	13	0	800m	2.06g	30m	0	multi4:18.1%	0	2|0	1|1	10m	6m	306	22:02:47	19.01	0.00	19.86	0.14	0.70	60.28	dm-0	0.00	0.00	0.00	0.00	0.00	0.00	0.00	0.00	0.00	0.00	0.00
0	20590	20592	0	0	6	0	800m	2.06g	30m	0	multi8:11.6%	0	1|0	0|2	9m	6m	306	22:02:48	20.19	0.00	22.28	0.14	0.84	56.55	dm-0	0.00	0.00	0.00	0.00	0.00	0.00	0.00	0.00	0.00	0.00	0.00
0	22097	22075	0	0	7	0	800m	2.06g	30m	0	multi4:13.5%	0	2|0	2|2	10m	6m	306	22:02:49	17.09	0.00	18.35	0.14	0.70	63.73	dm-0	0.00	0.00	0.00	0.00	0.00	0.00	0.00	0.00	0.00	0.00	0.00
0	22302	22310	0	0	9	0	800m	2.06g	30m	0	multi4:19.1%	0	0|0	1|1	10m	7m	306	22:02:50	20.11	0.00	27.55	0.14	0.83	51.38	dm-0	0.00	0.00	0.00	0.00	0.00	0.00	0.00	0.00	0.00	0.00	0.00
0	19088	19086	0	0	6	0	800m	2.06g	30m	0	multi6:12.7%	0	1|0	1|1	9m	6m	306	22:02:51	19.81	0.00	19.81	0.00	0.69	59.70	dm-0	0.00	0.00	0.00	0.00	0.00	0.00	0.00	0.00	0.00	0.00	0.00
0	22254	22247	0	0	8	0	800m	2.06g	30m	0	multi6:15.6%	0	3|0	1|0	10m	6m	306	22:02:52	20.95	0.00	20.11	0.28	0.84	57.82	dm-0	0.00	0.00	0.00	0.00	0.00	0.00	0.00	0.00	0.00	0.00	0.00
0	21066	21078	0	0	7	0	800m	2.06g	30m	0	multi4:11.3%	0	0|0	0|1	9m	6m	306	22:02:53	18.36	0.00	18.93	0.00	0.85	61.86	dm-0	0.00	0.00	0.00	6.00	0.00	64.00	21.33	0.04	6.00	1.33	0.80
0	22367	22368	0	0	8	0	800m	2.06g	30m	0	multi6:18.1%	0	0|0	1|0	10m	6m	306	22:02:55	23.30	0.00	25.71	0.28	0.85	49.86	dm-0	0.00	0.00	0.00	0.00	0.00	0.00	0.00	0.00	0.00	0.00	0.00
0	23520	23520	0	0	13	0	800m	2.06g	30m	0	multi6:18.8%	0	0|0	2|1	11m	7m	306	22:02:56	19.59	0.00	21.10	0.00	0.97	58.34	dm-0	0.00	0.00	0.00	0.00	0.00	0.00	0.00	0.00	0.00	0.00	0.00
0	24409	24409	0	0	14	0	800m	2.06g	30m	0	multi6:20.0%	0	0|0	0|0	11m	8m	306	22:02:57	23.80	0.00	27.63	0.14	0.68	47.74	dm-0	0.00	0.00	0.00	0.00	0.00	0.00	0.00	0.00	0.00	0.00	0.00
0	22584	22590	0	0	8	0	800m	2.06g	30m	0	multi6:13.8%	0	1|0	0|6	10m	7m	306	22:02:58	19.64	0.00	21.45	0.00	0.84	58.08	dm-0	0.00	0.00	0.00	0.00	0.00	0.00	0.00	0.00	0.00	0.00	0.00
0	22558	22550	0	0	18	0	800m	2.06g	30m	0	multi6:18.3%	0	0|0	0|1	11m	7m	306	22:02:59	22.07	0.00	24.19	0.14	0.99	52.62	dm-0	0.00	0.00	0.00	4.00	0.00	36.00	18.00	0.01	3.00	1.00	0.40
0	19536	19491	0	0	8	0	800m	2.06g	30m	0	multi6:14.9%	0	0|0	0|0	9m	6m	306	22:03:00	18.07	0.00	19.61	0.28	0.70	61.34	dm-0	0.00	0.00	0.00	0.00	0.00	0.00	0.00	0.00	0.00	0.00	0.00
0	22342	22394	0	0	10	0	800m	2.06g	30m	0	multi6:17.2%	0	2|0	0|1	10m	6m	306	22:03:01	19.77	0.00	21.89	0.00	0.71	57.63	dm-0	0.00	0.00	0.00	0.00	0.00	0.00	0.00	0.00	0.00	0.00	0.00
0	15695	15691	0	0	17	0	800m	2.06g	30m	0	multi6:9.1%	0	0|0	0|0	7m	4m	306	22:03:02	15.41	0.00	16.64	0.14	0.69	67.13	dm-0	0.00	0.00	0.00	0.00	0.00	0.00	0.00	0.00	0.00	0.00	0.00
0	20681	20681	0	0	8	0	800m	2.06g	30m	0	multi6:13.2%	0	1|1	2|1	9m	6m	306	22:03:03	15.17	0.00	15.17	0.00	0.69	68.97	dm-0	0.00	0.00	0.00	0.00	0.00	0.00	0.00	0.00	0.00	0.00	0.00
0	20504	20506	0	0	9	0	800m	2.06g	30m	0	multi6:14.3%	0	0|0	0|0	9m	6m	306	22:03:04	17.74	0.00	22.24	0.27	0.68	59.07	dm-0	0.00	0.00	0.00	11.00	0.00	200.00	36.36	0.06	5.45	1.45	1.60
0	17140	17140	0	0	12	0	800m	2.06g	30m	0	multi5:9.8%	0	0|0	0|1	7m	5m	306	22:03:05	17.22	0.00	20.23	0.14	0.86	61.55	dm-0	0.00	0.00	0.00	0.00	0.00	0.00	0.00	0.00	0.00	0.00	0.00
0	15118	15120	0	0	7	0	800m	2.06g	30m	0	multi8:10.7%	0	0|0	0|0	7m	4m	306	22:03:06	12.23	0.00	13.86	0.00	0.54	73.37	dm-0	0.00	0.00	0.00	0.00	0.00	0.00	0.00	0.00	0.00	0.00	0.00
0	14973	14974	0	0	6	0	800m	2.06g	30m	0	multi6:11.9%	0	0|0	1|0	7m	4m	306	22:03:07	12.83	0.00	12.14	0.00	0.55	74.48	dm-0	0.00	0.00	0.00	0.00	0.00	0.00	0.00	0.00	0.00	0.00	0.00
0	12998	13001	0	0	5	0	800m	2.06g	30m	0	multi6:9.3%	0	0|0	0|0	6m	3m	306	22:03:08	11.99	0.00	12.67	0.27	0.54	74.52	dm-0	0.00	0.00	0.00	0.00	0.00	0.00	0.00	0.00	0.00	0.00	0.00
0	10843	10840	0	0	5	0	800m	2.06g	30m	0	multi6:6.6%	0	0|0	0|0	5m	3m	306	22:03:09	8.79	0.00	9.45	0.13	0.53	81.09	dm-0	0.00	0.00	0.00	5.00	0.00	40.00	16.00	0.02	3.20	1.60	0.80
0	10595	10592	0	0	7	0	800m	2.06g	30m	0	multi6:7.3%	0	0|0	0|0	5m	3m	306	22:03:10	8.31	0.00	9.50	0.00	0.26	81.93	dm-0	0.00	0.00	0.00	0.00	0.00	0.00	0.00	0.00	0.00	0.00	0.00
0	11500	11502	0	0	3	0	800m	2.06g	30m	0	multi6:7.7%	0	0|0	0|1	5m	3m	306	22:03:11	8.95	0.00	8.81	0.00	0.53	81.71	dm-0	0.00	0.00	0.00	0.00	0.00	0.00	0.00	0.00	0.00	0.00	0.00
0	9379	9383	0	0	6	0	800m	2.06g	30m	0	multi6:5.3%	0	0|0	1|0	4m	2m	306	22:03:12	8.48	0.00	9.54	0.13	0.40	81.46	dm-0	0.00	0.00	0.00	0.00	0.00	0.00	0.00	0.00	0.00	0.00	0.00
0	8128	8128	0	0	10	0	800m	2.06g	30m	0	multi8:4.7%	0	0|0	0|0	3m	2m	306	22:03:13	5.67	0.00	5.27	0.26	0.40	88.41	dm-0	0.00	0.00	0.00	0.00	0.00	0.00	0.00	0.00	0.00	0.00	0.00
0	9796	9791	0	0	6	0	800m	2.06g	30m	0	multi6:7.3%	0	0|0	0|1	4m	3m	306	22:03:14	7.14	0.00	8.09	0.00	0.27	84.50	dm-0	0.00	0.00	0.00	0.00	0.00	0.00	0.00	0.00	0.00	0.00	0.00
0	6764	6769	0	0	4	0	800m	2.06g	30m	0	multi8:3.6%	0	0|0	0|0	3m	2m	306	22:03:15	6.33	0.00	5.41	0.00	0.40	87.86	dm-0	0.00	0.00	0.00	3.00	0.00	12.00	8.00	0.01	4.00	2.67	0.80
0	6262	6260	0	0	6	0	800m	2.06g	30m	0	multi8:3.2%	0	0|0	0|0	2m	1m	306	22:03:16	5.00	0.00	5.26	0.13	0.26	89.34	dm-0	0.00	0.00	0.00	0.00	0.00	0.00	0.00	0.00	0.00	0.00	0.00
0	4757	4758	0	0	8	0	800m	2.06g	30m	0	multi4:3.2%	0	0|0	0|0	2m	1m	306	22:03:17	2.97	0.00	3.23	0.13	0.13	93.55	dm-0	0.00	0.00	0.00	0.00	0.00	0.00	0.00	0.00	0.00	0.00	0.00
0	4018	4017	0	0	3	0	800m	2.06g	30m	0	multi6:2.1%	0	0|0	0|0	1m	1m	306	22:03:18	3.50	0.00	4.02	0.00	0.39	92.09	dm-0	0.00	0.00	0.00	0.00	0.00	0.00	0.00	0.00	0.00	0.00	0.00
0	2371	2373	0	0	2	0	800m	2.06g	30m	0	multi5:1.2%	0	0|0	1|0	1m	674k	306	22:03:19	1.15	0.00	2.05	0.13	0.13	96.54	dm-0	0.00	0.00	0.00	0.00	0.00	0.00	0.00	0.00	0.00	0.00	0.00
0	1958	1957	0	0	2	1	800m	2.06g	30m	0	multi8:0.9%	0	0|0	0|0	896k	591k	306	22:03:20	0.90	0.00	1.28	0.13	0.13	97.57	dm-0	0.00	0.00	0.00	0.00	0.00	0.00	0.00	0.00	0.00	0.00	0.00
0	1991	1993	0	0	3	0	800m	2.06g	30m	0	multi8:1.5%	0	0|0	0|0	918k	607k	306	22:03:21	0.51	0.00	0.89	0.13	0.13	98.35	dm-0	0.00	0.00	0.00	0.00	0.00	0.00	0.00	0.00	0.00	0.00	0.00
0	1389	1388	0	0	2	0	800m	2.06g	30m	0	multi7:0.8%	0	0|0	0|0	651k	436k	306	22:03:22	0.38	0.00	0.89	0.13	0.00	98.60	dm-0	0.00	0.00	0.00	0.00	0.00	0.00	0.00	0.00	0.00	0.00	0.00
0	1402	1402	0	0	4	0	800m	2.06g	30m	0	multi6:1.3%	0	0|0	0|1	678k	461k	306	22:03:23	0.75	0.00	1.26	0.13	0.13	97.74	dm-0	0.00	0.00	0.00	0.00	0.00	0.00	0.00	0.00	0.00	0.00	0.00
0	1109	1109	0	0	2	0	800m	2.06g	30m	0	multi8:1.0%	0	0|0	0|0	503k	334k	306	22:03:24	0.26	0.00	1.02	0.00	0.00	98.72	dm-0	0.00	0.00	0.00	0.00	0.00	0.00	0.00	0.00	0.00	0.00	0.00
0	1158	1158	0	0	3	0	800m	2.06g	30m	0	multi6:1.1%	0	0|0	0|0	551k	373k	306	22:03:25	0.50	0.00	0.88	0.25	0.13	98.24	dm-0	0.00	0.00	0.00	4.00	0.00	16.00	8.00	0.04	9.00	3.00	1.20
0	1403	1402	0	0	2	0	800m	2.06g	30m	0	multi4:1.1%	0	0|0	0|0	718k	503k	306	22:03:26	0.25	0.00	1.02	0.13	0.00	98.60	dm-0	0.00	0.00	0.00	0.00	0.00	0.00	0.00	0.00	0.00	0.00	0.00
0	874	876	0	0	4	0	800m	2.06g	30m	0	multi7:1.2%	0	0|0	0|0	409k	276k	306	22:03:27	0.50	0.00	0.63	0.13	0.00	98.74	dm-0	0.00	0.00	0.00	0.00	0.00	0.00	0.00	0.00	0.00	0.00	0.00
0	819	819	0	0	2	0	800m	2.06g	30m	0	multi6:0.5%	0	0|0	0|0	363k	239k	306	22:03:28	0.25	0.00	1.01	0.13	0.13	98.49	dm-0	0.00	0.00	0.00	1.00	0.00	16.00	32.00	0.00	4.00	4.00	0.40
0	446	446	0	0	2	0	800m	2.06g	30m	0	multi8:0.3%	0	0|0	0|0	215k	151k	306	22:03:29	0.13	0.00	0.63	0.00	0.00	99.24	dm-0	0.00	0.00	0.00	0.00	0.00	0.00	0.00	0.00	0.00	0.00	0.00
0	1458	1458	0	0	2	0	800m	2.06g	30m	0	multi5:1.2%	0	0|0	0|0	609k	383k	306	22:03:30	0.00	0.00	0.76	0.13	0.13	98.98	dm-0	0.00	0.00	0.00	0.00	0.00	0.00	0.00	0.00	0.00	0.00	0.00
0	304	304	0	0	2	0	800m	2.06g	30m	0	multi0:0.3%	0	0|0	0|0	163k	121k	306	22:03:31	0.38	0.00	0.50	0.13	0.00	98.99	dm-0	0.00	0.00	0.00	0.00	0.00	0.00	0.00	0.00	0.00	0.00	0.00
0	903	903	0	0	2	0	800m	2.06g	30m	0	multi8:0.8%	0	0|0	0|0	421k	284k	306	22:03:32	0.38	0.00	0.25	0.00	0.00	99.37	dm-0	0.00	0.00	0.00	0.00	0.00	0.00	0.00	0.00	0.00	0.00	0.00
0	363	363	0	0	2	0	800m	2.06g	30m	0	multi0:0.4%	0	0|0	0|0	197k	146k	306	22:03:33	0.38	0.00	0.38	0.25	0.00	98.99	dm-0	0.00	0.00	0.00	5.00	0.00	28.00	11.20	0.01	2.40	0.80	0.40
0	489	489	0	0	2	0	800m	2.06g	30m	0	multi6:0.3%	0	0|0	0|0	229k	158k	306	22:03:34	0.25	0.00	0.50	0.13	0.00	99.12	dm-0	0.00	0.00	0.00	0.00	0.00	0.00	0.00	0.00	0.00	0.00	0.00
0	352	351	0	0	2	0	800m	2.06g	30m	0	multi8:0.5%	0	0|0	0|0	172k	123k	306	22:03:35	0.13	0.00	0.38	0.13	0.00	99.37	dm-0	0.00	0.00	0.00	0.00	0.00	0.00	0.00	0.00	0.00	0.00	0.00
0	785	785	0	0	2	0	800m	2.06g	30m	0	multi6:0.6%	0	0|0	0|0	387k	268k	306	22:03:36	0.51	0.00	0.63	0.00	0.13	98.74	dm-0	0.00	0.00	0.00	0.00	0.00	0.00	0.00	0.00	0.00	0.00	0.00
0	476	477	0	0	2	0	800m	2.06g	30m	0	multi6:0.5%	0	0|0	0|0	208k	139k	306	22:03:37	0.00	0.00	0.25	0.13	0.00	99.62	dm-0	0.00	0.00	0.00	0.00	0.00	0.00	0.00	0.00	0.00	0.00	0.00
0	239	239	0	0	3	0	800m	2.06g	30m	0	multi8:0.2%	0	0|0	0|0	111k	80k	306	22:03:38	0.13	0.00	0.50	0.13	0.00	99.24	dm-0	0.00	0.00	0.00	7.00	0.00	88.00	25.14	0.03	4.00	0.57	0.40
0	404	404	0	0	2	0	800m	2.06g	30m	0	multi5:0.2%	0	0|0	0|0	178k	120k	306	22:03:39	0.13	0.00	0.38	0.00	0.13	99.37	dm-0	0.00	0.00	0.00	0.00	0.00	0.00	0.00	0.00	0.00	0.00	0.00
0	280	279	0	0	5	0	800m	2.06g	30m	0	multi8:0.5%	0	0|0	0|0	108k	71k	306	22:03:40	0.13	0.00	0.75	0.25	0.00	98.87	dm-0	0.00	0.00	0.00	4.00	0.00	16.00	8.00	0.02	6.00	2.00	0.80
0	165	166	0	0	28	0	800m	2.06g	30m	0	multi0:0.1%	0	0|0	0|0	72k	52k	306	22:03:41	0.13	0.00	0.50	0.00	0.00	99.37	dm-0	0.00	0.00	0.00	0.00	0.00	0.00	0.00	0.00	0.00	0.00	0.00
0	0	0	0	0	2	0	800m	2.06g	30m	0	.:0.1%	0	0|0	0|0	124b	7k	306	22:03:42	0.00	0.00	0.50	0.00	0.00	99.50	dm-0	0.00	0.00	0.00	0.00	0.00	0.00	0.00	0.00	0.00	0.00	0.00
0	0	0	0	0	3	0	800m	2.06g	30m	0	multi9:0.0%	0	0|0	0|0	197b	7k	306	22:03:43	0.13	0.00	0.25	0.00	0.00	99.62	dm-0	0.00	0.00	0.00	1.00	0.00	12.00	24.00	0.00	0.00	0.00	0.00
0	0	0	0	0	2	0	800m	2.06g	30m	0	multi9:0.0%	0	0|0	0|0	124b	7k	306	22:03:44	0.00	0.00	0.13	0.13	0.00	99.75	dm-0	0.00	0.00	0.00	0.00	0.00	0.00	0.00	0.00	0.00	0.00	0.00
0	0	0	0	0	2	0	800m	2.06g	30m	0	multi9:0.0%	0	0|0	0|0	124b	7k	306	22:03:45	0.00	0.00	0.25	0.00	0.00	99.75	dm-0	0.00	0.00	0.00	0.00	0.00	0.00	0.00	0.00	0.00	0.00	0.00
0	0	0	0	0	2	0	800m	2.06g	30m	0	local:0.0%	0	0|0	0|0	124b	7k	306	22:03:46	0.13	0.00	0.25	0.13	0.00	99.50	dm-0	0.00	0.00	0.00	3.00	0.00	12.00	8.00	0.01	2.67	1.33	0.40
0	0	0	0	0	2	0	800m	2.06g	30m	0	multi9:0.0%	0	0|0	0|0	124b	7k	306	22:03:47	0.12	0.00	0.50	0.00	0.00	99.38	dm-0	0.00	0.00	0.00	0.00	0.00	0.00	0.00	0.00	0.00	0.00	0.00
0	12	0	0	0	2	0	800m	2.06g	30m	0	multi8:0.0%	0	0|0	0|0	124b	7k	306	22:03:48	0.00	0.00	0.38	0.00	0.00	99.62	dm-0	0.00	0.00	0.00	0.00	0.00	0.00	0.00	0.00	0.00	0.00	0.00
0	0	0	0	0	2	0	800m	2.06g	30m	0	multi1:0.0%	0	0|0	0|0	124b	7k	306	22:03:49	0.25	0.00	0.38	0.12	0.00	99.25	dm-0	0.00	0.00	0.00	0.00	0.00	0.00	0.00	0.00	0.00	0.00	0.00
0	0	0	0	0	2	0	800m	2.06g	30m	0	multi9:0.0%	0	0|0	0|0	124b	7k	306	22:03:50	0.25	0.00	0.37	0.00	0.00	99.38	dm-0	0.00	0.00	0.00	0.00	0.00	0.00	0.00	0.00	0.00	0.00	0.00
0	0	0	0	0	2	0	800m	2.06g	30m	0	multi9:0.0%	0	0|0	0|0	124b	7k	306	22:03:51	0.00	0.00	0.38	0.00	0.00	99.62	dm-0	0.00	0.00	0.00	0.00	0.00	0.00	0.00	0.00	0.00	0.00	0.00
0	0	0	0	0	2	0	800m	2.06g	30m	0	multi9:0.0%	0	0|0	0|0	124b	7k	306	22:03:52	0.13	0.00	0.25	0.00	0.00	99.62	dm-0	0.00	0.00	0.00	0.00	0.00	0.00	0.00	0.00	0.00	0.00	0.00
0	0	0	0	0	2	0	800m	2.06g	30m	0	multi7:0.0%	0	0|0	0|0	124b	7k	306	22:03:53	0.00	0.00	0.13	0.00	0.00	99.87	dm-0	0.00	0.00	0.00	0.00	0.00	0.00	0.00	0.00	0.00	0.00	0.00
0	0	0	0	0	2	0	800m	2.06g	30m	0	multi9:0.0%	0	0|0	0|0	124b	7k	306	22:03:54	0.00	0.00	0.25	0.13	0.00	99.62	dm-0	0.00	0.00	0.00	0.00	0.00	0.00	0.00	0.00	0.00	0.00	0.00
0	0	0	0	0	2	0	800m	2.06g	30m	0	multi9:0.0%	0	0|0	0|0	124b	7k	306	22:03:55	0.00	0.00	0.25	0.00	0.00	99.75	dm-0	0.00	0.00	0.00	0.00	0.00	0.00	0.00	0.00	0.00	0.00	0.00
0	0	0	0	0	2	0	800m	2.06g	30m	0	multi9:0.0%	0	0|0	0|0	124b	7k	306	22:03:56	0.13	0.00	0.38	0.00	0.00	99.50	dm-0	0.00	0.00	0.00	0.00	0.00	0.00	0.00	0.00	0.00	0.00	0.00
0	0	0	0	0	2	0	800m	2.06g	30m	0	multi0:0.0%	0	0|0	0|0	124b	7k	306	22:03:57	0.00	0.00	0.38	0.00	0.12	99.50	dm-0	0.00	0.00	0.00	0.00	0.00	0.00	0.00	0.00	0.00	0.00	0.00
0	0	0	0	0	2	0	800m	2.06g	30m	0	multi9:0.0%	0	0|0	0|0	124b	7k	306	22:03:59	0.12	0.00	0.38	0.00	0.00	99.50	dm-0	0.00	0.00	0.00	0.00	0.00	0.00	0.00	0.00	0.00	0.00	0.00
0	0	0	0	0	2	0	800m	2.06g	30m	0	multi9:0.0%	0	0|0	0|0	124b	7k	306	22:04:00	0.12	0.00	0.50	0.00	0.00	99.38	dm-0	0.00	0.00	0.00	0.00	0.00	0.00	0.00	0.00	0.00	0.00	0.00
0	0	0	0	0	2	0	800m	2.06g	30m	0	multi2:0.0%	0	0|0	0|0	124b	7k	306	22:04:01	0.00	0.00	0.50	0.00	0.00	99.50	dm-0	0.00	0.00	0.00	0.00	0.00	0.00	0.00	0.00	0.00	0.00	0.00
0	0	0	0	0	2	0	800m	2.06g	30m	0	multi9:0.0%	0	0|0	0|0	124b	7k	306	22:04:02	0.00	0.00	0.50	0.00	0.00	99.50	dm-0	0.00	0.00	0.00	0.00	0.00	0.00	0.00	0.00	0.00	0.00	0.00
0	0	0	0	0	2	0	800m	2.06g	30m	0	multi9:0.0%	0	0|0	0|0	124b	7k	306	22:04:03	0.12	0.00	0.37	0.00	0.00	99.50	dm-0	0.00	0.00	0.00	0.00	0.00	0.00	0.00	0.00	0.00	0.00	0.00
0	0	0	0	0	2	0	800m	2.06g	30m	0	multi9:0.0%	0	0|0	0|0	124b	7k	306	22:04:04	0.12	0.00	0.50	0.00	0.12	99.25	dm-0	0.00	0.00	0.00	1.00	0.00	8.00	16.00	0.00	0.00	0.00	0.00
0	0	0	0	0	2	0	800m	2.06g	30m	0	multi9:0.0%	0	0|0	0|0	124b	7k	306	22:04:05	0.13	0.00	0.25	0.00	0.00	99.62	dm-0	0.00	0.00	0.00	0.00	0.00	0.00	0.00	0.00	0.00	0.00	0.00
