insert	query	update	delete	getmore	command	flushes	mapped	vsize	res	faults	locked-db	%idx-miss	qr|qw	ar|aw	netIn	netOut	conn	time	%user	%nice	%system	%iowait	%steal	%idle	Device:	rrqm/s	wrqm/s	r/s	w/s	rkB/s	wkB/s	avgrq-sz	avgqu-sz	await	svctm	%util
0	0	0	0	0	2	0	800m	2.06g	27m	0	.:0.0%	0	0|0	0|0	124b	7k	314	21:57:08	0.00	0.00	0.13	0.00	0.13	99.75	dm-0	0.00	0.00	0.00	0.00	0.00	0.00	0.00	0.00	0.00	0.00	0.00
0	0	0	0	0	2	0	800m	2.06g	27m	0	multi9:0.0%	0	0|0	0|0	124b	7k	314	21:57:09	0.13	0.00	0.76	1.01	0.13	97.98	dm-0	0.00	0.00	0.00	0.00	0.00	0.00	0.00	0.00	0.00	0.00	0.00
0	0	0	0	0	2	0	800m	2.06g	27m	0	multi9:0.0%	0	0|0	0|0	124b	7k	314	21:57:11	0.12	0.00	0.50	0.00	0.12	99.25	dm-0	0.00	0.00	0.00	0.00	0.00	0.00	0.00	0.00	0.00	0.00	0.00
0	0	0	0	0	2	0	800m	2.06g	27m	0	multi7:0.0%	0	0|0	0|0	124b	7k	314	21:57:12	0.13	0.00	0.38	0.00	0.13	99.36	dm-0	0.00	0.00	0.00	0.00	0.00	0.00	0.00	0.00	0.00	0.00	0.00
0	0	0	0	0	2	0	800m	2.06g	27m	0	multi9:0.0%	0	0|0	0|0	124b	7k	314	21:57:13	0.00	0.00	0.38	0.00	0.25	99.36	dm-0	0.00	0.00	0.00	0.00	0.00	0.00	0.00	0.00	0.00	0.00	0.00
0	0	0	0	0	2	0	800m	2.06g	27m	0	multi9:0.0%	0	0|0	0|0	124b	7k	314	21:57:14	0.13	0.00	0.50	0.00	0.13	99.24	dm-0	0.00	0.00	0.00	0.00	0.00	0.00	0.00	0.00	0.00	0.00	0.00
0	0	0	0	0	2	0	800m	2.06g	27m	0	multi0:0.0%	0	0|0	0|0	124b	7k	314	21:57:15	0.13	0.00	0.50	0.00	0.13	99.24	dm-0	0.00	0.00	0.00	0.00	0.00	0.00	0.00	0.00	0.00	0.00	0.00
0	0	0	0	0	2	0	800m	2.06g	27m	0	multi9:0.0%	0	0|0	0|0	124b	7k	314	21:57:16	0.13	0.00	0.51	0.00	0.13	99.24	dm-0	0.00	0.00	0.00	0.00	0.00	0.00	0.00	0.00	0.00	0.00	0.00
0	0	0	0	0	2	0	800m	2.06g	27m	0	multi9:0.0%	0	0|0	0|0	124b	7k	314	21:57:17	0.00	0.00	0.75	0.00	0.25	98.99	dm-0	0.00	0.00	0.00	0.00	0.00	0.00	0.00	0.00	0.00	0.00	0.00
0	5482	5468	0	0	2	0	800m	2.06g	27m	0	multi5:7.0%	0	0|0	0|0	2m	1m	314	21:57:18	3.84	0.00	4.64	0.13	0.26	91.13	dm-0	0.00	0.00	0.00	0.00	0.00	0.00	0.00	0.00	0.00	0.00	0.00
0	6465	6457	0	0	2	0	800m	2.06g	27m	0	multi8:5.6%	0	0|0	0|114	2m	2m	314	21:57:19	5.89	0.00	7.72	2.23	0.26	83.90	dm-0	0.00	0.00	0.00	12.00	0.00	4.00	0.67	0.20	0.00	16.67	20.00
0	8448	8467	0	0	2	1	800m	2.06g	27m	0	multi2:6.5%	0	0|0	0|0	4m	3m	314	21:57:20	4.91	0.00	7.96	3.32	0.53	83.29	dm-0	0.00	0.00	0.00	19.00	0.00	44.00	4.63	0.28	25.47	12.84	24.40
0	12812	12793	0	0	2	0	800m	2.06g	27m	0	multi6:8.7%	0	13|0	1|4	6m	4m	314	21:57:21	11.71	0.00	14.47	0.13	0.39	73.29	dm-0	0.00	0.00	0.00	0.00	0.00	0.00	0.00	0.00	0.00	0.00	0.00
0	14921	14909	0	0	1	0	800m	2.06g	27m	0	multi2:11.6%	0	0|0	0|0	7m	5m	314	21:57:22	12.13	0.00	16.93	0.00	0.71	70.24	dm-0	0.00	0.00	0.00	0.00	0.00	0.00	0.00	0.00	0.00	0.00	0.00
0	14070	14072	0	0	2	0	800m	2.06g	28m	0	multi3:16.5%	0	0|0	0|0	6m	4m	314	21:57:23	12.80	0.00	16.04	0.27	0.40	70.49	dm-0	0.00	0.00	0.00	0.00	0.00	0.00	0.00	0.00	0.00	0.00	0.00
0	17282	17294	0	0	2	0	800m	2.06g	28m	0	multi3:15.5%	0	1|0	1|1	8m	5m	314	21:57:24	16.51	0.00	17.86	0.27	0.81	64.55	dm-0	0.00	0.00	0.00	0.00	0.00	0.00	0.00	0.00	0.00	0.00	0.00
0	13812	13816	0	0	4	0	800m	2.06g	28m	0	multi8:9.7%	0	0|0	0|0	6m	4m	314	21:57:25	10.68	0.00	11.51	2.22	0.42	75.17	dm-0	0.00	0.00	0.00	4.00	0.00	16.00	8.00	0.34	86.00	72.00	28.80
0	15336	15328	0	0	3	0	800m	2.06g	28m	0	multi3:11.9%	0	2|0	2|1	7m	5m	314	21:57:26	11.33	0.00	11.89	1.82	0.70	74.27	dm-0	0.00	0.00	0.00	0.00	0.00	0.00	0.00	0.00	0.00	0.00	0.00
0	20892	20867	0	0	2	0	800m	2.06g	28m	0	multi3:26.5%	0	94|0	0|2	10m	7m	314	21:57:27	20.58	0.00	29.35	0.14	0.70	49.24	dm-0	0.00	0.00	0.00	0.00	0.00	0.00	0.00	0.00	0.00	0.00	0.00
0	22732	22747	0	0	2	0	800m	2.06g	28m	0	multi3:25.8%	0	3|0	0|2	11m	7m	314	21:57:28	24.37	0.00	34.26	0.28	0.97	40.11	dm-0	0.00	0.00	0.00	0.00	0.00	0.00	0.00	0.00	0.00	0.00	0.00
0	19820	19820	0	0	2	0	800m	2.06g	28m	0	multi7:22.0%	0	92|0	0|2	9m	6m	314	21:57:29	21.20	0.00	24.46	0.14	0.68	53.53	dm-0	0.00	0.00	0.00	0.00	0.00	0.00	0.00	0.00	0.00	0.00	0.00
0	19405	19343	0	0	2	0	800m	2.06g	28m	0	multi2:23.2%	0	5|0	0|0	9m	6m	314	21:57:30	22.94	0.00	32.90	0.13	0.66	43.38	dm-0	0.00	0.00	0.00	0.00	0.00	0.00	0.00	0.00	0.00	0.00	0.00
0	22352	22424	0	0	4	0	800m	2.06g	28m	0	multi2:25.9%	0	0|0	1|1	11m	7m	314	21:57:31	21.07	0.00	33.06	0.83	0.83	44.21	dm-0	0.00	0.00	0.00	4.00	0.00	16.00	8.00	0.09	22.00	8.00	3.20
0	22418	22355	0	0	5	0	800m	2.06g	28m	0	multi2:27.4%	0	0|0	0|0	11m	7m	314	21:57:32	21.79	0.00	27.31	0.00	0.97	49.93	dm-0	0.00	0.00	0.00	0.00	0.00	0.00	0.00	0.00	0.00	0.00	0.00
0	14461	14517	0	0	10	0	800m	2.06g	28m	0	multi7:15.0%	0	0|0	0|0	6m	4m	314	21:57:33	14.73	0.00	18.47	0.27	0.54	66.00	dm-0	0.00	0.00	0.00	0.00	0.00	0.00	0.00	0.00	0.00	0.00	0.00
0	17999	17979	0	0	4	0	800m	2.06g	28m	0	multi7:18.4%	0	0|0	0|0	7m	4m	314	21:57:34	20.11	0.00	22.87	0.00	0.55	56.47	dm-0	0.00	0.00	0.00	0.00	0.00	0.00	0.00	0.00	0.00	0.00	0.00
0	19277	19310	0	0	3	0	800m	2.06g	28m	0	multi7:19.4%	0	2|0	0|2	8m	5m	314	21:57:35	21.29	0.00	26.77	0.13	0.80	51.00	dm-0	0.00	0.00	0.00	0.00	0.00	0.00	0.00	0.00	0.00	0.00	0.00
0	16647	16641	0	0	4	0	800m	2.06g	27m	0	multi2:15.0%	0	0|0	0|0	7m	4m	314	21:57:36	16.12	0.00	21.27	0.00	0.40	62.22	dm-0	0.00	0.00	0.00	0.00	0.00	0.00	0.00	0.00	0.00	0.00	0.00
0	19720	19724	0	0	4	0	800m	2.06g	27m	0	multi2:14.2%	0	0|0	0|8	8m	4m	314	21:57:37	19.57	0.00	22.69	0.27	0.68	56.79	dm-0	0.00	0.00	0.00	0.00	0.00	0.00	0.00	0.00	0.00	0.00	0.00
0	16853	16841	0	0	14	0	800m	2.06g	27m	0	multi3:12.6%	0	5|0	0|0	7m	4m	314	21:57:38	16.02	0.00	21.63	0.13	0.40	61.82	dm-0	0.00	0.00	0.00	0.00	0.00	0.00	0.00	0.00	0.00	0.00	0.00
0	15725	15688	0	0	2	0	800m	2.06g	28m	0	multi2:13.5%	0	7|0	0|1	6m	4m	314	21:57:39	13.51	0.00	19.37	0.14	0.68	66.30	dm-0	0.00	0.00	0.00	0.00	0.00	0.00	0.00	0.00	0.00	0.00	0.00
0	21568	21612	0	0	6	0	800m	2.06g	28m	0	multi5:17.0%	0	1|0	1|2	9m	5m	314	21:57:40	21.49	0.00	28.51	1.24	0.55	48.21	dm-0	0.00	0.00	0.00	4.00	0.00	16.00	8.00	0.29	73.00	61.00	24.40
0	22655	22648	0	0	15	0	800m	2.06g	28m	0	multi3:18.6%	0	2|0	0|3	9m	6m	314	21:57:41	20.95	0.00	22.91	0.14	0.84	55.17	dm-0	0.00	0.00	0.00	0.00	0.00	0.00	0.00	0.00	0.00	0.00	0.00
0	19267	19245	0	0	16	0	800m	2.06g	28m	0	multi3:16.3%	0	8|0	2|2	8m	5m	314	21:57:42	20.76	0.00	22.34	0.13	0.53	56.24	dm-0	0.00	0.00	0.00	0.00	0.00	0.00	0.00	0.00	0.00	0.00	0.00
0	19544	19562	0	0	3	0	800m	2.06g	28m	0	multi2:18.2%	0	0|0	0|0	8m	5m	314	21:57:43	19.40	0.00	25.68	0.27	0.55	54.10	dm-0	0.00	0.00	0.00	0.00	0.00	0.00	0.00	0.00	0.00	0.00	0.00
0	18759	18754	0	0	2	0	800m	2.06g	28m	0	multi1:20.8%	0	11|0	0|2	7m	5m	314	21:57:44	19.87	0.00	28.44	0.13	0.52	51.04	dm-0	0.00	0.00	0.00	0.00	0.00	0.00	0.00	0.00	0.00	0.00	0.00
0	18270	18262	0	0	4	0	800m	2.06g	28m	0	multi1:16.0%	0	27|0	2|3	8m	5m	314	21:57:45	19.65	0.00	21.15	0.14	0.55	58.53	dm-0	0.00	0.00	0.00	0.00	0.00	0.00	0.00	0.00	0.00	0.00	0.00
0	16631	16637	0	0	9	0	800m	2.06g	28m	0	multi3:13.5%	0	16|0	2|3	7m	4m	314	21:57:46	15.33	0.00	20.53	0.13	0.53	63.47	dm-0	0.00	0.00	0.00	0.00	0.00	0.00	0.00	0.00	0.00	0.00	0.00
0	17025	17048	0	0	18	0	800m	2.06g	28m	0	multi1:16.8%	0	1|0	0|1	7m	4m	314	21:57:47	17.90	0.00	20.49	0.82	0.68	60.11	dm-0	0.00	0.00	0.00	4.00	0.00	16.00	8.00	0.20	51.00	23.00	9.20
0	18321	18305	0	0	5	0	800m	2.06g	28m	0	multi1:18.6%	0	0|0	0|0	7m	4m	314	21:57:48	17.40	0.00	20.30	0.14	0.69	61.46	dm-0	0.00	0.00	0.00	0.00	0.00	0.00	0.00	0.00	0.00	0.00	0.00
0	16535	16543	0	0	5	0	800m	2.06g	28m	0	multi1:19.3%	0	0|0	0|0	6m	4m	314	21:57:49	15.85	0.00	20.36	0.41	0.55	62.84	dm-0	0.00	0.00	0.00	0.00	0.00	0.00	0.00	0.00	0.00	0.00	0.00
0	18362	18347	0	0	3	0	800m	2.06g	27m	0	multi1:16.6%	0	0|0	0|0	7m	4m	314	21:57:50	17.63	0.00	19.01	0.14	0.55	62.67	dm-0	0.00	0.00	0.00	0.00	0.00	0.00	0.00	0.00	0.00	0.00	0.00
0	18290	18283	0	0	2	0	800m	2.06g	27m	0	multi1:20.2%	0	0|0	0|0	7m	4m	314	21:57:51	18.97	0.00	23.06	0.26	0.66	57.05	dm-0	0.00	0.00	0.00	0.00	0.00	0.00	0.00	0.00	0.00	0.00	0.00
0	19190	19216	0	0	4	0	800m	2.06g	27m	0	multi0:18.0%	0	0|0	0|0	8m	5m	314	21:57:52	18.79	0.00	24.69	1.10	0.69	54.73	dm-0	0.00	0.00	0.00	4.00	0.00	16.00	8.00	0.24	60.00	40.00	16.00
0	19820	19815	0	0	3	0	800m	2.06g	27m	0	multi0:19.0%	0	21|0	1|2	8m	5m	314	21:57:53	19.89	0.00	19.19	0.14	0.70	60.08	dm-0	0.00	0.00	0.00	0.00	0.00	0.00	0.00	0.00	0.00	0.00	0.00
0	20464	20392	0	0	6	0	800m	2.06g	27m	0	multi1:23.5%	0	0|0	0|0	9m	5m	314	21:57:54	24.09	0.00	26.55	0.13	0.65	48.58	dm-0	0.00	0.00	0.00	0.00	0.00	0.00	0.00	0.00	0.00	0.00	0.00
0	23065	23140	0	0	2	0	800m	2.06g	27m	0	multi0:27.4%	0	1|0	1|3	10m	6m	314	21:57:55	19.95	0.00	23.85	0.13	0.54	55.53	dm-0	0.00	0.00	0.00	0.00	0.00	0.00	0.00	0.00	0.00	0.00	0.00
0	19055	19021	0	0	2	0	800m	2.06g	27m	0	multi0:16.1%	0	0|0	0|0	9m	5m	314	21:57:56	29.24	0.00	37.21	0.26	0.39	32.90	dm-0	0.00	0.00	0.00	0.00	0.00	0.00	0.00	0.00	0.00	0.00	0.00
0	23400	23424	0	0	5	0	800m	2.06g	27m	0	multi0:26.7%	0	8|0	2|3	11m	7m	314	21:57:57	23.31	0.00	23.58	0.00	0.66	52.45	dm-0	0.00	0.00	0.00	0.00	0.00	0.00	0.00	0.00	0.00	0.00	0.00
0	17682	17665	0	0	5	0	800m	2.06g	27m	0	multi0:21.8%	0	107|10	0|10	9m	5m	314	21:57:58	24.59	0.00	29.42	0.83	0.55	44.61	dm-0	0.00	0.00	0.00	4.00	0.00	16.00	8.00	0.18	44.00	31.00	12.40
0	21773	21770	0	0	6	0	800m	2.06g	27m	0	multi5:24.4%	0	22|0	2|3	11m	6m	314	21:57:59	24.73	0.00	22.04	0.67	0.40	52.15	dm-0	0.00	0.00	0.00	0.00	0.00	0.00	0.00	0.00	0.00	0.00	0.00
0	18223	18244	0	0	5	0	800m	2.06g	27m	0	multi0:17.7%	0	10|0	0|3	9m	6m	314	21:58:00	25.57	0.00	24.77	0.13	0.54	49.00	dm-0	0.00	0.00	0.00	0.00	0.00	0.00	0.00	0.00	0.00	0.00	0.00
0	20895	20823	0	0	4	0	800m	2.06g	27m	0	multi4:22.8%	0	0|0	0|0	11m	7m	314	21:58:02	23.99	0.00	31.64	0.27	0.27	43.83	dm-0	0.00	0.00	0.00	0.00	0.00	0.00	0.00	0.00	0.00	0.00	0.00
0	20560	20569	0	0	7	0	800m	2.06g	27m	0	multi2:23.2%	0	0|0	0|0	11m	7m	314	21:58:03	25.92	0.00	28.03	0.53	0.66	44.87	dm-0	0.00	0.00	0.00	0.00	0.00	0.00	0.00	0.00	0.00	0.00	0.00
0	21441	21488	0	0	24	0	800m	2.06g	27m	0	multi0:20.4%	0	28|0	0|2	11m	7m	314	21:58:04	25.92	0.00	26.96	1.70	0.39	45.03	dm-0	0.00	0.00	0.00	4.00	0.00	16.00	8.00	0.42	38.00	96.00	38.40
0	19032	18960	0	0	8	0	800m	2.06g	27m	0	multi2:17.4%	0	0|0	0|0	10m	7m	314	21:58:05	24.42	0.00	27.54	0.00	0.68	47.35	dm-0	0.00	0.00	0.00	0.00	0.00	0.00	0.00	0.06	0.00	0.00	6.40
0	20030	20103	0	0	7	0	800m	2.06g	27m	0	multi2:24.8%	0	0|0	0|0	11m	7m	314	21:58:06	23.93	0.00	40.88	0.26	0.52	34.41	dm-0	0.00	0.00	0.00	0.00	0.00	0.00	0.00	0.00	0.00	0.00	0.00
0	19224	19201	0	0	4	0	800m	2.06g	27m	0	multi2:20.0%	0	0|0	0|0	10m	6m	314	21:58:07	26.57	0.00	26.96	0.13	0.39	45.96	dm-0	0.00	0.00	0.00	0.00	0.00	0.00	0.00	0.00	0.00	0.00	0.00
0	20406	20401	0	0	9	0	800m	2.06g	27m	0	multi2:28.0%	0	13|0	1|1	11m	7m	314	21:58:08	23.58	0.00	33.33	0.14	0.54	42.41	dm-0	0.00	0.00	0.00	0.00	0.00	0.00	0.00	0.00	0.00	0.00	0.00
0	20740	20746	0	0	8	0	800m	2.06g	27m	0	multi2:25.0%	0	24|0	0|6	10m	7m	314	21:58:09	23.52	0.00	28.65	0.13	0.53	47.17	dm-0	0.00	0.00	0.00	0.00	0.00	0.00	0.00	0.00	0.00	0.00	0.00
0	22100	22117	0	0	4	0	800m	2.06g	27m	0	multi2:25.9%	0	15|0	0|2	12m	8m	314	21:58:10	26.60	0.00	35.88	0.68	0.55	36.29	dm-0	0.00	0.00	0.00	4.00	0.00	16.00	8.00	0.32	80.00	32.00	12.80
0	18809	18810	0	0	3	0	800m	2.06g	27m	0	multi4:14.2%	0	0|0	0|1	9m	6m	314	21:58:11	20.59	0.00	21.00	0.13	0.67	57.60	dm-0	0.00	0.00	0.00	0.00	0.00	0.00	0.00	0.00	0.00	0.00	0.00
0	16951	16942	0	0	2	0	800m	2.06g	28m	0	multi4:17.2%	0	0|0	0|0	8m	5m	314	21:58:12	19.07	0.00	21.14	0.13	0.52	59.14	dm-0	0.00	0.00	0.00	0.00	0.00	0.00	0.00	0.00	0.00	0.00	0.00
0	16429	16441	0	0	3	0	800m	2.06g	27m	0	multi4:14.9%	0	0|0	0|0	8m	5m	314	21:58:13	17.22	0.00	23.58	0.26	0.40	58.54	dm-0	0.00	0.00	0.00	0.00	0.00	0.00	0.00	0.00	0.00	0.00	0.00
0	17947	17947	0	0	16	0	800m	2.06g	27m	0	multi4:17.9%	0	18|0	1|4	9m	6m	314	21:58:14	21.77	0.00	23.75	0.13	0.40	53.96	dm-0	0.00	0.00	0.00	0.00	0.00	0.00	0.00	0.00	0.00	0.00	0.00
0	16207	16188	0	0	9	0	800m	2.06g	28m	0	multi2:13.8%	0	6|0	0|1	7m	5m	314	21:58:15	20.26	0.00	24.77	0.26	0.65	54.06	dm-0	0.00	0.00	0.00	0.00	0.00	0.00	0.00	0.00	0.00	0.00	0.00
0	21030	21052	0	0	9	0	800m	2.06g	28m	0	multi4:17.9%	0	6|0	3|2	9m	6m	314	21:58:16	20.70	0.00	24.60	0.40	0.54	53.76	dm-0	0.00	0.00	0.00	3.00	0.00	12.00	8.00	0.16	53.33	45.33	13.60
0	13817	13804	0	0	5	0	800m	2.06g	28m	0	multi4:12.7%	0	3|0	0|1	6m	4m	314	21:58:17	14.80	0.00	17.77	0.27	0.54	66.62	dm-0	0.00	0.00	0.00	0.00	0.00	0.00	0.00	0.00	0.00	0.00	0.00
0	17236	17244	0	0	12	0	800m	2.06g	28m	0	multi4:18.3%	0	4|0	1|1	7m	5m	314	21:58:18	18.80	0.00	24.80	0.13	0.65	55.61	dm-0	0.00	0.00	0.00	0.00	0.00	0.00	0.00	0.00	0.00	0.00	0.00
0	14252	14238	0	0	6	0	800m	2.06g	28m	0	multi4:16.3%	0	35|0	1|2	6m	4m	314	21:58:19	16.43	0.00	18.84	2.53	0.51	61.69	dm-0	0.00	0.00	0.00	19.00	0.00	60.00	6.32	0.36	18.53	10.53	20.00
0	10819	10842	0	0	7	1	800m	2.06g	28m	0	multi4:9.5%	0	0|0	0|0	4m	3m	314	21:58:20	9.16	0.00	10.60	2.23	0.26	77.75	dm-0	0.00	0.00	0.00	24.00	0.00	164.00	13.67	0.35	14.67	8.00	19.20
0	18322	18308	0	0	9	0	800m	2.06g	28m	0	multi4:17.0%	0	14|0	1|2	8m	5m	315	21:58:21	17.67	0.00	21.34	0.00	0.52	60.47	dm-0	0.00	0.00	0.00	0.00	0.00	0.00	0.00	0.00	0.00	0.00	0.00
0	16235	16194	0	0	14	0	800m	2.06g	28m	0	multi4:19.4%	0	0|0	0|0	7m	4m	315	21:58:22	16.49	0.00	19.75	0.14	0.68	62.94	dm-0	0.00	0.00	0.00	0.00	0.00	0.00	0.00	0.00	0.00	0.00	0.00
0	18752	18784	0	0	7	0	800m	2.06g	28m	0	multi4:23.9%	0	0|0	0|0	7m	5m	315	21:58:23	19.97	0.00	24.43	0.14	1.15	54.31	dm-0	0.00	0.00	0.00	0.00	0.00	0.00	0.00	0.00	0.00	0.00	0.00
0	17408	17388	0	0	7	0	800m	2.06g	28m	0	multi4:19.9%	0	1|0	0|0	7m	4m	315	21:58:24	17.29	0.00	20.74	0.13	0.66	61.17	dm-0	0.00	0.00	0.00	0.00	0.00	0.00	0.00	0.00	0.00	0.00	0.00
0	18172	18186	0	0	6	0	800m	2.06g	28m	0	multi4:18.6%	0	0|0	0|0	8m	5m	315	21:58:25	17.12	0.00	21.43	1.21	0.54	59.70	dm-0	0.00	0.00	0.00	4.00	0.00	16.00	8.00	0.35	88.00	34.00	13.60
0	18675	18678	0	0	12	0	800m	2.06g	28m	0	multi2:16.2%	0	26|0	2|3	8m	5m	316	21:58:26	18.57	0.00	21.40	0.27	0.54	59.22	dm-0	0.00	0.00	0.00	0.00	0.00	0.00	0.00	0.00	0.00	0.00	0.00
0	18564	18580	0	0	11	0	800m	2.06g	28m	0	multi4:18.4%	0	0|0	0|0	8m	5m	316	21:58:27	22.99	0.00	27.76	0.54	0.82	47.89	dm-0	0.00	0.00	0.00	0.00	0.00	0.00	0.00	0.00	0.00	0.00	0.00
0	17875	17852	0	0	2	0	800m	2.06g	28m	0	multi4:19.0%	0	0|0	0|0	8m	5m	316	21:58:28	16.36	0.00	22.30	0.26	0.53	60.55	dm-0	0.00	0.00	0.00	0.00	0.00	0.00	0.00	0.00	0.00	0.00	0.00
0	18772	18777	0	0	16	0	800m	2.06g	28m	0	multi4:21.2%	0	0|0	0|0	8m	5m	316	21:58:29	17.74	0.00	20.97	0.00	0.67	60.62	dm-0	0.00	0.00	0.00	0.00	0.00	0.00	0.00	0.00	0.00	0.00	0.00
0	18328	18332	0	0	8	0	800m	2.06g	28m	0	multi4:21.1%	0	0|0	0|0	8m	5m	316	21:58:30	21.20	0.00	29.73	0.13	0.53	48.40	dm-0	0.00	0.00	0.00	0.00	0.00	0.00	0.00	0.00	0.00	0.00	0.00
0	19499	19447	0	0	11	0	800m	2.06g	28m	0	multi4:17.7%	0	0|0	0|0	9m	6m	316	21:58:31	26.79	0.00	31.12	0.00	0.54	41.54	dm-0	0.00	0.00	0.00	0.00	0.00	0.00	0.00	0.00	0.00	0.00	0.00
0	22882	22930	0	0	9	0	800m	2.06g	28m	0	multi0:23.1%	0	8|0	1|1	11m	7m	316	21:58:32	19.68	0.00	21.55	0.13	0.54	58.10	dm-0	0.00	0.00	0.00	0.00	0.00	0.00	0.00	0.00	0.00	0.00	0.00
0	18098	18055	0	0	13	0	800m	2.06g	28m	0	multi4:16.3%	0	0|0	0|0	9m	6m	316	21:58:33	23.26	0.00	26.87	0.52	0.65	48.71	dm-0	0.00	0.00	0.00	3.00	0.00	12.00	8.00	0.08	26.67	21.33	6.40
0	19657	19709	0	0	8	0	800m	2.06g	28m	0	multi4:25.7%	0	14|0	2|2	10m	6m	316	21:58:34	19.57	0.00	25.47	0.00	0.67	54.29	dm-0	0.00	0.00	0.00	0.00	0.00	0.00	0.00	0.00	0.00	0.00	0.00
0	18584	18562	0	0	2	0	800m	2.06g	28m	0	multi4:19.8%	0	1|0	0|2	9m	6m	316	21:58:35	24.51	0.00	31.09	0.13	0.53	43.74	dm-0	0.00	0.00	0.00	0.00	0.00	0.00	0.00	0.00	0.00	0.00	0.00
0	21473	21489	0	0	4	0	800m	2.06g	28m	0	multi4:23.2%	0	0|0	0|0	10m	6m	316	21:58:36	16.91	0.00	19.89	0.00	0.54	62.65	dm-0	0.00	0.00	0.00	0.00	0.00	0.00	0.00	0.00	0.00	0.00	0.00
0	17551	17569	0	0	2	0	800m	2.06g	28m	0	multi4:11.9%	0	1|0	1|1	8m	5m	316	21:58:37	18.67	0.00	21.80	0.26	0.65	58.62	dm-0	0.00	0.00	0.00	0.00	0.00	0.00	0.00	0.00	0.00	0.00	0.00
0	17681	17654	0	0	4	0	800m	2.06g	28m	0	multi4:16.7%	0	0|0	0|1	8m	5m	316	21:58:38	15.30	0.00	18.93	0.00	0.54	65.23	dm-0	0.00	0.00	0.00	0.00	0.00	0.00	0.00	0.00	0.00	0.00	0.00
0	15518	15486	0	0	34	0	800m	2.06g	28m	0	multi0:13.6%	0	5|0	1|4	7m	5m	316	21:58:40	16.56	0.00	15.89	0.13	0.40	67.02	dm-0	0.00	0.00	0.00	0.00	0.00	0.00	0.00	0.00	0.00	0.00	0.00
0	18899	18935	0	0	15	0	800m	2.06g	28m	0	multi8:13.4%	0	1|0	0|1	9m	6m	316	21:58:41	19.63	0.00	21.08	0.53	0.66	58.10	dm-0	0.00	0.00	0.00	4.00	0.00	16.00	8.00	0.08	21.00	13.00	5.20
0	17196	17165	0	0	12	0	800m	2.06g	28m	0	multi5:13.4%	0	0|0	0|0	8m	5m	316	21:58:42	19.23	0.00	25.63	0.00	0.53	54.61	dm-0	0.00	0.00	0.00	0.00	0.00	0.00	0.00	0.00	0.00	0.00	0.00
0	20184	20200	0	0	7	0	800m	2.06g	28m	0	multi0:17.6%	0	6|0	1|2	10m	6m	316	21:58:43	21.74	0.00	25.39	0.13	0.52	52.21	dm-0	0.00	0.00	0.00	0.00	0.00	0.00	0.00	0.00	0.00	0.00	0.00
0	16951	16963	0	0	9	0	800m	2.06g	28m	0	multi5:13.9%	0	0|0	0|0	8m	5m	316	21:58:44	22.56	0.00	25.29	0.26	0.52	51.37	dm-0	0.00	0.00	0.00	0.00	0.00	0.00	0.00	0.00	0.00	0.00	0.00
0	14065	14073	0	0	7	0	800m	2.06g	28m	0	multi0:10.8%	0	0|0	0|0	7m	5m	316	21:58:45	14.38	0.00	17.58	0.67	0.53	66.84	dm-0	0.00	0.00	0.00	0.00	0.00	0.00	0.00	0.00	0.00	0.00	0.00
0	16984	16962	0	0	6	0	800m	2.06g	28m	0	multi5:12.7%	0	0|0	0|0	8m	5m	316	21:58:46	19.84	0.00	21.16	0.13	0.39	58.48	dm-0	0.00	0.00	0.00	0.00	0.00	0.00	0.00	0.00	0.00	0.00	0.00
0	17297	17318	0	0	3	0	800m	2.06g	28m	0	multi5:19.7%	0	0|0	0|1	8m	5m	316	21:58:47	19.42	0.00	25.33	0.39	0.66	54.20	dm-0	0.00	0.00	0.00	4.00	0.00	16.00	8.00	0.12	30.00	18.00	7.20
0	18154	18107	0	0	6	0	800m	2.06g	28m	0	multi5:12.7%	0	14|0	0|1	9m	6m	316	21:58:48	16.25	0.00	18.99	0.39	0.52	63.85	dm-0	0.00	0.00	0.00	0.00	0.00	0.00	0.00	0.00	0.00	0.00	0.00
0	15693	15732	0	0	5	0	800m	2.06g	28m	0	multi5:12.0%	0	0|0	0|0	7m	4m	316	21:58:49	17.37	0.00	20.35	0.27	0.54	61.47	dm-0	0.00	0.00	0.00	0.00	0.00	0.00	0.00	0.00	0.00	0.00	0.00
0	18977	18954	0	0	3	0	800m	2.06g	28m	0	multi2:19.2%	0	39|0	5|3	9m	6m	316	21:58:50	16.71	0.00	24.80	0.00	0.53	57.96	dm-0	0.00	0.00	0.00	0.00	0.00	0.00	0.00	0.00	0.00	0.00	0.00
0	18385	18395	0	0	10	0	800m	2.06g	28m	0	multi5:13.5%	0	3|0	1|3	9m	6m	316	21:58:51	19.57	0.00	23.99	0.27	0.54	55.63	dm-0	0.00	0.00	0.00	0.00	0.00	0.00	0.00	0.00	0.00	0.00	0.00
0	17635	17632	0	0	4	0	800m	2.06g	28m	0	multi2:19.1%	0	3|0	0|2	9m	6m	316	21:58:52	18.68	0.00	20.93	0.26	0.53	59.60	dm-0	0.00	0.00	0.00	0.00	0.00	0.00	0.00	0.00	0.00	0.00	0.00
0	17329	17342	0	0	5	0	800m	2.06g	28m	0	multi5:12.3%	0	0|0	2|3	8m	5m	316	21:58:53	19.45	0.00	19.58	0.13	0.65	60.18	dm-0	0.00	0.00	0.00	4.00	0.00	16.00	8.00	0.14	35.00	29.00	11.60
0	22593	22580	0	0	3	0	800m	2.06g	28m	0	multi2:21.8%	0	0|0	0|1	11m	8m	316	21:58:54	20.91	0.00	22.85	0.14	0.69	55.40	dm-0	0.00	0.00	0.00	0.00	0.00	0.00	0.00	0.00	0.00	0.00	0.00
0	17800	17805	0	0	6	0	800m	2.06g	28m	0	multi5:10.8%	0	0|0	0|0	8m	5m	316	21:58:55	18.66	0.00	20.81	0.00	0.54	60.00	dm-0	0.00	0.00	0.00	0.00	0.00	0.00	0.00	0.00	0.00	0.00	0.00
0	16758	16737	0	0	4	0	800m	2.06g	28m	0	multi2:12.8%	0	14|0	0|3	8m	5m	316	21:58:56	18.29	0.00	21.74	0.26	0.51	59.21	dm-0	0.00	0.00	0.00	0.00	0.00	0.00	0.00	0.00	0.00	0.00	0.00
0	20360	20394	0	0	2	0	800m	2.06g	28m	0	multi4:14.6%	0	1|0	1|1	9m	6m	316	21:58:57	20.61	0.00	24.31	0.53	0.53	54.03	dm-0	0.00	0.00	0.00	0.00	0.00	0.00	0.00	0.00	0.00	0.00	0.00
0	22632	22598	0	0	3	0	800m	2.06g	28m	0	multi2:19.2%	0	0|0	0|0	11m	8m	316	21:58:58	18.67	0.00	23.10	0.00	0.83	57.40	dm-0	0.00	0.00	0.00	0.00	0.00	0.00	0.00	0.00	0.00	0.00	0.00
0	20269	20308	0	0	3	0	800m	2.06g	28m	0	multi3:12.4%	0	0|0	0|0	9m	6m	316	21:58:59	22.50	0.00	26.90	0.67	0.67	49.27	dm-0	0.00	0.00	0.00	4.00	0.00	16.00	8.00	0.11	27.00	15.00	6.00
0	16884	16846	0	0	8	0	800m	2.06g	28m	0	multi6:15.5%	0	5|0	2|0	8m	5m	316	21:59:00	17.50	0.00	18.03	0.13	0.66	63.68	dm-0	0.00	0.00	0.00	0.00	0.00	0.00	0.00	0.00	0.00	0.00	0.00
0	19503	19545	0	0	3	0	800m	2.06g	28m	0	multi2:17.2%	0	0|0	0|101	9m	6m	316	21:59:01	18.27	0.00	22.12	0.14	0.55	58.93	dm-0	0.00	0.00	0.00	0.00	0.00	0.00	0.00	0.00	0.00	0.00	0.00
0	20635	20630	0	0	4	0	800m	2.06g	28m	0	multi8:14.3%	0	1|0	1|0	10m	7m	316	21:59:02	23.82	0.00	34.64	0.14	0.54	40.87	dm-0	0.00	0.00	0.00	0.00	0.00	0.00	0.00	0.00	0.00	0.00	0.00
0	22226	22168	0	0	4	0	800m	2.06g	28m	0	multi8:19.5%	0	37|0	2|2	11m	7m	316	21:59:03	20.29	0.00	23.77	0.27	0.53	55.14	dm-0	0.00	0.00	0.00	0.00	0.00	0.00	0.00	0.00	0.00	0.00	0.00
0	21286	21336	0	0	3	0	800m	2.06g	29m	0	multi4:17.4%	0	0|0	0|1	9m	6m	316	21:59:04	23.59	0.00	31.00	0.00	0.55	44.86	dm-0	0.00	0.00	0.00	0.00	0.00	0.00	0.00	0.00	0.00	0.00	0.00
0	24040	24031	0	0	7	0	800m	2.06g	29m	0	multi8:22.8%	0	6|0	0|1	11m	7m	316	21:59:05	21.48	0.00	23.85	0.40	0.53	53.75	dm-0	0.00	0.00	0.00	4.00	0.00	16.00	8.00	0.08	20.00	18.00	7.20
0	18867	18861	0	0	4	0	800m	2.06g	29m	0	multi8:13.6%	0	0|0	0|0	9m	6m	316	21:59:06	22.66	0.00	30.39	0.14	0.68	46.13	dm-0	0.00	0.00	0.00	0.00	0.00	0.00	0.00	0.00	0.00	0.00	0.00
0	18690	18703	0	0	11	0	800m	2.06g	28m	0	multi4:12.7%	0	2|0	0|1	9m	6m	316	21:59:07	15.73	0.00	17.78	0.00	0.55	65.94	dm-0	0.00	0.00	0.00	0.00	0.00	0.00	0.00	0.00	0.00	0.00	0.00
0	21413	21404	0	0	7	0	800m	2.06g	29m	0	multi6:15.2%	0	10|0	4|4	10m	7m	316	21:59:08	22.01	0.00	26.36	0.00	0.68	50.95	dm-0	0.00	0.00	0.00	0.00	0.00	0.00	0.00	0.00	0.00	0.00	0.00
0	20734	20731	0	0	9	0	800m	2.06g	29m	0	multi4:18.0%	0	2|0	3|1	10m	7m	316	21:59:09	21.18	0.00	26.93	0.13	0.52	51.24	dm-0	0.00	0.00	0.00	0.00	0.00	0.00	0.00	0.00	0.00	0.00	0.00
0	22869	22874	0	0	7	0	800m	2.06g	29m	0	multi6:16.0%	0	0|0	0|0	11m	7m	316	21:59:10	22.11	0.00	27.12	0.26	0.39	50.13	dm-0	0.00	0.00	0.00	0.00	0.00	0.00	0.00	0.00	0.00	0.00	0.00
0	20572	20536	0	0	20	0	800m	2.06g	29m	0	multi6:16.7%	0	0|0	0|0	9m	6m	316	21:59:11	22.03	0.00	35.62	0.13	0.53	41.69	dm-0	0.00	0.00	0.00	0.00	0.00	0.00	0.00	0.00	0.00	0.00	0.00
0	19019	19062	0	0	17	0	800m	2.06g	28m	0	multi7:13.8%	0	7|0	1|3	9m	6m	316	21:59:12	19.71	0.00	24.05	0.00	0.53	55.72	dm-0	0.00	0.00	0.00	0.00	0.00	0.00	0.00	0.00	0.00	0.00	0.00
0	18471	18455	0	0	13	0	800m	2.06g	28m	0	multi4:13.2%	0	10|0	0|1	9m	6m	316	21:59:13	17.58	0.00	21.04	0.13	0.53	60.72	dm-0	0.00	0.00	0.00	0.00	0.00	0.00	0.00	0.00	0.00	0.00	0.00
0	18478	18458	0	0	7	0	800m	2.06g	29m	0	multi7:10.7%	0	1|0	1|0	8m	5m	316	21:59:14	17.92	0.00	21.82	0.26	0.39	59.61	dm-0	0.00	0.00	0.00	3.00	0.00	12.00	8.00	0.09	30.67	29.33	8.80
0	17699	17744	0	0	25	0	800m	2.06g	29m	0	multi8:10.8%	0	0|0	0|1	8m	5m	316	21:59:15	17.98	0.00	18.37	0.13	0.39	63.12	dm-0	0.00	0.00	0.00	0.00	0.00	0.00	0.00	0.00	0.00	0.00	0.00
0	18470	18450	0	0	11	0	800m	2.06g	29m	0	multi7:12.9%	0	9|0	2|2	8m	5m	316	21:59:16	21.44	0.00	21.97	0.13	0.53	55.93	dm-0	0.00	0.00	0.00	0.00	0.00	0.00	0.00	0.00	0.00	0.00	0.00
0	19231	19244	0	0	11	0	800m	2.06g	29m	0	multi2:15.4%	0	0|0	2|0	9m	6m	316	21:59:17	17.32	0.00	21.11	0.00	0.63	60.94	dm-0	0.00	0.00	0.00	0.00	0.00	0.00	0.00	0.00	0.00	0.00	0.00
0	18854	18856	0	0	4	0	800m	2.06g	29m	0	multi4:13.4%	0	1|0	0|2	9m	6m	316	21:59:18	19.50	0.00	29.05	2.12	0.53	48.81	dm-0	0.00	0.00	0.00	18.00	0.00	116.00	12.89	0.24	12.89	11.33	20.40
0	18200	18205	0	0	3	1	800m	2.06g	29m	0	multi2:14.0%	0	0|0	0|1	8m	5m	316	21:59:19	16.53	0.00	19.49	1.48	0.40	62.10	dm-0	0.00	0.00	0.00	16.00	0.00	156.00	19.50	0.26	16.50	11.50	18.40
0	16680	16668	0	0	9	0	800m	2.06g	29m	0	multi0:12.2%	0	0|0	0|0	7m	5m	316	21:59:20	18.30	0.00	20.78	0.13	0.65	60.13	dm-0	0.00	0.00	0.00	0.00	0.00	0.00	0.00	0.00	0.00	0.00	0.00
0	19875	19860	0	0	10	0	800m	2.06g	29m	0	multi2:14.3%	0	19|0	0|5	9m	6m	316	21:59:21	17.45	0.00	20.00	0.00	0.54	62.01	dm-0	0.00	0.00	0.00	0.00	0.00	0.00	0.00	0.00	0.00	0.00	0.00
0	15026	15029	0	0	7	0	800m	2.06g	29m	0	multi2:12.8%	0	3|0	2|1	7m	4m	316	21:59:22	16.80	0.00	24.53	0.13	0.40	58.13	dm-0	0.00	0.00	0.00	0.00	0.00	0.00	0.00	0.00	0.00	0.00	0.00
0	19267	19259	0	0	5	0	800m	2.06g	29m	0	multi2:15.9%	0	6|0	0|2	8m	5m	316	21:59:23	21.61	0.00	26.48	0.13	0.40	51.38	dm-0	0.00	0.00	0.00	0.00	0.00	0.00	0.00	0.00	0.00	0.00	0.00
0	18382	18389	0	0	3	0	800m	2.06g	29m	0	multi0:16.1%	0	0|0	0|0	8m	5m	316	21:59:24	18.62	0.00	22.40	1.21	0.67	57.09	dm-0	0.00	0.00	0.00	4.00	0.00	16.00	8.00	0.44	109.00	47.00	18.80
0	19874	19872	0	0	2	0	800m	2.06g	29m	0	multi2:17.5%	0	0|0	0|0	9m	6m	316	21:59:25	19.28	0.00	24.63	0.27	0.40	55.42	dm-0	0.00	0.00	0.00	0.00	0.00	0.00	0.00	0.00	0.00	0.00	0.00
0	19956	19964	0	0	4	0	800m	2.06g	29m	0	multi0:17.1%	0	0|0	1|1	9m	6m	316	21:59:27	16.51	0.00	20.03	0.54	0.41	62.52	dm-0	0.00	0.00	0.00	0.00	0.00	0.00	0.00	0.00	0.00	0.00	0.00
0	18289	18255	0	0	3	0	800m	2.06g	29m	0	multi0:15.7%	0	0|0	2|2	8m	5m	316	21:59:29	17.22	0.00	18.61	0.14	0.83	63.19	dm-0	0.00	0.00	0.00	0.00	0.00	0.00	0.00	0.00	0.00	0.00	0.00
0	20887	20909	0	0	8	0	800m	2.06g	29m	0	multi0:23.6%	0	0|0	0|0	9m	6m	316	21:59:30	22.25	0.00	30.40	0.13	0.52	46.70	dm-0	0.00	0.00	0.00	0.00	0.00	0.00	0.00	0.00	0.00	0.00	0.00
0	22435	22445	0	0	10	0	800m	2.06g	29m	0	multi0:19.7%	0	0|0	0|0	10m	7m	316	21:59:31	23.56	0.00	28.93	0.13	0.65	46.73	dm-0	0.00	0.00	0.00	0.00	0.00	0.00	0.00	0.00	0.00	0.00	0.00
0	22348	22345	0	0	4	0	800m	2.06g	29m	0	multi0:18.7%	0	3|0	1|1	10m	6m	316	21:59:32	19.91	0.00	20.63	0.14	0.71	58.61	dm-0	0.00	0.00	0.00	4.00	0.00	16.00	8.00	0.04	10.00	4.00	1.60
0	21663	21650	0	0	16	0	800m	2.06g	29m	0	multi0:21.8%	0	5|0	1|1	10m	6m	316	21:59:33	21.92	0.00	24.11	0.14	0.68	53.15	dm-0	0.00	0.00	0.00	0.00	0.00	0.00	0.00	0.00	0.00	0.00	0.00
0	19997	19960	0	0	4	0	800m	2.06g	29m	0	multi0:23.2%	0	4|0	0|2	9m	6m	316	21:59:34	24.10	0.00	27.96	0.13	0.67	47.14	dm-0	0.00	0.00	0.00	0.00	0.00	0.00	0.00	0.00	0.00	0.00	0.00
0	22865	22851	0	0	7	0	800m	2.06g	29m	0	multi0:25.8%	0	5|0	2|3	11m	7m	316	21:59:35	21.78	0.00	28.90	0.00	0.55	48.77	dm-0	0.00	0.00	0.00	0.00	0.00	0.00	0.00	0.00	0.00	0.00	0.00
0	21655	21701	0	0	15	0	800m	2.06g	29m	0	multi0:21.3%	0	15|0	3|0	9m	6m	316	21:59:36	21.90	0.00	30.84	0.40	0.53	46.33	dm-0	0.00	0.00	0.00	0.00	0.00	0.00	0.00	0.00	0.00	0.00	0.00
0	21887	21904	0	0	4	0	800m	2.06g	29m	0	multi0:24.5%	0	5|0	1|2	10m	6m	316	21:59:37	22.34	0.00	33.24	0.27	0.66	43.48	dm-0	0.00	0.00	0.00	0.00	0.00	0.00	0.00	0.00	0.00	0.00	0.00
0	21136	21145	0	0	5	0	800m	2.06g	29m	0	multi0:20.2%	0	0|0	0|0	9m	6m	316	21:59:38	22.88	0.00	27.73	0.00	0.54	48.86	dm-0	0.00	0.00	0.00	0.00	0.00	0.00	0.00	0.00	0.00	0.00	0.00
0	21931	21916	0	0	5	0	800m	2.06g	29m	0	multi0:21.5%	0	0|0	0|0	10m	7m	316	21:59:39	17.98	0.00	19.62	0.27	0.68	61.44	dm-0	0.00	0.00	0.00	0.00	0.00	0.00	0.00	0.00	0.00	0.00	0.00
0	20056	20029	0	0	2	0	800m	2.06g	29m	0	multi0:20.5%	0	24|0	2|5	9m	6m	316	21:59:40	21.97	0.00	24.47	0.00	0.66	52.89	dm-0	0.00	0.00	0.00	0.00	0.00	0.00	0.00	0.00	0.00	0.00	0.00
0	24473	24475	0	0	7	0	800m	2.06g	29m	0	multi0:25.9%	0	64|0	1|4	11m	7m	316	21:59:41	28.23	0.00	29.43	0.40	0.40	41.54	dm-0	0.00	0.00	0.00	4.00	0.00	16.00	8.00	0.20	49.00	49.00	19.60
0	19104	19126	0	0	4	0	800m	2.06g	29m	0	multi0:20.5%	0	0|0	0|9	9m	6m	316	21:59:42	20.21	0.00	30.18	0.13	0.52	48.95	dm-0	0.00	0.00	0.00	0.00	0.00	0.00	0.00	0.00	0.00	0.00	0.00
0	22443	22458	0	0	11	0	800m	2.06g	29m	0	multi0:22.1%	0	1|0	1|1	10m	6m	316	21:59:43	23.80	0.00	26.78	0.13	0.52	48.77	dm-0	0.00	0.00	0.00	0.00	0.00	0.00	0.00	0.00	0.00	0.00	0.00
0	21836	21808	0	0	11	0	800m	2.06g	29m	0	multi0:18.3%	0	15|0	1|3	10m	6m	316	21:59:44	21.82	0.00	29.56	0.00	0.69	47.93	dm-0	0.00	0.00	0.00	0.00	0.00	0.00	0.00	0.00	0.00	0.00	0.00
0	17827	17839	0	0	17	0	800m	2.06g	29m	0	multi9:15.7%	0	2|0	0|0	8m	5m	316	21:59:45	19.59	0.00	19.86	0.27	0.54	59.73	dm-0	0.00	0.00	0.00	0.00	0.00	0.00	0.00	0.00	0.00	0.00	0.00
0	22280	22295	0	0	19	0	800m	2.06g	29m	0	multi0:21.1%	0	0|0	0|4	9m	6m	317	21:59:46	21.24	0.00	25.71	0.14	0.54	52.37	dm-0	0.00	0.00	0.00	0.00	0.00	0.00	0.00	0.00	0.00	0.00	0.00
0	22100	22105	0	0	11	0	800m	2.06g	29m	0	multi0:20.6%	0	0|0	0|1	9m	6m	317	21:59:47	20.82	0.00	24.79	0.57	0.57	53.26	dm-0	0.00	0.00	0.00	4.00	0.00	16.00	8.00	0.12	30.00	19.00	7.60
0	20764	20733	0	0	12	0	800m	2.06g	29m	0	multi8:15.6%	0	3|0	0|5	10m	6m	317	21:59:48	20.66	0.00	19.97	0.14	0.83	58.40	dm-0	0.00	0.00	0.00	0.00	0.00	0.00	0.00	0.00	0.00	0.00	0.00
0	23655	23669	0	0	12	0	800m	2.06g	29m	0	multi9:21.4%	0	13|0	1|2	10m	7m	317	21:59:49	27.58	0.00	30.59	0.13	0.39	41.31	dm-0	0.00	0.00	0.00	0.00	0.00	0.00	0.00	0.00	0.00	0.00	0.00
0	19464	19454	0	0	11	0	800m	2.06g	29m	0	multi0:16.1%	0	0|0	0|0	9m	6m	317	21:59:50	22.18	0.00	27.55	0.00	0.54	49.73	dm-0	0.00	0.00	0.00	0.00	0.00	0.00	0.00	0.00	0.00	0.00	0.00
0	23534	23539	0	0	16	0	800m	2.06g	29m	0	multi5:19.9%	0	17|0	2|2	11m	7m	317	21:59:51	22.40	0.00	26.45	0.13	0.54	50.47	dm-0	0.00	0.00	0.00	0.00	0.00	0.00	0.00	0.00	0.00	0.00	0.00
0	22468	22486	0	0	7	0	800m	2.06g	29m	0	multi8:19.4%	0	0|0	0|0	10m	6m	317	21:59:52	24.36	0.00	29.74	0.94	0.40	44.55	dm-0	0.00	0.00	0.00	0.00	0.00	0.00	0.00	0.00	0.00	0.00	0.00
0	21913	21877	0	0	10	0	800m	2.06g	29m	0	multi8:15.1%	0	0|0	0|0	10m	6m	317	21:59:53	21.11	0.00	26.67	0.00	0.83	51.39	dm-0	0.00	0.00	0.00	0.00	0.00	0.00	0.00	0.00	0.00	0.00	0.00
0	20752	20779	0	0	6	0	800m	2.06g	29m	0	multi8:18.0%	0	5|0	2|1	10m	6m	317	21:59:54	21.05	0.00	27.48	0.27	0.54	50.67	dm-0	0.00	0.00	0.00	4.00	0.00	16.00	8.00	0.06	14.00	10.00	4.00
0	19740	19732	0	0	7	0	800m	2.06g	29m	0	multi9:18.0%	0	16|0	0|2	8m	5m	317	21:59:55	19.08	0.00	20.52	0.00	0.72	59.68	dm-0	0.00	0.00	0.00	0.00	0.00	0.00	0.00	0.00	0.00	0.00	0.00
0	24682	24636	0	0	15	0	800m	2.06g	29m	0	multi5:25.5%	0	38|0	2|3	12m	7m	317	21:59:56	24.33	0.00	31.46	0.38	0.38	43.44	dm-0	0.00	0.00	0.00	0.00	0.00	0.00	0.00	0.00	0.00	0.00	0.00
0	19223	19270	0	0	8	0	800m	2.06g	29m	0	multi8:18.3%	0	25|2	2|4	9m	6m	317	21:59:57	23.23	0.00	33.83	0.27	0.54	42.12	dm-0	0.00	0.00	0.00	0.00	0.00	0.00	0.00	0.00	0.00	0.00	0.00
0	21816	21801	0	0	23	0	800m	2.06g	29m	0	multi8:19.8%	0	15|0	1|1	10m	7m	317	21:59:58	24.68	0.00	30.31	0.00	0.51	44.50	dm-0	0.00	0.00	0.00	1.00	0.00	4.00	8.00	0.02	0.00	20.00	2.00
0	22485	22504	0	0	6	0	800m	2.06g	29m	0	multi8:25.2%	0	11|0	0|2	10m	6m	317	21:59:59	20.87	0.00	25.38	0.68	0.55	52.52	dm-0	0.00	0.00	0.00	3.00	0.00	12.00	8.00	0.25	89.33	34.67	10.40
0	18738	18744	0	0	7	0	800m	2.06g	29m	0	multi8:17.5%	0	0|0	0|1	9m	5m	317	22:00:00	18.61	0.00	23.47	0.14	0.69	57.08	dm-0	0.00	0.00	0.00	0.00	0.00	0.00	0.00	0.00	0.00	0.00	0.00
0	21499	21489	0	0	3	0	800m	2.06g	29m	0	multi8:18.3%	0	15|0	0|4	10m	6m	317	22:00:01	21.81	0.00	24.28	0.27	0.55	53.09	dm-0	0.00	0.00	0.00	0.00	0.00	0.00	0.00	0.00	0.00	0.00	0.00
0	16522	16539	0	0	9	0	800m	2.06g	29m	0	multi8:18.0%	0	2|0	3|1	8m	5m	317	22:00:02	15.89	0.00	14.69	0.00	0.53	68.89	dm-0	0.00	0.00	0.00	0.00	0.00	0.00	0.00	0.00	0.00	0.00	0.00
0	15106	15081	0	0	7	0	800m	2.06g	29m	0	multi8:17.8%	0	0|0	0|0	7m	4m	317	22:00:03	18.78	0.00	23.65	0.27	0.54	56.76	dm-0	0.00	0.00	0.00	0.00	0.00	0.00	0.00	0.00	0.00	0.00	0.00
0	18162	18159	0	0	11	0	800m	2.06g	29m	0	multi8:19.1%	0	25|0	1|4	9m	6m	317	22:00:04	23.76	0.00	23.49	0.13	0.40	52.21	dm-0	0.00	0.00	0.00	0.00	0.00	0.00	0.00	0.00	0.00	0.00	0.00
0	18461	18463	0	0	8	0	800m	2.06g	29m	0	multi8:21.0%	0	0|0	0|0	9m	6m	317	22:00:05	17.87	0.00	19.97	0.39	0.53	61.24	dm-0	0.00	0.00	0.00	0.00	0.00	0.00	0.00	0.00	0.00	0.00	0.00
0	15065	15068	0	0	2	0	800m	2.06g	29m	0	multi8:17.5%	0	3|0	0|1	7m	4m	317	22:00:06	18.38	0.00	23.57	0.53	0.53	56.99	dm-0	0.00	0.00	0.00	4.00	0.00	16.00	8.00	0.10	24.00	22.00	8.80
0	18228	18248	0	0	7	0	800m	2.06g	29m	0	multi8:21.4%	0	0|0	2|1	9m	6m	317	22:00:07	20.82	0.00	22.64	0.00	0.84	55.70	dm-0	0.00	0.00	0.00	0.00	0.00	0.00	0.00	0.00	0.00	0.00	0.00
0	19823	19812	0	0	12	0	800m	2.06g	29m	0	multi8:16.1%	0	4|0	2|2	10m	6m	317	22:00:08	20.36	0.00	20.91	0.14	0.55	58.05	dm-0	0.00	0.00	0.00	0.00	0.00	0.00	0.00	0.00	0.00	0.00	0.00
0	16958	16977	0	0	5	0	800m	2.06g	29m	0	multi8:14.8%	0	0|0	0|0	9m	6m	317	22:00:09	18.55	0.00	18.68	0.13	0.67	61.96	dm-0	0.00	0.00	0.00	0.00	0.00	0.00	0.00	0.00	0.00	0.00	0.00
0	19042	19025	0	0	8	0	800m	2.06g	29m	0	multi8:20.1%	0	0|0	0|0	10m	6m	317	22:00:10	22.07	0.00	22.61	0.13	0.54	54.64	dm-0	0.00	0.00	0.00	0.00	0.00	0.00	0.00	0.00	0.00	0.00	0.00
0	15380	15384	0	0	8	0	800m	2.06g	29m	0	multi8:15.9%	0	0|0	0|3	8m	5m	317	22:00:11	15.65	0.00	16.20	0.14	0.55	67.45	dm-0	0.00	0.00	0.00	0.00	0.00	0.00	0.00	0.00	0.00	0.00	0.00
0	16192	16197	0	0	17	0	800m	2.06g	29m	0	multi4:14.5%	0	1|0	1|3	9m	5m	317	22:00:12	16.58	0.00	17.93	0.00	0.54	64.95	dm-0	0.00	0.00	0.00	1.00	0.00	4.00	8.00	0.31	0.00	308.00	30.80
0	16357	16353	0	0	6	0	800m	2.06g	29m	0	multi8:14.9%	0	1|0	2|1	9m	6m	317	22:00:14	14.40	0.00	16.17	1.09	0.54	67.80	dm-0	0.00	0.00	0.00	3.00	0.00	12.00	8.00	0.42	242.67	86.67	26.00
0	15649	15645	0	0	4	0	800m	2.06g	29m	0	multi8:13.6%	0	0|0	0|0	9m	6m	317	22:00:15	19.92	0.00	20.19	0.14	0.68	59.08	dm-0	0.00	0.00	0.00	0.00	0.00	0.00	0.00	0.00	0.00	0.00	0.00
0	12912	12902	0	0	7	0	800m	2.06g	29m	0	multi7:12.5%	0	0|0	0|0	7m	5m	317	22:00:16	15.66	0.00	15.00	0.13	0.53	68.68	dm-0	0.00	0.00	0.00	0.00	0.00	0.00	0.00	0.00	0.00	0.00	0.00
0	16351	16368	0	0	8	0	800m	2.06g	29m	0	multi8:17.0%	0	1|0	0|0	9m	6m	317	22:00:17	19.92	0.00	18.97	0.14	0.54	60.43	dm-0	0.00	0.00	0.00	0.00	0.00	0.00	0.00	0.00	0.00	0.00	0.00
0	11527	11509	0	0	8	0	800m	2.06g	29m	0	multi8:9.6%	0	0|0	0|0	6m	4m	317	22:00:18	12.15	0.00	12.82	0.00	0.53	74.50	dm-0	0.00	0.00	0.00	0.00	0.00	0.00	0.00	0.00	0.00	0.00	0.00
0	14094	14104	0	0	3	0	800m	2.06g	29m	0	multi7:11.2%	0	0|0	0|0	8m	5m	317	22:00:19	16.01	0.00	16.42	0.14	0.41	67.03	dm-0	0.00	0.00	0.00	0.00	0.00	0.00	0.00	0.00	0.00	0.00	0.00
0	11530	11543	0	0	6	1	800m	2.06g	29m	0	multi8:10.0%	0	0|0	0|0	6m	4m	317	22:00:20	16.89	0.00	17.96	3.22	0.54	61.39	dm-0	0.00	0.00	0.00	29.00	0.00	276.00	19.03	0.40	13.10	11.17	32.40
0	9678	9663	0	0	8	0	800m	2.06g	29m	0	multi8:12.0%	0	0|0	0|0	6m	4m	317	22:00:21	5.35	0.00	5.08	1.17	0.13	88.27	dm-0	0.00	0.00	0.00	8.00	0.00	76.00	19.00	0.10	14.00	10.00	8.00
0	15917	15924	0	0	9	0	800m	2.06g	29m	0	multi0:14.2%	0	3|0	0|0	9m	5m	317	22:00:22	19.81	0.00	21.29	0.00	0.67	58.22	dm-0	0.00	0.00	0.00	0.00	0.00	0.00	0.00	0.00	0.00	0.00	0.00
0	13344	13306	0	0	7	0	800m	2.06g	29m	0	multi7:13.2%	0	2|0	1|5	8m	5m	317	22:00:23	16.60	0.00	21.95	0.27	0.69	60.49	dm-0	0.00	0.00	0.00	0.00	0.00	0.00	0.00	0.00	0.00	0.00	0.00
0	11981	12006	0	0	3	0	800m	2.06g	29m	0	multi0:11.1%	0	0|0	0|0	7m	4m	317	22:00:24	16.12	0.00	16.75	0.00	0.38	66.75	dm-0	0.00	0.00	0.00	0.00	0.00	0.00	0.00	0.00	0.00	0.00	0.00
0	12942	12945	0	0	7	0	800m	2.06g	29m	0	multi0:12.4%	0	0|0	0|0	8m	5m	317	22:00:25	14.74	0.00	14.74	0.13	0.39	70.00	dm-0	0.00	0.00	0.00	0.00	0.00	0.00	0.00	0.00	0.00	0.00	0.00
0	14190	14185	0	0	2	0	800m	2.06g	29m	0	multi0:13.6%	0	0|0	2|0	8m	5m	317	22:00:26	18.97	0.00	20.23	0.63	0.50	59.67	dm-0	0.00	0.00	0.00	4.00	0.00	16.00	8.00	0.11	27.00	17.00	6.80
0	16703	16694	0	0	7	0	800m	2.06g	29m	0	multi9:13.8%	0	21|0	0|3	10m	6m	317	22:00:27	17.98	0.00	14.31	0.27	0.54	66.89	dm-0	0.00	0.00	0.00	0.00	0.00	0.00	0.00	0.00	0.00	0.00	0.00
0	13059	13059	0	0	4	0	800m	2.06g	29m	0	multi4:11.2%	0	0|0	0|0	7m	4m	317	22:00:28	19.23	0.00	22.15	0.13	0.53	57.96	dm-0	0.00	0.00	0.00	0.00	0.00	0.00	0.00	0.00	0.00	0.00	0.00
0	14391	14387	0	0	5	0	800m	2.06g	29m	0	multi7:13.9%	0	3|0	0|3	8m	5m	317	22:00:29	16.22	0.00	14.86	0.27	0.41	68.24	dm-0	0.00	0.00	0.00	0.00	0.00	0.00	0.00	0.00	0.00	0.00	0.00
0	14118	14137	0	0	5	0	800m	2.06g	29m	0	multi8:12.8%	0	0|0	0|0	7m	5m	317	22:00:30	18.19	0.00	20.16	0.13	0.52	60.99	dm-0	0.00	0.00	0.00	0.00	0.00	0.00	0.00	0.00	0.00	0.00	0.00
0	13056	13059	0	0	11	0	800m	2.06g	30m	0	multi4:11.3%	0	0|0	0|0	7m	5m	317	22:00:31	15.53	0.00	14.21	0.39	0.39	69.47	dm-0	0.00	0.00	0.00	4.00	0.00	16.00	8.00	0.10	25.00	19.00	7.60
0	15655	15656	0	0	6	0	800m	2.06g	30m	0	multi9:9.8%	0	1|0	1|1	8m	5m	317	22:00:32	16.84	0.00	15.78	0.00	0.67	66.71	dm-0	0.00	0.00	0.00	0.00	0.00	0.00	0.00	0.00	0.00	0.00	0.00
0	12697	12676	0	0	10	0	800m	2.06g	30m	0	multi9:10.3%	0	0|0	0|0	7m	4m	317	22:00:33	12.98	0.00	13.12	0.41	0.41	73.07	dm-0	0.00	0.00	0.00	0.00	0.00	0.00	0.00	0.00	0.00	0.00	0.00
0	18232	18233	0	0	5	0	800m	2.06g	30m	0	multi7:19.0%	0	1|0	0|1	10m	6m	317	22:00:34	21.96	0.00	24.87	0.13	0.53	52.51	dm-0	0.00	0.00	0.00	0.00	0.00	0.00	0.00	0.00	0.00	0.00	0.00
0	16054	16060	0	0	10	0	800m	2.06g	30m	0	multi7:11.6%	0	2|0	0|2	8m	5m	317	22:00:35	18.63	0.00	16.35	0.13	0.54	64.34	dm-0	0.00	0.00	0.00	0.00	0.00	0.00	0.00	0.00	0.00	0.00	0.00
0	14862	14874	0	0	10	0	800m	2.06g	30m	0	multi8:9.9%	0	0|0	0|0	7m	4m	317	22:00:36	18.19	0.00	15.87	0.14	0.55	65.25	dm-0	0.00	0.00	0.00	0.00	0.00	0.00	0.00	0.00	0.00	0.00	0.00
0	15859	15855	0	0	9	0	800m	2.06g	30m	0	multi7:11.0%	0	0|0	0|0	8m	5m	317	22:00:37	15.37	0.00	15.65	0.27	0.54	68.16	dm-0	0.00	0.00	0.00	0.00	0.00	0.00	0.00	0.00	0.00	0.00	0.00
0	17781	17763	0	0	4	0	800m	2.06g	29m	0	multi9:12.8%	0	0|0	0|3	9m	5m	317	22:00:38	20.56	0.00	16.82	0.13	0.53	61.95	dm-0	0.00	0.00	0.00	0.00	0.00	0.00	0.00	0.00	0.00	0.00	0.00
0	12622	12638	0	0	14	0	800m	2.06g	29m	0	multi8:10.9%	0	2|0	1|3	6m	4m	317	22:00:39	17.20	0.00	18.15	0.27	0.54	63.84	dm-0	0.00	0.00	0.00	0.00	0.00	0.00	0.00	0.00	0.00	0.00	0.00
0	14302	14277	0	0	5	0	800m	2.06g	30m	0	multi7:10.2%	0	0|0	0|0	7m	4m	317	22:00:40	16.83	0.00	16.96	0.25	0.38	65.58	dm-0	0.00	0.00	0.00	0.00	0.00	0.00	0.00	0.00	0.00	0.00	0.00
0	14712	14726	0	0	4	0	800m	2.06g	30m	0	multi0:11.0%	0	4|0	0|1	7m	4m	317	22:00:41	16.34	0.00	20.08	0.00	0.51	63.06	dm-0	0.00	0.00	0.00	0.00	0.00	0.00	0.00	0.00	0.00	0.00	0.00
0	17028	17023	0	0	5	0	800m	2.06g	29m	0	multi8:11.4%	0	0|0	0|0	8m	5m	317	22:00:42	17.39	0.00	15.16	0.26	0.52	66.67	dm-0	0.00	0.00	0.00	4.00	0.00	16.00	8.00	0.08	21.00	9.00	3.60
0	12844	12863	0	0	5	0	800m	2.06g	29m	0	multi5:10.4%	0	0|0	0|0	6m	4m	317	22:00:43	17.63	0.00	18.71	0.27	0.40	62.99	dm-0	0.00	0.00	0.00	0.00	0.00	0.00	0.00	0.00	0.00	0.00	0.00
0	15759	15729	0	0	4	0	800m	2.06g	29m	0	multi2:11.8%	0	0|0	0|0	7m	5m	317	22:00:44	14.62	0.00	14.62	0.00	0.52	70.25	dm-0	0.00	0.00	0.00	0.00	0.00	0.00	0.00	0.00	0.00	0.00	0.00
0	14091	14103	0	0	3	0	800m	2.06g	29m	0	multi7:12.5%	0	0|0	0|0	7m	4m	317	22:00:45	17.12	0.00	16.34	0.13	0.39	66.01	dm-0	0.00	0.00	0.00	0.00	0.00	0.00	0.00	0.00	0.00	0.00	0.00
0	16507	16503	0	0	7	0	800m	2.06g	29m	0	multi7:10.7%	0	8|0	3|2	8m	5m	317	22:00:46	18.23	0.00	18.88	0.13	0.52	62.24	dm-0	0.00	0.00	0.00	0.00	0.00	0.00	0.00	0.00	0.00	0.00	0.00
0	16055	16069	0	0	5	0	800m	2.06g	29m	0	multi6:9.7%	0	0|0	0|0	7m	4m	317	22:00:47	15.99	0.00	17.48	0.14	0.41	65.99	dm-0	0.00	0.00	0.00	0.00	0.00	0.00	0.00	0.00	0.00	0.00	0.00
0	16897	16888	0	0	9	0	800m	2.06g	30m	0	multi0:12.1%	0	0|0	0|29	7m	5m	317	22:00:48	18.82	0.00	17.47	0.27	0.54	62.90	dm-0	0.00	0.00	0.00	0.00	0.00	0.00	0.00	0.00	0.00	0.00	0.00
0	15327	15323	0	0	3	0	800m	2.06g	29m	0	multi7:10.0%	0	0|0	0|0	7m	4m	317	22:00:49	14.49	0.00	15.40	0.13	0.52	69.45	dm-0	0.00	0.00	0.00	0.00	0.00	0.00	0.00	0.00	0.00	0.00	0.00
0	14451	14473	0	0	7	0	800m	2.06g	29m	0	multi5:11.3%	0	1|0	0|1	6m	4m	317	22:00:50	16.36	0.00	19.95	0.13	0.40	63.16	dm-0	0.00	0.00	0.00	0.00	0.00	0.00	0.00	0.00	0.00	0.00	0.00
0	15718	15718	0	0	14	0	800m	2.06g	29m	0	multi7:9.6%	0	0|0	0|0	7m	5m	317	22:00:51	15.14	0.00	15.68	0.27	0.68	68.24	dm-0	0.00	0.00	0.00	4.00	0.00	16.00	8.00	0.09	22.00	20.00	8.00
0	17391	17389	0	0	15	0	800m	2.06g	29m	0	multi5:11.2%	0	1|0	0|0	8m	5m	317	22:00:52	16.94	0.00	20.83	0.14	0.42	61.67	dm-0	0.00	0.00	0.00	0.00	0.00	0.00	0.00	0.00	0.00	0.00	0.00
0	19069	19069	0	0	9	0	800m	2.06g	30m	0	multi5:15.0%	0	1|0	2|2	8m	5m	317	22:00:53	17.53	0.00	18.81	0.13	0.52	63.02	dm-0	0.00	0.00	0.00	0.00	0.00	0.00	0.00	0.00	0.00	0.00	0.00
0	16005	15982	0	0	5	0	800m	2.06g	30m	0	multi0:9.1%	0	0|0	0|0	7m	4m	317	22:00:54	18.76	0.00	19.53	0.13	0.52	61.06	dm-0	0.00	0.00	0.00	0.00	0.00	0.00	0.00	0.00	0.00	0.00	0.00
0	18950	18953	0	0	7	0	800m	2.06g	30m	0	multi8:13.0%	0	0|0	0|0	8m	5m	317	22:00:55	19.20	0.00	23.97	0.13	0.52	56.19	dm-0	0.00	0.00	0.00	0.00	0.00	0.00	0.00	0.00	0.00	0.00	0.00
0	18141	18161	0	0	6	0	800m	2.06g	30m	0	multi5:12.4%	0	1|0	1|0	8m	5m	317	22:00:56	13.61	0.00	17.41	0.27	0.41	68.30	dm-0	0.00	0.00	0.00	0.00	0.00	0.00	0.00	0.00	0.00	0.00	0.00
0	17276	17241	0	0	9	0	800m	2.06g	30m	0	multi5:14.6%	0	23|0	2|4	7m	5m	317	22:00:57	20.18	0.00	24.90	0.51	0.51	53.90	dm-0	0.00	0.00	0.00	4.00	0.00	16.00	8.00	0.09	22.00	16.00	6.40
0	19488	19499	0	0	10	0	800m	2.06g	30m	0	multi0:16.4%	0	0|0	0|0	9m	6m	317	22:00:58	19.70	0.00	22.30	0.00	0.55	57.46	dm-0	0.00	0.00	0.00	0.00	0.00	0.00	0.00	0.00	0.00	0.00	0.00
0	20198	20216	0	0	12	0	800m	2.06g	29m	0	multi5:12.9%	0	1|0	0|3	9m	6m	317	22:00:59	18.98	0.00	22.01	0.00	0.69	58.32	dm-0	0.00	0.00	0.00	0.00	0.00	0.00	0.00	0.00	0.00	0.00	0.00
0	21233	21214	0	0	7	0	800m	2.06g	29m	0	multi0:18.5%	0	0|0	0|0	9m	6m	317	22:01:00	20.38	0.00	22.69	0.27	0.54	56.11	dm-0	0.00	0.00	0.00	0.00	0.00	0.00	0.00	0.00	0.00	0.00	0.00
0	19096	19114	0	0	6	0	800m	2.06g	29m	0	multi2:13.8%	0	0|0	0|0	8m	5m	317	22:01:01	19.50	0.00	21.60	0.00	0.52	58.38	dm-0	0.00	0.00	0.00	0.00	0.00	0.00	0.00	0.00	0.00	0.00	0.00
0	19499	19474	0	0	17	0	800m	2.06g	29m	0	multi5:14.9%	0	2|0	2|0	9m	6m	317	22:01:02	21.08	0.00	25.96	0.26	0.40	52.31	dm-0	0.00	0.00	0.00	0.00	0.00	0.00	0.00	0.00	0.00	0.00	0.00
0	18938	18904	0	0	6	0	800m	2.06g	29m	0	multi0:17.5%	0	2|0	0|0	8m	5m	317	22:01:03	19.49	0.00	25.50	2.67	0.27	52.07	dm-0	0.00	0.00	0.00	4.00	0.00	16.00	8.00	0.26	65.00	63.00	25.20
0	20504	20548	0	0	14	0	800m	2.06g	29m	0	multi5:19.7%	0	10|0	3|1	9m	6m	317	22:01:04	20.40	0.00	25.07	0.27	0.53	53.73	dm-0	0.00	0.00	0.00	0.00	0.00	0.00	0.00	0.00	0.00	0.00	0.00
0	26172	26174	0	0	9	0	800m	2.06g	30m	0	multi0:19.8%	0	1|0	0|2	12m	7m	317	22:01:06	24.26	0.00	27.63	0.13	0.81	47.17	dm-0	0.00	0.00	0.00	0.00	0.00	0.00	0.00	0.00	0.00	0.00	0.00
0	19601	19539	0	0	13	0	800m	2.06g	30m	0	multi0:16.6%	0	46|0	0|4	9m	6m	317	22:01:07	21.91	0.00	22.31	0.13	0.66	54.98	dm-0	0.00	0.00	0.00	0.00	0.00	0.00	0.00	0.00	0.00	0.00	0.00
0	21923	21962	0	0	6	0	800m	2.06g	30m	0	multi5:27.6%	0	20|0	0|3	9m	6m	317	22:01:08	23.76	0.00	46.34	0.26	0.26	29.37	dm-0	0.00	0.00	0.00	0.00	0.00	0.00	0.00	0.00	0.00	0.00	0.00
0	19003	19018	0	0	8	0	800m	2.06g	30m	0	multi5:18.3%	0	0|0	0|0	8m	5m	317	22:01:09	23.66	0.00	44.92	0.00	0.40	31.02	dm-0	0.00	0.00	0.00	0.00	0.00	0.00	0.00	0.00	0.00	0.00	0.00
0	25524	25512	0	0	8	0	800m	2.06g	29m	0	multi5:23.3%	0	40|0	3|1	11m	7m	317	22:01:10	19.30	0.00	24.02	0.27	0.54	55.87	dm-0	0.00	0.00	0.00	4.00	0.00	16.00	8.00	0.04	11.00	11.00	4.40
0	26042	26025	0	0	9	0	800m	2.06g	29m	0	multi5:23.7%	0	32|0	4|3	12m	7m	317	22:01:11	31.32	0.00	41.58	0.00	0.53	26.58	dm-0	0.00	0.00	0.00	0.00	0.00	0.00	0.00	0.00	0.00	0.00	0.00
0	21517	21531	0	0	6	0	800m	2.06g	29m	0	multi5:19.1%	0	8|0	0|1	10m	6m	317	22:01:12	25.91	0.00	36.17	0.25	0.38	37.30	dm-0	0.00	0.00	0.00	0.00	0.00	0.00	0.00	0.00	0.00	0.00	0.00
0	22105	22120	0	0	4	0	800m	2.06g	29m	0	multi0:20.2%	0	0|0	0|0	10m	6m	317	22:01:13	24.04	0.00	27.87	0.00	0.53	47.56	dm-0	0.00	0.00	0.00	0.00	0.00	0.00	0.00	0.00	0.00	0.00	0.00
0	20829	20796	0	0	10	0	800m	2.06g	29m	0	multi5:18.0%	0	53|0	1|3	9m	6m	317	22:01:14	23.72	0.00	31.45	0.13	0.39	44.30	dm-0	0.00	0.00	0.00	0.00	0.00	0.00	0.00	0.00	0.00	0.00	0.00
0	24496	24503	0	0	10	0	800m	2.06g	29m	0	multi5:26.5%	0	7|0	1|3	11m	7m	317	22:01:15	27.29	0.00	39.70	0.14	0.55	32.33	dm-0	0.00	0.00	0.00	0.00	0.00	0.00	0.00	0.00	0.00	0.00	0.00
0	23908	23919	0	0	7	0	800m	2.06g	29m	0	multi0:23.6%	0	42|0	2|6	11m	7m	317	22:01:16	26.44	0.00	31.80	0.13	0.51	41.12	dm-0	0.00	0.00	0.00	0.00	0.00	0.00	0.00	0.00	0.00	0.00	0.00
0	21823	21846	0	0	7	0	800m	2.06g	29m	0	multi5:21.0%	0	4|0	2|1	10m	6m	317	22:01:17	26.51	0.00	31.50	0.00	0.39	41.60	dm-0	0.00	0.00	0.00	0.00	0.00	0.00	0.00	0.00	0.00	0.00	0.00
0	20760	20768	0	0	8	0	800m	2.06g	30m	0	multi5:14.7%	0	0|0	1|1	10m	6m	317	22:01:18	20.91	0.00	31.82	0.53	0.40	46.34	dm-0	0.00	0.00	0.00	4.00	0.00	16.00	8.00	0.08	20.00	12.00	4.80
0	20329	20280	0	0	13	0	800m	2.06g	30m	0	multi0:13.8%	0	5|0	0|1	9m	6m	317	22:01:19	21.33	0.00	20.36	0.14	0.69	57.48	dm-0	0.00	0.00	0.00	0.00	0.00	0.00	0.00	0.00	0.00	0.00	0.00
0	20329	20280	0	0	13	0	800m	2.06g	30m	0	multi0:13.8%	0	5|0	0|1	9m	6m	317	22:01:19	22.73	0.00	22.86	0.66	0.66	53.09	dm-0	0.00	0.00	0.00	11.00	0.00	24.00	4.36	0.23	20.00	18.91	20.80
6	14122	14154	0	0	8	0	800m	2.06g	29m	0	multi5:14.0%	0	0|0	0|203	6m	4m	317	22:01:21	3.85	0.00	5.09	21.49	0.00	69.57	dm-0	0.00	0.00	0.00	13.00	0.00	136.00	20.92	1.08	20.31	76.62	99.60
4	27965	27924	0	0	3	1	800m	2.06g	30m	0	multi5:14.4%	0	0|0	0|0	12m	8m	317	22:01:22	19.09	0.00	22.34	11.43	0.39	46.75	dm-0	0.00	0.00	0.00	24.00	0.00	328.00	27.33	0.87	70.50	25.67	61.60
7	21920	21946	0	0	7	0	800m	2.06g	30m	0	multi5:21.7%	0	24|0	0|55	10m	6m	317	22:01:23	28.18	0.00	37.13	0.14	0.54	34.01	dm-0	0.00	0.00	0.00	0.00	0.00	0.00	0.00	0.00	0.00	0.00	0.00
10	23276	23267	0	0	8	0	800m	2.06g	30m	0	multi5:25.0%	0	3|0	0|4	11m	7m	317	22:01:24	25.16	0.00	32.15	0.40	0.40	41.90	dm-0	0.00	0.00	0.00	0.00	0.00	0.00	0.00	0.00	0.00	0.00	0.00
7	21322	21294	0	0	11	0	800m	2.06g	30m	0	multi0:24.1%	0	8|0	2|0	10m	7m	317	22:01:25	23.80	0.00	42.56	0.91	0.39	32.34	dm-0	0.00	0.00	0.00	0.00	0.00	0.00	0.00	0.00	0.00	0.00	0.00
10	21951	21940	0	0	8	0	800m	2.06g	30m	0	multi0:22.4%	0	39|0	3|4	10m	7m	317	22:01:26	29.28	0.00	36.86	0.78	0.39	32.68	dm-0	0.00	0.00	0.00	4.00	0.00	16.00	8.00	0.07	17.00	7.00	2.80
2	25650	25669	0	0	11	0	800m	2.06g	30m	0	multi5:21.8%	0	2|0	1|3	12m	7m	317	22:01:27	30.22	0.00	34.01	0.00	0.81	34.96	dm-0	0.00	0.00	0.00	0.00	0.00	0.00	0.00	0.00	0.00	0.00	0.00
3	26738	26702	0	0	7	0	800m	2.06g	30m	0	multi0:23.2%	0	24|0	3|2	13m	8m	317	22:01:28	26.80	0.00	35.42	0.13	0.13	37.52	dm-0	0.00	0.00	0.00	0.00	0.00	0.00	0.00	0.00	0.00	0.00	0.00
6	23691	23668	0	0	7	0	800m	2.06g	30m	0	multi5:21.9%	0	35|0	1|1	11m	7m	317	22:01:29	34.39	0.00	52.17	0.13	0.40	12.91	dm-0	0.00	0.00	0.00	0.00	0.00	0.00	0.00	0.00	0.00	0.00	0.00
4	28765	28786	0	0	9	0	800m	2.06g	30m	0	multi0:27.0%	0	12|0	1|3	13m	9m	317	22:01:30	25.20	0.00	33.55	0.00	0.40	40.85	dm-0	0.00	0.00	0.00	0.00	0.00	0.00	0.00	0.00	0.00	0.00	0.00
3	20160	20093	0	0	6	0	800m	2.06g	30m	0	multi0:20.1%	0	0|0	0|0	10m	6m	317	22:01:31	26.93	0.00	40.92	0.39	0.52	31.24	dm-0	0.00	0.00	0.00	0.00	0.00	0.00	0.00	0.00	0.00	0.00	0.00
7	24350	24395	0	0	3	0	800m	2.06g	30m	0	multi5:26.3%	0	12|0	2|3	11m	7m	317	22:01:32	31.73	0.00	50.00	0.13	0.27	17.87	dm-0	0.00	0.00	0.00	4.00	0.00	16.00	8.00	0.29	73.00	29.00	11.60
8	29516	29543	0	0	7	0	800m	2.06g	30m	0	multi0:31.8%	0	2|0	0|9	14m	9m	317	22:01:33	31.50	0.00	42.23	0.80	0.54	24.93	dm-0	0.00	0.00	0.00	0.00	0.00	0.00	0.00	0.00	0.00	0.00	0.00
2	24665	24611	0	0	5	0	800m	2.06g	30m	0	multi5:24.3%	0	0|0	0|0	11m	7m	317	22:01:34	25.44	0.00	29.39	0.00	0.54	44.63	dm-0	0.00	0.00	0.00	0.00	0.00	0.00	0.00	0.00	0.00	0.00	0.00
5	22238	22274	0	0	6	0	800m	2.06g	30m	0	multi0:25.1%	0	6|0	1|3	11m	7m	317	22:01:35	24.63	0.00	25.83	0.13	0.53	48.87	dm-0	0.00	0.00	0.00	0.00	0.00	0.00	0.00	0.00	0.00	0.00	0.00
14	21473	21490	0	0	4	0	800m	2.06g	31m	0	multi0:24.2%	0	34|0	2|6	11m	7m	317	22:01:37	25.16	0.00	30.41	0.79	0.39	43.25	dm-0	0.00	0.00	0.00	0.00	0.00	0.00	0.00	0.00	0.00	0.00	0.00
13	22275	22328	0	0	12	0	800m	2.06g	31m	0	multi0:23.0%	0	22|0	1|2	11m	7m	317	22:01:38	27.60	0.00	40.69	0.13	0.26	31.32	dm-0	0.00	0.00	0.00	0.00	0.00	0.00	0.00	0.00	0.00	0.00	0.00
13	22275	22328	0	0	12	0	800m	2.06g	31m	0	multi0:23.0%	0	22|0	1|2	11m	7m	317	22:01:38	21.50	0.00	25.50	0.27	0.40	52.34	dm-0	0.00	0.00	0.00	4.00	0.00	16.00	8.00	0.09	22.00	12.00	4.80
10	25715	25739	0	0	5	0	800m	2.06g	31m	0	multi0:25.7%	0	0|0	0|0	12m	8m	317	22:01:40	26.50	0.00	39.56	0.13	0.52	33.29	dm-0	0.00	0.00	0.00	0.00	0.00	0.00	0.00	0.00	0.00	0.00	0.00
7	20834	20839	0	0	5	0	800m	2.06g	31m	0	multi2:20.4%	0	7|0	1|2	10m	6m	317	22:01:41	27.33	0.00	31.27	0.26	0.53	40.60	dm-0	0.00	0.00	0.00	0.00	0.00	0.00	0.00	0.00	0.00	0.00	0.00
17	23032	23001	0	0	8	0	800m	2.06g	31m	0	multi5:20.8%	0	8|0	1|3	11m	7m	317	22:01:42	25.55	0.00	29.29	0.13	0.52	44.52	dm-0	0.00	0.00	0.00	0.00	0.00	0.00	0.00	0.00	0.00	0.00	0.00
9	24504	24519	0	0	6	0	800m	2.06g	31m	0	multi6:25.2%	0	85|0	5|6	12m	8m	317	22:01:43	29.16	0.00	35.09	0.13	0.40	35.22	dm-0	0.00	0.00	0.00	0.00	0.00	0.00	0.00	0.00	0.00	0.00	0.00
12	22699	22735	0	0	6	0	800m	2.06g	31m	0	multi5:18.6%	0	22|0	2|4	11m	7m	317	22:01:44	28.55	0.00	44.44	0.39	0.26	26.36	dm-0	0.00	0.00	0.00	4.00	0.00	16.00	8.00	0.09	23.00	13.00	5.20
19	23257	23281	0	0	11	0	800m	2.06g	31m	0	multi0:27.9%	0	61|10	0|10	11m	7m	317	22:01:45	24.43	0.00	26.97	0.13	0.40	48.06	dm-0	0.00	0.00	0.00	0.00	0.00	0.00	0.00	0.00	0.00	0.00	0.00
12	21618	21608	0	0	9	0	800m	2.06g	30m	0	multi4:17.8%	0	13|0	1|2	10m	7m	318	22:01:46	28.06	0.00	35.18	0.00	0.40	36.36	dm-0	0.00	0.00	0.00	0.00	0.00	0.00	0.00	0.00	0.00	0.00	0.00
15	21171	21174	0	0	10	0	800m	2.06g	31m	0	multi4:17.7%	0	0|0	0|0	10m	6m	318	22:01:47	23.01	0.00	27.56	0.00	0.51	48.93	dm-0	0.00	0.00	0.00	0.00	0.00	0.00	0.00	0.00	0.00	0.00	0.00
31	22692	22663	0	0	11	0	800m	2.06g	30m	0	multi6:24.2%	0	0|0	0|0	11m	7m	318	22:01:48	24.22	0.00	31.70	0.27	0.68	43.13	dm-0	0.00	0.00	0.00	0.00	0.00	0.00	0.00	0.00	0.00	0.00	0.00
10	22646	22640	0	0	11	0	800m	2.06g	31m	0	multi6:21.0%	0	0|0	0|0	10m	7m	318	22:01:49	26.99	0.00	37.79	0.00	0.26	34.96	dm-0	0.00	0.00	0.00	0.00	0.00	0.00	0.00	0.00	0.00	0.00	0.00
8	19652	19657	0	0	11	0	800m	2.06g	30m	0	multi4:16.1%	0	0|0	0|0	9m	6m	318	22:01:50	22.09	0.00	31.76	0.26	0.39	45.49	dm-0	0.00	0.00	0.00	4.00	0.00	16.00	8.00	0.05	13.00	13.00	5.20
14	22400	22407	0	0	7	0	800m	2.06g	30m	0	multi4:18.3%	0	0|0	0|1	10m	7m	318	22:01:51	25.66	0.00	28.55	0.13	0.53	45.13	dm-0	0.00	0.00	0.00	0.00	0.00	0.00	0.00	0.00	0.00	0.00	0.00
5	20711	20688	0	0	5	0	800m	2.06g	31m	0	multi4:11.8%	0	0|0	0|0	10m	7m	318	22:01:52	25.00	0.00	27.25	0.66	0.40	46.69	dm-0	0.00	0.00	0.00	0.00	0.00	0.00	0.00	0.00	0.00	0.00	0.00
9	22244	22194	0	0	18	0	800m	2.06g	31m	0	multi4:22.8%	0	23|0	2|2	10m	7m	318	22:01:53	29.45	0.00	38.28	0.13	0.51	31.63	dm-0	0.00	0.00	0.00	0.00	0.00	0.00	0.00	0.00	0.00	0.00	0.00
12	22736	22749	0	0	11	0	800m	2.06g	31m	0	multi6:20.2%	0	6|0	0|0	10m	7m	318	22:01:54	22.84	0.00	27.57	0.00	0.54	49.05	dm-0	0.00	0.00	0.00	0.00	0.00	0.00	0.00	0.00	0.00	0.00	0.00
6	26089	26105	0	0	10	0	800m	2.06g	31m	0	multi4:17.9%	0	5|0	1|2	12m	8m	318	22:01:55	28.71	0.00	31.90	0.00	0.69	38.70	dm-0	0.00	0.00	0.00	0.00	0.00	0.00	0.00	0.00	0.00	0.00	0.00
5	25469	25439	0	0	11	0	800m	2.06g	30m	0	multi4:18.5%	0	0|0	0|0	12m	8m	318	22:01:56	28.29	0.00	33.82	0.92	0.53	36.45	dm-0	0.00	0.00	0.00	4.00	0.00	16.00	8.00	0.14	35.00	19.00	7.60
6	25714	25742	0	0	12	0	800m	2.06g	31m	0	multi2:22.6%	0	0|0	0|2	12m	7m	318	22:01:57	24.56	0.00	33.11	0.14	0.68	41.52	dm-0	0.00	0.00	0.00	0.00	0.00	0.00	0.00	0.00	0.00	0.00	0.00
7	21782	21770	0	0	15	0	800m	2.06g	31m	0	multi0:14.6%	0	7|0	3|1	10m	7m	318	22:01:58	23.00	0.00	21.68	0.13	0.53	54.66	dm-0	0.00	0.00	0.00	0.00	0.00	0.00	0.00	0.00	0.00	0.00	0.00
12	20791	20729	0	0	5	0	800m	2.06g	31m	0	multi3:16.0%	0	24|0	1|4	10m	7m	318	22:01:59	23.29	0.00	40.16	0.13	0.13	36.28	dm-0	0.00	0.00	0.00	0.00	0.00	0.00	0.00	0.00	0.00	0.00	0.00
3	21591	21623	0	0	8	0	800m	2.06g	31m	0	multi2:18.7%	0	0|0	0|0	10m	6m	318	22:02:00	23.24	0.00	32.77	0.00	0.39	43.60	dm-0	0.00	0.00	0.00	0.00	0.00	0.00	0.00	0.00	0.00	0.00	0.00
6	22299	22271	0	0	8	0	800m	2.06g	31m	0	multi6:20.2%	0	0|0	0|0	10m	6m	318	22:02:01	27.14	0.00	41.10	0.26	0.38	31.11	dm-0	0.00	0.00	0.00	0.00	0.00	0.00	0.00	0.00	0.00	0.00	0.00
14	27715	27729	0	0	14	0	800m	2.06g	31m	0	multi2:25.0%	0	5|0	0|3	13m	8m	318	22:02:02	31.62	0.00	33.01	0.00	0.69	34.67	dm-0	0.00	0.00	0.00	0.00	0.00	0.00	0.00	0.00	0.00	0.00	0.00
9	24943	24910	0	0	18	0	800m	2.06g	31m	0	multi1:18.4%	0	0|0	0|0	12m	8m	318	22:02:03	21.20	0.00	24.97	0.56	0.56	52.72	dm-0	0.00	0.00	0.00	0.00	0.00	0.00	0.00	0.00	0.00	0.00	0.00
7	22961	22956	0	0	21	0	800m	2.06g	30m	0	multi9:18.7%	0	13|0	2|1	11m	7m	318	22:02:04	27.37	0.00	32.23	0.51	0.38	39.51	dm-0	0.00	0.00	0.00	4.00	0.00	16.00	8.00	0.20	51.00	31.00	12.40
10	25373	25392	0	0	12	0	800m	2.06g	31m	0	multi8:17.5%	0	0|0	0|0	12m	8m	318	22:02:05	23.35	0.00	31.73	0.27	0.69	43.96	dm-0	0.00	0.00	0.00	0.00	0.00	0.00	0.00	0.00	0.00	0.00	0.00
9	22116	22090	0	0	6	0	800m	2.06g	31m	0	multi2:18.6%	0	15|0	0|5	11m	7m	318	22:02:06	26.58	0.00	29.03	0.00	0.52	43.87	dm-0	0.00	0.00	0.00	0.00	0.00	0.00	0.00	0.00	0.00	0.00	0.00
1	13117	13150	0	0	4	0	800m	2.06g	31m	0	multi3:12.5%	0	0|0	0|0	6m	4m	318	22:02:07	9.30	0.00	8.76	0.00	0.27	81.67	dm-0	0.00	0.00	0.00	0.00	0.00	0.00	0.00	0.00	0.00	0.00	0.00
2	19824	19785	0	0	11	0	800m	2.06g	31m	0	multi2:17.9%	0	19|0	2|3	9m	6m	318	22:02:08	27.55	0.00	34.46	0.00	0.39	37.60	dm-0	0.00	0.00	0.00	0.00	0.00	0.00	0.00	0.00	0.00	0.00	0.00
7	26566	26510	0	0	12	0	800m	2.06g	31m	0	multi9:25.2%	0	8|0	0|0	13m	8m	318	22:02:09	30.99	0.00	42.58	0.39	0.39	25.65	dm-0	0.00	0.00	0.00	4.00	0.00	16.00	8.00	0.26	65.00	41.00	16.40
5	26587	26652	0	0	10	0	800m	2.06g	31m	0	multi2:22.4%	0	2|0	0|1	12m	8m	318	22:02:10	24.11	0.00	25.89	0.41	0.82	48.77	dm-0	0.00	0.00	0.00	0.00	0.00	0.00	0.00	0.00	0.00	0.00	0.00
7	20480	20444	0	0	20	0	800m	2.06g	31m	0	multi8:22.5%	0	75|0	3|5	9m	6m	318	22:02:12	20.48	0.00	27.61	0.13	0.26	51.52	dm-0	0.00	0.00	0.00	0.00	0.00	0.00	0.00	0.00	0.00	0.00	0.00
9	25261	25274	0	0	14	0	800m	2.06g	31m	0	multi2:20.8%	0	8|0	1|3	12m	8m	318	22:02:13	25.44	0.00	43.20	0.00	0.40	30.96	dm-0	0.00	0.00	0.00	0.00	0.00	0.00	0.00	0.00	0.00	0.00	0.00
4	23065	23075	0	0	4	0	800m	2.06g	31m	0	multi0:18.0%	0	32|0	4|1	11m	7m	318	22:02:14	25.58	0.00	32.69	0.13	0.39	41.21	dm-0	0.00	0.00	0.00	0.00	0.00	0.00	0.00	0.00	0.00	0.00	0.00
8	22569	22547	0	0	11	0	800m	2.06g	31m	0	multi2:20.6%	0	24|0	0|1	10m	7m	318	22:02:15	25.00	0.00	29.34	0.26	0.39	45.00	dm-0	0.00	0.00	0.00	0.00	0.00	0.00	0.00	0.00	0.00	0.00	0.00
8	21741	21739	0	0	8	0	800m	2.06g	31m	0	multi9:16.1%	0	20|0	2|5	10m	6m	318	22:02:16	26.74	0.00	32.89	0.13	0.40	39.84	dm-0	0.00	0.00	0.00	0.00	0.00	0.00	0.00	0.00	0.00	0.00	0.00
10	24033	24053	0	0	11	0	800m	2.06g	31m	0	multi9:13.9%	0	0|0	0|0	12m	8m	318	22:02:17	22.93	0.00	24.17	1.10	0.69	51.10	dm-0	0.00	0.00	0.00	4.00	0.00	16.00	8.00	0.42	104.00	38.00	15.20
3	18249	18228	0	0	10	0	800m	2.06g	31m	0	multi4:12.2%	0	13|0	0|3	9m	6m	318	22:02:18	21.80	0.00	20.84	0.14	0.54	56.68	dm-0	0.00	0.00	0.00	0.00	0.00	0.00	0.00	0.00	0.00	0.00	0.00
9	16613	16586	0	0	9	0	800m	2.06g	31m	0	multi9:12.2%	0	0|0	0|0	8m	5m	318	22:02:19	19.65	0.00	19.78	0.27	0.54	59.76	dm-0	0.00	0.00	0.00	0.00	0.00	0.00	0.00	0.00	0.00	0.00	0.00
4	12357	12395	0	0	2	0	800m	2.06g	31m	0	multi4:9.6%	0	0|0	0|0	6m	4m	318	22:02:20	18.24	0.00	23.38	1.49	0.54	56.35	dm-0	0.00	0.00	0.00	2.00	0.00	8.00	8.00	0.41	0.00	106.00	21.20
6	23309	23212	0	0	4	1	800m	2.06g	31m	0	multi5:18.0%	0	3|0	0|1	11m	7m	318	22:02:21	12.17	0.00	13.35	8.64	0.39	65.45	dm-0	0.00	0.00	0.00	104.00	0.00	964.00	18.54	1.68	20.08	8.73	90.80
8	20623	20676	0	0	11	0	800m	2.06g	31m	0	multi9:20.2%	0	37|0	1|3	9m	6m	318	22:02:22	27.21	0.00	38.34	0.40	0.54	33.51	dm-0	0.00	0.00	0.00	0.00	0.00	0.00	0.00	0.00	0.00	0.00	0.00
11	24383	24352	0	0	10	0	800m	2.06g	31m	0	multi5:19.2%	0	7|0	0|4	11m	7m	318	22:02:23	24.27	0.00	26.67	0.27	0.53	48.27	dm-0	0.00	0.00	0.00	0.00	0.00	0.00	0.00	0.00	0.00	0.00	0.00
5	22195	22221	0	0	7	0	800m	2.06g	31m	0	multi9:16.4%	0	1|0	0|1	11m	7m	318	22:02:24	29.95	0.00	35.60	0.00	0.26	34.19	dm-0	0.00	0.00	0.00	0.00	0.00	0.00	0.00	0.00	0.00	0.00	0.00
5	19381	19369	0	0	5	0	800m	2.06g	31m	0	multi9:15.4%	0	0|0	0|0	9m	6m	318	22:02:25	17.72	0.00	19.13	0.42	0.56	62.17	dm-0	0.00	0.00	0.00	0.00	0.00	0.00	0.00	0.00	0.00	0.00	0.00
4	18092	18053	0	0	5	0	800m	2.06g	31m	0	multi9:18.5%	0	12|0	1|0	8m	5m	318	22:02:26	21.65	0.00	29.09	0.68	0.54	48.04	dm-0	0.00	0.00	0.00	4.00	0.00	16.00	8.00	0.17	42.00	20.00	8.00
0	27551	27587	0	0	6	0	800m	2.06g	31m	0	multi5:26.7%	0	5|0	6|1	12m	8m	318	22:02:27	29.91	0.00	42.22	0.14	0.41	27.33	dm-0	0.00	0.00	0.00	0.00	0.00	0.00	0.00	0.00	0.00	0.00	0.00
0	21364	21341	0	0	8	0	800m	2.06g	31m	0	multi5:18.7%	0	5|0	0|0	10m	6m	318	22:02:28	23.68	0.00	23.95	0.13	0.39	51.84	dm-0	0.00	0.00	0.00	0.00	0.00	0.00	0.00	0.00	0.00	0.00	0.00
0	20045	20056	0	0	2	0	800m	2.06g	31m	0	multi1:17.4%	0	14|0	1|5	9m	6m	318	22:02:29	21.14	0.00	24.34	0.40	0.53	53.59	dm-0	0.00	0.00	0.00	0.00	0.00	0.00	0.00	0.00	0.00	0.00	0.00
0	22353	22316	0	0	4	0	800m	2.06g	31m	0	multi9:28.0%	0	2|0	1|0	11m	7m	318	22:02:30	26.52	0.00	31.40	0.26	0.66	41.16	dm-0	0.00	0.00	0.00	0.00	0.00	0.00	0.00	0.00	0.00	0.00	0.00
0	20611	20634	0	0	6	0	800m	2.06g	31m	0	multi3:20.4%	0	52|0	3|5	10m	6m	318	22:02:31	23.99	0.00	27.49	0.13	0.54	47.84	dm-0	0.00	0.00	0.00	0.00	0.00	0.00	0.00	0.00	0.00	0.00	0.00
0	24043	24017	0	0	4	0	800m	2.06g	31m	0	multi9:26.6%	0	30|0	1|4	11m	7m	318	22:02:32	26.20	0.00	31.55	0.13	0.40	41.71	dm-0	0.00	0.00	0.00	0.00	0.00	0.00	0.00	0.00	0.00	0.00	0.00
0	24277	24274	0	0	5	0	800m	2.06g	31m	0	multi3:22.0%	0	20|0	1|3	11m	7m	318	22:02:33	26.18	0.00	36.65	0.00	0.52	36.65	dm-0	0.00	0.00	0.00	0.00	0.00	0.00	0.00	0.00	0.00	0.00	0.00
0	21903	21921	0	0	3	0	800m	2.06g	31m	0	multi9:18.9%	0	0|0	0|0	10m	6m	318	22:02:34	28.49	0.00	31.07	0.14	0.41	39.89	dm-0	0.00	0.00	0.00	0.00	0.00	0.00	0.00	0.00	0.00	0.00	0.00
0	27369	27340	0	0	4	0	800m	2.06g	31m	0	multi9:27.3%	0	0|0	0|0	13m	9m	318	22:02:35	31.54	0.00	33.25	0.26	0.39	34.55	dm-0	0.00	0.00	0.00	0.00	0.00	0.00	0.00	0.00	0.00	0.00	0.00
0	22686	22709	0	0	7	0	800m	2.06g	31m	0	multi9:23.7%	0	19|0	1|2	11m	7m	318	22:02:36	24.50	0.00	34.35	0.00	0.40	40.75	dm-0	0.00	0.00	0.00	0.00	0.00	0.00	0.00	0.00	0.00	0.00	0.00
0	23522	23539	0	0	3	0	800m	2.06g	31m	0	multi9:25.1%	0	0|0	0|0	11m	7m	318	22:02:37	26.73	0.00	31.72	0.00	0.42	41.14	dm-0	0.00	0.00	0.00	0.00	0.00	0.00	0.00	0.00	0.00	0.00	0.00
0	23310	23328	0	0	3	0	800m	2.06g	31m	0	multi9:25.6%	0	0|0	0|0	11m	7m	318	22:02:38	24.41	0.00	24.41	0.13	0.53	50.53	dm-0	0.00	0.00	0.00	0.00	0.00	0.00	0.00	0.00	0.00	0.00	0.00
0	18619	18610	0	0	8	0	800m	2.06g	31m	0	multi2:14.7%	0	20|0	0|53	9m	5m	318	22:02:39	25.13	0.00	39.82	0.26	0.26	34.54	dm-0	0.00	0.00	0.00	0.00	0.00	0.00	0.00	0.00	0.00	0.00	0.00
0	23692	23684	0	0	5	0	800m	2.06g	30m	0	multi9:21.0%	0	14|0	2|3	11m	7m	318	22:02:40	28.36	0.00	28.63	0.13	0.54	42.34	dm-0	0.00	0.00	0.00	0.00	0.00	0.00	0.00	0.00	0.00	0.00	0.00
0	23365	23343	0	0	5	0	800m	2.06g	31m	0	multi9:25.8%	0	0|0	0|0	11m	7m	318	22:02:41	26.57	0.00	33.90	0.13	0.39	39.01	dm-0	0.00	0.00	0.00	0.00	0.00	0.00	0.00	0.00	0.00	0.00	0.00
0	20320	20318	0	0	6	0	800m	2.06g	31m	0	multi2:13.8%	0	17|0	1|4	10m	6m	318	22:02:42	25.23	0.00	28.29	0.27	0.53	45.68	dm-0	0.00	0.00	0.00	0.00	0.00	0.00	0.00	0.00	0.00	0.00	0.00
0	20768	20811	0	0	7	0	800m	2.06g	31m	0	multi9:16.0%	0	36|0	7|5	9m	6m	318	22:02:43	21.60	0.00	27.55	0.00	0.39	50.45	dm-0	0.00	0.00	0.00	0.00	0.00	0.00	0.00	0.00	0.00	0.00	0.00
0	21358	21346	0	0	5	0	800m	2.06g	31m	0	multi3:19.1%	0	0|0	0|0	10m	7m	318	22:02:44	24.08	0.00	25.13	0.39	0.53	49.87	dm-0	0.00	0.00	0.00	0.00	0.00	0.00	0.00	0.00	0.00	0.00	0.00
0	24638	24596	0	0	4	0	800m	2.06g	31m	0	multi9:23.1%	0	0|0	0|0	12m	8m	318	22:02:45	28.29	0.00	40.26	0.26	0.26	30.92	dm-0	0.00	0.00	0.00	0.00	0.00	0.00	0.00	0.00	0.00	0.00	0.00
0	20432	20476	0	0	5	0	800m	2.06g	31m	0	multi0:17.2%	0	3|0	3|3	10m	6m	318	22:02:46	18.84	0.00	20.19	0.13	0.54	60.30	dm-0	0.00	0.00	0.00	0.00	0.00	0.00	0.00	0.00	0.00	0.00	0.00
0	19312	19334	0	0	7	0	800m	2.06g	31m	0	multi2:20.5%	0	0|0	0|0	8m	6m	318	22:02:48	18.33	0.00	17.78	0.00	0.55	63.34	dm-0	0.00	0.00	0.00	0.00	0.00	0.00	0.00	0.00	0.00	0.00	0.00
0	18178	18158	0	0	7	0	800m	2.06g	31m	0	multi3:12.8%	0	0|0	0|0	8m	5m	318	22:02:49	19.22	0.00	27.40	0.39	0.39	52.60	dm-0	0.00	0.00	0.00	0.00	0.00	0.00	0.00	0.00	0.00	0.00	0.00
0	19411	19405	0	0	9	0	800m	2.06g	31m	0	multi2:17.3%	0	0|0	0|0	9m	6m	318	22:02:50	19.36	0.00	22.16	0.27	0.53	57.68	dm-0	0.00	0.00	0.00	0.00	0.00	0.00	0.00	0.00	0.00	0.00	0.00
0	20206	20211	0	0	4	0	800m	2.06g	31m	0	multi2:14.2%	0	0|0	0|0	9m	6m	318	22:02:51	19.07	0.00	22.07	0.00	0.54	58.31	dm-0	0.00	0.00	0.00	0.00	0.00	0.00	0.00	0.00	0.00	0.00	0.00
0	18325	18322	0	0	8	0	800m	2.06g	31m	0	multi2:16.8%	0	0|0	0|0	8m	5m	318	22:02:52	20.45	0.00	22.58	0.13	0.66	56.18	dm-0	0.00	0.00	0.00	0.00	0.00	0.00	0.00	0.00	0.00	0.00	0.00
0	21740	21729	0	0	6	0	800m	2.06g	31m	0	multi2:18.0%	0	15|1	0|2	10m	6m	318	22:02:53	18.19	0.00	21.81	0.42	0.42	59.17	dm-0	0.00	0.00	0.00	0.00	0.00	0.00	0.00	0.00	0.00	0.00	0.00
0	20620	20626	0	0	5	0	800m	2.06g	31m	0	multi2:14.4%	0	20|0	2|4	9m	6m	318	22:02:54	23.36	0.00	37.53	0.00	0.39	38.71	dm-0	0.00	0.00	0.00	0.00	0.00	0.00	0.00	0.00	0.00	0.00	0.00
0	20302	20305	0	0	8	0	800m	2.06g	31m	0	multi2:17.5%	0	0|0	0|0	9m	6m	318	22:02:55	21.00	0.00	25.23	0.26	0.53	52.97	dm-0	0.00	0.00	0.00	0.00	0.00	0.00	0.00	0.00	0.00	0.00	0.00
0	19029	19025	0	0	13	0	800m	2.06g	31m	0	multi2:12.9%	0	27|0	1|4	9m	6m	318	22:02:56	19.95	0.00	20.49	0.14	0.68	58.75	dm-0	0.00	0.00	0.00	0.00	0.00	0.00	0.00	0.00	0.00	0.00	0.00
0	16927	16921	0	0	11	0	800m	2.06g	31m	0	multi2:12.4%	0	4|0	0|1	7m	5m	318	22:02:57	14.56	0.00	16.71	0.27	0.40	68.06	dm-0	0.00	0.00	0.00	0.00	0.00	0.00	0.00	0.00	0.00	0.00	0.00
0	20793	20820	0	0	9	0	800m	2.06g	31m	0	multi2:15.8%	0	0|0	1|0	9m	6m	318	22:02:58	20.30	0.00	22.36	0.00	0.55	56.79	dm-0	0.00	0.00	0.00	0.00	0.00	0.00	0.00	0.00	0.00	0.00	0.00
0	17384	17384	0	0	14	0	800m	2.06g	31m	0	multi2:12.0%	0	0|0	0|0	8m	5m	318	22:02:59	17.61	0.00	20.50	0.13	0.53	61.24	dm-0	0.00	0.00	0.00	0.00	0.00	0.00	0.00	0.00	0.00	0.00	0.00
0	16158	16164	0	0	10	0	800m	2.06g	31m	0	multi9:10.7%	0	0|0	0|2	7m	4m	318	22:03:00	12.92	0.00	14.13	0.13	0.54	72.27	dm-0	0.00	0.00	0.00	0.00	0.00	0.00	0.00	0.00	0.00	0.00	0.00
0	14345	14338	0	0	10	0	800m	2.06g	31m	0	multi2:9.3%	0	0|0	0|0	6m	4m	318	22:03:01	13.51	0.00	14.05	0.27	0.41	71.76	dm-0	0.00	0.00	0.00	0.00	0.00	0.00	0.00	0.00	0.00	0.00	0.00
0	13768	13770	0	0	15	0	800m	2.06g	31m	0	multi6:10.3%	0	0|0	0|0	6m	4m	318	22:03:02	13.40	0.00	13.67	0.13	0.67	72.12	dm-0	0.00	0.00	0.00	0.00	0.00	0.00	0.00	0.00	0.00	0.00	0.00
0	16795	16780	0	0	9	0	800m	2.06g	31m	0	multi7:11.9%	0	6|0	1|1	7m	5m	318	22:03:03	14.96	0.00	18.50	0.26	0.52	65.75	dm-0	0.00	0.00	0.00	0.00	0.00	0.00	0.00	0.00	0.00	0.00	0.00
0	13496	13511	0	0	10	0	800m	2.06g	31m	0	multi3:8.2%	0	3|0	0|2	6m	4m	318	22:03:04	11.05	0.00	14.56	0.00	0.40	73.99	dm-0	0.00	0.00	0.00	0.00	0.00	0.00	0.00	0.00	0.00	0.00	0.00
0	14860	14855	0	0	11	0	800m	2.06g	31m	0	multi9:8.5%	0	0|0	0|0	6m	4m	318	22:03:05	12.97	0.00	12.14	0.28	0.55	74.07	dm-0	0.00	0.00	0.00	0.00	0.00	0.00	0.00	0.00	0.00	0.00	0.00
0	12451	12465	0	0	9	0	800m	2.06g	31m	0	multi3:8.8%	0	0|0	0|0	5m	3m	318	22:03:06	10.01	0.00	11.54	0.00	0.42	78.03	dm-0	0.00	0.00	0.00	0.00	0.00	0.00	0.00	0.00	0.00	0.00	0.00
0	13820	13818	0	0	4	0	800m	2.06g	31m	0	multi9:9.5%	0	0|0	0|0	6m	4m	318	22:03:07	9.83	0.00	12.25	0.13	0.54	77.25	dm-0	0.00	0.00	0.00	0.00	0.00	0.00	0.00	0.00	0.00	0.00	0.00
0	11107	11109	0	0	7	0	800m	2.06g	31m	0	multi1:6.7%	0	0|0	0|0	5m	3m	318	22:03:08	6.58	0.00	11.28	0.13	0.40	81.61	dm-0	0.00	0.00	0.00	0.00	0.00	0.00	0.00	0.00	0.00	0.00	0.00
0	12129	12124	0	0	7	0	800m	2.06g	31m	0	multi7:7.2%	0	0|0	0|0	5m	3m	318	22:03:09	10.64	0.00	11.32	0.00	0.41	77.63	dm-0	0.00	0.00	0.00	0.00	0.00	0.00	0.00	0.00	0.00	0.00	0.00
0	13244	13238	0	0	5	0	800m	2.06g	31m	0	multi7:9.4%	0	0|0	1|0	6m	3m	318	22:03:10	12.03	0.00	13.51	0.14	0.54	73.78	dm-0	0.00	0.00	0.00	0.00	0.00	0.00	0.00	0.00	0.00	0.00	0.00
0	11361	11369	0	0	5	0	800m	2.06g	31m	0	multi1:7.0%	0	2|0	0|2	5m	3m	318	22:03:11	8.96	0.00	12.25	0.26	0.40	78.13	dm-0	0.00	0.00	0.00	0.00	0.00	0.00	0.00	0.00	0.00	0.00	0.00
0	9484	9484	0	0	4	0	800m	2.06g	31m	0	multi9:4.9%	0	0|0	0|0	4m	2m	318	22:03:12	5.93	0.00	6.62	0.00	0.41	87.03	dm-0	0.00	0.00	0.00	0.00	0.00	0.00	0.00	0.00	0.00	0.00	0.00
0	11276	11268	0	0	12	0	800m	2.06g	31m	0	multi3:6.6%	0	0|0	0|0	5m	3m	318	22:03:13	10.28	0.00	12.52	0.26	0.53	76.42	dm-0	0.00	0.00	0.00	0.00	0.00	0.00	0.00	0.00	0.00	0.00	0.00
0	11435	11448	0	0	5	0	800m	2.06g	31m	0	multi9:7.1%	0	0|0	0|0	5m	3m	318	22:03:14	8.69	0.00	8.69	0.13	0.40	82.09	dm-0	0.00	0.00	0.00	0.00	0.00	0.00	0.00	0.00	0.00	0.00	0.00
0	8129	8123	0	0	5	0	800m	2.06g	31m	0	multi6:5.0%	0	0|0	0|2	3m	2m	318	22:03:15	5.63	0.00	7.64	0.13	0.40	86.19	dm-0	0.00	0.00	0.00	0.00	0.00	0.00	0.00	0.00	0.00	0.00	0.00
0	6610	6616	0	0	8	0	800m	2.06g	31m	0	multi7:5.9%	0	0|0	0|0	3m	2m	318	22:03:16	3.71	0.00	4.51	0.27	0.40	91.11	dm-0	0.00	0.00	0.00	0.00	0.00	0.00	0.00	0.00	0.00	0.00	0.00
0	5195	5194	0	0	6	0	800m	2.06g	31m	0	multi2:2.9%	0	0|0	0|0	2m	1m	318	22:03:17	3.78	0.00	3.78	0.13	0.26	92.05	dm-0	0.00	0.00	0.00	0.00	0.00	0.00	0.00	0.00	0.00	0.00	0.00
0	3148	3148	0	0	2	0	800m	2.06g	31m	0	multi2:1.8%	0	0|0	0|1	1m	938k	318	22:03:18	1.17	0.00	1.69	0.13	0.13	96.88	dm-0	0.00	0.00	0.00	0.00	0.00	0.00	0.00	0.00	0.00	0.00	0.00
0	2949	2951	0	0	2	0	800m	2.06g	31m	0	multi7:1.8%	0	0|0	0|2	1m	953k	318	22:03:19	1.56	0.00	1.82	0.78	0.26	95.57	dm-0	0.00	0.00	0.00	7.00	0.00	16.00	4.57	0.21	13.14	30.29	21.20
0	2438	2437	0	0	2	1	800m	2.06g	31m	0	multi7:1.9%	0	0|0	0|0	1m	734k	318	22:03:20	1.02	0.00	1.79	5.63	0.26	91.30	dm-0	0.00	0.00	0.00	73.00	0.00	532.00	14.58	0.95	14.63	6.68	48.80
0	1117	1116	0	0	3	0	800m	2.06g	31m	0	multi2:1.2%	0	0|0	0|0	591k	420k	318	22:03:21	0.77	0.00	1.15	0.13	0.00	97.96	dm-0	0.00	0.00	0.00	0.00	0.00	0.00	0.00	0.00	0.00	0.00	0.00
0	763	764	0	0	3	0	800m	2.06g	31m	0	multi2:0.6%	0	0|0	0|0	336k	221k	318	22:03:22	0.38	0.00	0.64	0.13	0.26	98.60	dm-0	0.00	0.00	0.00	0.00	0.00	0.00	0.00	0.00	0.00	0.00	0.00
0	586	574	0	0	2	0	800m	2.06g	31m	0	multi6:0.4%	0	0|0	0|0	275k	190k	318	22:03:23	0.26	0.00	1.02	0.13	0.26	98.34	dm-0	0.00	0.00	0.00	0.00	0.00	0.00	0.00	0.00	0.00	0.00	0.00
0	970	970	0	0	2	0	800m	2.06g	31m	0	multi9:0.7%	0	0|0	0|0	439k	291k	318	22:03:24	0.38	0.00	1.02	0.13	0.13	98.35	dm-0	0.00	0.00	0.00	0.00	0.00	0.00	0.00	0.00	0.00	0.00	0.00
0	1065	1064	0	0	3	0	800m	2.06g	31m	0	multi9:1.1%	0	0|0	0|0	505k	343k	318	22:03:25	0.76	0.00	1.27	0.25	0.13	97.59	dm-0	0.00	0.00	0.00	4.00	0.00	16.00	8.00	0.02	6.00	6.00	2.40
0	640	641	0	0	2	0	800m	2.06g	31m	0	multi2:0.8%	0	0|0	0|0	321k	225k	318	22:03:26	0.13	0.00	1.15	0.13	0.13	98.47	dm-0	0.00	0.00	0.00	0.00	0.00	0.00	0.00	0.00	0.00	0.00	0.00
0	565	566	0	0	3	0	800m	2.06g	31m	0	multi4:0.4%	0	0|0	0|0	251k	168k	318	22:03:27	0.25	0.00	1.14	0.13	0.13	98.35	dm-0	0.00	0.00	0.00	0.00	0.00	0.00	0.00	0.00	0.00	0.00	0.00
0	880	879	0	0	2	0	800m	2.06g	31m	0	multi2:0.5%	0	0|0	0|0	405k	272k	318	22:03:28	0.38	0.00	0.76	0.00	0.25	98.60	dm-0	0.00	0.00	0.00	0.00	0.00	0.00	0.00	0.00	0.00	0.00	0.00
0	454	455	0	0	2	0	800m	2.06g	31m	0	multi4:0.7%	0	0|0	0|0	192k	126k	318	22:03:29	0.00	0.00	0.51	0.26	0.13	99.11	dm-0	0.00	0.00	0.00	0.00	0.00	0.00	0.00	0.00	0.00	0.00	0.00
0	867	865	0	0	2	0	800m	2.06g	31m	0	multi0:0.8%	0	0|0	0|0	420k	289k	318	22:03:30	0.38	0.00	1.27	0.63	0.13	97.59	dm-0	0.00	0.00	0.00	0.00	0.00	0.00	0.00	0.00	0.00	0.00	0.00
0	418	420	0	0	2	0	800m	2.06g	31m	0	multi9:0.4%	0	0|0	0|0	179k	119k	318	22:03:31	0.13	0.00	0.76	0.13	0.13	98.86	dm-0	0.00	0.00	0.00	0.00	0.00	0.00	0.00	0.00	0.00	0.00	0.00
0	931	930	0	0	2	0	800m	2.06g	31m	0	multi3:0.9%	0	0|0	0|0	454k	312k	318	22:03:32	0.38	0.00	1.03	0.00	0.13	98.46	dm-0	0.00	0.00	0.00	0.00	0.00	0.00	0.00	0.00	0.00	0.00	0.00
0	631	631	0	0	2	0	800m	2.06g	31m	0	multi1:0.7%	0	0|0	0|0	267k	174k	318	22:03:33	0.25	0.00	0.63	0.13	0.25	98.73	dm-0	0.00	0.00	0.00	0.00	0.00	0.00	0.00	0.00	0.00	0.00	0.00
0	651	652	0	0	2	0	800m	2.06g	31m	0	multi7:0.6%	0	0|0	0|3	296k	200k	318	22:03:34	0.25	0.00	0.89	3.05	0.00	95.81	dm-0	0.00	0.00	0.00	0.00	0.00	0.00	0.00	0.00	0.00	0.00	0.00
0	261	260	0	0	2	0	800m	2.06g	31m	0	multi0:0.7%	0	0|0	0|0	112k	76k	318	22:03:35	0.13	0.00	1.01	0.13	0.25	98.48	dm-0	0.00	0.00	0.00	0.00	0.00	0.00	0.00	0.00	0.00	0.00	0.00
0	923	924	0	0	2	0	800m	2.06g	31m	0	multi4:1.4%	0	0|0	0|0	425k	285k	318	22:03:36	0.38	0.00	1.15	0.26	0.13	98.09	dm-0	0.00	0.00	0.00	0.00	0.00	0.00	0.00	0.00	0.00	0.00	0.00
0	432	432	0	0	2	0	800m	2.06g	31m	0	multi9:0.9%	0	0|0	0|0	181k	119k	318	22:03:37	0.00	0.00	0.63	0.13	0.13	99.11	dm-0	0.00	0.00	0.00	0.00	0.00	0.00	0.00	0.00	0.00	0.00	0.00
0	628	628	0	0	3	0	800m	2.06g	31m	0	multi6:0.9%	0	0|0	0|0	305k	212k	318	22:03:38	0.64	0.00	0.64	0.00	0.25	98.47	dm-0	0.00	0.00	0.00	0.00	0.00	0.00	0.00	0.00	0.00	0.00	0.00
0	660	659	0	0	2	0	800m	2.06g	31m	0	multi7:0.7%	0	0|0	0|0	293k	195k	318	22:03:39	0.25	0.00	0.51	0.13	0.13	98.98	dm-0	0.00	0.00	0.00	0.00	0.00	0.00	0.00	0.00	0.00	0.00	0.00
0	155	156	0	0	25	0	800m	2.06g	31m	0	multi2:0.4%	0	0|0	0|0	83k	64k	318	22:03:40	0.25	0.00	0.38	1.65	0.13	97.59	dm-0	0.00	0.00	0.00	0.00	0.00	0.00	0.00	0.00	0.00	0.00	0.00
0	0	0	0	0	3	0	800m	2.06g	31m	0	multi9:0.0%	0	0|0	0|0	197b	7k	318	22:03:42	0.00	0.00	0.51	0.00	0.13	99.37	dm-0	0.00	0.00	0.00	0.00	0.00	0.00	0.00	0.00	0.00	0.00	0.00
0	0	0	0	0	2	0	800m	2.06g	31m	0	multi9:0.0%	0	0|0	0|0	124b	7k	318	22:03:43	0.00	0.00	0.51	0.00	0.13	99.37	dm-0	0.00	0.00	0.00	0.00	0.00	0.00	0.00	0.00	0.00	0.00	0.00
0	0	0	0	0	2	0	800m	2.06g	31m	0	multi9:0.0%	0	0|0	0|0	124b	7k	318	22:03:44	0.13	0.00	0.25	0.00	0.13	99.49	dm-0	0.00	0.00	0.00	0.00	0.00	0.00	0.00	0.00	0.00	0.00	0.00
0	0	0	0	0	2	0	800m	2.06g	31m	0	multi9:0.0%	0	0|0	0|0	124b	7k	318	22:03:45	0.00	0.00	0.51	0.00	0.13	99.37	dm-0	0.00	0.00	0.00	0.00	0.00	0.00	0.00	0.00	0.00	0.00	0.00
0	0	0	0	0	2	0	800m	2.06g	31m	0	.:0.1%	0	0|0	0|0	124b	7k	318	22:03:46	0.13	0.00	0.75	0.88	0.13	98.12	dm-0	0.00	0.00	0.00	0.00	0.00	0.00	0.00	0.00	0.00	0.00	0.00
0	0	0	0	0	2	0	800m	2.06g	31m	0	multi9:0.0%	0	0|0	0|0	124b	7k	318	22:03:47	0.13	0.00	0.50	0.00	0.13	99.24	dm-0	0.00	0.00	0.00	0.00	0.00	0.00	0.00	0.00	0.00	0.00	0.00
0	0	0	0	0	2	0	800m	2.06g	31m	0	.:0.0%	0	0|0	0|0	124b	7k	318	22:03:48	0.13	0.00	0.63	0.00	0.25	98.99	dm-0	0.00	0.00	0.00	0.00	0.00	0.00	0.00	0.00	0.00	0.00	0.00
0	0	0	0	0	2	0	800m	2.06g	31m	0	multi9:0.0%	0	0|0	0|0	124b	7k	318	22:03:49	0.00	0.00	0.51	0.00	0.00	99.49	dm-0	0.00	0.00	0.00	0.00	0.00	0.00	0.00	0.00	0.00	0.00	0.00
0	0	0	0	0	2	0	800m	2.06g	31m	0	multi9:0.0%	0	0|0	0|0	124b	7k	318	22:03:50	0.00	0.00	0.76	0.00	0.13	99.12	dm-0	0.00	0.00	0.00	0.00	0.00	0.00	0.00	0.00	0.00	0.00	0.00
0	0	0	0	0	2	0	800m	2.06g	31m	0	local:0.0%	0	0|0	0|0	124b	7k	318	22:03:51	0.13	0.00	0.63	0.00	0.13	99.12	dm-0	0.00	0.00	0.00	0.00	0.00	0.00	0.00	0.00	0.00	0.00	0.00
0	0	0	0	0	2	0	800m	2.06g	31m	0	multi4:0.0%	0	0|0	0|0	124b	7k	318	22:03:52	0.00	0.00	0.51	0.00	0.13	99.37	dm-0	0.00	0.00	0.00	0.00	0.00	0.00	0.00	0.00	0.00	0.00	0.00
0	0	0	0	0	2	0	800m	2.06g	31m	0	multi9:0.0%	0	0|0	0|0	124b	7k	318	22:03:53	0.13	0.00	0.50	0.00	0.25	99.12	dm-0	0.00	0.00	0.00	0.00	0.00	0.00	0.00	0.00	0.00	0.00	0.00
0	0	0	0	0	2	0	800m	2.06g	31m	0	multi5:0.0%	0	0|0	0|0	124b	7k	318	22:03:54	0.13	0.00	0.50	0.00	0.13	99.25	dm-0	0.00	0.00	0.00	0.00	0.00	0.00	0.00	0.00	0.00	0.00	0.00
0	0	0	0	0	2	0	800m	2.06g	31m	0	multi9:0.0%	0	0|0	0|0	124b	7k	318	22:03:55	0.13	0.00	0.51	0.00	0.13	99.24	dm-0	0.00	0.00	0.00	0.00	0.00	0.00	0.00	0.00	0.00	0.00	0.00
0	0	0	0	0	2	0	800m	2.06g	31m	0	multi9:0.0%	0	0|0	0|0	124b	7k	318	22:03:56	0.00	0.00	0.88	0.00	0.13	98.99	dm-0	0.00	0.00	0.00	0.00	0.00	0.00	0.00	0.00	0.00	0.00	0.00
0	0	0	0	0	2	0	800m	2.06g	31m	0	multi9:0.0%	0	0|0	0|0	124b	7k	318	22:03:57	0.00	0.00	0.76	0.00	0.13	99.12	dm-0	0.00	0.00	0.00	0.00	0.00	0.00	0.00	0.00	0.00	0.00	0.00
0	0	0	0	0	2	0	800m	2.06g	31m	0	multi9:0.0%	0	0|0	0|0	124b	7k	318	22:03:58	0.00	0.00	0.76	0.00	0.13	99.12	dm-0	0.00	0.00	0.00	0.00	0.00	0.00	0.00	0.00	0.00	0.00	0.00
0	0	0	0	0	2	0	800m	2.06g	31m	0	multi9:0.0%	0	0|0	0|0	124b	7k	318	22:03:59	0.13	0.00	0.63	0.00	0.13	99.12	dm-0	0.00	0.00	0.00	0.00	0.00	0.00	0.00	0.00	0.00	0.00	0.00
0	0	0	0	0	2	0	800m	2.06g	31m	0	multi9:0.0%	0	0|0	0|0	124b	7k	318	22:04:00	0.13	0.00	0.88	0.00	0.13	98.87	dm-0	0.00	0.00	0.00	0.00	0.00	0.00	0.00	0.00	0.00	0.00	0.00
0	0	0	0	0	2	0	800m	2.06g	31m	0	multi9:0.0%	0	0|0	0|0	124b	7k	318	22:04:01	0.13	0.00	0.63	0.00	0.13	99.12	dm-0	0.00	0.00	0.00	0.00	0.00	0.00	0.00	0.00	0.00	0.00	0.00
0	0	0	0	0	2	0	800m	2.06g	31m	0	multi9:0.0%	0	0|0	0|0	124b	7k	318	22:04:02	0.13	0.00	0.25	0.00	0.00	99.62	dm-0	0.00	0.00	0.00	0.00	0.00	0.00	0.00	0.00	0.00	0.00	0.00
0	0	0	0	0	2	0	800m	2.06g	31m	0	multi9:0.0%	0	0|0	0|0	124b	7k	318	22:04:03	0.00	0.00	0.76	0.00	0.13	99.12	dm-0	0.00	0.00	0.00	0.00	0.00	0.00	0.00	0.00	0.00	0.00	0.00
0	0	0	0	0	2	0	800m	2.06g	31m	0	multi9:0.0%	0	0|0	0|0	124b	7k	318	22:04:04	0.13	0.00	0.25	0.00	0.13	99.49	dm-0	0.00	0.00	0.00	0.00	0.00	0.00	0.00	0.00	0.00	0.00	0.00
0	0	0	0	0	2	0	800m	2.06g	31m	0	multi9:0.0%	0	0|0	0|0	124b	7k	318	22:04:05	0.00	0.00	0.51	0.13	0.13	99.24	dm-0	0.00	0.00	0.00	0.00	0.00	0.00	0.00	0.00	0.00	0.00	0.00
