insert	query	update	delete	getmore	command	flushes	mapped	vsize	res	faults	locked-db	%idx-miss	qr|qw	ar|aw	netIn	netOut	conn	time	%user	%nice	%system	%iowait	%steal	%idle	Device:	rrqm/s	wrqm/s	r/s	w/s	rkB/s	wkB/s	avgrq-sz	avgqu-sz	await	svctm	%util
0	0	0	0	0	1	0	800m	1.79g	40m	0	multi9:0.0%	0	0|0	0|0	62b	3k	17	15:57:35	0.00	0.00	0.12	0.00	0.00	99.88	dm-0	0.00	0.00	0.00	0.00	0.00	0.00	0.00	0.00	0.00	0.00	0.00
0	0	0	0	0	1	0	800m	1.79g	40m	0	multi9:0.0%	0	0|0	0|0	62b	3k	17	15:57:37	0.13	0.00	0.63	0.13	0.00	99.12	dm-0	0.00	0.00	0.00	0.00	0.00	0.00	0.00	0.00	0.00	0.00	0.00
0	0	0	0	0	1	0	800m	1.79g	40m	0	multi9:0.0%	0	0|0	0|0	62b	3k	17	15:57:38	0.13	0.00	0.13	0.00	0.00	99.75	dm-0	0.00	0.00	0.00	0.00	0.00	0.00	0.00	0.00	0.00	0.00	0.00
0	0	0	0	0	1	0	800m	1.79g	40m	0	admin:0.0%	0	0|0	0|0	62b	3k	17	15:57:39	0.00	0.00	0.13	0.00	0.00	99.87	dm-0	0.00	0.00	0.00	0.00	0.00	0.00	0.00	0.00	0.00	0.00	0.00
0	0	0	0	0	1	0	800m	1.79g	40m	0	multi9:0.0%	0	0|0	0|0	62b	3k	17	15:57:40	0.00	0.00	0.25	0.00	0.00	99.75	dm-0	0.00	0.00	0.00	0.00	0.00	0.00	0.00	0.00	0.00	0.00	0.00
0	0	0	0	0	1	0	800m	1.79g	40m	0	multi9:0.0%	0	0|0	0|0	62b	3k	17	15:57:41	0.00	0.00	0.25	0.00	0.00	99.75	dm-0	0.00	0.00	0.00	0.00	0.00	0.00	0.00	0.00	0.00	0.00	0.00
0	12	0	0	0	1	1	800m	1.79g	40m	0	multi9:0.0%	0	0|0	0|0	62b	3k	17	15:57:42	0.00	0.00	0.38	0.00	0.00	99.62	dm-0	0.00	0.00	0.00	20.00	0.00	0.00	0.00	0.00	0.00	0.00	0.00
0	0	0	0	0	1	0	800m	1.79g	40m	0	multi9:0.0%	0	0|0	0|0	62b	3k	17	15:57:43	0.12	0.00	0.37	0.00	0.00	99.50	dm-0	0.00	0.00	0.00	0.00	0.00	0.00	0.00	0.00	0.00	0.00	0.00
0	0	0	0	0	1	0	800m	1.79g	40m	0	multi9:0.0%	0	0|0	0|0	62b	3k	17	15:57:44	0.00	0.00	0.50	0.00	0.00	99.50	dm-0	0.00	0.00	0.00	0.00	0.00	0.00	0.00	0.00	0.00	0.00	0.00
0	0	0	0	0	1	0	800m	1.79g	40m	0	multi5:0.0%	0	0|0	0|0	62b	3k	17	15:57:45	0.00	0.00	0.38	0.00	0.00	99.62	dm-0	0.00	0.00	0.00	0.00	0.00	0.00	0.00	0.00	0.00	0.00	0.00
0	0	0	0	0	1	0	800m	1.79g	40m	0	multi9:0.0%	0	0|0	0|0	62b	3k	17	15:57:46	0.12	0.00	0.38	0.00	0.00	99.50	dm-0	0.00	0.00	0.00	0.00	0.00	0.00	0.00	0.00	0.00	0.00	0.00
0	0	0	0	0	1	0	800m	1.79g	40m	0	multi9:0.0%	0	0|0	0|0	62b	3k	17	15:57:47	0.12	0.00	0.25	0.12	0.00	99.50	dm-0	0.00	0.00	0.00	0.00	0.00	0.00	0.00	0.00	0.00	0.00	0.00
0	0	0	0	0	1	0	800m	1.79g	40m	0	multi9:0.0%	0	0|0	0|0	62b	3k	17	15:57:48	0.00	0.00	0.00	0.00	0.00	100.00	dm-0	0.00	0.00	0.00	0.00	0.00	0.00	0.00	0.00	0.00	0.00	0.00
0	0	0	0	0	1	0	800m	1.79g	40m	0	.:0.0%	0	0|0	0|0	62b	3k	17	15:57:49	0.13	0.00	0.13	0.00	0.00	99.75	dm-0	0.00	0.00	0.00	0.00	0.00	0.00	0.00	0.00	0.00	0.00	0.00
0	2153	2137	0	0	870	0	800m	1.88g	41m	0	multi7:4.1%	0	28|0	2|0	997k	622k	138	15:57:50	0.64	0.00	1.42	0.00	0.13	97.81	dm-0	0.00	0.00	0.00	0.00	0.00	0.00	0.00	0.00	0.00	0.00	0.00
0	22243	22241	0	0	628	0	800m	1.89g	41m	0	multi7:26.9%	0	5|0	3|0	10m	7m	153	15:57:51	22.90	0.00	33.87	0.65	1.77	40.81	dm-0	0.00	0.00	0.00	0.00	0.00	0.00	0.00	0.00	0.00	0.00	0.00
0	24552	24539	0	0	9	0	800m	1.89g	41m	0	multi0:29.1%	0	72|0	0|1	12m	9m	157	15:57:52	26.31	0.00	36.48	0.15	1.16	35.90	dm-0	0.00	0.00	0.00	0.00	0.00	0.00	0.00	0.00	0.00	0.00	0.00
0	21865	21888	0	0	1	0	800m	1.89g	41m	0	multi0:23.7%	0	0|0	0|1	10m	7m	157	15:57:53	21.17	0.00	32.13	0.15	1.80	44.74	dm-0	0.00	0.00	0.00	0.00	0.00	0.00	0.00	0.00	0.00	0.00	0.00
0	13085	13092	0	0	1	0	800m	1.89g	41m	0	multi2:11.1%	0	0|0	0|0	5m	3m	157	15:57:54	10.19	0.00	11.29	0.00	0.55	77.96	dm-0	0.00	0.00	0.00	0.00	0.00	0.00	0.00	0.00	0.00	0.00	0.00
0	10907	10905	0	0	26	0	800m	1.9g	41m	0	multi2:15.7%	0	0|0	0|1	5m	3m	160	15:57:55	8.54	0.00	9.62	1.90	0.54	79.40	dm-0	0.00	0.00	0.00	4.00	0.00	16.00	8.00	0.09	22.00	8.00	3.20
0	9131	9128	0	0	27	0	800m	1.9g	41m	0	multi2:6.9%	0	0|0	0|0	4m	2m	161	15:57:56	5.06	0.00	6.02	0.14	0.27	88.51	dm-0	0.00	0.00	0.00	0.00	0.00	0.00	0.00	0.00	0.00	0.00	0.00
0	13095	13097	0	0	5	0	800m	1.9g	41m	0	multi4:11.1%	0	1|0	0|1	6m	3m	161	15:57:57	10.39	0.00	10.39	0.13	0.54	78.54	dm-0	0.00	0.00	0.00	0.00	0.00	0.00	0.00	0.00	0.00	0.00	0.00
0	14503	14499	0	0	6	0	800m	1.9g	40m	0	multi2:16.3%	0	0|0	0|0	7m	4m	161	15:57:58	10.64	0.00	12.98	0.14	0.83	75.41	dm-0	0.00	0.00	0.00	0.00	0.00	0.00	0.00	0.00	0.00	0.00	0.00
0	20921	20916	0	0	3	0	800m	1.9g	40m	0	multi5:16.4%	0	1|0	0|1	10m	7m	161	15:57:59	19.61	0.00	23.78	0.14	0.70	55.77	dm-0	0.00	0.00	0.00	0.00	0.00	0.00	0.00	0.00	0.00	0.00	0.00
0	25531	25522	0	0	1	0	800m	1.9g	40m	0	multi2:25.6%	0	2|0	0|1	12m	8m	161	15:58:00	25.03	0.00	34.41	0.14	0.98	39.44	dm-0	0.00	0.00	0.00	0.00	0.00	0.00	0.00	0.00	0.00	0.00	0.00
0	27038	27037	0	0	1	0	800m	1.9g	40m	0	multi5:23.1%	0	0|0	0|39	13m	9m	161	15:58:01	27.06	0.00	34.48	0.27	0.82	37.36	dm-0	0.00	0.00	0.00	4.00	0.00	16.00	8.00	0.10	25.00	15.00	6.00
0	30544	30529	0	0	5	0	800m	1.9g	40m	0	multi5:26.9%	0	54|0	1|5	14m	9m	163	15:58:02	30.73	0.00	39.80	0.14	0.84	28.49	dm-0	0.00	0.00	0.00	0.00	0.00	0.00	0.00	0.00	0.00	0.00	0.00
0	32013	31988	0	0	3	0	800m	1.9g	40m	0	multi0:34.3%	0	35|0	1|0	15m	10m	164	15:58:03	36.89	0.00	45.21	0.00	0.83	17.06	dm-0	0.00	0.00	0.00	0.00	0.00	0.00	0.00	0.00	0.00	0.00	0.00
0	30250	30287	0	0	1	0	800m	1.9g	40m	0	multi0:37.6%	0	17|0	0|2	14m	9m	164	15:58:04	31.17	0.00	48.30	0.15	1.18	19.20	dm-0	0.00	0.00	0.00	0.00	0.00	0.00	0.00	0.00	0.00	0.00	0.00
0	30255	30264	0	0	9	0	800m	1.9g	39m	0	multi0:37.7%	0	52|0	1|1	13m	9m	166	15:58:05	32.55	0.00	47.21	0.00	1.17	19.06	dm-0	0.00	0.00	0.00	0.00	0.00	0.00	0.00	0.00	0.00	0.00	0.00
0	27333	27327	0	0	22	0	800m	1.9g	39m	0	multi0:34.1%	0	31|0	1|2	12m	8m	166	15:58:06	30.23	0.00	57.59	0.14	0.86	11.17	dm-0	0.00	0.00	0.00	0.00	0.00	0.00	0.00	0.00	0.00	0.00	0.00
0	31290	31287	0	0	13	0	800m	1.9g	39m	0	multi0:30.2%	0	25|0	2|3	14m	9m	166	15:58:07	32.33	0.00	40.49	0.29	1.43	25.46	dm-0	0.00	0.00	0.00	4.00	0.00	16.00	8.00	0.06	15.00	11.00	4.40
0	30078	30089	0	0	7	0	800m	1.9g	39m	0	multi8:33.7%	0	29|0	0|3	15m	10m	166	15:58:08	34.52	0.00	52.19	0.00	0.82	12.47	dm-0	0.00	0.00	0.00	0.00	0.00	0.00	0.00	0.00	0.00	0.00	0.00
0	27287	27292	0	0	6	0	800m	1.9g	39m	0	multi8:23.4%	0	0|0	1|1	13m	9m	166	15:58:09	28.12	0.00	29.71	0.14	1.01	41.01	dm-0	0.00	0.00	0.00	0.00	0.00	0.00	0.00	0.00	0.00	0.00	0.00
0	28817	28802	0	0	5	0	800m	1.9g	39m	0	multi8:20.1%	0	1|0	3|2	14m	9m	166	15:58:10	27.65	0.00	30.74	0.15	1.18	40.29	dm-0	0.00	0.00	0.00	0.00	0.00	0.00	0.00	0.00	0.00	0.00	0.00
0	28744	28742	0	0	3	0	800m	1.9g	39m	0	multi8:23.2%	0	3|0	1|0	14m	9m	166	15:58:11	29.14	0.00	34.55	0.00	1.17	35.14	dm-0	0.00	0.00	0.00	0.00	0.00	0.00	0.00	0.00	0.00	0.00	0.00
0	26946	26956	0	0	9	0	800m	1.9g	38m	0	multi6:22.0%	0	0|0	0|2	12m	8m	166	15:58:12	23.62	0.00	28.84	0.29	0.58	46.67	dm-0	0.00	0.00	0.00	0.00	0.00	0.00	0.00	0.00	0.00	0.00	0.00
0	31442	31431	0	0	12	0	800m	1.91g	38m	0	multi6:27.1%	0	20|0	1|2	13m	8m	170	15:58:13	34.44	0.00	40.63	0.28	0.83	23.83	dm-0	0.00	0.00	0.00	4.00	0.00	16.00	8.00	0.06	14.00	6.00	2.40
0	34691	34675	0	0	2	0	800m	1.91g	38m	0	multi4:35.2%	0	4|0	0|0	14m	9m	170	15:58:14	37.32	0.00	53.96	0.00	0.40	8.32	dm-0	0.00	0.00	0.00	0.00	0.00	0.00	0.00	0.00	0.00	0.00	0.00
0	30719	30729	0	0	17	0	800m	1.91g	38m	0	multi4:32.9%	0	56|0	5|3	13m	8m	176	15:58:15	36.30	0.00	58.98	0.00	0.39	4.33	dm-0	0.00	0.00	0.00	0.00	0.00	0.00	0.00	0.00	0.00	0.00	0.00
0	35022	35018	0	0	5	0	800m	1.91g	38m	0	multi4:38.3%	0	66|0	2|2	15m	9m	177	15:58:16	39.24	0.00	51.13	0.00	0.85	8.78	dm-0	0.00	0.00	0.00	0.00	0.00	0.00	0.00	0.00	0.00	0.00	0.00
0	32726	32742	0	0	3	0	800m	1.91g	37m	0	multi4:39.3%	0	73|0	0|3	14m	9m	177	15:58:17	37.31	0.00	53.95	0.14	0.55	8.04	dm-0	0.00	0.00	0.00	0.00	0.00	0.00	0.00	0.00	0.00	0.00	0.00
0	29753	29749	0	0	2	0	800m	1.91g	38m	0	multi4:34.6%	0	67|0	1|4	13m	8m	177	15:58:18	31.42	0.00	54.98	0.14	0.84	12.62	dm-0	0.00	0.00	0.00	4.00	0.00	16.00	8.00	0.04	11.00	5.00	2.00
0	31554	31565	0	0	3	0	800m	1.91g	37m	0	multi1:34.5%	0	7|0	2|2	15m	10m	177	15:58:20	33.16	0.00	53.90	0.66	0.53	11.76	dm-0	0.00	0.00	0.00	2.00	0.00	20.00	20.00	0.17	84.00	42.00	8.40
0	32433	32440	0	0	3	0	800m	1.91g	37m	0	multi2:30.2%	0	8|0	2|1	15m	10m	177	15:58:21	40.51	0.00	49.06	0.13	0.67	9.63	dm-0	0.00	0.00	0.00	0.00	0.00	0.00	0.00	0.00	0.00	0.00	0.00
0	31104	31107	0	0	10	0	800m	1.91g	37m	0	multi5:30.4%	0	23|0	0|4	15m	10m	177	15:58:22	32.77	0.00	46.98	0.14	0.70	19.41	dm-0	0.00	0.00	0.00	0.00	0.00	0.00	0.00	0.00	0.00	0.00	0.00
0	28610	28593	0	0	4	0	800m	1.91g	37m	0	multi5:25.5%	0	3|0	0|2	14m	9m	177	15:58:23	33.52	0.00	37.66	0.00	1.00	27.82	dm-0	0.00	0.00	0.00	0.00	0.00	0.00	0.00	0.00	0.00	0.00	0.00
0	30752	30757	0	0	5	0	800m	1.91g	36m	0	multi4:29.7%	0	6|0	0|3	15m	10m	177	15:58:24	32.62	0.00	34.89	0.28	0.99	31.21	dm-0	0.00	0.00	0.00	0.00	0.00	0.00	0.00	0.00	0.00	0.00	0.00
0	25009	25025	0	0	3	0	800m	1.91g	36m	0	multi6:24.6%	0	0|0	0|0	12m	8m	177	15:58:25	30.79	0.00	41.63	1.47	0.54	25.57	dm-0	0.00	0.00	0.00	22.00	0.00	252.00	22.91	2.52	114.55	10.00	22.00
0	23357	23361	0	0	3	0	800m	1.91g	36m	0	multi6:20.9%	0	0|0	0|0	12m	8m	177	15:58:26	27.35	0.00	27.35	0.15	1.18	43.97	dm-0	0.00	0.00	0.00	0.00	0.00	0.00	0.00	0.00	0.00	0.00	0.00
0	23074	23053	0	0	6	0	800m	1.91g	36m	0	multi4:23.9%	0	44|0	3|0	13m	8m	177	15:58:27	23.10	0.00	27.40	0.29	0.86	48.35	dm-0	0.00	0.00	0.00	0.00	0.00	0.00	0.00	0.00	0.00	0.00	0.00
0	30386	30397	0	0	11	0	800m	1.91g	36m	0	multi6:42.6%	0	4|0	3|2	17m	11m	177	15:58:28	39.20	0.00	47.65	0.00	0.83	12.33	dm-0	0.00	0.00	0.00	0.00	0.00	0.00	0.00	0.00	0.00	0.00	0.00
0	26990	26981	0	0	11	0	800m	1.91g	35m	0	multi6:29.3%	0	39|0	1|3	15m	10m	177	15:58:29	36.32	0.00	38.60	0.14	0.85	24.07	dm-0	0.00	0.00	0.00	0.00	0.00	0.00	0.00	0.00	0.00	0.00	0.00
0	25637	25632	0	0	7	0	800m	1.91g	35m	0	multi6:33.4%	0	21|0	4|5	14m	9m	177	15:58:30	34.76	0.00	43.77	0.14	0.83	20.50	dm-0	0.00	0.00	0.00	4.00	0.00	16.00	8.00	0.03	8.00	8.00	3.20
0	29259	29268	0	0	4	0	800m	1.91g	35m	0	multi6:32.3%	0	28|0	1|2	16m	11m	177	15:58:31	35.91	0.00	48.92	0.27	0.81	14.09	dm-0	0.00	0.00	0.00	0.00	0.00	0.00	0.00	0.00	0.00	0.00	0.00
0	28019	28006	0	0	11	0	800m	1.91g	35m	0	multi8:34.5%	0	21|0	0|3	16m	10m	177	15:58:32	39.61	0.00	50.13	0.00	0.79	9.47	dm-0	0.00	0.00	0.00	0.00	0.00	0.00	0.00	0.00	0.00	0.00	0.00
0	30263	30258	0	0	3	0	800m	1.91g	35m	0	multi0:30.5%	0	50|0	3|5	16m	10m	177	15:58:33	37.48	0.00	41.63	0.13	0.80	19.95	dm-0	0.00	0.00	0.00	0.00	0.00	0.00	0.00	0.00	0.00	0.00	0.00
0	31007	31037	0	0	5	0	800m	1.91g	34m	0	multi0:32.4%	0	0|0	0|1	16m	10m	177	15:58:34	43.10	0.00	48.96	0.13	0.39	7.42	dm-0	0.00	0.00	0.00	0.00	0.00	0.00	0.00	0.00	0.00	0.00	0.00
0	28891	28876	0	0	3	0	800m	1.91g	34m	0	multi0:33.3%	0	45|0	1|5	15m	9m	177	15:58:35	37.69	0.00	41.82	0.00	0.69	19.81	dm-0	0.00	0.00	0.00	4.00	0.00	16.00	8.00	0.02	5.00	3.00	1.20
0	28950	28959	0	0	11	0	800m	1.92g	34m	0	multi6:34.1%	0	4|0	1|1	15m	9m	178	15:58:36	41.94	0.00	45.54	0.13	0.80	11.58	dm-0	0.00	0.00	0.00	0.00	0.00	0.00	0.00	0.00	0.00	0.00	0.00
0	28754	28761	0	0	5	0	800m	1.92g	34m	0	multi6:35.5%	0	5|0	0|1	14m	9m	178	15:58:37	35.70	0.00	35.56	0.14	0.84	27.75	dm-0	0.00	0.00	0.00	0.00	0.00	0.00	0.00	0.00	0.00	0.00	0.00
0	21460	21459	0	0	3	0	800m	1.92g	33m	0	multi4:18.3%	0	0|0	0|1	10m	7m	178	15:58:38	24.90	0.00	30.98	0.14	0.83	43.15	dm-0	0.00	0.00	0.00	0.00	0.00	0.00	0.00	0.00	0.00	0.00	0.00
0	27804	27782	0	0	9	0	800m	1.92g	33m	0	multi4:22.8%	0	26|0	0|3	13m	8m	178	15:58:39	34.66	0.00	33.98	0.00	0.83	30.54	dm-0	0.00	0.00	0.00	0.00	0.00	0.00	0.00	0.00	0.00	0.00	0.00
0	23844	23857	0	0	6	0	800m	1.92g	33m	0	multi6:21.3%	0	6|0	3|1	11m	7m	178	15:58:40	28.59	0.00	41.31	0.27	0.82	29.00	dm-0	0.00	0.00	0.00	0.00	0.00	0.00	0.00	0.00	0.00	0.00	0.00
0	28074	28028	0	0	5	0	800m	1.92g	33m	0	multi6:24.3%	0	57|10	0|10	12m	8m	178	15:58:41	28.28	0.00	30.47	0.29	0.87	40.09	dm-0	0.00	0.00	0.00	4.00	0.00	16.00	8.00	0.03	7.00	5.00	2.00
0	30976	30994	0	0	7	1	800m	1.92g	33m	0	multi6:32.2%	0	31|0	2|5	13m	9m	178	15:58:42	28.43	0.00	37.54	2.52	0.98	30.53	dm-0	0.00	0.00	0.00	34.00	0.00	320.00	18.82	0.24	6.94	6.35	21.60
0	33346	33357	0	0	8	0	800m	1.92g	33m	0	multi6:33.1%	0	11|0	2|1	14m	10m	178	15:58:43	38.35	0.00	45.26	0.14	0.95	15.31	dm-0	0.00	0.00	0.00	0.00	0.00	0.00	0.00	0.00	0.00	0.00	0.00
0	27016	27014	0	0	1	0	800m	1.92g	33m	0	multi6:24.7%	0	20|0	2|5	12m	8m	178	15:58:44	28.99	0.00	35.07	0.14	1.16	34.64	dm-0	0.00	0.00	0.00	0.00	0.00	0.00	0.00	0.00	0.00	0.00	0.00
0	28195	28202	0	0	11	0	800m	1.92g	33m	0	multi4:29.4%	0	17|0	1|1	12m	8m	179	15:58:45	30.11	0.00	39.92	0.14	0.83	29.01	dm-0	0.00	0.00	0.00	0.00	0.00	0.00	0.00	0.00	0.00	0.00	0.00
0	31692	31676	0	0	9	0	800m	1.92g	33m	0	multi5:25.1%	0	4|0	1|3	13m	9m	179	15:58:46	31.66	0.00	49.46	0.14	0.82	17.93	dm-0	0.00	0.00	0.00	4.00	0.00	16.00	8.00	0.02	4.00	2.00	0.80
0	26795	26818	0	0	1	0	800m	1.92g	33m	0	multi6:23.7%	0	2|0	1|2	11m	7m	179	15:58:47	30.37	0.00	39.55	0.28	1.13	28.67	dm-0	0.00	0.00	0.00	0.00	0.00	0.00	0.00	0.00	0.00	0.00	0.00
0	29691	29676	0	0	1	0	800m	1.92g	33m	0	multi6:35.9%	0	14|0	0|3	13m	8m	179	15:58:48	25.03	0.00	30.60	0.14	0.83	43.39	dm-0	0.00	0.00	0.00	0.00	0.00	0.00	0.00	0.00	0.00	0.00	0.00
0	22990	23003	0	0	3	0	800m	1.92g	33m	0	multi5:15.2%	0	0|0	0|1	10m	6m	179	15:58:49	22.18	0.00	21.90	0.00	0.84	55.09	dm-0	0.00	0.00	0.00	0.00	0.00	0.00	0.00	0.00	0.00	0.00	0.00
0	23495	23489	0	0	1	0	800m	1.92g	32m	0	multi4:13.8%	0	1|0	2|1	10m	7m	179	15:58:50	25.82	0.00	25.82	0.28	0.85	47.23	dm-0	0.00	0.00	0.00	0.00	0.00	0.00	0.00	0.00	0.00	0.00	0.00
0	26217	26223	0	0	3	0	800m	1.92g	33m	0	multi5:16.9%	0	4|0	2|3	12m	8m	179	15:58:51	20.82	0.00	22.85	0.15	0.87	55.31	dm-0	0.00	0.00	0.00	0.00	0.00	0.00	0.00	0.00	0.00	0.00	0.00
0	23869	23854	0	0	4	0	800m	1.92g	32m	0	multi2:15.6%	0	21|0	1|2	11m	7m	179	15:58:52	26.80	0.00	32.86	0.42	0.99	38.93	dm-0	0.00	0.00	0.00	4.00	0.00	16.00	8.00	0.06	16.00	6.00	2.40
0	24681	24698	0	0	3	0	800m	1.92g	32m	0	multi5:17.3%	0	11|8	0|8	11m	7m	179	15:58:53	20.51	0.00	19.10	0.00	0.98	59.41	dm-0	0.00	0.00	0.00	0.00	0.00	0.00	0.00	0.00	0.00	0.00	0.00
0	22519	22519	0	0	6	0	800m	1.92g	32m	0	multi2:15.2%	0	2|0	0|2	11m	7m	179	15:58:54	20.08	0.00	19.94	0.42	0.84	58.71	dm-0	0.00	0.00	0.00	2.00	0.00	28.00	28.00	0.03	14.00	14.00	2.80
0	21797	21792	0	0	4	0	800m	1.92g	32m	0	multi2:13.2%	0	4|0	0|2	10m	7m	179	15:58:55	28.15	0.00	31.51	0.14	0.84	39.36	dm-0	0.00	0.00	0.00	0.00	0.00	0.00	0.00	0.00	0.00	0.00	0.00
0	23574	23581	0	0	1	0	800m	1.92g	32m	0	multi2:16.6%	0	0|0	1|1	11m	7m	179	15:58:56	24.45	0.00	24.86	0.14	0.97	49.59	dm-0	0.00	0.00	0.00	0.00	0.00	0.00	0.00	0.00	0.00	0.00	0.00
0	22094	22094	0	0	6	0	800m	1.92g	32m	0	multi4:15.1%	0	0|0	0|1	10m	7m	179	15:58:57	20.61	0.00	18.66	0.14	0.70	59.89	dm-0	0.00	0.00	0.00	0.00	0.00	0.00	0.00	0.00	0.00	0.00	0.00
0	23011	23014	0	0	5	0	800m	1.92g	32m	0	multi2:18.6%	0	1|0	1|14	11m	7m	179	15:58:59	25.43	0.00	24.57	0.29	1.00	48.71	dm-0	0.00	0.00	0.00	4.00	0.00	16.00	8.00	0.08	20.00	10.00	4.00
0	14867	14873	0	0	2	0	800m	1.92g	32m	0	multi6:12.3%	0	0|0	1|0	7m	4m	179	15:59:00	15.52	0.00	13.36	1.48	0.81	68.83	dm-0	0.00	0.00	0.00	12.00	0.00	264.00	44.00	0.81	67.67	10.00	12.00
0	19565	19546	0	0	3	0	800m	1.92g	32m	0	multi2:18.0%	0	8|0	0|1	9m	6m	179	15:59:01	17.42	0.00	16.15	0.28	0.70	65.45	dm-0	0.00	0.00	0.00	0.00	0.00	0.00	0.00	0.00	0.00	0.00	0.00
0	20622	20621	0	0	7	0	800m	1.92g	32m	0	multi5:16.3%	0	10|1	4|6	10m	6m	179	15:59:02	20.03	0.00	20.45	0.14	0.70	58.68	dm-0	0.00	0.00	0.00	0.00	0.00	0.00	0.00	0.00	0.00	0.00	0.00
0	24062	24077	0	0	5	0	800m	1.92g	32m	0	multi2:23.6%	0	2|0	2|1	11m	7m	179	15:59:03	29.37	0.00	31.61	0.00	0.98	38.04	dm-0	0.00	0.00	0.00	0.00	0.00	0.00	0.00	0.00	0.00	0.00	0.00
0	22851	22850	0	0	1	0	800m	1.92g	32m	0	multi2:16.3%	0	0|0	0|3	11m	7m	179	15:59:04	20.81	0.00	19.08	0.29	0.87	58.96	dm-0	0.00	0.00	0.00	4.00	0.00	16.00	8.00	0.04	11.00	5.00	2.00
0	23208	23208	0	0	6	0	800m	1.92g	32m	0	multi6:17.1%	0	0|0	0|0	12m	8m	179	15:59:05	24.50	0.00	21.47	0.14	1.01	52.88	dm-0	0.00	0.00	0.00	0.00	0.00	0.00	0.00	0.00	0.00	0.00	0.00
0	23955	23932	0	0	5	0	800m	1.92g	32m	0	multi5:27.4%	0	7|0	0|2	13m	8m	179	15:59:06	22.80	0.00	24.39	0.29	1.01	51.52	dm-0	0.00	0.00	0.00	0.00	0.00	0.00	0.00	0.00	0.00	0.00	0.00
0	25361	25368	0	0	1	0	800m	1.92g	32m	0	multi5:19.9%	0	6|0	1|1	13m	8m	179	15:59:07	28.53	0.00	35.46	0.00	0.83	35.18	dm-0	0.00	0.00	0.00	0.00	0.00	0.00	0.00	0.00	0.00	0.00	0.00
0	27895	27907	0	0	3	0	800m	1.92g	32m	0	multi6:21.8%	0	1|0	0|1	14m	10m	179	15:59:08	29.61	0.00	30.62	0.15	1.02	38.61	dm-0	0.00	0.00	0.00	0.00	0.00	0.00	0.00	0.00	0.00	0.00	0.00
0	25927	25921	0	0	7	0	800m	1.92g	32m	0	multi5:22.7%	0	17|0	0|2	13m	9m	179	15:59:09	26.90	0.00	28.97	0.41	0.69	43.03	dm-0	0.00	0.00	0.00	4.00	0.00	16.00	8.00	0.05	13.00	7.00	2.80
0	26108	26123	0	0	6	0	800m	1.92g	32m	0	multi8:22.2%	0	1|0	1|1	13m	9m	179	15:59:10	32.30	0.00	43.88	0.13	0.67	23.01	dm-0	0.00	0.00	0.00	2.00	0.00	8.00	8.00	0.14	72.00	52.00	10.40
0	30908	30901	0	0	3	0	800m	1.92g	32m	0	multi5:24.1%	0	1|0	0|2	16m	11m	179	15:59:11	29.40	0.00	39.81	0.14	0.69	29.96	dm-0	0.00	0.00	0.00	0.00	0.00	0.00	0.00	0.00	0.00	0.00	0.00
0	32163	32149	0	0	6	0	800m	1.92g	32m	0	multi5:27.9%	0	44|0	1|6	16m	11m	179	15:59:12	34.49	0.00	45.01	0.28	0.83	19.39	dm-0	0.00	0.00	0.00	0.00	0.00	0.00	0.00	0.00	0.00	0.00	0.00
0	28779	28793	0	0	3	0	800m	1.92g	32m	0	multi5:21.7%	0	0|0	0|0	14m	9m	179	15:59:13	35.24	0.00	47.07	0.00	0.80	16.89	dm-0	0.00	0.00	0.00	0.00	0.00	0.00	0.00	0.00	0.00	0.00	0.00
0	30031	30014	0	0	2	0	800m	1.92g	31m	0	multi5:23.4%	0	21|0	5|4	15m	10m	179	15:59:14	26.59	0.00	38.92	0.00	0.83	33.66	dm-0	0.00	0.00	0.00	0.00	0.00	0.00	0.00	0.00	0.00	0.00	0.00
0	33235	33224	0	0	7	0	800m	1.92g	31m	0	multi5:33.6%	0	44|0	2|5	17m	11m	179	15:59:15	36.48	0.00	52.46	0.13	0.40	10.52	dm-0	0.00	0.00	0.00	0.00	0.00	0.00	0.00	0.00	0.00	0.00	0.00
0	32794	32773	0	0	4	0	800m	1.92g	31m	0	multi5:34.5%	0	5|0	3|0	17m	12m	179	15:59:16	38.99	0.00	54.27	0.13	0.52	6.09	dm-0	0.00	0.00	0.00	4.00	0.00	16.00	8.00	0.06	16.00	6.00	2.40
0	30336	30369	0	0	6	0	800m	1.92g	31m	0	multi6:25.3%	0	15|0	2|4	15m	10m	179	15:59:17	37.22	0.00	49.26	0.13	0.54	12.85	dm-0	0.00	0.00	0.00	0.00	0.00	0.00	0.00	0.00	0.00	0.00	0.00
0	32068	32064	0	0	3	0	800m	1.92g	31m	0	multi4:29.5%	0	69|0	2|6	16m	11m	179	15:59:18	33.06	0.00	52.77	0.00	0.54	13.63	dm-0	0.00	0.00	0.00	0.00	0.00	0.00	0.00	0.00	0.00	0.00	0.00
0	35334	35345	0	0	16	0	800m	1.92g	31m	0	multi8:29.3%	0	4|0	1|2	18m	12m	179	15:59:19	38.50	0.00	52.54	0.13	0.53	8.29	dm-0	0.00	0.00	0.00	0.00	0.00	0.00	0.00	0.00	0.00	0.00	0.00
0	34289	34280	0	0	13	0	800m	1.92g	31m	0	multi7:28.9%	0	52|0	1|2	16m	11m	179	15:59:20	37.48	0.00	45.83	0.14	0.82	15.73	dm-0	0.00	0.00	0.00	0.00	0.00	0.00	0.00	0.00	0.00	0.00	0.00
0	30478	30471	0	0	9	0	800m	1.92g	31m	0	multi7:30.9%	0	53|0	4|2	14m	9m	179	15:59:21	38.27	0.00	53.34	0.13	0.52	7.73	dm-0	0.00	0.00	0.00	0.00	0.00	0.00	0.00	0.00	0.00	0.00	0.00
0	34475	34497	0	0	2	0	800m	1.92g	31m	0	multi7:35.2%	0	7|0	1|2	17m	11m	179	15:59:22	39.42	0.00	43.54	0.00	0.82	16.21	dm-0	0.00	0.00	0.00	0.00	0.00	0.00	0.00	0.00	0.00	0.00	0.00
0	35438	35422	0	0	4	0	800m	1.92g	31m	0	multi7:37.4%	0	42|0	0|5	17m	11m	179	15:59:23	41.73	0.00	52.10	0.13	0.39	5.64	dm-0	0.00	0.00	0.00	0.00	0.00	0.00	0.00	0.00	0.00	0.00	0.00
0	33822	33829	0	0	8	0	800m	1.92g	31m	0	multi5:34.7%	0	19|0	4|1	17m	11m	179	15:59:24	35.38	0.00	46.86	0.14	0.68	16.94	dm-0	0.00	0.00	0.00	1.00	0.00	36.00	72.00	0.02	20.00	20.00	2.00
0	33013	33011	0	0	5	0	800m	1.92g	31m	0	multi5:26.9%	0	6|0	2|1	16m	11m	179	15:59:25	35.07	0.00	39.58	0.28	0.85	24.23	dm-0	0.00	0.00	0.00	0.00	0.00	0.00	0.00	0.00	0.00	0.00	0.00
0	31654	31635	0	0	2	0	800m	1.92g	31m	0	multi7:23.5%	0	47|0	1|2	15m	10m	179	15:59:26	33.98	0.00	59.77	0.00	0.52	5.73	dm-0	0.00	0.00	0.00	4.00	0.00	16.00	8.00	0.06	14.00	12.00	4.80
0	29643	29661	0	0	4	0	800m	1.92g	31m	0	multi5:31.6%	0	40|0	4|1	14m	10m	179	15:59:27	35.11	0.00	58.34	0.13	0.53	5.87	dm-0	0.00	0.00	0.00	0.00	0.00	0.00	0.00	0.00	0.00	0.00	0.00
0	34530	34547	0	0	7	0	800m	1.92g	31m	0	multi5:35.4%	0	40|0	2|0	16m	11m	179	15:59:29	38.75	0.00	56.44	0.00	0.39	4.42	dm-0	0.00	0.00	0.00	0.00	0.00	0.00	0.00	0.00	0.00	0.00	0.00
0	25093	25088	0	0	10	0	800m	1.92g	31m	0	multi5:27.8%	0	47|0	5|2	12m	8m	179	15:59:30	33.51	0.00	58.38	0.13	0.79	7.20	dm-0	0.00	0.00	0.00	2.00	0.00	60.00	60.00	0.04	22.00	12.00	2.40
0	35224	35228	0	0	6	0	800m	1.92g	31m	0	multi5:33.2%	0	25|0	1|3	16m	11m	179	15:59:31	34.58	0.00	52.34	0.13	0.40	12.55	dm-0	0.00	0.00	0.00	0.00	0.00	0.00	0.00	0.00	0.00	0.00	0.00
0	33709	33708	0	0	5	0	800m	1.92g	31m	0	multi5:36.0%	0	25|0	1|3	16m	10m	179	15:59:32	37.40	0.00	56.69	0.13	0.39	5.38	dm-0	0.00	0.00	0.00	0.00	0.00	0.00	0.00	0.00	0.00	0.00	0.00
0	32338	32351	0	0	6	0	800m	1.92g	31m	0	multi5:31.7%	0	1|0	1|0	15m	10m	179	15:59:33	37.97	0.00	51.63	0.00	0.78	9.62	dm-0	0.00	0.00	0.00	4.00	0.00	16.00	8.00	0.11	27.00	25.00	10.00
0	32478	32476	0	0	1	0	800m	1.92g	31m	0	multi5:24.4%	0	8|0	1|1	15m	10m	179	15:59:34	37.00	0.00	38.66	0.14	1.11	23.09	dm-0	0.00	0.00	0.00	0.00	0.00	0.00	0.00	0.00	0.00	0.00	0.00
0	27076	27070	0	0	10	0	800m	1.92g	31m	0	multi5:26.0%	0	3|0	0|2	13m	8m	179	15:59:35	29.30	0.00	42.09	0.83	0.83	26.96	dm-0	0.00	0.00	0.00	9.00	0.00	276.00	61.33	0.69	8.89	8.89	8.00
0	32299	32279	0	0	1	0	800m	1.92g	31m	0	multi2:29.3%	0	78|0	4|6	14m	9m	179	15:59:36	36.20	0.00	46.84	0.54	0.54	15.88	dm-0	0.00	0.00	0.00	0.00	0.00	0.00	0.00	0.03	0.00	0.00	2.00
0	34221	34237	0	0	8	0	800m	1.92g	31m	0	multi8:33.2%	0	38|0	2|4	15m	10m	179	15:59:37	38.68	0.00	55.76	0.00	0.53	5.03	dm-0	0.00	0.00	0.00	4.00	0.00	16.00	8.00	0.02	4.00	2.00	0.80
0	32984	32981	0	0	4	0	800m	1.92g	31m	0	multi1:25.4%	0	38|0	1|2	15m	10m	179	15:59:38	35.75	0.00	44.52	0.27	0.82	18.63	dm-0	0.00	0.00	0.00	0.00	0.00	0.00	0.00	0.00	0.00	0.00	0.00
0	29490	29491	0	0	2	0	800m	1.92g	31m	0	multi3:26.2%	0	18|0	5|1	13m	8m	179	15:59:39	28.35	0.00	42.18	0.00	0.70	28.77	dm-0	0.00	0.00	0.00	0.00	0.00	0.00	0.00	0.00	0.00	0.00	0.00
0	29097	29109	0	0	8	0	800m	1.92g	31m	0	multi3:22.2%	0	11|0	1|3	13m	8m	179	15:59:40	33.91	0.00	42.78	0.00	1.14	22.17	dm-0	0.00	0.00	0.00	0.00	0.00	0.00	0.00	0.00	0.00	0.00	0.00
0	29430	29442	0	0	4	1	800m	1.92g	31m	0	multi1:25.0%	0	1|0	0|2	13m	9m	179	15:59:41	28.79	0.00	36.94	1.12	0.98	32.16	dm-0	0.00	0.00	0.00	31.00	0.00	212.00	13.68	0.10	3.35	3.35	10.40
0	30730	30698	0	0	3	0	800m	1.92g	31m	0	multi3:25.8%	0	15|0	0|4	14m	9m	179	15:59:42	33.14	0.00	36.40	0.14	0.85	29.46	dm-0	0.00	0.00	0.00	0.00	0.00	0.00	0.00	0.00	0.00	0.00	0.00
0	31544	31551	0	0	2	0	800m	1.92g	31m	0	multi2:28.1%	0	4|0	1|3	14m	9m	179	15:59:43	36.43	0.00	45.43	0.00	0.97	17.17	dm-0	0.00	0.00	0.00	0.00	0.00	0.00	0.00	0.00	0.00	0.00	0.00
0	31225	31233	0	0	5	0	800m	1.92g	31m	0	multi2:25.0%	0	1|0	0|1	14m	9m	179	15:59:44	23.37	0.00	28.16	0.15	1.02	47.31	dm-0	0.00	0.00	0.00	0.00	0.00	0.00	0.00	0.00	0.00	0.00	0.00
0	25222	25221	0	0	3	0	800m	1.92g	31m	0	multi9:14.8%	0	0|0	3|2	11m	7m	179	15:59:45	29.32	0.00	33.00	0.28	0.85	36.54	dm-0	0.00	0.00	0.00	0.00	0.00	0.00	0.00	0.00	0.00	0.00	0.00
0	28948	28936	0	0	7	0	800m	1.92g	31m	0	multi2:29.1%	0	6|0	1|2	13m	8m	179	15:59:46	33.99	0.00	40.03	0.14	0.84	25.00	dm-0	0.00	0.00	0.00	4.00	0.00	16.00	8.00	0.08	21.00	15.00	6.00
0	30585	30597	0	0	5	0	800m	1.92g	31m	0	multi2:21.2%	0	2|0	3|1	14m	9m	179	15:59:47	31.28	0.00	34.15	0.14	1.29	33.14	dm-0	0.00	0.00	0.00	0.00	0.00	0.00	0.00	0.00	0.00	0.00	0.00
0	30003	29975	0	0	4	0	800m	1.92g	31m	0	multi9:28.0%	0	45|0	3|2	14m	9m	179	15:59:48	31.84	0.00	46.23	0.14	0.70	21.09	dm-0	0.00	0.00	0.00	0.00	0.00	0.00	0.00	0.00	0.00	0.00	0.00
0	29508	29534	0	0	4	0	800m	1.92g	30m	0	multi6:21.2%	0	1|0	2|2	13m	9m	179	15:59:49	28.45	0.00	28.74	0.15	1.03	41.64	dm-0	0.00	0.00	0.00	2.00	0.00	8.00	8.00	0.01	4.00	2.00	0.40
0	30558	30568	0	0	3	0	800m	1.92g	30m	0	multi9:22.8%	0	5|0	4|3	14m	9m	179	15:59:51	36.05	0.00	46.67	0.14	0.68	16.46	dm-0	0.00	0.00	0.00	0.00	0.00	0.00	0.00	0.00	0.00	0.00	0.00
0	27977	27962	0	0	2	0	800m	1.92g	30m	0	multi8:21.8%	0	32|0	4|5	13m	8m	179	15:59:52	24.49	0.00	28.15	0.15	1.03	46.19	dm-0	0.00	0.00	0.00	0.00	0.00	0.00	0.00	0.00	0.00	0.00	0.00
0	29190	29188	0	0	3	0	800m	1.92g	30m	0	multi1:23.1%	0	9|0	0|0	14m	9m	179	15:59:53	36.93	0.00	50.13	0.00	0.54	12.40	dm-0	0.00	0.00	0.00	0.00	0.00	0.00	0.00	0.00	0.00	0.00	0.00
0	30930	30954	0	0	1	0	800m	1.92g	30m	0	multi0:26.2%	0	1|0	1|1	15m	10m	179	15:59:54	32.24	0.00	43.54	0.00	0.95	23.27	dm-0	0.00	0.00	0.00	0.00	0.00	0.00	0.00	0.00	0.00	0.00	0.00
0	29935	29937	0	0	3	0	800m	1.92g	30m	0	multi0:24.2%	0	1|0	1|1	14m	9m	179	15:59:55	33.84	0.00	40.50	0.14	0.83	24.69	dm-0	0.00	0.00	0.00	0.00	0.00	0.00	0.00	0.00	0.00	0.00	0.00
0	29568	29562	0	0	4	0	800m	1.92g	30m	0	multi1:24.9%	0	2|0	0|3	14m	10m	179	15:59:56	29.02	0.00	37.95	0.15	0.89	31.99	dm-0	0.00	0.00	0.00	0.00	0.00	0.00	0.00	0.00	0.00	0.00	0.00
0	27770	27769	0	0	5	0	800m	1.92g	30m	0	multi1:18.9%	0	3|0	1|2	14m	9m	179	15:59:57	27.49	0.00	27.95	0.15	1.06	43.35	dm-0	0.00	0.00	0.00	0.00	0.00	0.00	0.00	0.00	0.00	0.00	0.00
0	24557	24569	0	0	6	0	800m	1.92g	30m	0	multi6:16.0%	0	0|0	0|1	12m	8m	179	15:59:58	22.98	0.00	27.25	0.15	1.07	48.55	dm-0	0.00	0.00	0.00	0.00	0.00	0.00	0.00	0.00	0.00	0.00	0.00
0	22410	22409	0	0	2	0	800m	1.92g	30m	0	multi4:15.7%	0	2|0	2|2	11m	7m	179	15:59:59	20.27	0.00	19.53	0.15	1.04	59.02	dm-0	0.00	0.00	0.00	0.00	0.00	0.00	0.00	0.00	0.00	0.00	0.00
0	15285	15283	0	0	3	0	800m	1.92g	30m	0	multi2:10.5%	0	0|0	0|5	7m	5m	179	16:00:00	15.96	0.00	14.49	0.15	0.88	68.52	dm-0	0.00	0.00	0.00	1.00	0.00	20.00	40.00	0.00	4.00	4.00	0.40
0	9924	9926	0	0	2	0	800m	1.92g	30m	0	multi2:9.5%	0	0|0	0|0	4m	3m	179	16:00:01	7.80	0.00	8.37	0.14	0.43	83.26	dm-0	0.00	0.00	0.00	0.00	0.00	0.00	0.00	0.00	0.00	0.00	0.00
0	4864	4870	0	0	1	0	800m	1.92g	30m	0	multi2:4.3%	0	0|0	0|0	2m	1m	179	16:00:02	3.14	0.00	3.82	0.27	0.27	92.50	dm-0	0.00	0.00	0.00	0.00	0.00	0.00	0.00	0.00	0.00	0.00	0.00
0	1611	1612	0	0	1	0	800m	1.92g	30m	0	multi2:1.3%	0	0|0	0|0	725k	470k	179	16:00:03	0.65	0.00	1.56	0.13	0.13	97.53	dm-0	0.00	0.00	0.00	0.00	0.00	0.00	0.00	0.00	0.00	0.00	0.00
0	0	0	0	0	1	0	800m	1.92g	30m	0	multi9:0.0%	0	0|0	0|0	62b	3k	179	16:00:04	0.13	0.00	0.25	0.00	0.13	99.50	dm-0	0.00	0.00	0.00	0.00	0.00	0.00	0.00	0.00	0.00	0.00	0.00
0	0	0	0	0	1	0	800m	1.92g	30m	0	multi9:0.0%	0	0|0	0|0	62b	3k	179	16:00:05	0.00	0.00	0.25	0.13	0.00	99.62	dm-0	0.00	0.00	0.00	7.00	0.00	60.00	17.14	0.04	6.29	2.29	1.60
0	0	0	0	0	1	0	800m	1.92g	30m	0	multi9:0.0%	0	0|0	0|0	62b	3k	179	16:00:06	0.00	0.00	0.38	0.00	0.00	99.62	dm-0	0.00	0.00	0.00	0.00	0.00	0.00	0.00	0.00	0.00	0.00	0.00
0	0	0	0	0	1	0	800m	1.92g	30m	0	multi9:0.0%	0	0|0	0|0	62b	3k	179	16:00:07	0.00	0.00	0.50	0.12	0.00	99.38	dm-0	0.00	0.00	0.00	0.00	0.00	0.00	0.00	0.00	0.00	0.00	0.00
0	0	0	0	0	1	0	800m	1.92g	30m	0	multi9:0.0%	0	0|0	0|0	62b	3k	179	16:00:08	0.12	0.00	0.50	0.12	0.00	99.25	dm-0	0.00	0.00	0.00	0.00	0.00	0.00	0.00	0.00	0.00	0.00	0.00
0	0	0	0	0	1	0	800m	1.92g	30m	0	multi9:0.0%	0	0|0	0|0	62b	3k	179	16:00:09	0.00	0.00	0.38	0.00	0.00	99.62	dm-0	0.00	0.00	0.00	0.00	0.00	0.00	0.00	0.00	0.00	0.00	0.00
0	0	0	0	0	1	0	800m	1.92g	30m	0	multi9:0.0%	0	0|0	0|0	62b	3k	179	16:00:10	0.12	0.00	0.50	0.00	0.00	99.38	dm-0	0.00	0.00	0.00	7.00	0.00	112.00	32.00	0.12	13.14	9.71	6.80
0	0	0	0	0	1	0	800m	1.92g	30m	0	multi9:0.0%	0	0|0	0|0	62b	3k	179	16:00:11	0.00	0.00	0.50	0.00	0.00	99.50	dm-0	0.00	0.00	0.00	0.00	0.00	0.00	0.00	0.03	0.00	0.00	1.60
0	0	0	0	0	1	0	800m	1.92g	30m	0	multi9:0.0%	0	0|0	0|0	62b	3k	179	16:00:12	0.13	0.00	0.38	0.00	0.00	99.50	dm-0	0.00	0.00	0.00	0.00	0.00	0.00	0.00	0.00	0.00	0.00	0.00
0	0	0	0	0	1	0	800m	1.92g	30m	0	admin:0.0%	0	0|0	0|0	62b	3k	179	16:00:13	0.00	0.00	0.62	0.12	0.00	99.25	dm-0	0.00	0.00	0.00	0.00	0.00	0.00	0.00	0.00	0.00	0.00	0.00
0	0	0	0	0	1	0	800m	1.92g	30m	0	.:0.0%	0	0|0	0|0	62b	3k	179	16:00:14	0.12	0.00	0.00	0.00	0.00	99.88	dm-0	0.00	0.00	0.00	0.00	0.00	0.00	0.00	0.00	0.00	0.00	0.00
0	0	0	0	0	1	0	800m	1.92g	30m	0	.:0.1%	0	0|0	0|0	62b	3k	179	16:00:15	0.00	0.00	0.25	1.13	0.00	98.62	dm-0	0.00	0.00	0.00	1.00	0.00	4.00	8.00	0.09	92.00	92.00	9.20
0	0	0	0	0	1	0	800m	1.92g	30m	0	multi9:0.0%	0	0|0	0|0	62b	3k	179	16:00:16	0.00	0.00	0.00	0.00	0.00	100.00	dm-0	0.00	0.00	0.00	0.00	0.00	0.00	0.00	0.00	0.00	0.00	0.00
0	0	0	0	0	1	0	800m	1.92g	30m	0	multi9:0.0%	0	0|0	0|0	62b	3k	179	16:00:17	0.25	0.00	0.25	0.00	0.00	99.50	dm-0	0.00	0.00	0.00	0.00	0.00	0.00	0.00	0.00	0.00	0.00	0.00
0	0	0	0	0	1	0	800m	1.92g	30m	0	multi9:0.0%	0	0|0	0|0	62b	3k	179	16:00:18	0.00	0.00	0.25	0.00	0.00	99.75	dm-0	0.00	0.00	0.00	0.00	0.00	0.00	0.00	0.00	0.00	0.00	0.00
0	0	0	0	0	1	0	800m	1.92g	30m	0	multi9:0.0%	0	0|0	0|0	62b	3k	179	16:00:19	0.12	0.00	0.50	0.12	0.00	99.25	dm-0	0.00	0.00	0.00	0.00	0.00	0.00	0.00	0.00	0.00	0.00	0.00
0	0	0	0	0	1	0	800m	1.92g	30m	0	multi9:0.0%	0	0|0	0|0	62b	3k	179	16:00:20	0.25	0.00	0.38	0.00	0.00	99.38	dm-0	0.00	0.00	0.00	0.00	0.00	0.00	0.00	0.00	0.00	0.00	0.00
0	0	0	0	0	1	0	800m	1.92g	30m	0	multi9:0.0%	0	0|0	0|0	62b	3k	179	16:00:21	0.12	0.00	0.37	0.00	0.00	99.50	dm-0	0.00	0.00	0.00	0.00	0.00	0.00	0.00	0.00	0.00	0.00	0.00
0	0	0	0	0	1	0	800m	1.92g	30m	0	multi9:0.0%	0	0|0	0|0	62b	3k	179	16:00:22	0.25	0.00	0.37	0.00	0.00	99.38	dm-0	0.00	0.00	0.00	0.00	0.00	0.00	0.00	0.00	0.00	0.00	0.00
0	0	0	0	0	1	0	800m	1.92g	30m	0	multi9:0.0%	0	0|0	0|0	62b	3k	179	16:00:23	0.12	0.00	0.38	0.00	0.00	99.50	dm-0	0.00	0.00	0.00	0.00	0.00	0.00	0.00	0.00	0.00	0.00	0.00
0	0	0	0	0	1	0	800m	1.92g	30m	0	multi9:0.0%	0	0|0	0|0	62b	3k	179	16:00:24	0.13	0.00	0.38	0.13	0.00	99.37	dm-0	0.00	0.00	0.00	0.00	0.00	0.00	0.00	0.00	0.00	0.00	0.00
0	0	0	0	0	1	0	800m	1.92g	30m	0	multi9:0.0%	0	0|0	0|0	62b	3k	179	16:00:25	0.12	0.00	0.38	0.00	0.00	99.50	dm-0	0.00	0.00	0.00	0.00	0.00	0.00	0.00	0.00	0.00	0.00	0.00
0	0	0	0	0	1	0	800m	1.92g	30m	0	multi9:0.0%	0	0|0	0|0	62b	3k	179	16:00:26	0.12	0.00	0.37	0.00	0.00	99.50	dm-0	0.00	0.00	0.00	0.00	0.00	0.00	0.00	0.00	0.00	0.00	0.00
0	0	0	0	0	1	0	800m	1.92g	30m	0	multi9:0.0%	0	0|0	0|0	62b	3k	179	16:00:27	0.00	0.00	0.38	0.00	0.00	99.62	dm-0	0.00	0.00	0.00	0.00	0.00	0.00	0.00	0.00	0.00	0.00	0.00
0	0	0	0	0	1	0	800m	1.92g	30m	0	multi9:0.0%	0	0|0	0|0	62b	3k	179	16:00:28	0.13	0.00	0.38	0.00	0.00	99.50	dm-0	0.00	0.00	0.00	0.00	0.00	0.00	0.00	0.00	0.00	0.00	0.00
0	0	0	0	0	1	0	800m	1.92g	30m	0	multi9:0.0%	0	0|0	0|0	62b	3k	179	16:00:29	0.13	0.00	0.13	0.13	0.00	99.62	dm-0	0.00	0.00	0.00	1.00	0.00	8.00	16.00	0.01	0.00	12.00	1.20
0	0	0	0	0	1	0	800m	1.92g	30m	0	multi9:0.0%	0	0|0	0|0	62b	3k	179	16:00:30	0.00	0.00	0.13	0.00	0.13	99.75	dm-0	0.00	0.00	0.00	0.00	0.00	0.00	0.00	0.06	0.00	0.00	6.40
0	0	0	0	0	1	0	800m	1.92g	30m	0	multi7:0.0%	0	0|0	0|0	62b	3k	179	16:00:31	0.00	0.00	0.25	0.00	0.00	99.75	dm-0	0.00	0.00	0.00	0.00	0.00	0.00	0.00	0.00	0.00	0.00	0.00
0	0	0	0	0	1	0	800m	1.92g	30m	0	multi9:0.0%	0	0|0	0|0	62b	3k	179	16:00:32	0.12	0.00	0.38	0.00	0.00	99.50	dm-0	0.00	0.00	0.00	0.00	0.00	0.00	0.00	0.00	0.00	0.00	0.00
0	0	0	0	0	1	0	800m	1.92g	30m	0	multi9:0.0%	0	0|0	0|0	62b	3k	179	16:00:33	0.00	0.00	0.50	0.00	0.00	99.50	dm-0	0.00	0.00	0.00	0.00	0.00	0.00	0.00	0.00	0.00	0.00	0.00
0	0	0	0	0	1	0	800m	1.92g	30m	0	multi9:0.0%	0	0|0	0|0	62b	3k	179	16:00:34	0.25	0.00	0.25	0.00	0.00	99.50	dm-0	0.00	0.00	0.00	0.00	0.00	0.00	0.00	0.00	0.00	0.00	0.00
0	0	0	0	0	1	0	800m	1.92g	30m	0	multi9:0.0%	0	0|0	0|0	62b	3k	179	16:00:35	0.00	0.00	0.38	0.12	0.00	99.50	dm-0	0.00	0.00	0.00	2.00	0.00	8.00	8.00	0.09	46.00	46.00	9.20
0	0	0	0	0	1	0	800m	1.92g	30m	0	multi9:0.0%	0	0|0	0|0	62b	3k	179	16:00:36	0.12	0.00	0.37	0.00	0.00	99.50	dm-0	0.00	0.00	0.00	0.00	0.00	0.00	0.00	0.00	0.00	0.00	0.00
0	0	0	0	0	1	0	800m	1.92g	30m	0	multi9:0.0%	0	0|0	0|0	62b	3k	179	16:00:37	0.00	0.00	0.50	0.00	0.00	99.50	dm-0	0.00	0.00	0.00	0.00	0.00	0.00	0.00	0.00	0.00	0.00	0.00
0	0	0	0	0	1	0	800m	1.92g	30m	0	multi9:0.0%	0	0|0	0|0	62b	3k	179	16:00:38	0.00	0.00	0.25	0.00	0.00	99.75	dm-0	0.00	0.00	0.00	0.00	0.00	0.00	0.00	0.00	0.00	0.00	0.00
0	0	0	0	0	1	0	800m	1.92g	30m	0	multi9:0.0%	0	0|0	0|0	62b	3k	179	16:00:39	0.12	0.00	0.25	0.00	0.12	99.50	dm-0	0.00	0.00	0.00	0.00	0.00	0.00	0.00	0.00	0.00	0.00	0.00
0	0	0	0	0	1	0	800m	1.92g	30m	0	.:0.0%	0	0|0	0|0	62b	3k	179	16:00:40	0.13	0.00	0.13	0.00	0.00	99.75	dm-0	0.00	0.00	0.00	0.00	0.00	0.00	0.00	0.00	0.00	0.00	0.00
0	0	0	0	0	1	1	800m	1.92g	30m	0	multi9:0.0%	0	0|0	0|0	62b	3k	179	16:00:41	0.00	0.00	0.25	0.13	0.00	99.62	dm-0	0.00	0.00	0.00	20.00	0.00	0.00	0.00	0.00	0.00	0.00	0.00
0	12	0	0	0	1	0	800m	1.92g	30m	0	multi8:0.0%	0	0|0	0|0	62b	3k	179	16:00:42	0.00	0.00	0.13	0.00	0.00	99.87	dm-0	0.00	0.00	0.00	0.00	0.00	0.00	0.00	0.00	0.00	0.00	0.00
0	0	0	0	0	1	0	800m	1.92g	30m	0	multi9:0.0%	0	0|0	0|0	62b	3k	179	16:00:43	0.00	0.00	0.25	0.00	0.00	99.75	dm-0	0.00	0.00	0.00	0.00	0.00	0.00	0.00	0.00	0.00	0.00	0.00
0	0	0	0	0	1	0	800m	1.92g	30m	0	multi9:0.0%	0	0|0	0|0	62b	3k	179	16:00:44	0.00	0.00	0.13	0.00	0.00	99.87	dm-0	0.00	0.00	0.00	0.00	0.00	0.00	0.00	0.00	0.00	0.00	0.00
0	0	0	0	0	1	0	800m	1.92g	30m	0	multi9:0.0%	0	0|0	0|0	62b	3k	179	16:00:45	0.12	0.00	0.25	0.00	0.00	99.62	dm-0	0.00	0.00	0.00	0.00	0.00	0.00	0.00	0.00	0.00	0.00	0.00
0	0	0	0	0	1	0	800m	1.92g	30m	0	local:0.0%	0	0|0	0|0	62b	3k	179	16:00:46	0.00	0.00	0.25	0.00	0.00	99.75	dm-0	0.00	0.00	0.00	0.00	0.00	0.00	0.00	0.00	0.00	0.00	0.00
0	0	0	0	0	1	0	800m	1.92g	30m	0	multi9:0.0%	0	0|0	0|0	62b	3k	179	16:00:48	0.00	0.00	0.38	0.12	0.00	99.50	dm-0	0.00	0.00	0.00	0.00	0.00	0.00	0.00	0.00	0.00	0.00	0.00
0	0	0	0	0	1	0	800m	1.92g	30m	0	multi9:0.0%	0	0|0	0|0	62b	3k	179	16:00:49	0.12	0.00	0.25	0.00	0.00	99.62	dm-0	0.00	0.00	0.00	0.00	0.00	0.00	0.00	0.00	0.00	0.00	0.00
0	0	0	0	0	1	0	800m	1.92g	30m	0	multi9:0.0%	0	0|0	0|0	62b	3k	179	16:00:50	0.00	0.00	0.50	0.00	0.00	99.50	dm-0	0.00	0.00	0.00	0.00	0.00	0.00	0.00	0.00	0.00	0.00	0.00
0	0	0	0	0	1	0	800m	1.92g	30m	0	multi9:0.0%	0	0|0	0|0	62b	3k	179	16:00:51	0.12	0.00	0.50	0.00	0.00	99.38	dm-0	0.00	0.00	0.00	0.00	0.00	0.00	0.00	0.00	0.00	0.00	0.00
0	0	0	0	0	1	0	800m	1.92g	30m	0	multi9:0.0%	0	0|0	0|0	62b	3k	179	16:00:52	0.00	0.00	0.38	0.00	0.00	99.62	dm-0	0.00	0.00	0.00	0.00	0.00	0.00	0.00	0.00	0.00	0.00	0.00
0	0	0	0	0	1	0	800m	1.92g	30m	0	multi9:0.0%	0	0|0	0|0	62b	3k	179	16:00:53	0.12	0.00	0.38	0.00	0.00	99.50	dm-0	0.00	0.00	0.00	0.00	0.00	0.00	0.00	0.00	0.00	0.00	0.00
0	0	0	0	0	8	0	800m	1.92g	30m	0	multi9:0.0%	0	0|0	0|0	573b	4k	179	16:00:54	0.12	0.00	0.25	0.00	0.00	99.62	dm-0	0.00	0.00	0.00	0.00	0.00	0.00	0.00	0.00	0.00	0.00	0.00
0	0	0	0	0	1	0	800m	1.92g	30m	0	multi9:0.0%	0	0|0	0|0	62b	3k	179	16:00:55	0.00	0.00	0.38	0.00	0.00	99.62	dm-0	0.00	0.00	0.00	0.00	0.00	0.00	0.00	0.00	0.00	0.00	0.00
0	0	0	0	0	8	0	800m	1.92g	30m	0	multi9:0.0%	0	0|0	0|0	573b	4k	179	16:00:56	0.00	0.00	0.25	0.00	0.00	99.75	dm-0	0.00	0.00	0.00	0.00	0.00	0.00	0.00	0.00	0.00	0.00	0.00
0	0	0	0	0	1	0	800m	1.92g	30m	0	multi9:0.0%	0	0|0	0|0	62b	3k	179	16:00:57	0.00	0.00	0.25	0.00	0.00	99.75	dm-0	0.00	0.00	0.00	0.00	0.00	0.00	0.00	0.00	0.00	0.00	0.00
0	0	0	0	0	2	0	800m	1.92g	30m	0	multi9:0.0%	0	0|0	0|0	135b	3k	179	16:00:58	0.00	0.00	0.25	0.00	0.00	99.75	dm-0	0.00	0.00	0.00	0.00	0.00	0.00	0.00	0.00	0.00	0.00	0.00
0	0	0	0	0	1	0	800m	1.92g	30m	0	multi9:0.0%	0	0|0	0|0	62b	3k	179	16:00:59	0.00	0.00	0.38	0.00	0.00	99.62	dm-0	0.00	0.00	0.00	0.00	0.00	0.00	0.00	0.00	0.00	0.00	0.00
0	0	0	0	0	1	0	800m	1.92g	30m	0	multi9:0.0%	0	0|0	0|0	62b	3k	179	16:01:00	0.00	0.00	0.25	0.38	0.00	99.37	dm-0	0.00	0.00	0.00	0.00	0.00	0.00	0.00	0.00	0.00	0.00	0.00
0	0	0	0	0	1	0	800m	1.92g	30m	0	multi9:0.0%	0	0|0	0|0	62b	3k	179	16:01:01	0.13	0.00	0.25	0.00	0.00	99.62	dm-0	0.00	0.00	0.00	0.00	0.00	0.00	0.00	0.00	0.00	0.00	0.00
0	0	0	0	0	1	0	800m	1.92g	30m	0	multi9:0.0%	0	0|0	0|0	62b	3k	179	16:01:02	0.00	0.00	0.50	0.00	0.00	99.50	dm-0	0.00	0.00	0.00	0.00	0.00	0.00	0.00	0.00	0.00	0.00	0.00
0	0	0	0	0	1	0	800m	1.92g	30m	0	multi9:0.0%	0	0|0	0|0	62b	3k	179	16:01:03	0.13	0.00	0.25	0.13	0.00	99.50	dm-0	0.00	0.00	0.00	0.00	0.00	0.00	0.00	0.00	0.00	0.00	0.00
0	0	0	0	0	1	0	800m	1.92g	30m	0	.:0.0%	0	0|0	0|0	62b	3k	179	16:01:04	0.00	0.00	0.25	0.00	0.00	99.75	dm-0	0.00	0.00	0.00	0.00	0.00	0.00	0.00	0.00	0.00	0.00	0.00
0	0	0	0	0	1	0	800m	1.92g	30m	0	multi9:0.0%	0	0|0	0|0	62b	3k	179	16:01:05	0.00	0.00	0.13	0.00	0.00	99.87	dm-0	0.00	0.00	0.00	0.00	0.00	0.00	0.00	0.00	0.00	0.00	0.00
0	0	0	0	0	1	0	800m	1.92g	30m	0	multi9:0.0%	0	0|0	0|0	62b	3k	179	16:01:06	0.13	0.00	0.25	0.00	0.00	99.62	dm-0	0.00	0.00	0.00	0.00	0.00	0.00	0.00	0.00	0.00	0.00	0.00
0	0	0	0	0	1	0	800m	1.92g	30m	0	multi9:0.0%	0	0|0	0|0	62b	3k	179	16:01:07	0.13	0.00	0.25	0.00	0.00	99.62	dm-0	0.00	0.00	0.00	0.00	0.00	0.00	0.00	0.00	0.00	0.00	0.00
0	0	0	0	0	1	0	800m	1.92g	30m	0	multi9:0.0%	0	0|0	0|0	62b	3k	179	16:01:08	0.00	0.00	0.38	0.12	0.00	99.50	dm-0	0.00	0.00	0.00	0.00	0.00	0.00	0.00	0.00	0.00	0.00	0.00
0	0	0	0	0	1	0	800m	1.92g	30m	0	multi9:0.0%	0	0|0	0|0	62b	3k	179	16:01:09	0.12	0.00	0.50	0.00	0.00	99.38	dm-0	0.00	0.00	0.00	0.00	0.00	0.00	0.00	0.00	0.00	0.00	0.00
0	0	0	0	0	1	0	800m	1.92g	30m	0	multi9:0.0%	0	0|0	0|0	62b	3k	179	16:01:10	0.00	0.00	0.62	0.00	0.00	99.38	dm-0	0.00	0.00	0.00	0.00	0.00	0.00	0.00	0.00	0.00	0.00	0.00
0	0	0	0	0	1	0	800m	1.92g	30m	0	multi9:0.0%	0	0|0	0|0	62b	3k	179	16:01:11	0.00	0.00	0.50	0.00	0.00	99.50	dm-0	0.00	0.00	0.00	0.00	0.00	0.00	0.00	0.00	0.00	0.00	0.00
0	0	0	0	0	1	0	800m	1.92g	30m	0	multi0:0.0%	0	0|0	0|0	62b	3k	179	16:01:12	0.00	0.00	0.50	0.00	0.00	99.50	dm-0	0.00	0.00	0.00	0.00	0.00	0.00	0.00	0.00	0.00	0.00	0.00
0	0	0	0	0	1	0	800m	1.92g	30m	0	multi9:0.0%	0	0|0	0|0	62b	3k	179	16:01:13	0.13	0.00	0.38	0.00	0.00	99.50	dm-0	0.00	0.00	0.00	0.00	0.00	0.00	0.00	0.00	0.00	0.00	0.00
0	0	0	0	0	1	0	800m	1.92g	30m	0	multi9:0.0%	0	0|0	0|0	62b	3k	179	16:01:14	0.00	0.00	0.50	0.00	0.00	99.50	dm-0	0.00	0.00	0.00	0.00	0.00	0.00	0.00	0.00	0.00	0.00	0.00
0	0	0	0	0	1	0	800m	1.92g	30m	0	multi9:0.0%	0	0|0	0|0	62b	3k	179	16:01:15	0.00	0.00	0.62	0.00	0.00	99.38	dm-0	0.00	0.00	0.00	0.00	0.00	0.00	0.00	0.00	0.00	0.00	0.00
0	0	0	0	0	1	0	800m	1.92g	30m	0	multi9:0.0%	0	0|0	0|0	62b	3k	179	16:01:16	0.12	0.00	0.38	0.00	0.00	99.50	dm-0	0.00	0.00	0.00	0.00	0.00	0.00	0.00	0.00	0.00	0.00	0.00
0	0	0	0	0	1	0	800m	1.92g	30m	0	.:0.1%	0	0|0	0|0	62b	3k	179	16:01:17	0.00	0.00	0.50	0.00	0.00	99.50	dm-0	0.00	0.00	0.00	0.00	0.00	0.00	0.00	0.00	0.00	0.00	0.00
0	0	0	0	0	1	0	800m	1.92g	30m	0	multi9:0.0%	0	0|0	0|0	62b	3k	179	16:01:18	0.00	0.00	0.38	0.12	0.00	99.50	dm-0	0.00	0.00	0.00	0.00	0.00	0.00	0.00	0.00	0.00	0.00	0.00
0	0	0	0	0	1	0	800m	1.92g	30m	0	multi9:0.0%	0	0|0	0|0	62b	3k	179	16:01:19	0.12	0.00	0.25	0.00	0.00	99.63	dm-0	0.00	0.00	0.00	0.00	0.00	0.00	0.00	0.00	0.00	0.00	0.00
0	0	0	0	0	1	0	800m	1.92g	30m	0	multi9:0.0%	0	0|0	0|0	62b	3k	179	16:01:20	0.00	0.00	0.50	0.00	0.00	99.50	dm-0	0.00	0.00	0.00	0.00	0.00	0.00	0.00	0.00	0.00	0.00	0.00
0	0	0	0	0	1	0	800m	1.92g	30m	0	multi9:0.0%	0	0|0	0|0	62b	3k	179	16:01:21	0.12	0.00	0.38	0.00	0.00	99.50	dm-0	0.00	0.00	0.00	0.00	0.00	0.00	0.00	0.00	0.00	0.00	0.00
0	0	0	0	0	1	0	800m	1.92g	30m	0	multi9:0.0%	0	0|0	0|0	62b	3k	179	16:01:22	0.13	0.00	0.25	0.00	0.00	99.62	dm-0	0.00	0.00	0.00	0.00	0.00	0.00	0.00	0.00	0.00	0.00	0.00
0	0	0	0	0	1	0	800m	1.92g	30m	0	multi9:0.0%	0	0|0	0|0	62b	3k	179	16:01:23	0.00	0.00	0.13	0.00	0.00	99.87	dm-0	0.00	0.00	0.00	0.00	0.00	0.00	0.00	0.00	0.00	0.00	0.00
0	0	0	0	0	1	0	800m	1.92g	30m	0	multi9:0.0%	0	0|0	0|0	62b	3k	179	16:01:24	0.13	0.00	0.13	0.00	0.00	99.75	dm-0	0.00	0.00	0.00	0.00	0.00	0.00	0.00	0.00	0.00	0.00	0.00
0	0	0	0	0	1	0	800m	1.92g	30m	0	multi9:0.0%	0	0|0	0|0	62b	3k	179	16:01:25	0.13	0.00	0.13	0.00	0.00	99.75	dm-0	0.00	0.00	0.00	0.00	0.00	0.00	0.00	0.00	0.00	0.00	0.00
0	0	0	0	0	1	0	800m	1.92g	30m	0	multi9:0.0%	0	0|0	0|0	62b	3k	179	16:01:26	0.13	0.00	0.25	0.00	0.00	99.62	dm-0	0.00	0.00	0.00	0.00	0.00	0.00	0.00	0.00	0.00	0.00	0.00
0	0	0	0	0	1	0	800m	1.92g	30m	0	multi9:0.0%	0	0|0	0|0	62b	3k	179	16:01:27	0.00	0.00	0.25	0.00	0.00	99.75	dm-0	0.00	0.00	0.00	0.00	0.00	0.00	0.00	0.00	0.00	0.00	0.00
0	0	0	0	0	1	0	800m	1.92g	30m	0	.:0.0%	0	0|0	0|0	62b	3k	179	16:01:28	0.00	0.00	0.13	0.00	0.00	99.87	dm-0	0.00	0.00	0.00	0.00	0.00	0.00	0.00	0.00	0.00	0.00	0.00
0	0	0	0	0	1	0	800m	1.92g	30m	0	multi9:0.0%	0	0|0	0|0	62b	3k	179	16:01:29	0.00	0.00	0.25	0.00	0.00	99.75	dm-0	0.00	0.00	0.00	0.00	0.00	0.00	0.00	0.00	0.00	0.00	0.00
0	0	0	0	0	1	0	800m	1.92g	30m	0	multi9:0.0%	0	0|0	0|0	62b	3k	179	16:01:30	0.13	0.00	0.13	0.00	0.00	99.75	dm-0	0.00	0.00	0.00	0.00	0.00	0.00	0.00	0.00	0.00	0.00	0.00
0	0	0	0	0	1	0	800m	1.92g	30m	0	multi9:0.0%	0	0|0	0|0	62b	3k	179	16:01:31	0.00	0.00	0.13	0.00	0.00	99.87	dm-0	0.00	0.00	0.00	0.00	0.00	0.00	0.00	0.00	0.00	0.00	0.00
0	0	0	0	0	1	0	800m	1.92g	30m	0	multi9:0.0%	0	0|0	0|0	62b	3k	179	16:01:32	0.00	0.00	0.13	0.00	0.00	99.87	dm-0	0.00	0.00	0.00	0.00	0.00	0.00	0.00	0.00	0.00	0.00	0.00
0	0	0	0	0	1	0	800m	1.92g	30m	0	multi9:0.0%	0	0|0	0|0	62b	3k	179	16:01:33	0.00	0.00	0.13	0.00	0.13	99.75	dm-0	0.00	0.00	0.00	0.00	0.00	0.00	0.00	0.00	0.00	0.00	0.00
0	0	0	0	0	1	0	800m	1.92g	30m	0	multi9:0.0%	0	0|0	0|0	62b	3k	179	16:01:34	0.00	0.00	0.25	0.00	0.00	99.75	dm-0	0.00	0.00	0.00	0.00	0.00	0.00	0.00	0.00	0.00	0.00	0.00
0	0	0	0	0	1	0	800m	1.92g	30m	0	multi9:0.0%	0	0|0	0|0	62b	3k	179	16:01:35	0.12	0.00	0.25	0.00	0.00	99.62	dm-0	0.00	0.00	0.00	0.00	0.00	0.00	0.00	0.00	0.00	0.00	0.00
0	0	0	0	0	1	0	800m	1.92g	30m	0	multi9:0.0%	0	0|0	0|0	62b	3k	179	16:01:36	0.00	0.00	0.25	0.00	0.00	99.75	dm-0	0.00	0.00	0.00	0.00	0.00	0.00	0.00	0.00	0.00	0.00	0.00
0	0	0	0	0	1	0	800m	1.92g	30m	0	multi9:0.0%	0	0|0	0|0	62b	3k	179	16:01:37	0.00	0.00	0.25	0.00	0.00	99.75	dm-0	0.00	0.00	0.00	0.00	0.00	0.00	0.00	0.00	0.00	0.00	0.00
0	0	0	0	0	1	0	800m	1.92g	30m	0	multi9:0.0%	0	0|0	0|0	62b	3k	179	16:01:38	0.00	0.00	0.38	0.00	0.00	99.62	dm-0	0.00	0.00	0.00	0.00	0.00	0.00	0.00	0.00	0.00	0.00	0.00
0	0	0	0	0	1	0	800m	1.92g	30m	0	multi9:0.0%	0	0|0	0|0	62b	3k	179	16:01:39	0.00	0.00	0.37	0.00	0.00	99.63	dm-0	0.00	0.00	0.00	0.00	0.00	0.00	0.00	0.00	0.00	0.00	0.00
0	0	0	0	0	1	0	800m	1.92g	30m	0	multi9:0.0%	0	0|0	0|0	62b	3k	179	16:01:40	0.13	0.00	0.38	0.00	0.00	99.50	dm-0	0.00	0.00	0.00	0.00	0.00	0.00	0.00	0.00	0.00	0.00	0.00
0	0	0	0	0	1	1	800m	1.92g	30m	0	multi9:0.0%	0	0|0	0|0	62b	3k	179	16:01:41	0.00	0.00	0.25	0.00	0.00	99.75	dm-0	0.00	0.00	0.00	20.00	0.00	0.00	0.00	0.00	0.00	0.00	0.00
0	12	0	0	0	1	0	800m	1.92g	30m	0	multi2:0.0%	0	0|0	0|0	62b	3k	179	16:01:42	0.00	0.00	0.50	0.12	0.00	99.38	dm-0	0.00	0.00	0.00	0.00	0.00	0.00	0.00	0.00	0.00	0.00	0.00
0	0	0	0	0	1	0	800m	1.92g	30m	0	multi9:0.0%	0	0|0	0|0	62b	3k	179	16:01:43	0.00	0.00	0.38	0.00	0.00	99.62	dm-0	0.00	0.00	0.00	0.00	0.00	0.00	0.00	0.00	0.00	0.00	0.00
0	0	0	0	0	1	0	800m	1.92g	30m	0	multi9:0.0%	0	0|0	0|0	62b	3k	179	16:01:44	0.12	0.00	0.37	0.00	0.00	99.50	dm-0	0.00	0.00	0.00	0.00	0.00	0.00	0.00	0.00	0.00	0.00	0.00
0	0	0	0	0	1	0	800m	1.92g	30m	0	multi9:0.0%	0	0|0	0|0	62b	3k	179	16:01:45	0.12	0.00	0.37	0.00	0.00	99.50	dm-0	0.00	0.00	0.00	0.00	0.00	0.00	0.00	0.00	0.00	0.00	0.00
0	0	0	0	0	1	0	800m	1.92g	30m	0	multi9:0.0%	0	0|0	0|0	62b	3k	179	16:01:46	0.00	0.00	0.38	0.00	0.00	99.62	dm-0	0.00	0.00	0.00	0.00	0.00	0.00	0.00	0.00	0.00	0.00	0.00
