insert	query	update	delete	getmore	command	flushes	mapped	vsize	res	faults	locked-db	%idx-miss	qr|qw	ar|aw	netIn	netOut	conn	time	%user	%nice	%system	%iowait	%steal	%idle	Device:	rrqm/s	wrqm/s	r/s	w/s	rkB/s	wkB/s	avgrq-sz	avgqu-sz	await	svctm	%util
0	0	0	0	0	2	0	800m	2.05g	27m	0	multi9:0.0%	0	0|0	0|0	124b	7k	304	21:57:08	0.00	0.00	0.00	0.00	0.00	100.00	dm-0	0.00	0.00	0.00	0.00	0.00	0.00	0.00	0.00	0.00	0.00	0.00
0	0	0	0	0	2	0	800m	2.05g	27m	0	multi5:0.1%	0	0|0	0|0	124b	7k	304	21:57:09	0.00	0.00	0.75	0.37	0.00	98.88	dm-0	0.00	0.00	0.00	0.00	0.00	0.00	0.00	0.00	0.00	0.00	0.00
0	0	0	0	0	2	0	800m	2.05g	27m	0	multi9:0.0%	0	0|0	0|0	124b	7k	304	21:57:11	0.00	0.00	0.50	0.00	0.00	99.50	dm-0	0.00	0.00	0.00	0.00	0.00	0.00	0.00	0.00	0.00	0.00	0.00
0	0	0	0	0	2	0	800m	2.05g	27m	0	multi9:0.0%	0	0|0	0|0	124b	7k	304	21:57:12	0.00	0.00	0.38	0.00	0.00	99.62	dm-0	0.00	0.00	0.00	0.00	0.00	0.00	0.00	0.00	0.00	0.00	0.00
0	0	0	0	0	2	0	800m	2.05g	27m	0	multi9:0.0%	0	0|0	0|0	124b	7k	304	21:57:13	0.00	0.00	0.25	0.00	0.00	99.75	dm-0	0.00	0.00	0.00	0.00	0.00	0.00	0.00	0.00	0.00	0.00	0.00
0	0	0	0	0	2	0	800m	2.05g	27m	0	multi9:0.0%	0	0|0	0|0	124b	7k	304	21:57:14	0.00	0.00	0.25	0.00	0.00	99.75	dm-0	0.00	0.00	0.00	0.00	0.00	0.00	0.00	0.00	0.00	0.00	0.00
0	12	0	0	0	2	0	800m	2.05g	27m	0	multi9:0.0%	0	0|0	0|0	124b	7k	304	21:57:15	0.12	0.00	0.25	0.12	0.00	99.50	dm-0	0.00	0.00	0.00	0.00	0.00	0.00	0.00	0.00	0.00	0.00	0.00
0	0	0	0	0	2	0	800m	2.05g	27m	0	multi9:0.0%	0	0|0	0|0	124b	7k	304	21:57:16	0.00	0.00	0.37	0.00	0.12	99.50	dm-0	0.00	0.00	0.00	0.00	0.00	0.00	0.00	0.00	0.00	0.00	0.00
0	0	0	0	0	2	0	800m	2.05g	27m	0	multi9:0.0%	0	0|0	0|0	124b	7k	304	21:57:17	0.12	0.00	0.38	0.00	0.00	99.50	dm-0	0.00	0.00	0.00	0.00	0.00	0.00	0.00	0.00	0.00	0.00	0.00
0	5557	5550	0	0	2	0	800m	2.05g	27m	0	multi5:8.7%	0	0|0	0|1	2m	2m	304	21:57:18	3.22	0.00	3.22	0.00	0.13	93.43	dm-0	0.00	0.00	0.00	0.00	0.00	0.00	0.00	0.00	0.00	0.00	0.00
0	8683	8690	0	0	2	1	800m	2.05g	27m	0	multi5:14.0%	0	0|0	0|0	4m	3m	304	21:57:19	8.37	0.00	10.26	1.89	0.81	78.68	dm-0	0.00	0.00	0.00	24.00	0.00	36.00	3.00	0.20	7.83	5.50	13.20
0	4295	4283	0	0	2	0	800m	2.05g	27m	0	multi9:7.5%	0	15|0	0|1	1m	1m	304	21:57:20	1.84	0.00	2.89	0.39	0.26	94.61	dm-0	0.00	0.00	0.00	5.00	0.00	4.00	1.60	0.02	6.40	3.20	1.60
0	7683	7688	0	0	2	0	800m	2.05g	28m	0	multi9:11.6%	0	0|0	1|0	3m	2m	304	21:57:21	7.01	0.00	6.61	0.13	0.40	85.85	dm-0	0.00	0.00	0.00	0.00	0.00	0.00	0.00	0.00	0.00	0.00	0.00
0	12107	12109	0	0	2	0	800m	2.05g	27m	0	multi9:19.0%	0	0|0	0|1	5m	3m	304	21:57:22	8.33	0.00	11.75	0.00	0.68	79.23	dm-0	0.00	0.00	0.00	0.00	0.00	0.00	0.00	0.00	0.00	0.00	0.00
0	12387	12390	0	0	2	0	800m	2.05g	28m	0	multi9:15.3%	0	0|0	0|0	6m	4m	304	21:57:23	9.44	0.00	12.64	0.14	0.69	77.08	dm-0	0.00	0.00	0.00	0.00	0.00	0.00	0.00	0.00	0.00	0.00	0.00
0	13598	13594	0	0	2	0	800m	2.05g	28m	0	multi9:12.7%	0	0|0	0|0	6m	4m	304	21:57:24	10.08	0.00	12.13	0.00	0.54	77.25	dm-0	0.00	0.00	0.00	0.00	0.00	0.00	0.00	0.00	0.00	0.00	0.00
0	9067	9070	0	0	4	0	800m	2.05g	28m	0	multi2:7.3%	0	0|0	0|0	4m	3m	304	21:57:25	7.19	0.00	7.97	0.39	0.39	84.05	dm-0	0.00	0.00	0.00	4.00	0.00	16.00	8.00	0.03	7.00	3.00	1.20
0	8172	8172	0	0	3	0	800m	2.05g	28m	0	multi2:5.8%	0	0|0	1|0	4m	3m	304	21:57:26	6.48	0.00	5.95	0.00	0.26	87.30	dm-0	0.00	0.00	0.00	0.00	0.00	0.00	0.00	0.00	0.00	0.00	0.00
0	14203	14197	0	0	2	0	800m	2.05g	28m	0	multi2:14.4%	0	0|0	0|0	7m	5m	304	21:57:27	12.13	0.00	11.32	0.13	0.54	75.88	dm-0	0.00	0.00	0.00	0.00	0.00	0.00	0.00	0.00	0.00	0.00	0.00
0	10522	10519	0	0	2	0	800m	2.05g	28m	0	multi1:5.8%	0	0|0	0|0	5m	3m	304	21:57:28	9.31	0.00	8.78	0.13	0.66	81.13	dm-0	0.00	0.00	0.00	0.00	0.00	0.00	0.00	0.00	0.00	0.00	0.00
0	16670	16681	0	0	2	0	800m	2.05g	28m	0	multi2:11.7%	0	0|0	2|0	8m	5m	304	21:57:29	14.74	0.00	16.33	0.00	0.53	68.39	dm-0	0.00	0.00	0.00	0.00	0.00	0.00	0.00	0.00	0.00	0.00	0.00
0	15859	15854	0	0	2	0	800m	2.05g	28m	0	multi9:10.4%	0	2|0	1|1	8m	5m	304	21:57:30	14.59	0.00	14.86	0.27	0.67	69.61	dm-0	0.00	0.00	0.00	0.00	0.00	0.00	0.00	0.00	0.00	0.00	0.00
0	17664	17662	0	0	4	0	800m	2.05g	28m	0	multi1:11.4%	0	0|0	0|0	8m	6m	304	21:57:31	15.03	0.00	18.52	0.00	0.67	65.77	dm-0	0.00	0.00	0.00	0.00	0.00	0.00	0.00	0.00	0.00	0.00	0.00
0	20111	20117	0	0	5	0	800m	2.05g	28m	0	multi9:13.2%	0	0|0	1|0	9m	6m	304	21:57:32	19.32	0.00	20.27	0.14	0.81	59.46	dm-0	0.00	0.00	0.00	4.00	0.00	16.00	8.00	0.02	6.00	2.00	0.80
0	17539	17533	0	0	10	0	800m	2.05g	28m	0	multi8:15.2%	0	0|0	0|1	8m	5m	304	21:57:33	15.56	0.00	17.22	0.14	0.83	66.25	dm-0	0.00	0.00	0.00	0.00	0.00	0.00	0.00	0.00	0.00	0.00	0.00
0	17318	17310	0	0	4	0	800m	2.05g	28m	0	multi8:10.8%	0	2|0	0|1	8m	5m	304	21:57:34	14.30	0.00	19.84	0.13	0.81	64.91	dm-0	0.00	0.00	0.00	0.00	0.00	0.00	0.00	0.00	0.00	0.00	0.00
0	17874	17887	0	0	3	0	800m	2.05g	28m	0	multi7:11.1%	0	0|0	0|0	8m	5m	304	21:57:35	16.14	0.00	16.83	0.14	0.69	66.21	dm-0	0.00	0.00	0.00	0.00	0.00	0.00	0.00	0.00	0.00	0.00	0.00
0	16158	16148	0	0	4	0	800m	2.05g	28m	0	multi6:12.6%	0	5|0	2|0	8m	6m	304	21:57:36	13.03	0.00	15.50	0.14	0.82	70.51	dm-0	0.00	0.00	0.00	0.00	0.00	0.00	0.00	0.00	0.00	0.00	0.00
0	19084	19092	0	0	3	0	800m	2.05g	28m	0	multi9:13.2%	0	0|0	0|0	9m	6m	304	21:57:37	17.61	0.00	19.76	0.13	0.81	61.69	dm-0	0.00	0.00	0.00	0.00	0.00	0.00	0.00	0.00	0.00	0.00	0.00
0	22539	22536	0	0	15	0	800m	2.05g	28m	0	multi9:18.4%	0	0|0	0|0	10m	7m	304	21:57:38	20.47	0.00	28.43	0.14	0.96	50.00	dm-0	0.00	0.00	0.00	4.00	0.00	16.00	8.00	0.02	6.00	4.00	1.60
0	14683	14679	0	0	2	0	800m	2.05g	28m	0	multi7:10.4%	0	4|0	0|1	7m	5m	304	21:57:39	13.00	0.00	14.59	0.13	0.53	71.75	dm-0	0.00	0.00	0.00	0.00	0.00	0.00	0.00	0.00	0.00	0.00	0.00
0	20021	20018	0	0	4	0	800m	2.05g	28m	0	multi6:13.8%	0	0|0	0|0	10m	7m	304	21:57:40	17.87	0.00	18.70	0.14	0.97	62.33	dm-0	0.00	0.00	0.00	0.00	0.00	0.00	0.00	0.00	0.00	0.00	0.00
0	20022	20019	0	0	7	0	800m	2.05g	28m	0	multi1:16.5%	0	1|0	2|1	9m	6m	304	21:57:41	18.83	0.00	19.37	0.14	0.82	60.85	dm-0	0.00	0.00	0.00	0.00	0.00	0.00	0.00	0.00	0.00	0.00	0.00
0	24176	24180	0	0	12	0	800m	2.05g	28m	0	multi6:18.7%	0	0|0	2|1	12m	8m	304	21:57:42	22.84	0.00	24.37	0.14	0.84	51.81	dm-0	0.00	0.00	0.00	0.00	0.00	0.00	0.00	0.00	0.00	0.00	0.00
0	13737	13744	0	0	2	0	800m	2.05g	28m	0	multi0:10.9%	0	1|0	2|1	7m	4m	304	21:57:43	12.35	0.00	13.28	0.13	0.66	73.57	dm-0	0.00	0.00	0.00	0.00	0.00	0.00	0.00	0.00	0.00	0.00	0.00
0	20637	20629	0	0	3	0	800m	2.05g	28m	0	multi2:19.7%	0	3|0	0|2	11m	7m	304	21:57:44	18.60	0.00	19.84	0.14	0.68	60.74	dm-0	0.00	0.00	0.00	0.00	0.00	0.00	0.00	0.00	0.00	0.00	0.00
0	16105	16114	0	0	4	0	800m	2.05g	28m	0	multi0:11.0%	0	0|0	3|0	8m	5m	304	21:57:45	16.35	0.00	15.42	0.13	0.80	67.29	dm-0	0.00	0.00	0.00	3.00	0.00	12.00	8.00	0.01	2.67	1.33	0.40
0	16740	16738	0	0	6	0	800m	2.05g	28m	0	multi0:10.0%	0	0|0	0|0	7m	5m	304	21:57:46	13.61	0.00	14.03	0.00	0.56	71.81	dm-0	0.00	0.00	0.00	0.00	0.00	0.00	0.00	0.00	0.00	0.00	0.00
0	18966	18970	0	0	21	0	800m	2.05g	28m	0	multi2:12.6%	0	0|0	0|0	9m	6m	304	21:57:47	16.57	0.00	21.55	0.28	0.83	60.77	dm-0	0.00	0.00	0.00	0.00	0.00	0.00	0.00	0.00	0.00	0.00	0.00
0	16619	16617	0	0	5	0	800m	2.05g	28m	0	multi9:9.3%	0	0|0	1|1	7m	5m	304	21:57:48	14.97	0.00	15.10	0.00	0.54	69.39	dm-0	0.00	0.00	0.00	2.00	0.00	12.00	12.00	0.02	12.00	6.00	1.20
0	17315	17317	0	0	4	0	800m	2.05g	28m	0	multi9:13.6%	0	1|0	1|0	8m	5m	304	21:57:49	14.77	0.00	14.91	0.14	0.82	69.36	dm-0	0.00	0.00	0.00	0.00	0.00	0.00	0.00	0.00	0.00	0.00	0.00
0	17241	17233	0	0	4	0	800m	2.05g	28m	0	multi2:11.6%	0	0|0	0|0	9m	6m	304	21:57:50	15.99	0.00	15.01	0.14	0.84	68.02	dm-0	0.00	0.00	0.00	0.00	0.00	0.00	0.00	0.00	0.00	0.00	0.00
0	19061	19062	0	0	2	0	800m	2.05g	28m	0	multi9:12.7%	0	2|0	2|0	10m	6m	304	21:57:51	17.49	0.00	17.49	0.41	0.68	63.93	dm-0	0.00	0.00	0.00	4.00	0.00	16.00	8.00	0.03	7.00	5.00	2.00
0	19540	19538	0	0	3	0	800m	2.05g	28m	0	multi9:15.8%	0	0|0	1|1	9m	6m	304	21:57:52	19.22	0.00	18.94	0.14	0.84	60.86	dm-0	0.00	0.00	0.00	0.00	0.00	0.00	0.00	0.00	0.00	0.00	0.00
0	22077	22083	0	0	3	0	800m	2.05g	28m	0	multi9:18.1%	0	1|0	1|0	11m	7m	304	21:57:53	24.41	0.00	24.41	1.10	0.69	49.38	dm-0	0.00	0.00	0.00	18.00	0.00	124.00	13.78	1.98	110.22	6.67	12.00
0	20096	20085	0	0	6	0	800m	2.05g	28m	0	multi9:15.1%	0	7|0	1|1	10m	6m	304	21:57:54	20.39	0.00	19.56	0.14	0.96	58.95	dm-0	0.00	0.00	0.00	0.00	0.00	0.00	0.00	0.00	0.00	0.00	0.00
0	19464	19477	0	0	3	0	800m	2.05g	28m	0	multi9:14.8%	0	3|0	3|0	10m	6m	304	21:57:55	20.88	0.00	19.92	0.41	0.69	58.10	dm-0	0.00	0.00	0.00	0.00	0.00	0.00	0.00	0.00	0.00	0.00	0.00
0	20602	20599	0	0	2	0	800m	2.05g	28m	0	multi7:17.4%	0	0|0	0|0	10m	6m	304	21:57:56	22.30	0.00	24.10	0.00	0.97	52.63	dm-0	0.00	0.00	0.00	4.00	0.00	16.00	8.00	0.03	8.00	4.00	1.60
0	18844	18831	0	0	5	0	800m	2.05g	28m	0	multi7:15.0%	0	16|0	2|2	9m	6m	304	21:57:57	21.09	0.00	18.50	0.14	0.82	59.46	dm-0	0.00	0.00	0.00	0.00	0.00	0.00	0.00	0.00	0.00	0.00	0.00
0	19574	19589	0	0	5	0	800m	2.05g	28m	0	multi7:23.2%	0	0|0	0|1	10m	6m	304	21:57:58	22.44	0.00	28.04	0.14	0.82	48.56	dm-0	0.00	0.00	0.00	0.00	0.00	0.00	0.00	0.00	0.00	0.00	0.00
0	19395	19378	0	0	6	0	800m	2.05g	28m	0	multi7:22.0%	0	2|0	1|2	10m	6m	304	21:57:59	20.46	0.00	19.92	0.14	0.81	58.67	dm-0	0.00	0.00	0.00	0.00	0.00	0.00	0.00	0.00	0.00	0.00	0.00
0	17264	17277	0	0	4	0	800m	2.05g	28m	0	multi7:18.5%	0	1|0	0|0	9m	5m	304	21:58:00	20.33	0.00	19.37	0.14	0.82	59.35	dm-0	0.00	0.00	0.00	0.00	0.00	0.00	0.00	0.00	0.00	0.00	0.00
0	20068	20070	0	0	5	0	800m	2.05g	28m	0	multi9:24.4%	0	0|0	1|0	11m	7m	304	21:58:01	23.67	0.00	21.20	0.00	0.96	54.17	dm-0	0.00	0.00	0.00	0.00	0.00	0.00	0.00	0.00	0.00	0.00	0.00
0	12278	12284	0	0	3	0	800m	2.05g	28m	0	multi7:12.9%	0	0|0	0|0	6m	4m	304	21:58:02	14.53	0.00	10.93	0.27	0.53	73.73	dm-0	0.00	0.00	0.00	4.00	0.00	16.00	8.00	0.02	4.00	2.00	0.80
0	16664	16659	0	0	5	0	800m	2.05g	28m	0	multi7:14.9%	0	0|0	0|0	8m	5m	304	21:58:03	15.80	0.00	15.93	0.14	0.69	67.45	dm-0	0.00	0.00	0.00	0.00	0.00	0.00	0.00	0.00	0.00	0.00	0.00
0	15245	15243	0	0	9	0	800m	2.05g	28m	0	multi7:16.2%	0	3|0	1|1	8m	5m	304	21:58:04	18.98	0.00	16.90	0.14	0.83	63.16	dm-0	0.00	0.00	0.00	0.00	0.00	0.00	0.00	0.00	0.00	0.00	0.00
0	17806	17805	0	0	9	0	800m	2.05g	28m	0	multi7:19.6%	0	0|0	0|1	9m	5m	304	21:58:05	19.57	0.00	18.63	0.13	0.80	60.86	dm-0	0.00	0.00	0.00	0.00	0.00	0.00	0.00	0.00	0.00	0.00	0.00
0	16667	16667	0	0	5	0	800m	2.05g	28m	0	multi7:21.0%	0	0|0	2|1	8m	5m	304	21:58:06	17.67	0.00	17.12	0.14	0.68	64.38	dm-0	0.00	0.00	0.00	0.00	0.00	0.00	0.00	0.00	0.00	0.00	0.00
0	16600	16605	0	0	5	0	800m	2.05g	28m	0	multi7:20.5%	0	0|0	0|0	8m	5m	304	21:58:07	21.48	0.00	18.52	0.40	0.67	58.93	dm-0	0.00	0.00	0.00	4.00	0.00	16.00	8.00	0.03	7.00	5.00	2.00
0	17925	17921	0	0	7	0	800m	2.05g	28m	0	multi7:20.9%	0	2|0	0|1	9m	5m	304	21:58:08	15.55	0.00	16.89	0.13	0.80	66.62	dm-0	0.00	0.00	0.00	0.00	0.00	0.00	0.00	0.00	0.00	0.00	0.00
0	18451	18461	0	0	7	0	800m	2.05g	28m	0	multi7:17.2%	0	0|0	0|0	8m	5m	304	21:58:10	16.37	0.00	19.53	0.14	0.83	63.14	dm-0	0.00	0.00	0.00	0.00	0.00	0.00	0.00	0.00	0.00	0.00	0.00
0	13760	13760	0	0	2	0	800m	2.05g	28m	0	multi7:10.4%	0	1|0	2|0	6m	3m	304	21:58:11	12.37	0.00	13.71	0.00	0.67	73.25	dm-0	0.00	0.00	0.00	0.00	0.00	0.00	0.00	0.00	0.00	0.00	0.00
0	13760	13760	0	0	2	0	800m	2.05g	28m	0	multi7:10.4%	0	1|0	2|0	6m	3m	304	21:58:11	24.17	0.00	26.56	0.13	0.66	48.47	dm-0	0.00	0.00	0.00	0.00	0.00	0.00	0.00	0.00	0.00	0.00	0.00
0	24105	24194	0	0	3	0	800m	2.05g	28m	0	multi7:27.4%	0	0|0	0|1	11m	8m	304	21:58:13	28.21	0.00	39.30	0.13	1.07	31.28	dm-0	0.00	0.00	0.00	0.00	0.00	0.00	0.00	0.00	0.00	0.00	0.00
0	19381	19370	0	0	16	0	800m	2.05g	28m	0	multi7:19.4%	0	0|0	0|0	9m	6m	304	21:58:14	20.59	0.00	20.59	0.27	0.80	57.75	dm-0	0.00	0.00	0.00	3.00	0.00	12.00	8.00	0.03	9.33	5.33	1.60
0	16777	16776	0	0	8	0	800m	2.05g	28m	0	multi7:14.0%	0	0|0	0|1	7m	5m	304	21:58:15	16.49	0.00	17.84	0.14	0.68	64.86	dm-0	0.00	0.00	0.00	0.00	0.00	0.00	0.00	0.00	0.00	0.00	0.00
0	23493	23478	0	0	10	0	800m	2.05g	28m	0	multi2:22.1%	0	1|0	3|1	9m	6m	304	21:58:16	21.82	0.00	23.17	0.14	1.08	53.79	dm-0	0.00	0.00	0.00	0.00	0.00	0.00	0.00	0.00	0.00	0.00	0.00
0	20808	20816	0	0	5	0	800m	2.05g	28m	0	multi4:20.6%	0	25|0	0|2	8m	5m	304	21:58:17	20.05	0.00	25.03	0.13	0.81	53.97	dm-0	0.00	0.00	0.00	0.00	0.00	0.00	0.00	0.00	0.00	0.00	0.00
0	21368	21374	0	0	7	0	800m	2.05g	28m	0	multi7:15.3%	0	0|0	0|0	8m	5m	304	21:58:18	23.07	0.00	26.19	0.14	1.09	49.53	dm-0	0.00	0.00	0.00	0.00	0.00	0.00	0.00	0.00	0.00	0.00	0.00
0	17131	17130	0	0	9	1	800m	2.05g	28m	0	multi5:10.3%	0	9|0	0|1	7m	5m	304	21:58:19	13.93	0.00	16.80	1.91	0.68	66.67	dm-0	0.00	0.00	0.00	37.00	0.00	180.00	9.73	0.22	5.73	3.57	13.20
0	11001	10998	0	0	5	0	800m	2.05g	28m	0	multi2:7.4%	0	0|0	0|13	4m	3m	304	21:58:20	9.28	0.00	9.95	0.40	0.40	79.97	dm-0	0.00	0.00	0.00	6.00	0.00	16.00	5.33	0.06	10.67	4.67	2.80
0	24355	24366	0	0	7	0	800m	2.05g	28m	0	multi7:19.0%	0	0|0	1|5	10m	7m	304	21:58:21	23.75	0.00	35.09	0.00	0.81	40.35	dm-0	0.00	0.00	0.00	0.00	0.00	0.00	0.00	0.00	0.00	0.00	0.00
0	20224	20212	0	0	10	0	800m	2.05g	28m	0	multi4:11.4%	0	4|0	0|3	8m	5m	304	21:58:22	18.12	0.00	18.66	0.14	0.82	62.26	dm-0	0.00	0.00	0.00	0.00	0.00	0.00	0.00	0.00	0.00	0.00	0.00
0	22941	22937	0	0	6	0	800m	2.05g	28m	0	multi7:19.5%	0	1|0	1|2	10m	6m	304	21:58:23	22.11	0.00	30.28	0.00	1.13	46.48	dm-0	0.00	0.00	0.00	1.00	0.00	12.00	24.00	0.00	4.00	4.00	0.40
0	21496	21508	0	0	6	0	800m	2.05g	28m	0	multi5:14.8%	0	0|0	0|3	10m	6m	304	21:58:24	21.56	0.00	25.51	0.27	0.68	51.98	dm-0	0.00	0.00	0.00	0.00	0.00	0.00	0.00	0.00	0.00	0.00	0.00
0	24908	24892	0	0	6	0	800m	2.05g	28m	0	multi2:23.9%	0	6|0	2|3	10m	6m	304	21:58:25	22.65	0.00	29.88	0.14	0.82	46.52	dm-0	0.00	0.00	0.00	4.00	0.00	16.00	8.00	0.01	3.00	1.00	0.40
0	20040	20055	0	0	4	0	800m	2.05g	28m	0	multi2:10.3%	0	0|0	0|1	8m	5m	304	21:58:26	23.64	0.00	26.22	0.00	0.82	49.32	dm-0	0.00	0.00	0.00	0.00	0.00	0.00	0.00	0.00	0.00	0.00	0.00
0	19175	19173	0	0	18	0	800m	2.05g	28m	0	multi5:14.9%	0	0|0	1|1	8m	5m	304	21:58:27	16.85	0.00	16.58	0.14	0.68	65.75	dm-0	0.00	0.00	0.00	0.00	0.00	0.00	0.00	0.00	0.00	0.00	0.00
0	22930	22923	0	0	2	0	800m	2.05g	28m	0	multi5:23.7%	0	9|0	1|1	10m	7m	304	21:58:28	23.16	0.00	25.10	0.28	1.25	50.21	dm-0	0.00	0.00	0.00	10.00	0.00	136.00	27.20	0.22	22.00	2.80	2.80
0	25586	25585	0	0	16	0	800m	2.05g	28m	0	multi5:21.4%	0	4|0	3|3	12m	7m	304	21:58:29	27.10	0.00	37.13	0.14	0.81	34.82	dm-0	0.00	0.00	0.00	0.00	0.00	0.00	0.00	0.00	0.00	0.00	0.00
0	20570	20583	0	0	12	0	800m	2.05g	28m	0	multi5:15.5%	0	0|0	0|0	9m	6m	304	21:58:30	24.73	0.00	19.89	0.40	0.94	54.03	dm-0	0.00	0.00	0.00	4.00	0.00	16.00	8.00	0.05	12.00	4.00	1.60
0	20709	20699	0	0	14	0	800m	2.05g	28m	0	multi8:11.3%	0	6|0	2|2	9m	5m	304	21:58:31	21.23	0.00	18.58	0.00	0.84	59.36	dm-0	0.00	0.00	0.00	0.00	0.00	0.00	0.00	0.00	0.00	0.00	0.00
0	22541	22531	0	0	10	0	800m	2.05g	28m	0	multi7:18.4%	0	14|0	1|3	10m	6m	304	21:58:32	20.90	0.00	20.90	0.14	0.82	57.24	dm-0	0.00	0.00	0.00	0.00	0.00	0.00	0.00	0.00	0.00	0.00	0.00
0	27848	27857	0	0	11	0	800m	2.05g	28m	0	multi5:20.2%	0	1|0	1|2	12m	7m	304	21:58:33	31.17	0.00	32.66	0.14	1.22	34.82	dm-0	0.00	0.00	0.00	0.00	0.00	0.00	0.00	0.00	0.00	0.00	0.00
0	20811	20812	0	0	8	0	800m	2.05g	28m	0	multi8:15.0%	0	6|0	1|2	9m	6m	304	21:58:34	21.80	0.00	21.12	0.14	0.82	56.13	dm-0	0.00	0.00	0.00	0.00	0.00	0.00	0.00	0.00	0.00	0.00	0.00
0	23835	23843	0	0	2	0	800m	2.05g	28m	0	multi8:18.4%	0	1|0	0|1	11m	7m	304	21:58:35	26.93	0.00	25.69	0.14	1.10	46.13	dm-0	0.00	0.00	0.00	0.00	0.00	0.00	0.00	0.00	0.00	0.00	0.00
0	22135	22137	0	0	4	0	800m	2.05g	28m	0	multi7:20.2%	0	7|0	1|3	10m	6m	304	21:58:36	21.81	0.00	20.16	0.27	1.10	56.65	dm-0	0.00	0.00	0.00	4.00	0.00	16.00	8.00	0.02	4.00	2.00	0.80
0	22885	22878	0	0	2	0	800m	2.05g	28m	0	multi7:16.2%	0	4|0	0|2	10m	7m	304	21:58:37	22.87	0.00	25.76	0.00	1.10	50.28	dm-0	0.00	0.00	0.00	0.00	0.00	0.00	0.00	0.00	0.00	0.00	0.00
0	20375	20381	0	0	3	0	800m	2.05g	28m	0	multi8:13.1%	0	0|0	0|0	9m	6m	304	21:58:38	21.58	0.00	19.95	0.14	0.82	57.51	dm-0	0.00	0.00	0.00	0.00	0.00	0.00	0.00	0.00	0.00	0.00	0.00
0	23117	23109	0	0	4	0	800m	2.05g	28m	0	multi1:15.0%	0	0|0	0|0	11m	7m	304	21:58:39	20.41	0.00	21.79	0.14	0.83	56.83	dm-0	0.00	0.00	0.00	0.00	0.00	0.00	0.00	0.00	0.00	0.00	0.00
0	24677	24670	0	0	33	0	800m	2.05g	28m	0	multi7:23.2%	0	25|0	2|2	11m	7m	304	21:58:40	24.18	0.00	29.78	0.00	0.96	45.08	dm-0	0.00	0.00	0.00	0.00	0.00	0.00	0.00	0.00	0.00	0.00	0.00
0	27164	27176	0	0	11	0	800m	2.05g	28m	0	multi7:20.3%	0	1|0	1|0	13m	8m	304	21:58:41	32.04	0.00	35.39	0.27	0.94	31.37	dm-0	0.00	0.00	0.00	0.00	0.00	0.00	0.00	0.00	0.00	0.00	0.00
0	23233	23222	0	0	16	0	800m	2.05g	28m	0	multi7:23.8%	0	0|0	0|0	10m	6m	304	21:58:42	27.02	0.00	28.41	0.00	1.11	43.45	dm-0	0.00	0.00	0.00	0.00	0.00	0.00	0.00	0.00	0.00	0.00	0.00
0	23046	23059	0	0	8	0	800m	2.05g	28m	0	multi7:19.1%	0	0|0	1|1	11m	7m	304	21:58:43	24.24	0.00	23.42	0.14	1.10	51.10	dm-0	0.00	0.00	0.00	4.00	0.00	16.00	8.00	0.02	4.00	2.00	0.80
0	22590	22578	0	0	9	0	800m	2.05g	28m	0	multi7:20.8%	0	11|0	0|1	11m	7m	304	21:58:44	26.17	0.00	33.51	0.13	0.80	39.39	dm-0	0.00	0.00	0.00	0.00	0.00	0.00	0.00	0.00	0.00	0.00	0.00
0	21857	21870	0	0	7	0	800m	2.05g	28m	0	multi7:14.0%	0	0|0	0|28	10m	7m	304	21:58:45	21.39	0.00	21.66	0.00	0.82	56.13	dm-0	0.00	0.00	0.00	0.00	0.00	0.00	0.00	0.00	0.00	0.00	0.00
0	22046	22041	0	0	7	0	800m	2.05g	28m	0	multi7:19.7%	0	12|0	0|34	10m	7m	304	21:58:46	20.90	0.00	24.18	0.41	0.96	53.55	dm-0	0.00	0.00	0.00	0.00	0.00	0.00	0.00	0.00	0.00	0.00	0.00
0	25797	25792	0	0	3	0	800m	2.05g	28m	0	multi7:28.1%	0	2|0	0|0	12m	8m	304	21:58:47	29.21	0.00	32.16	0.00	1.40	37.22	dm-0	0.00	0.00	0.00	0.00	0.00	0.00	0.00	0.00	0.00	0.00	0.00
0	28338	28337	0	0	6	0	800m	2.05g	28m	0	multi7:28.6%	0	0|1	0|2	13m	9m	304	21:58:48	21.24	0.00	20.43	0.13	1.08	57.12	dm-0	0.00	0.00	0.00	0.00	0.00	0.00	0.00	0.00	0.00	0.00	0.00
0	19830	19824	0	0	5	0	800m	2.05g	28m	0	multi0:14.6%	0	1|0	0|2	9m	6m	304	21:58:49	23.10	0.00	23.10	0.14	0.97	52.70	dm-0	0.00	0.00	0.00	0.00	0.00	0.00	0.00	0.00	0.00	0.00	0.00
0	24731	24740	0	0	3	0	800m	2.05g	28m	0	multi1:19.9%	0	7|0	4|0	12m	8m	304	21:58:50	26.19	0.00	27.87	0.14	1.12	44.68	dm-0	0.00	0.00	0.00	0.00	0.00	0.00	0.00	0.00	0.00	0.00	0.00
0	24446	24447	0	0	10	0	800m	2.05g	28m	0	multi7:26.2%	0	2|0	1|0	11m	7m	304	21:58:51	20.49	0.00	22.54	0.14	0.82	56.01	dm-0	0.00	0.00	0.00	0.00	0.00	0.00	0.00	0.00	0.00	0.00	0.00
0	20813	20801	0	0	4	0	800m	2.05g	28m	0	multi3:17.1%	0	2|0	1|0	10m	7m	304	21:58:52	25.04	0.00	34.73	0.14	1.74	38.35	dm-0	0.00	0.00	0.00	0.00	0.00	0.00	0.00	0.00	0.00	0.00	0.00
0	23193	23213	0	0	4	0	800m	2.05g	28m	0	multi7:29.8%	0	0|0	0|0	10m	6m	304	21:58:53	15.26	0.00	16.49	0.00	0.68	67.57	dm-0	0.00	0.00	0.00	0.00	0.00	0.00	0.00	0.00	0.00	0.00	0.00
0	19218	19214	0	0	4	0	800m	2.05g	28m	0	multi1:15.4%	0	3|0	0|2	9m	6m	304	21:58:54	22.58	0.00	21.46	0.00	0.98	54.98	dm-0	0.00	0.00	0.00	0.00	0.00	0.00	0.00	0.00	0.00	0.00	0.00
0	23534	23522	0	0	6	0	800m	2.05g	28m	0	multi1:22.7%	0	20|0	3|2	11m	7m	304	21:58:55	17.84	0.00	18.11	0.54	0.81	62.70	dm-0	0.00	0.00	0.00	4.00	0.00	16.00	8.00	0.03	8.00	6.00	2.40
0	16733	16742	0	0	4	0	800m	2.05g	28m	0	multi1:12.1%	0	0|0	0|1	7m	5m	304	21:58:56	16.76	0.00	21.05	0.00	0.69	61.50	dm-0	0.00	0.00	0.00	0.00	0.00	0.00	0.00	0.00	0.00	0.00	0.00
0	20532	20540	0	0	2	0	800m	2.05g	28m	0	multi1:16.3%	0	0|0	1|1	10m	6m	304	21:58:57	22.30	0.00	24.15	0.14	1.28	52.13	dm-0	0.00	0.00	0.00	1.00	0.00	16.00	32.00	0.02	24.00	24.00	2.40
0	22705	22704	0	0	3	0	800m	2.05g	28m	0	multi0:23.9%	0	0|0	0|0	11m	7m	304	21:58:58	20.14	0.00	23.19	0.14	0.83	55.69	dm-0	0.00	0.00	0.00	0.00	0.00	0.00	0.00	0.00	0.00	0.00	0.00
0	22082	22066	0	0	3	0	800m	2.05g	28m	0	multi1:24.6%	0	0|0	0|1	10m	6m	304	21:58:59	17.17	0.00	21.29	0.14	1.10	60.30	dm-0	0.00	0.00	0.00	0.00	0.00	0.00	0.00	0.00	0.00	0.00	0.00
0	16309	16299	0	0	3	0	800m	2.05g	28m	0	multi1:14.9%	0	7|0	2|0	7m	4m	304	21:59:01	10.94	0.00	10.94	0.00	0.41	77.70	dm-0	0.00	0.00	0.00	0.00	0.00	0.00	0.00	0.00	0.00	0.00	0.00
0	18196	18202	0	0	4	0	800m	2.05g	28m	0	multi0:14.3%	0	1|0	0|0	8m	5m	304	21:59:02	14.51	0.00	17.64	0.28	0.85	66.71	dm-0	0.00	0.00	0.00	0.00	0.00	0.00	0.00	0.00	0.00	0.00	0.00
0	18034	18026	0	0	4	0	800m	2.05g	28m	0	multi1:13.9%	0	4|0	2|2	8m	5m	304	21:59:03	16.33	0.00	18.50	1.22	0.68	63.27	dm-0	0.00	0.00	0.00	14.00	0.00	228.00	32.57	0.63	44.86	5.43	7.60
0	18043	18055	0	0	3	0	800m	2.05g	28m	0	multi1:12.2%	0	0|0	2|1	9m	6m	304	21:59:04	17.06	0.00	18.02	0.00	0.83	64.10	dm-0	0.00	0.00	0.00	0.00	0.00	0.00	0.00	0.00	0.00	0.00	0.00
0	19670	19664	0	0	6	0	800m	2.05g	28m	0	multi1:13.8%	0	0|0	0|0	9m	6m	304	21:59:05	14.17	0.00	15.82	0.14	0.55	69.33	dm-0	0.00	0.00	0.00	0.00	0.00	0.00	0.00	0.00	0.00	0.00	0.00
0	19532	19520	0	0	5	0	800m	2.05g	28m	0	multi1:11.7%	0	0|0	1|3	9m	6m	304	21:59:06	19.34	0.00	19.48	0.14	0.97	60.08	dm-0	0.00	0.00	0.00	0.00	0.00	0.00	0.00	0.00	0.00	0.00	0.00
0	21023	21034	0	0	11	0	800m	2.05g	28m	0	multi0:15.9%	0	0|0	0|2	9m	6m	304	21:59:07	17.04	0.00	18.14	0.14	0.69	63.99	dm-0	0.00	0.00	0.00	0.00	0.00	0.00	0.00	0.00	0.00	0.00	0.00
0	22866	22857	0	0	7	0	800m	2.05g	28m	0	multi1:15.8%	0	3|0	1|2	10m	7m	304	21:59:08	21.60	0.00	25.81	0.14	1.12	51.33	dm-0	0.00	0.00	0.00	0.00	0.00	0.00	0.00	0.00	0.00	0.00	0.00
0	25360	25367	0	0	8	0	800m	2.05g	28m	0	multi0:23.7%	0	0|0	1|0	12m	8m	304	21:59:09	21.36	0.00	27.60	0.14	0.83	50.07	dm-0	0.00	0.00	0.00	4.00	0.00	16.00	8.00	0.02	4.00	2.00	0.80
0	24424	24416	0	0	8	0	800m	2.05g	28m	0	multi8:13.3%	0	2|0	1|1	11m	7m	304	21:59:10	23.71	0.00	28.03	0.14	0.84	47.28	dm-0	0.00	0.00	0.00	0.00	0.00	0.00	0.00	0.00	0.00	0.00	0.00
0	27311	27320	0	0	21	0	800m	2.05g	28m	0	multi0:19.5%	0	0|0	0|0	13m	8m	304	21:59:11	25.07	0.00	28.29	0.14	1.12	45.38	dm-0	0.00	0.00	0.00	0.00	0.00	0.00	0.00	0.00	0.00	0.00	0.00
0	19837	19840	0	0	17	0	800m	2.05g	28m	0	multi8:14.1%	0	1|0	1|3	9m	6m	304	21:59:12	24.02	0.00	22.66	0.00	0.81	52.51	dm-0	0.00	0.00	0.00	0.00	0.00	0.00	0.00	0.00	0.00	0.00	0.00
0	21945	21946	0	0	11	0	800m	2.05g	28m	0	multi8:12.8%	0	1|0	1|2	10m	7m	304	21:59:13	20.03	0.00	19.22	0.27	0.81	59.68	dm-0	0.00	0.00	0.00	0.00	0.00	0.00	0.00	0.00	0.00	0.00	0.00
0	23610	23584	0	0	9	0	800m	2.05g	28m	0	multi4:12.5%	0	3|0	0|4	11m	7m	304	21:59:14	24.46	0.00	26.21	0.13	0.81	48.39	dm-0	0.00	0.00	0.00	0.00	0.00	0.00	0.00	0.00	0.00	0.00	0.00
0	22199	22154	0	0	18	0	800m	2.05g	28m	0	multi0:14.7%	0	0|0	0|0	10m	6m	304	21:59:15	19.97	0.00	22.73	0.14	0.83	56.34	dm-0	0.00	0.00	0.00	0.00	0.00	0.00	0.00	0.00	0.00	0.00	0.00
0	24334	24385	0	0	12	0	800m	2.05g	28m	0	multi3:17.7%	0	6|0	0|3	12m	8m	304	21:59:16	25.60	0.00	35.92	0.13	0.67	37.67	dm-0	0.00	0.00	0.00	4.00	0.00	16.00	8.00	0.01	3.00	1.00	0.40
0	25364	25369	0	0	12	0	800m	2.05g	28m	0	multi8:16.8%	0	0|0	0|1	11m	7m	304	21:59:17	23.42	0.00	26.03	0.14	0.68	49.73	dm-0	0.00	0.00	0.00	0.00	0.00	0.00	0.00	0.00	0.00	0.00	0.00
0	25959	25946	0	0	2	0	800m	2.05g	28m	0	multi8:20.2%	0	8|0	1|2	12m	8m	304	21:59:18	23.37	0.00	24.48	0.14	0.83	51.18	dm-0	0.00	0.00	0.00	0.00	0.00	0.00	0.00	0.00	0.00	0.00	0.00
0	23509	23517	0	0	8	1	800m	2.05g	28m	0	multi6:13.9%	0	0|0	0|1	11m	7m	304	21:59:19	23.88	0.00	25.28	1.12	0.98	48.74	dm-0	0.00	0.00	0.00	26.00	0.00	152.00	11.69	0.16	5.54	5.23	13.60
0	30148	30144	0	0	8	0	800m	2.05g	28m	0	multi8:24.5%	0	3|0	2|4	13m	9m	304	21:59:20	27.07	0.00	31.70	0.54	0.82	39.86	dm-0	0.00	0.00	0.00	7.00	0.00	36.00	10.29	0.04	8.00	5.71	4.00
0	27885	27881	0	0	9	0	800m	2.05g	28m	0	multi2:18.3%	0	32|0	2|4	13m	8m	304	21:59:21	28.59	0.00	32.60	0.00	0.97	37.85	dm-0	0.00	0.00	0.00	0.00	0.00	0.00	0.00	0.00	0.00	0.00	0.00
0	27678	27692	0	0	11	0	800m	2.05g	28m	0	multi2:20.3%	0	1|0	0|1	13m	8m	304	21:59:22	30.34	0.00	43.62	0.27	0.81	24.97	dm-0	0.00	0.00	0.00	0.00	0.00	0.00	0.00	0.00	0.00	0.00	0.00
0	25874	25863	0	0	5	0	800m	2.05g	28m	0	multi6:18.7%	0	11|0	11|2	12m	8m	304	21:59:23	22.21	0.00	22.21	0.00	0.84	54.75	dm-0	0.00	0.00	0.00	0.00	0.00	0.00	0.00	0.00	0.00	0.00	0.00
0	29230	29234	0	0	3	0	800m	2.05g	28m	0	multi8:20.6%	0	0|0	1|1	13m	9m	304	21:59:24	32.01	0.00	37.23	0.14	1.10	29.53	dm-0	0.00	0.00	0.00	0.00	0.00	0.00	0.00	0.00	0.00	0.00	0.00
0	28330	28330	0	0	2	0	800m	2.05g	28m	0	multi6:19.3%	0	1|0	2|0	13m	8m	304	21:59:25	27.68	0.00	31.15	0.14	1.11	39.92	dm-0	0.00	0.00	0.00	4.00	0.00	16.00	8.00	0.02	5.00	3.00	1.20
0	31066	31068	0	0	5	0	800m	2.05g	28m	0	multi6:26.1%	0	3|0	0|18	14m	9m	304	21:59:26	31.74	0.00	42.76	0.00	0.80	24.70	dm-0	0.00	0.00	0.00	0.00	0.00	0.00	0.00	0.00	0.00	0.00	0.00
0	23753	23752	0	0	4	0	800m	2.05g	28m	0	multi8:17.8%	0	0|0	0|2	11m	7m	304	21:59:27	27.39	0.00	29.65	0.13	0.80	42.02	dm-0	0.00	0.00	0.00	0.00	0.00	0.00	0.00	0.00	0.00	0.00	0.00
0	29944	29929	0	0	3	0	800m	2.05g	28m	0	multi6:23.8%	0	0|0	1|0	13m	9m	304	21:59:28	27.86	0.00	34.96	0.14	0.84	36.21	dm-0	0.00	0.00	0.00	0.00	0.00	0.00	0.00	0.00	0.00	0.00	0.00
0	27594	27590	0	0	4	0	800m	2.05g	28m	0	multi8:20.0%	0	28|0	3|3	12m	8m	304	21:59:29	29.71	0.00	43.90	0.13	0.80	25.46	dm-0	0.00	0.00	0.00	0.00	0.00	0.00	0.00	0.00	0.00	0.00	0.00
0	28326	28333	0	0	21	0	800m	2.05g	28m	0	multi2:22.2%	0	16|0	1|2	13m	8m	304	21:59:30	32.57	0.00	41.49	0.14	0.95	24.86	dm-0	0.00	0.00	0.00	0.00	0.00	0.00	0.00	0.00	0.00	0.00	0.00
0	32178	32158	0	0	5	0	800m	2.05g	28m	0	multi4:25.2%	0	0|0	0|0	15m	10m	304	21:59:31	33.51	0.00	43.97	0.00	0.80	21.72	dm-0	0.00	0.00	0.00	0.00	0.00	0.00	0.00	0.00	0.00	0.00	0.00
0	31988	31998	0	0	11	0	800m	2.05g	29m	0	multi6:29.3%	0	32|0	2|5	14m	9m	304	21:59:32	30.91	0.00	45.16	0.00	0.81	23.12	dm-0	0.00	0.00	0.00	1.00	0.00	16.00	32.00	0.00	4.00	4.00	0.40
0	26716	26736	0	0	7	0	800m	2.05g	29m	0	multi8:21.4%	0	0|0	0|0	12m	8m	304	21:59:33	22.64	0.00	23.61	0.14	0.97	52.64	dm-0	0.00	0.00	0.00	0.00	0.00	0.00	0.00	0.00	0.00	0.00	0.00
0	27385	27380	0	0	7	0	800m	2.05g	29m	0	multi6:17.1%	0	10|0	3|3	12m	8m	304	21:59:34	27.02	0.00	33.33	0.13	0.81	38.71	dm-0	0.00	0.00	0.00	0.00	0.00	0.00	0.00	0.00	0.00	0.00	0.00
0	24193	24210	0	0	10	0	800m	2.05g	29m	0	multi6:14.2%	0	0|0	2|5	11m	7m	304	21:59:35	21.60	0.00	21.60	0.14	0.98	55.68	dm-0	0.00	0.00	0.00	0.00	0.00	0.00	0.00	0.00	0.00	0.00	0.00
0	24179	24177	0	0	4	0	800m	2.05g	29m	0	multi6:16.7%	0	0|0	0|0	11m	7m	304	21:59:36	22.16	0.00	26.23	0.14	0.98	50.49	dm-0	0.00	0.00	0.00	0.00	0.00	0.00	0.00	0.00	0.00	0.00	0.00
0	23082	23076	0	0	4	0	800m	2.05g	29m	0	multi4:16.7%	0	0|0	0|0	10m	7m	304	21:59:37	17.91	0.00	19.56	0.96	0.83	60.74	dm-0	0.00	0.00	0.00	15.00	0.00	160.00	21.33	0.37	24.53	4.80	7.20
0	22429	22433	0	0	5	0	800m	2.05g	29m	0	multi9:11.0%	0	0|0	0|2	10m	6m	304	21:59:38	20.45	0.00	22.71	0.00	0.85	55.99	dm-0	0.00	0.00	0.00	0.00	0.00	0.00	0.00	0.00	0.00	0.00	0.00
0	18948	18950	0	0	2	0	800m	2.05g	29m	0	multi9:11.4%	0	0|0	0|0	8m	5m	304	21:59:39	17.03	0.00	16.76	0.27	0.68	65.27	dm-0	0.00	0.00	0.00	0.00	0.00	0.00	0.00	0.00	0.00	0.00	0.00
0	22579	22576	0	0	7	0	800m	2.05g	29m	0	multi4:14.9%	0	4|0	3|1	9m	6m	304	21:59:40	19.97	0.00	21.93	0.00	0.84	57.26	dm-0	0.00	0.00	0.00	0.00	0.00	0.00	0.00	0.00	0.00	0.00	0.00
0	19978	19977	0	0	3	0	800m	2.05g	29m	0	multi9:11.3%	0	1|0	0|1	8m	5m	304	21:59:41	21.82	0.00	25.03	0.14	0.98	52.03	dm-0	0.00	0.00	0.00	0.00	0.00	0.00	0.00	0.00	0.00	0.00	0.00
0	23085	23089	0	0	8	0	800m	2.05g	29m	0	multi5:12.6%	0	2|0	2|0	10m	6m	304	21:59:42	21.82	0.00	21.96	0.14	1.12	54.97	dm-0	0.00	0.00	0.00	0.00	0.00	0.00	0.00	0.00	0.00	0.00	0.00
0	22699	22691	0	0	9	0	800m	2.05g	29m	0	multi4:20.0%	0	1|0	0|0	10m	6m	304	21:59:43	20.76	0.00	19.78	0.14	0.84	58.49	dm-0	0.00	0.00	0.00	4.00	0.00	16.00	8.00	0.01	3.00	1.00	0.40
0	24834	24842	0	0	12	0	800m	2.05g	29m	0	multi8:15.9%	0	1|0	0|1	11m	7m	304	21:59:44	21.53	0.00	27.34	0.14	0.85	50.14	dm-0	0.00	0.00	0.00	0.00	0.00	0.00	0.00	0.00	0.00	0.00	0.00
0	20200	20196	0	0	8	0	800m	2.05g	29m	0	multi8:12.8%	0	0|0	0|1	8m	5m	304	21:59:46	16.25	0.00	18.21	0.00	0.84	64.71	dm-0	0.00	0.00	0.00	0.00	0.00	0.00	0.00	0.00	0.00	0.00	0.00
0	23087	23082	0	0	12	0	800m	2.05g	29m	0	multi4:14.8%	0	1|0	2|0	10m	7m	304	21:59:47	20.06	0.00	20.90	0.14	0.71	58.19	dm-0	0.00	0.00	0.00	0.00	0.00	0.00	0.00	0.00	0.00	0.00	0.00
0	25801	25775	0	0	10	0	800m	2.05g	29m	0	multi8:19.1%	0	16|0	1|1	11m	7m	304	21:59:49	22.38	0.00	24.90	0.14	0.98	51.61	dm-0	0.00	0.00	0.00	0.00	0.00	0.00	0.00	0.00	0.00	0.00	0.00
0	23771	23805	0	0	10	0	800m	2.05g	29m	0	multi4:15.4%	0	0|0	1|0	11m	7m	304	21:59:50	29.88	0.00	34.52	0.00	0.95	34.65	dm-0	0.00	0.00	0.00	4.00	0.00	16.00	8.00	0.03	7.00	5.00	2.00
0	25022	25012	0	0	10	0	800m	2.05g	29m	0	multi4:20.5%	0	12|0	2|1	10m	6m	304	21:59:51	18.37	0.00	17.95	0.28	0.70	62.69	dm-0	0.00	0.00	0.00	0.00	0.00	0.00	0.00	0.00	0.00	0.00	0.00
0	25370	25356	0	0	7	0	800m	2.05g	29m	0	multi7:15.0%	0	2|0	0|3	11m	7m	304	21:59:52	29.81	0.00	32.87	0.00	1.11	36.21	dm-0	0.00	0.00	0.00	0.00	0.00	0.00	0.00	0.00	0.00	0.00	0.00
0	24463	24481	0	0	10	0	800m	2.05g	29m	0	multi8:18.0%	0	0|0	0|0	11m	7m	304	21:59:53	26.84	0.00	28.79	0.14	0.83	43.39	dm-0	0.00	0.00	0.00	0.00	0.00	0.00	0.00	0.00	0.00	0.00	0.00
0	24455	24453	0	0	5	0	800m	2.05g	29m	0	multi8:15.9%	0	2|0	0|1	11m	7m	304	21:59:54	19.20	0.00	19.75	0.14	0.69	60.22	dm-0	0.00	0.00	0.00	0.00	0.00	0.00	0.00	0.00	0.00	0.00	0.00
0	23011	22992	0	0	7	0	800m	2.05g	29m	0	multi8:16.9%	0	5|0	4|3	10m	6m	304	21:59:55	25.66	0.00	27.74	0.14	1.11	45.35	dm-0	0.00	0.00	0.00	0.00	0.00	0.00	0.00	0.00	0.00	0.00	0.00
0	29090	29109	0	0	13	0	800m	2.05g	29m	0	multi8:25.0%	0	0|0	2|2	14m	9m	304	21:59:56	26.24	0.00	29.93	0.14	0.85	42.84	dm-0	0.00	0.00	0.00	4.00	0.00	16.00	8.00	0.02	4.00	2.00	0.80
0	27097	27099	0	0	8	0	800m	2.05g	30m	0	multi4:22.6%	0	7|0	5|0	12m	7m	304	21:59:57	31.78	0.00	32.91	0.28	0.99	34.04	dm-0	0.00	0.00	0.00	0.00	0.00	0.00	0.00	0.00	0.00	0.00	0.00
0	27047	27041	0	0	23	0	800m	2.05g	29m	0	multi7:18.3%	0	1|0	1|0	13m	8m	304	21:59:58	31.13	0.00	42.29	0.14	1.10	25.34	dm-0	0.00	0.00	0.00	0.00	0.00	0.00	0.00	0.00	0.00	0.00	0.00
0	22157	22162	0	0	6	0	800m	2.05g	29m	0	multi8:15.9%	0	0|0	1|2	11m	7m	304	21:59:59	22.69	0.00	24.57	0.00	1.01	51.73	dm-0	0.00	0.00	0.00	0.00	0.00	0.00	0.00	0.00	0.00	0.00	0.00
0	17854	17817	0	0	7	0	800m	2.05g	30m	0	multi8:15.1%	0	1|0	0|0	9m	6m	304	22:00:00	16.44	0.00	19.61	0.14	0.83	62.98	dm-0	0.00	0.00	0.00	0.00	0.00	0.00	0.00	0.00	0.00	0.00	0.00
0	23490	23523	0	0	3	0	800m	2.05g	30m	0	multi8:20.2%	0	4|0	1|3	11m	7m	304	22:00:01	20.14	0.00	24.90	0.14	0.84	53.99	dm-0	0.00	0.00	0.00	0.00	0.00	0.00	0.00	0.00	0.00	0.00	0.00
0	18491	18492	0	0	9	0	800m	2.05g	30m	0	multi8:14.9%	0	0|0	0|0	9m	6m	304	22:00:02	23.53	0.00	21.20	0.41	0.82	54.04	dm-0	0.00	0.00	0.00	4.00	0.00	16.00	8.00	0.02	4.00	2.00	0.80
0	20431	20439	0	0	6	0	800m	2.05g	30m	0	multi7:19.2%	0	0|0	0|1	10m	6m	304	22:00:03	19.26	0.00	18.31	0.00	0.68	61.75	dm-0	0.00	0.00	0.00	0.00	0.00	0.00	0.00	0.00	0.00	0.00	0.00
0	22519	22515	0	0	12	0	800m	2.05g	30m	0	multi1:19.2%	0	0|0	0|1	11m	7m	304	22:00:04	18.90	0.00	17.67	0.14	0.68	62.60	dm-0	0.00	0.00	0.00	0.00	0.00	0.00	0.00	0.00	0.00	0.00	0.00
0	18665	18671	0	0	7	0	800m	2.05g	30m	0	multi3:15.9%	0	0|0	0|0	10m	6m	304	22:00:05	26.88	0.00	26.74	0.14	1.14	45.09	dm-0	0.00	0.00	0.00	0.00	0.00	0.00	0.00	0.00	0.00	0.00	0.00
0	14717	14715	0	0	2	0	800m	2.05g	30m	0	multi4:9.3%	0	2|0	0|1	7m	5m	304	22:00:06	22.61	0.00	19.69	0.14	0.97	56.59	dm-0	0.00	0.00	0.00	0.00	0.00	0.00	0.00	0.00	0.00	0.00	0.00
0	23602	23591	0	0	7	0	800m	2.05g	30m	0	multi9:18.8%	0	5|0	0|2	12m	8m	304	22:00:07	24.72	0.00	25.28	0.14	0.84	49.02	dm-0	0.00	0.00	0.00	4.00	0.00	16.00	8.00	0.02	6.00	2.00	0.80
0	22649	22656	0	0	11	0	800m	2.05g	30m	0	multi3:17.2%	0	1|0	2|1	12m	8m	304	22:00:08	23.68	0.00	25.21	0.14	0.97	50.00	dm-0	0.00	0.00	0.00	1.00	0.00	28.00	56.00	0.03	28.00	28.00	2.80
0	21794	21796	0	0	5	0	800m	2.05g	30m	0	multi9:18.0%	0	3|0	2|1	11m	7m	304	22:00:09	22.24	0.00	18.60	0.28	0.84	58.04	dm-0	0.00	0.00	0.00	0.00	0.00	0.00	0.00	0.00	0.00	0.00	0.00
0	20983	20977	0	0	8	0	800m	2.05g	30m	0	multi9:20.1%	0	6|0	0|1	11m	7m	304	22:00:10	22.02	0.00	20.78	0.00	0.83	56.37	dm-0	0.00	0.00	0.00	0.00	0.00	0.00	0.00	0.00	0.00	0.00	0.00
0	18150	18153	0	0	8	0	800m	2.05g	30m	0	multi9:14.2%	0	2|0	2|2	10m	6m	304	22:00:11	20.76	0.00	17.23	0.27	0.81	60.92	dm-0	0.00	0.00	0.00	0.00	0.00	0.00	0.00	0.00	0.00	0.00	0.00
0	19723	19716	0	0	17	0	800m	2.05g	30m	0	multi8:14.7%	0	2|0	1|3	11m	7m	304	22:00:12	27.57	0.00	28.12	0.14	0.96	43.21	dm-0	0.00	0.00	0.00	0.00	0.00	0.00	0.00	0.00	0.00	0.00	0.00
0	22989	22999	0	0	11	0	800m	2.05g	30m	0	multi3:22.2%	0	0|0	0|1	12m	8m	304	22:00:13	25.41	0.00	26.23	0.68	0.82	46.86	dm-0	0.00	0.00	0.00	13.00	0.00	300.00	46.15	0.72	55.08	5.85	7.60
0	21699	21695	0	0	6	0	800m	2.05g	30m	0	multi9:24.0%	0	3|0	1|1	12m	8m	304	22:00:14	25.53	0.00	22.72	0.28	0.98	50.49	dm-0	0.00	0.00	0.00	0.00	0.00	0.00	0.00	0.00	0.00	0.00	0.00
0	23817	23813	0	0	4	0	800m	2.05g	30m	0	multi3:21.9%	0	0|0	0|0	13m	8m	304	22:00:15	20.17	0.00	18.92	0.14	0.70	60.08	dm-0	0.00	0.00	0.00	0.00	0.00	0.00	0.00	0.00	0.00	0.00	0.00
0	17837	17830	0	0	7	0	800m	2.05g	30m	0	multi9:20.6%	0	0|0	0|0	10m	6m	304	22:00:16	22.30	0.00	21.61	0.14	0.82	55.13	dm-0	0.00	0.00	0.00	0.00	0.00	0.00	0.00	0.00	0.00	0.00	0.00
0	18902	18905	0	0	9	0	800m	2.05g	30m	0	multi9:16.7%	0	0|0	0|1	10m	7m	304	22:00:17	22.62	0.00	21.24	0.14	0.97	55.03	dm-0	0.00	0.00	0.00	0.00	0.00	0.00	0.00	0.00	0.00	0.00	0.00
0	19233	19234	0	0	8	0	800m	2.05g	30m	0	multi3:15.4%	0	1|0	1|1	11m	7m	304	22:00:18	23.14	0.00	24.24	0.00	0.83	51.79	dm-0	0.00	0.00	0.00	0.00	0.00	0.00	0.00	0.00	0.00	0.00	0.00
0	21508	21509	0	0	3	0	800m	2.05g	30m	0	multi3:19.1%	0	1|0	0|1	11m	7m	304	22:00:19	28.65	0.00	35.68	0.27	0.81	34.59	dm-0	0.00	0.00	0.00	35.00	0.00	276.00	15.77	0.08	2.40	1.94	6.80
0	22355	22361	0	0	7	1	800m	2.05g	30m	0	multi9:27.8%	0	0|0	0|0	12m	8m	304	22:00:20	13.20	0.00	18.37	0.13	0.39	67.92	dm-0	0.00	0.00	0.00	0.00	0.00	0.00	0.00	0.00	0.00	0.00	0.00
0	12914	12897	0	0	10	0	800m	2.05g	29m	0	multi9:12.9%	0	17|0	0|3	7m	4m	305	22:00:21	28.01	0.00	27.59	0.00	0.98	43.42	dm-0	0.00	0.00	0.00	0.00	0.00	0.00	0.00	0.00	0.00	0.00	0.00
0	23958	23963	0	0	12	0	800m	2.05g	29m	0	multi9:20.6%	0	0|0	0|1	13m	9m	306	22:00:22	29.63	0.00	32.78	0.14	0.96	36.49	dm-0	0.00	0.00	0.00	0.00	0.00	0.00	0.00	0.00	0.00	0.00	0.00
0	23432	23433	0	0	10	0	800m	2.05g	29m	0	multi3:23.7%	0	1|0	0|6	13m	8m	306	22:00:23	27.68	0.00	33.51	0.00	0.95	37.86	dm-0	0.00	0.00	0.00	0.00	0.00	0.00	0.00	0.00	0.00	0.00	0.00
0	23582	23582	0	0	3	0	800m	2.05g	29m	0	multi9:27.3%	0	1|0	2|2	13m	8m	306	22:00:24	23.64	0.00	20.85	0.27	0.66	54.58	dm-0	0.00	0.00	0.00	4.00	0.00	16.00	8.00	0.02	5.00	3.00	1.20
0	25384	25399	0	0	2	0	800m	2.05g	30m	0	multi4:21.5%	0	0|0	0|2	14m	9m	306	22:00:26	25.86	0.00	34.66	0.14	0.83	38.51	dm-0	0.00	0.00	0.00	0.00	0.00	0.00	0.00	0.00	0.00	0.00	0.00
0	25289	25285	0	0	9	0	800m	2.05g	30m	0	multi3:19.6%	0	3|0	2|1	13m	9m	306	22:00:27	26.85	0.00	29.37	0.28	1.12	42.38	dm-0	0.00	0.00	0.00	0.00	0.00	0.00	0.00	0.00	0.00	0.00	0.00
0	22916	22911	0	0	4	0	800m	2.05g	29m	0	multi9:26.1%	0	20|0	0|4	13m	8m	306	22:00:28	34.83	0.00	38.94	0.13	0.79	25.30	dm-0	0.00	0.00	0.00	0.00	0.00	0.00	0.00	0.00	0.00	0.00	0.00
0	18473	18478	0	0	5	0	800m	2.05g	30m	0	multi7:14.4%	0	1|0	1|0	11m	7m	306	22:00:29	24.97	0.00	30.93	0.14	0.69	43.27	dm-0	0.00	0.00	0.00	0.00	0.00	0.00	0.00	0.00	0.00	0.00	0.00
0	19651	19658	0	0	6	0	800m	2.05g	29m	0	multi9:18.5%	0	5|0	0|1	10m	7m	306	22:00:30	20.56	0.00	18.82	0.13	0.67	59.81	dm-0	0.00	0.00	0.00	0.00	0.00	0.00	0.00	0.00	0.00	0.00	0.00
0	18299	18301	0	0	14	0	800m	2.05g	29m	0	multi9:18.9%	0	0|0	0|0	10m	6m	306	22:00:31	21.86	0.00	19.26	0.14	0.96	57.79	dm-0	0.00	0.00	0.00	4.00	0.00	16.00	8.00	0.02	4.00	2.00	0.80
0	23455	23439	0	0	6	0	800m	2.05g	29m	0	multi2:15.9%	0	3|0	0|3	12m	8m	306	22:00:32	26.20	0.00	25.79	0.14	0.82	47.05	dm-0	0.00	0.00	0.00	0.00	0.00	0.00	0.00	0.00	0.00	0.00	0.00
0	20545	20558	0	0	11	0	800m	2.05g	30m	0	multi9:16.6%	0	0|0	0|0	11m	7m	306	22:00:33	26.81	0.00	23.39	0.14	0.82	48.84	dm-0	0.00	0.00	0.00	0.00	0.00	0.00	0.00	0.00	0.00	0.00	0.00
0	20887	20884	0	0	4	0	800m	2.05g	30m	0	multi2:17.0%	0	0|0	1|1	11m	7m	306	22:00:34	23.63	0.00	21.99	0.27	0.68	53.42	dm-0	0.00	0.00	0.00	0.00	0.00	0.00	0.00	0.00	0.00	0.00	0.00
0	21025	21028	0	0	9	0	800m	2.05g	30m	0	multi9:17.7%	0	1|0	4|0	11m	7m	306	22:00:35	22.12	0.00	22.12	0.00	0.82	54.95	dm-0	0.00	0.00	0.00	0.00	0.00	0.00	0.00	0.00	0.00	0.00	0.00
0	21252	21242	0	0	10	0	800m	2.05g	30m	0	multi7:19.8%	0	6|0	1|3	11m	7m	306	22:00:36	25.57	0.00	33.24	0.27	0.94	39.97	dm-0	0.00	0.00	0.00	0.00	0.00	0.00	0.00	0.00	0.00	0.00	0.00
0	20032	20036	0	0	9	0	800m	2.05g	30m	0	multi2:15.9%	0	0|0	0|2	10m	6m	306	22:00:37	24.01	0.00	24.97	0.14	0.68	50.20	dm-0	0.00	0.00	0.00	4.00	0.00	16.00	8.00	0.04	9.00	5.00	2.00
0	21249	21248	0	0	4	0	800m	2.05g	30m	0	multi9:14.7%	0	4|0	6|3	11m	7m	306	22:00:38	21.88	0.00	20.22	0.28	0.83	56.79	dm-0	0.00	0.00	0.00	0.00	0.00	0.00	0.00	0.00	0.00	0.00	0.00
0	18194	18197	0	0	14	0	800m	2.05g	30m	0	multi9:13.4%	0	2|0	0|3	9m	6m	306	22:00:39	22.14	0.00	20.89	0.14	0.84	55.99	dm-0	0.00	0.00	0.00	0.00	0.00	0.00	0.00	0.00	0.00	0.00	0.00
0	18576	18571	0	0	5	0	800m	2.05g	30m	0	multi5:13.3%	0	0|0	2|1	9m	6m	306	22:00:40	19.16	0.00	24.59	0.14	0.82	55.30	dm-0	0.00	0.00	0.00	0.00	0.00	0.00	0.00	0.00	0.00	0.00	0.00
0	21038	21047	0	0	4	0	800m	2.05g	30m	0	multi4:15.6%	0	2|0	0|2	10m	7m	306	22:00:41	24.18	0.00	22.83	0.14	0.82	52.04	dm-0	0.00	0.00	0.00	0.00	0.00	0.00	0.00	0.00	0.00	0.00	0.00
0	19485	19462	0	0	5	0	800m	2.05g	30m	0	multi9:14.6%	0	38|0	2|3	9m	6m	306	22:00:42	19.73	0.00	16.93	0.00	0.80	62.53	dm-0	0.00	0.00	0.00	0.00	0.00	0.00	0.00	0.00	0.00	0.00	0.00
0	19654	19681	0	0	5	0	800m	2.05g	30m	0	multi2:13.9%	0	0|0	0|0	10m	6m	306	22:00:43	25.58	0.00	33.70	0.28	0.69	39.75	dm-0	0.00	0.00	0.00	0.00	0.00	0.00	0.00	0.00	0.00	0.00	0.00
0	18564	18553	0	0	4	0	800m	2.05g	30m	0	multi7:13.4%	0	0|0	0|1	9m	6m	306	22:00:44	15.86	0.00	16.67	0.13	0.67	66.67	dm-0	0.00	0.00	0.00	4.00	0.00	16.00	8.00	0.02	4.00	2.00	0.80
0	17840	17850	0	0	3	0	800m	2.05g	30m	0	multi2:13.3%	0	0|0	1|0	8m	5m	306	22:00:45	13.37	0.00	13.92	0.00	0.68	72.03	dm-0	0.00	0.00	0.00	0.00	0.00	0.00	0.00	0.00	0.00	0.00	0.00
0	14485	14478	0	0	7	0	800m	2.05g	30m	0	multi2:8.0%	0	1|0	2|1	7m	4m	306	22:00:46	17.37	0.00	17.77	0.14	0.81	63.91	dm-0	0.00	0.00	0.00	0.00	0.00	0.00	0.00	0.00	0.00	0.00	0.00
0	20009	20010	0	0	5	0	800m	2.05g	30m	0	multi4:17.2%	0	2|0	1|2	9m	6m	306	22:00:47	20.36	0.00	17.74	0.14	0.55	61.21	dm-0	0.00	0.00	0.00	0.00	0.00	0.00	0.00	0.00	0.00	0.00	0.00
0	19099	19101	0	0	8	0	800m	2.05g	30m	0	multi1:13.0%	0	0|0	1|0	9m	6m	306	22:00:48	19.37	0.00	17.74	1.23	0.82	60.85	dm-0	0.00	0.00	0.00	9.00	0.00	300.00	66.67	0.80	88.89	10.22	9.20
0	18491	18488	0	0	3	0	800m	2.05g	30m	0	multi1:13.0%	0	1|0	0|1	8m	6m	306	22:00:49	16.62	0.00	17.03	0.14	0.68	65.54	dm-0	0.00	0.00	0.00	0.00	0.00	0.00	0.00	0.00	0.00	0.00	0.00
0	16999	17000	0	0	6	0	800m	2.05g	30m	0	multi1:11.2%	0	0|0	1|1	8m	5m	306	22:00:50	16.58	0.00	16.71	0.14	0.68	65.90	dm-0	0.00	0.00	0.00	0.00	0.00	0.00	0.00	0.00	0.00	0.00	0.00
0	21265	21265	0	0	12	0	800m	2.05g	30m	0	multi7:11.7%	0	3|0	1|1	9m	6m	306	22:00:51	18.71	0.00	20.77	0.14	0.83	59.56	dm-0	0.00	0.00	0.00	4.00	0.00	16.00	8.00	0.02	6.00	2.00	0.80
0	18074	18068	0	0	16	0	800m	2.05g	30m	0	multi4:10.6%	0	1|0	1|0	8m	5m	306	22:00:52	18.32	0.00	17.51	0.27	0.53	63.37	dm-0	0.00	0.00	0.00	0.00	0.00	0.00	0.00	0.00	0.00	0.00	0.00
0	23290	23291	0	0	6	0	800m	2.05g	30m	0	multi4:12.6%	0	1|0	0|2	10m	6m	306	22:00:53	22.64	0.00	23.75	0.14	0.97	52.50	dm-0	0.00	0.00	0.00	1.00	0.00	4.00	8.00	0.00	0.00	0.00	0.00
0	21508	21515	0	0	5	0	800m	2.05g	30m	0	multi4:15.9%	0	0|0	0|1	9m	6m	306	22:00:54	19.05	0.00	20.68	0.14	0.82	59.32	dm-0	0.00	0.00	0.00	0.00	0.00	0.00	0.00	0.00	0.00	0.00	0.00
0	22383	22377	0	0	7	0	800m	2.05g	30m	0	multi1:15.8%	0	2|0	2|2	10m	7m	306	22:00:55	22.16	0.00	23.56	0.00	0.84	53.44	dm-0	0.00	0.00	0.00	0.00	0.00	0.00	0.00	0.00	0.00	0.00	0.00
0	20652	20649	0	0	7	0	800m	2.05g	30m	0	multi1:10.7%	0	0|0	1|0	9m	6m	306	22:00:56	15.26	0.00	17.67	0.13	0.80	66.13	dm-0	0.00	0.00	0.00	0.00	0.00	0.00	0.00	0.00	0.00	0.00	0.00
0	20816	20823	0	0	6	0	800m	2.05g	30m	0	multi1:12.9%	0	0|0	1|1	9m	6m	306	22:00:57	25.44	0.00	41.90	0.13	0.67	31.86	dm-0	0.00	0.00	0.00	4.00	0.00	16.00	8.00	0.02	5.00	3.00	1.20
0	27096	27094	0	0	10	0	800m	2.05g	30m	0	multi4:26.8%	0	3|0	0|2	12m	8m	306	22:00:58	26.83	0.00	33.60	0.00	0.95	38.62	dm-0	0.00	0.00	0.00	0.00	0.00	0.00	0.00	0.00	0.00	0.00	0.00
0	22471	22368	0	0	11	0	800m	2.05g	30m	0	multi4:13.4%	0	1|0	0|0	10m	6m	306	22:00:59	26.34	0.00	31.68	0.13	0.80	41.04	dm-0	0.00	0.00	0.00	0.00	0.00	0.00	0.00	0.00	0.00	0.00	0.00
0	26888	26994	0	0	7	0	800m	2.05g	30m	0	multi1:19.6%	0	0|0	1|0	12m	8m	306	22:01:00	23.40	0.00	20.41	0.14	0.82	55.24	dm-0	0.00	0.00	0.00	0.00	0.00	0.00	0.00	0.00	0.00	0.00	0.00
0	20490	20492	0	0	7	0	800m	2.05g	30m	0	multi1:13.6%	0	1|0	0|2	9m	6m	306	22:01:01	17.79	0.00	18.91	0.28	0.84	62.18	dm-0	0.00	0.00	0.00	0.00	0.00	0.00	0.00	0.00	0.00	0.00	0.00
0	20914	20911	0	0	15	0	800m	2.05g	30m	0	multi4:13.0%	0	1|0	2|0	9m	6m	306	22:01:02	19.19	0.00	19.73	0.54	0.95	59.59	dm-0	0.00	0.00	0.00	4.00	0.00	16.00	8.00	0.07	18.00	10.00	4.00
0	19203	19203	0	0	7	0	800m	2.05g	30m	0	multi4:9.8%	0	0|0	0|0	8m	5m	306	22:01:03	18.71	0.00	19.78	0.13	0.54	60.83	dm-0	0.00	0.00	0.00	0.00	0.00	0.00	0.00	0.00	0.00	0.00	0.00
0	21080	21078	0	0	14	0	800m	2.05g	30m	0	multi4:14.9%	0	0|0	0|0	9m	6m	306	22:01:04	21.22	0.00	22.77	0.14	1.13	54.74	dm-0	0.00	0.00	0.00	0.00	0.00	0.00	0.00	0.00	0.00	0.00	0.00
0	23382	23375	0	0	8	0	800m	2.05g	30m	0	multi1:13.8%	0	0|0	0|0	10m	7m	306	22:01:05	22.93	0.00	22.38	0.14	0.83	53.73	dm-0	0.00	0.00	0.00	0.00	0.00	0.00	0.00	0.00	0.00	0.00	0.00
0	26659	26666	0	0	10	0	800m	2.05g	30m	0	multi1:18.1%	0	3|0	0|1	12m	8m	306	22:01:06	24.72	0.00	25.98	0.00	0.98	48.32	dm-0	0.00	0.00	0.00	0.00	0.00	0.00	0.00	0.00	0.00	0.00	0.00
0	20646	20651	0	0	11	0	800m	2.05g	30m	0	multi1:14.2%	0	1|0	0|0	9m	6m	306	22:01:07	17.30	0.00	19.32	0.27	0.68	62.43	dm-0	0.00	0.00	0.00	0.00	0.00	0.00	0.00	0.00	0.00	0.00	0.00
0	18265	18263	0	0	7	0	800m	2.05g	30m	0	multi1:10.2%	0	0|0	0|0	8m	5m	306	22:01:08	18.16	0.00	18.57	0.00	0.69	62.59	dm-0	0.00	0.00	0.00	0.00	0.00	0.00	0.00	0.00	0.00	0.00	0.00
0	21422	21410	0	0	11	0	800m	2.05g	30m	0	multi5:11.7%	0	22|0	0|2	10m	6m	306	22:01:09	22.85	0.00	21.47	0.42	0.97	54.29	dm-0	0.00	0.00	0.00	4.00	0.00	16.00	8.00	0.03	7.00	3.00	1.20
0	25462	25473	0	0	8	0	800m	2.05g	30m	0	multi1:16.8%	0	0|0	1|0	11m	7m	306	22:01:10	24.18	0.00	25.00	0.00	0.96	49.86	dm-0	0.00	0.00	0.00	0.00	0.00	0.00	0.00	0.00	0.00	0.00	0.00
0	21597	21608	0	0	6	0	800m	2.05g	30m	0	multi1:12.3%	0	1|0	1|1	10m	7m	306	22:01:12	23.82	0.00	23.96	0.28	0.84	51.11	dm-0	0.00	0.00	0.00	0.00	0.00	0.00	0.00	0.00	0.00	0.00	0.00
0	20368	20374	0	0	4	0	800m	2.05g	30m	0	multi1:13.5%	0	0|0	0|0	9m	6m	306	22:01:13	18.12	0.00	16.91	0.00	0.81	64.16	dm-0	0.00	0.00	0.00	0.00	0.00	0.00	0.00	0.00	0.00	0.00	0.00
0	21371	21361	0	0	13	0	800m	2.05g	30m	0	multi1:12.3%	0	1|0	1|1	10m	6m	306	22:01:14	18.70	0.00	21.33	0.14	0.69	59.14	dm-0	0.00	0.00	0.00	0.00	0.00	0.00	0.00	0.00	0.00	0.00	0.00
0	23689	23681	0	0	11	0	800m	2.05g	30m	0	multi1:16.0%	0	0|0	0|0	11m	7m	306	22:01:15	23.09	0.00	23.09	0.13	0.94	52.75	dm-0	0.00	0.00	0.00	0.00	0.00	0.00	0.00	0.00	0.00	0.00	0.00
0	21125	21133	0	0	7	0	800m	2.05g	30m	0	multi1:10.7%	0	0|0	1|2	10m	6m	306	22:01:16	24.32	0.00	20.00	0.14	0.95	54.59	dm-0	0.00	0.00	0.00	0.00	0.00	0.00	0.00	0.00	0.00	0.00	0.00
0	22892	22886	0	0	7	0	800m	2.05g	30m	0	multi1:18.8%	0	2|0	1|1	11m	7m	306	22:01:17	22.54	0.00	25.37	0.13	0.67	51.28	dm-0	0.00	0.00	0.00	4.00	0.00	16.00	8.00	0.03	7.00	3.00	1.20
0	20303	20298	0	0	8	0	800m	2.05g	30m	0	multi1:13.2%	0	1|0	0|2	10m	6m	306	22:01:18	18.06	0.00	18.87	0.27	0.67	62.13	dm-0	0.00	0.00	0.00	0.00	0.00	0.00	0.00	0.00	0.00	0.00	0.00
0	24970	24970	0	0	13	0	800m	2.05g	30m	0	multi1:17.9%	0	0|0	0|1	12m	7m	306	22:01:19	24.21	0.00	26.95	0.00	0.96	47.88	dm-0	0.00	0.00	0.00	1.00	0.00	32.00	64.00	0.01	8.00	8.00	0.80
5	16425	16435	0	0	7	1	800m	2.05g	30m	0	multi1:11.6%	0	0|0	0|0	7m	4m	306	22:01:20	21.37	0.00	19.73	1.51	0.82	56.58	dm-0	0.00	0.00	0.00	30.00	0.00	272.00	18.13	0.21	6.40	4.67	14.00
0	1752	1743	0	0	2	0	800m	2.05g	30m	0	multi0:1.2%	0	0|0	0|0	799k	521k	306	22:01:21	8.31	0.00	7.92	0.39	0.39	82.99	dm-0	0.00	0.00	0.00	15.00	0.00	160.00	21.33	0.07	5.60	2.93	4.40
13	26040	26025	0	0	7	0	800m	2.05g	30m	0	multi1:23.0%	0	1|0	3|0	12m	7m	306	22:01:22	8.01	0.00	10.41	0.00	0.40	81.17	dm-0	0.00	0.00	0.00	0.00	0.00	0.00	0.00	0.00	0.00	0.00	0.00
7	21569	21566	0	0	5	0	800m	2.05g	30m	0	multi1:17.4%	0	0|1	0|2	10m	6m	306	22:01:23	28.51	0.00	27.53	0.14	0.98	42.84	dm-0	0.00	0.00	0.00	0.00	0.00	0.00	0.00	0.00	0.00	0.00	0.00
7	23985	23980	0	0	9	0	800m	2.05g	30m	0	multi1:17.8%	0	0|0	0|1	11m	7m	306	22:01:24	20.28	0.00	20.42	0.69	0.83	57.78	dm-0	0.00	0.00	0.00	30.00	0.00	304.00	20.27	1.17	39.07	2.53	7.60
8	23917	23910	0	0	8	0	800m	2.05g	30m	0	multi1:17.4%	0	0|0	1|0	11m	7m	306	22:01:25	23.67	0.00	22.85	0.14	0.82	52.53	dm-0	0.00	0.00	0.00	0.00	0.00	0.00	0.00	0.00	0.00	0.00	0.00
2	21392	21384	0	0	10	0	800m	2.05g	30m	0	multi1:18.7%	0	1|0	2|0	10m	6m	306	22:01:26	21.22	0.00	24.55	0.28	0.97	52.98	dm-0	0.00	0.00	0.00	12.00	0.00	48.00	8.00	0.07	6.00	1.00	1.20
6	22984	22976	0	0	9	0	800m	2.05g	30m	0	multi1:17.4%	0	0|0	0|0	10m	6m	306	22:01:27	23.07	0.00	26.16	0.00	0.98	49.79	dm-0	0.00	0.00	0.00	0.00	0.00	0.00	0.00	0.00	0.00	0.00	0.00
8	27264	27259	0	0	7	0	800m	2.05g	30m	0	multi1:21.2%	0	7|0	4|1	13m	8m	306	22:01:28	26.62	0.00	24.50	0.26	0.79	47.81	dm-0	0.00	0.00	0.00	0.00	0.00	0.00	0.00	0.00	0.00	0.00	0.00
13	23908	23894	0	0	6	0	800m	2.05g	30m	0	multi1:19.0%	0	0|0	0|0	11m	7m	306	22:01:29	27.17	0.00	27.72	0.00	0.83	44.28	dm-0	0.00	0.00	0.00	0.00	0.00	0.00	0.00	0.00	0.00	0.00	0.00
13	25803	25794	0	0	10	0	800m	2.05g	30m	0	multi1:22.5%	0	1|0	0|0	12m	8m	306	22:01:30	24.58	0.00	25.83	0.14	1.11	48.33	dm-0	0.00	0.00	0.00	0.00	0.00	0.00	0.00	0.00	0.00	0.00	0.00
2	22295	22287	0	0	6	0	800m	2.05g	30m	0	multi1:15.1%	0	3|0	1|1	10m	7m	306	22:01:31	24.23	0.00	27.98	0.40	0.80	46.59	dm-0	0.00	0.00	0.00	4.00	0.00	16.00	8.00	0.06	14.00	6.00	2.40
4	24039	24028	0	0	4	0	800m	2.05g	30m	0	multi1:14.5%	0	2|0	1|3	12m	8m	306	22:01:32	25.66	0.00	21.91	0.28	0.97	51.18	dm-0	0.00	0.00	0.00	0.00	0.00	0.00	0.00	0.00	0.00	0.00	0.00
9	29223	29207	0	0	6	0	800m	2.05g	30m	0	multi1:27.2%	0	12|0	1|3	13m	8m	306	22:01:33	32.04	0.00	32.84	0.00	0.80	34.31	dm-0	0.00	0.00	0.00	0.00	0.00	0.00	0.00	0.00	0.00	0.00	0.00
2	21562	21574	0	0	6	0	800m	2.05g	30m	0	multi1:16.8%	0	0|0	0|1	10m	6m	306	22:01:34	23.16	0.00	21.12	0.14	0.82	54.77	dm-0	0.00	0.00	0.00	0.00	0.00	0.00	0.00	0.00	0.00	0.00	0.00
5	25789	25781	0	0	6	0	800m	2.05g	30m	0	multi9:17.9%	0	0|0	0|1	12m	7m	306	22:01:35	27.19	0.00	28.51	0.27	0.93	43.10	dm-0	0.00	0.00	0.00	0.00	0.00	0.00	0.00	0.00	0.00	0.00	0.00
6	21013	21019	0	0	12	0	800m	2.05g	30m	0	multi1:19.4%	0	1|0	1|1	10m	7m	306	22:01:36	21.90	0.00	24.27	0.00	0.98	52.86	dm-0	0.00	0.00	0.00	4.00	0.00	16.00	8.00	0.02	4.00	2.00	0.80
16	19752	19752	0	0	5	0	800m	2.05g	30m	0	multi1:13.4%	0	1|0	1|0	9m	6m	306	22:01:37	16.84	0.00	18.03	0.13	0.79	64.21	dm-0	0.00	0.00	0.00	0.00	0.00	0.00	0.00	0.00	0.00	0.00	0.00
9	17658	17655	0	0	12	0	800m	2.05g	30m	0	multi5:12.9%	0	0|0	0|1	8m	5m	306	22:01:38	17.92	0.00	15.50	0.13	0.67	65.77	dm-0	0.00	0.00	0.00	0.00	0.00	0.00	0.00	0.00	0.00	0.00	0.00
6	19611	19611	0	0	12	0	800m	2.05g	30m	0	multi5:11.1%	0	1|0	0|1	9m	6m	306	22:01:39	16.67	0.00	17.90	0.14	0.68	64.62	dm-0	0.00	0.00	0.00	0.00	0.00	0.00	0.00	0.00	0.00	0.00	0.00
2	23333	23316	0	0	6	0	800m	2.05g	30m	0	multi1:16.7%	0	2|0	0|2	11m	7m	306	22:01:40	29.09	0.00	28.28	0.27	1.07	41.29	dm-0	0.00	0.00	0.00	0.00	0.00	0.00	0.00	0.00	0.00	0.00	0.00
8	17329	17344	0	0	3	0	800m	2.05g	30m	0	multi9:12.0%	0	1|0	2|2	8m	5m	306	22:01:41	16.35	0.00	17.44	0.00	0.68	65.53	dm-0	0.00	0.00	0.00	0.00	0.00	0.00	0.00	0.00	0.00	0.00	0.00
16	20713	20709	0	0	13	0	800m	2.05g	30m	0	multi5:14.4%	0	1|0	0|1	10m	7m	306	22:01:42	23.13	0.00	22.99	0.28	0.83	52.77	dm-0	0.00	0.00	0.00	4.00	0.00	16.00	8.00	0.03	7.00	3.00	1.20
9	23225	23231	0	0	6	0	800m	2.05g	30m	0	multi9:18.5%	0	1|0	0|1	11m	7m	306	22:01:43	22.60	0.00	24.49	0.14	0.81	51.96	dm-0	0.00	0.00	0.00	0.00	0.00	0.00	0.00	0.00	0.00	0.00	0.00
12	18883	18883	0	0	5	0	800m	2.05g	30m	0	multi9:11.4%	0	0|0	0|2	9m	6m	306	22:01:44	18.81	0.00	19.08	0.14	0.95	61.03	dm-0	0.00	0.00	0.00	0.00	0.00	0.00	0.00	0.00	0.00	0.00	0.00
22	20997	20991	0	0	13	0	800m	2.05g	30m	0	multi5:14.8%	0	0|0	1|0	10m	7m	306	22:01:45	20.86	0.00	19.65	0.13	0.67	58.69	dm-0	0.00	0.00	0.00	0.00	0.00	0.00	0.00	0.00	0.00	0.00	0.00
17	19773	19759	0	0	7	0	800m	2.05g	30m	0	multi5:12.4%	0	9|0	4|2	9m	6m	306	22:01:46	21.21	0.00	19.28	0.14	0.69	58.68	dm-0	0.00	0.00	0.00	0.00	0.00	0.00	0.00	0.00	0.00	0.00	0.00
15	19792	19805	0	0	9	0	800m	2.05g	31m	0	multi5:11.8%	0	0|0	0|0	9m	6m	306	22:01:47	19.03	0.00	19.44	0.14	0.97	60.42	dm-0	0.00	0.00	0.00	0.00	0.00	0.00	0.00	0.00	0.00	0.00	0.00
24	19084	19082	0	0	12	0	800m	2.05g	31m	0	multi9:12.5%	0	0|0	0|2	9m	6m	306	22:01:48	17.03	0.00	15.66	0.27	0.55	66.48	dm-0	0.00	0.00	0.00	4.00	0.00	16.00	8.00	0.02	4.00	2.00	0.80
8	19076	19069	0	0	11	0	800m	2.05g	31m	0	multi9:17.2%	0	1|0	1|0	8m	5m	306	22:01:49	17.92	0.00	20.11	0.14	0.82	61.01	dm-0	0.00	0.00	0.00	0.00	0.00	0.00	0.00	0.00	0.00	0.00	0.00
5	19420	19420	0	0	11	0	800m	2.05g	31m	0	multi9:12.9%	0	0|0	0|0	9m	5m	306	22:01:50	21.32	0.00	21.59	0.00	0.94	56.14	dm-0	0.00	0.00	0.00	0.00	0.00	0.00	0.00	0.00	0.00	0.00	0.00
8	22450	22442	0	0	7	0	800m	2.05g	31m	0	multi9:16.0%	0	0|0	1|0	11m	7m	306	22:01:51	22.53	0.00	21.20	0.00	0.80	55.47	dm-0	0.00	0.00	0.00	0.00	0.00	0.00	0.00	0.00	0.00	0.00	0.00
4	16246	16245	0	0	5	0	800m	2.05g	31m	0	multi5:10.0%	0	1|0	1|0	8m	5m	306	22:01:52	16.01	0.00	15.20	0.41	0.68	67.71	dm-0	0.00	0.00	0.00	0.00	0.00	0.00	0.00	0.00	0.00	0.00	0.00
19	22185	22158	0	0	21	0	800m	2.05g	31m	0	multi9:20.7%	0	2|0	1|2	10m	6m	306	22:01:53	22.73	0.00	21.34	0.14	0.84	54.95	dm-0	0.00	0.00	0.00	22.00	0.00	112.00	10.18	0.68	17.64	13.64	30.00
9	19517	19502	0	0	10	0	800m	2.05g	31m	0	multi9:15.9%	0	4|0	3|1	9m	5m	306	22:01:54	20.36	0.00	20.08	0.14	0.97	58.45	dm-0	0.00	0.00	0.00	0.00	0.00	0.00	0.00	0.02	0.00	0.00	2.00
10	22763	22753	0	0	11	0	800m	2.05g	31m	0	multi9:21.2%	0	1|0	0|4	10m	6m	306	22:01:55	23.90	0.00	22.30	0.13	0.80	52.87	dm-0	0.00	0.00	0.00	0.00	0.00	0.00	0.00	0.00	0.00	0.00	0.00
4	23784	23783	0	0	11	0	800m	2.05g	31m	0	multi9:17.0%	0	0|0	1|0	10m	7m	306	22:01:56	25.89	0.00	28.20	0.14	0.82	44.96	dm-0	0.00	0.00	0.00	0.00	0.00	0.00	0.00	0.00	0.00	0.00	0.00
1	22294	22294	0	0	15	0	800m	2.05g	30m	0	multi9:14.3%	0	0|0	0|1	10m	6m	306	22:01:57	16.53	0.00	18.02	0.27	0.81	64.36	dm-0	0.00	0.00	0.00	0.00	0.00	0.00	0.00	0.00	0.00	0.00	0.00
4	16818	16813	0	0	15	0	800m	2.05g	31m	0	multi2:10.9%	0	1|0	0|1	7m	5m	306	22:01:58	15.68	0.00	18.38	1.35	0.68	63.92	dm-0	0.00	0.00	0.00	53.00	0.00	668.00	25.21	1.40	26.34	2.26	12.00
14	15385	15371	0	0	5	0	800m	2.05g	31m	0	multi0:10.1%	0	2|0	0|2	7m	4m	306	22:01:59	15.30	0.00	15.30	0.13	0.53	68.73	dm-0	0.00	0.00	0.00	0.00	0.00	0.00	0.00	0.00	0.00	0.00	0.00
5	18463	18455	0	0	10	0	800m	2.05g	30m	0	multi9:16.6%	0	2|0	2|2	8m	5m	306	22:02:00	17.19	0.00	16.91	0.27	0.68	64.95	dm-0	0.00	0.00	0.00	0.00	0.00	0.00	0.00	0.00	0.00	0.00	0.00
7	18045	18034	0	0	8	0	800m	2.05g	31m	0	multi5:10.5%	0	2|0	0|1	8m	5m	306	22:02:01	19.42	0.00	18.60	0.00	0.69	61.29	dm-0	0.00	0.00	0.00	0.00	0.00	0.00	0.00	0.00	0.00	0.00	0.00
11	22986	22989	0	0	19	0	800m	2.05g	31m	0	multi5:16.2%	0	5|0	0|1	11m	7m	306	22:02:03	22.32	0.00	22.03	0.14	0.72	54.79	dm-0	0.00	0.00	0.00	0.00	0.00	0.00	0.00	0.00	0.00	0.00	0.00
7	23438	23444	0	0	22	0	800m	2.05g	31m	0	multi9:17.3%	0	0|0	0|0	10m	6m	306	22:02:04	22.88	0.00	28.49	0.27	0.96	47.40	dm-0	0.00	0.00	0.00	0.00	0.00	0.00	0.00	0.00	0.00	0.00	0.00
9	18375	18366	0	0	11	0	800m	2.05g	31m	0	multi9:13.6%	0	0|0	0|0	8m	5m	306	22:02:05	17.75	0.00	20.73	0.41	0.68	60.43	dm-0	0.00	0.00	0.00	109.00	0.00	436.00	8.00	2.56	23.52	0.44	4.80
14	18036	18019	0	0	6	0	800m	2.05g	31m	0	multi9:13.4%	0	0|0	2|1	8m	5m	306	22:02:06	18.03	0.00	17.75	0.14	0.69	63.38	dm-0	0.00	0.00	0.00	0.00	0.00	0.00	0.00	0.00	0.00	0.00	0.00
3	11912	11917	0	0	4	0	800m	2.05g	31m	0	multi5:7.4%	0	0|0	0|0	5m	3m	306	22:02:07	18.66	0.00	17.30	0.00	0.68	63.35	dm-0	0.00	0.00	0.00	0.00	0.00	0.00	0.00	0.00	0.00	0.00	0.00
6	16803	16794	0	0	10	0	800m	2.05g	31m	0	multi9:12.1%	0	0|0	0|0	7m	4m	306	22:02:08	4.58	0.00	5.50	0.26	0.26	89.40	dm-0	0.00	0.00	0.00	0.00	0.00	0.00	0.00	0.00	0.00	0.00	0.00
8	19303	19279	0	0	10	0	800m	2.05g	31m	0	multi5:13.3%	0	10|0	1|1	8m	5m	306	22:02:09	20.48	0.00	20.06	0.00	0.85	58.62	dm-0	0.00	0.00	0.00	0.00	0.00	0.00	0.00	0.00	0.00	0.00	0.00
8	19866	19870	0	0	11	0	800m	2.05g	31m	0	multi8:14.2%	0	0|0	1|0	9m	6m	306	22:02:10	17.90	0.00	20.05	0.27	0.81	60.97	dm-0	0.00	0.00	0.00	4.00	0.00	16.00	8.00	0.02	4.00	2.00	0.80
4	21226	21218	0	0	20	0	800m	2.05g	31m	0	multi2:13.4%	0	0|0	1|16	9m	6m	306	22:02:11	21.75	0.00	20.38	0.00	0.82	57.05	dm-0	0.00	0.00	0.00	0.00	0.00	0.00	0.00	0.00	0.00	0.00	0.00
13	19889	19877	0	0	16	0	800m	2.05g	31m	0	multi2:12.5%	0	0|0	1|1	9m	6m	306	22:02:12	19.80	0.00	19.52	0.14	0.84	59.69	dm-0	0.00	0.00	0.00	0.00	0.00	0.00	0.00	0.00	0.00	0.00	0.00
7	17752	17747	0	0	12	0	800m	2.05g	31m	0	multi2:11.6%	0	0|0	1|0	8m	5m	306	22:02:13	17.34	0.00	18.18	0.14	0.84	63.50	dm-0	0.00	0.00	0.00	0.00	0.00	0.00	0.00	0.00	0.00	0.00	0.00
11	17239	17227	0	0	6	0	800m	2.05g	31m	0	multi5:11.2%	0	3|0	1|1	8m	5m	306	22:02:14	14.21	0.00	14.07	0.14	0.56	71.03	dm-0	0.00	0.00	0.00	0.00	0.00	0.00	0.00	0.00	0.00	0.00	0.00
2	17575	17566	0	0	11	0	800m	2.05g	31m	0	multi5:13.9%	0	0|0	0|0	8m	5m	306	22:02:15	16.62	0.00	13.97	0.14	0.84	68.44	dm-0	0.00	0.00	0.00	0.00	0.00	0.00	0.00	0.00	0.00	0.00	0.00
3	17703	17692	0	0	5	0	800m	2.05g	31m	0	multi5:11.1%	0	0|0	0|0	8m	5m	306	22:02:16	17.13	0.00	23.51	0.00	0.58	58.78	dm-0	0.00	0.00	0.00	4.00	0.00	16.00	8.00	0.02	4.00	2.00	0.80
5	19350	19346	0	0	12	0	800m	2.05g	31m	0	multi2:14.0%	0	0|0	1|1	8m	5m	306	22:02:17	15.36	0.00	15.09	0.27	0.67	68.60	dm-0	0.00	0.00	0.00	0.00	0.00	0.00	0.00	0.00	0.00	0.00	0.00
5	16192	16193	0	0	11	0	800m	2.05g	31m	0	multi8:11.3%	0	0|0	0|0	7m	4m	306	22:02:18	19.24	0.00	21.01	0.14	0.82	58.80	dm-0	0.00	0.00	0.00	0.00	0.00	0.00	0.00	0.00	0.00	0.00	0.00
7	20860	20848	0	0	8	0	800m	2.05g	31m	0	multi2:17.3%	0	3|0	0|2	10m	6m	306	22:02:19	13.23	0.00	14.51	0.14	0.71	71.41	dm-0	0.00	0.00	0.00	0.00	0.00	0.00	0.00	0.00	0.00	0.00	0.00
8	10803	10805	0	0	2	1	800m	2.05g	31m	0	multi5:7.6%	0	0|0	0|0	5m	3m	306	22:02:20	19.26	0.00	19.41	1.84	0.71	58.78	dm-0	0.00	0.00	0.00	56.00	0.00	368.00	13.14	0.27	4.64	2.50	14.00
8	18002	17984	0	0	4	0	800m	2.05g	31m	0	multi9:14.2%	0	0|0	0|0	8m	5m	306	22:02:21	18.94	0.00	23.12	0.00	0.70	57.24	dm-0	0.00	0.00	0.00	0.00	0.00	0.00	0.00	0.00	0.00	0.00	0.00
10	17595	17582	0	0	9	0	800m	2.05g	31m	0	multi9:10.6%	0	0|0	1|0	8m	5m	306	22:02:22	17.82	0.00	19.61	0.28	0.83	61.46	dm-0	0.00	0.00	0.00	0.00	0.00	0.00	0.00	0.00	0.00	0.00	0.00
1	17990	17992	0	0	12	0	800m	2.05g	31m	0	multi1:10.6%	0	0|0	0|2	8m	5m	306	22:02:23	18.03	0.00	17.21	0.14	0.68	63.93	dm-0	0.00	0.00	0.00	4.00	0.00	36.00	18.00	0.02	4.00	2.00	0.80
6	17285	17286	0	0	7	0	800m	2.05g	31m	0	multi9:11.3%	0	0|0	1|0	8m	5m	306	22:02:24	13.35	0.00	12.28	0.13	0.67	73.56	dm-0	0.00	0.00	0.00	0.00	0.00	0.00	0.00	0.00	0.00	0.00	0.00
5	15059	15044	0	0	4	0	800m	2.05g	31m	0	multi9:9.0%	0	2|0	0|1	7m	4m	306	22:02:25	16.94	0.00	15.15	0.14	0.69	67.08	dm-0	0.00	0.00	0.00	4.00	0.00	16.00	8.00	0.02	4.00	2.00	0.80
5	19546	19545	0	0	5	0	800m	2.05g	31m	0	multi9:16.9%	0	0|0	1|0	9m	5m	306	22:02:26	16.86	0.00	16.71	0.14	0.71	65.58	dm-0	0.00	0.00	0.00	0.00	0.00	0.00	0.00	0.00	0.00	0.00	0.00
0	20422	20418	0	0	5	0	800m	2.05g	31m	0	multi9:14.0%	0	1|0	2|1	9m	6m	306	22:02:27	21.51	0.00	21.65	0.00	0.98	55.87	dm-0	0.00	0.00	0.00	0.00	0.00	0.00	0.00	0.00	0.00	0.00	0.00
0	16788	16798	0	0	9	0	800m	2.05g	31m	0	multi2:11.2%	0	0|0	0|0	8m	5m	306	22:02:28	13.98	0.00	11.80	0.68	0.54	73.00	dm-0	0.00	0.00	0.00	50.00	0.00	528.00	21.12	0.73	14.56	1.44	7.20
0	17081	17076	0	0	2	0	800m	2.05g	31m	0	multi5:12.7%	0	0|0	1|2	8m	6m	306	22:02:29	18.31	0.00	16.67	0.27	0.82	63.93	dm-0	0.00	0.00	0.00	0.00	0.00	0.00	0.00	0.00	0.00	0.00	0.00
0	16312	16305	0	0	4	0	800m	2.05g	31m	0	multi9:12.9%	0	3|0	0|1	8m	5m	306	22:02:30	16.27	0.00	16.97	0.14	0.70	65.92	dm-0	0.00	0.00	0.00	22.00	0.00	88.00	8.00	0.17	7.82	0.55	1.20
0	18817	18820	0	0	6	0	800m	2.05g	31m	0	multi9:12.4%	0	2|0	2|2	9m	6m	306	22:02:31	13.39	0.00	15.85	0.14	0.68	69.95	dm-0	0.00	0.00	0.00	0.00	0.00	0.00	0.00	0.00	0.00	0.00	0.00
0	14703	14706	0	0	4	0	800m	2.05g	31m	0	multi9:11.8%	0	1|0	2|2	7m	4m	306	22:02:32	13.54	0.00	13.81	0.00	0.67	71.98	dm-0	0.00	0.00	0.00	0.00	0.00	0.00	0.00	0.00	0.00	0.00	0.00
0	18078	18080	0	0	5	0	800m	2.05g	31m	0	multi2:11.6%	0	1|0	1|0	9m	6m	306	22:02:33	19.84	0.00	19.56	0.27	0.68	59.64	dm-0	0.00	0.00	0.00	0.00	0.00	0.00	0.00	0.00	0.00	0.00	0.00
0	19182	19181	0	0	3	0	800m	2.05g	31m	0	multi9:15.7%	0	0|0	1|1	9m	6m	306	22:02:34	19.25	0.00	21.12	0.00	0.67	58.96	dm-0	0.00	0.00	0.00	0.00	0.00	0.00	0.00	0.00	0.00	0.00	0.00
0	19774	19770	0	0	4	0	800m	2.05g	31m	0	multi1:12.5%	0	0|0	0|0	10m	7m	306	22:02:35	18.00	0.00	18.54	0.00	0.81	62.65	dm-0	0.00	0.00	0.00	0.00	0.00	0.00	0.00	0.00	0.00	0.00	0.00
0	17253	17259	0	0	6	0	800m	2.05g	31m	0	multi9:11.3%	0	0|0	2|0	8m	5m	306	22:02:36	15.38	0.00	14.84	0.27	0.67	68.83	dm-0	0.00	0.00	0.00	4.00	0.00	16.00	8.00	0.02	4.00	2.00	0.80
0	16021	16023	0	0	4	0	800m	2.05g	31m	0	multi5:9.6%	0	0|0	0|0	8m	5m	306	22:02:37	15.01	0.00	15.54	0.13	0.53	68.79	dm-0	0.00	0.00	0.00	0.00	0.00	0.00	0.00	0.00	0.00	0.00	0.00
0	18099	18097	0	0	3	0	800m	2.05g	31m	0	multi7:11.8%	0	0|0	3|0	9m	6m	306	22:02:38	18.55	0.00	17.74	0.13	0.67	62.90	dm-0	0.00	0.00	0.00	0.00	0.00	0.00	0.00	0.00	0.00	0.00	0.00
0	14595	14596	0	0	6	0	800m	2.05g	31m	0	multi7:8.9%	0	1|0	1|2	7m	5m	306	22:02:39	18.62	0.00	18.75	0.00	0.80	61.84	dm-0	0.00	0.00	0.00	0.00	0.00	0.00	0.00	0.00	0.00	0.00	0.00
0	24148	24147	0	0	8	0	800m	2.05g	31m	0	multi1:16.3%	0	1|0	0|0	12m	8m	306	22:02:40	23.59	0.00	20.58	0.27	0.82	54.73	dm-0	0.00	0.00	0.00	0.00	0.00	0.00	0.00	0.00	0.00	0.00	0.00
0	17655	17654	0	0	3	0	800m	2.05g	31m	0	multi2:14.0%	0	0|0	0|0	9m	6m	306	22:02:41	17.88	0.00	18.54	0.13	0.66	62.78	dm-0	0.00	0.00	0.00	0.00	0.00	0.00	0.00	0.00	0.00	0.00	0.00
0	20108	20113	0	0	6	0	800m	2.05g	31m	0	multi2:15.5%	0	0|0	1|1	10m	6m	306	22:02:42	21.08	0.00	19.00	0.14	0.83	58.95	dm-0	0.00	0.00	0.00	0.00	0.00	0.00	0.00	0.00	0.00	0.00	0.00
0	19165	19152	0	0	8	0	800m	2.05g	31m	0	multi2:14.5%	0	1|0	1|1	9m	6m	306	22:02:43	21.82	0.00	21.27	0.14	0.69	56.08	dm-0	0.00	0.00	0.00	2.00	0.00	8.00	8.00	0.01	4.00	2.00	0.40
0	21620	21618	0	0	5	0	800m	2.05g	31m	0	multi9:17.4%	0	3|0	2|2	10m	7m	306	22:02:44	18.74	0.00	21.20	0.14	0.82	59.10	dm-0	0.00	0.00	0.00	0.00	0.00	0.00	0.00	0.00	0.00	0.00	0.00
0	19916	19920	0	0	4	0	800m	2.05g	31m	0	multi2:12.2%	0	0|0	0|1	9m	6m	306	22:02:45	18.52	0.00	18.52	0.00	0.82	62.14	dm-0	0.00	0.00	0.00	0.00	0.00	0.00	0.00	0.00	0.00	0.00	0.00
0	19942	19947	0	0	3	0	800m	2.05g	31m	0	multi2:13.3%	0	0|0	0|0	9m	6m	306	22:02:46	17.73	0.00	17.45	0.28	0.83	63.71	dm-0	0.00	0.00	0.00	0.00	0.00	0.00	0.00	0.00	0.00	0.00	0.00
0	18395	18387	0	0	8	0	800m	2.05g	31m	0	multi1:12.7%	0	2|0	4|0	8m	6m	306	22:02:47	18.06	0.00	18.61	0.00	0.69	62.64	dm-0	0.00	0.00	0.00	0.00	0.00	0.00	0.00	0.00	0.00	0.00	0.00
0	22288	22290	0	0	7	0	800m	2.05g	31m	0	multi2:12.9%	0	0|0	2|2	10m	7m	306	22:02:48	19.26	0.00	22.95	0.14	0.82	56.83	dm-0	0.00	0.00	0.00	0.00	0.00	0.00	0.00	0.00	0.00	0.00	0.00
0	19598	19603	0	0	6	0	800m	2.05g	31m	0	multi7:11.5%	0	1|0	2|0	9m	6m	306	22:02:49	17.86	0.00	19.09	0.14	0.82	62.09	dm-0	0.00	0.00	0.00	0.00	0.00	0.00	0.00	0.00	0.00	0.00	0.00
0	22660	22662	0	0	8	0	800m	2.05g	31m	0	multi2:15.3%	0	0|0	0|0	10m	7m	306	22:02:50	21.56	0.00	22.65	0.14	0.68	54.98	dm-0	0.00	0.00	0.00	0.00	0.00	0.00	0.00	0.00	0.00	0.00	0.00
0	17648	17648	0	0	3	0	800m	2.05g	31m	0	multi2:10.4%	0	0|0	0|1	8m	5m	306	22:02:51	16.20	0.00	18.01	0.14	0.83	64.82	dm-0	0.00	0.00	0.00	0.00	0.00	0.00	0.00	0.00	0.00	0.00	0.00
0	19771	19768	0	0	8	0	800m	2.05g	31m	0	multi2:12.6%	0	3|0	0|1	9m	6m	306	22:02:52	16.95	0.00	17.80	0.14	0.71	64.41	dm-0	0.00	0.00	0.00	0.00	0.00	0.00	0.00	0.00	0.00	0.00	0.00
0	18374	18376	0	0	8	0	800m	2.05g	31m	0	multi9:11.3%	0	0|0	0|0	8m	6m	306	22:02:53	15.41	0.00	17.57	0.14	0.81	66.08	dm-0	0.00	0.00	0.00	3.00	0.00	28.00	18.67	0.01	4.00	1.33	0.40
0	20229	20232	0	0	4	0	800m	2.05g	31m	0	multi9:11.7%	0	0|0	0|2	9m	6m	306	22:02:54	19.47	0.00	20.31	0.00	0.70	59.53	dm-0	0.00	0.00	0.00	0.00	0.00	0.00	0.00	0.00	0.00	0.00	0.00
0	20795	20791	0	0	8	0	800m	2.05g	31m	0	multi1:14.0%	0	1|0	0|0	10m	6m	306	22:02:55	17.86	0.00	20.25	0.28	0.70	60.90	dm-0	0.00	0.00	0.00	0.00	0.00	0.00	0.00	0.00	0.00	0.00	0.00
0	21510	21507	0	0	14	0	800m	2.05g	31m	0	multi9:16.1%	0	0|0	2|1	10m	7m	306	22:02:56	16.57	0.00	19.89	0.14	0.97	62.43	dm-0	0.00	0.00	0.00	0.00	0.00	0.00	0.00	0.00	0.00	0.00	0.00
0	20982	20975	0	0	10	0	800m	2.05g	31m	0	multi1:13.8%	0	2|0	0|3	10m	7m	306	22:02:58	18.30	0.00	18.99	0.14	0.70	61.87	dm-0	0.00	0.00	0.00	0.00	0.00	0.00	0.00	0.00	0.00	0.00	0.00
0	20647	20654	0	0	18	0	800m	2.05g	30m	0	multi7:12.9%	0	1|0	1|2	10m	6m	306	22:02:59	20.08	0.00	21.06	0.28	0.84	57.74	dm-0	0.00	0.00	0.00	7.00	0.00	112.00	32.00	0.04	5.71	1.14	0.80
0	19034	19036	0	0	8	0	800m	2.05g	30m	0	multi1:13.5%	0	2|0	1|0	9m	6m	306	22:03:00	18.11	0.00	19.62	0.14	0.82	61.32	dm-0	0.00	0.00	0.00	0.00	0.00	0.00	0.00	0.00	0.00	0.00	0.00
0	19113	19116	0	0	11	0	800m	2.05g	30m	0	multi9:14.2%	0	0|0	0|0	9m	6m	306	22:03:01	17.08	0.00	17.78	0.14	0.69	64.31	dm-0	0.00	0.00	0.00	0.00	0.00	0.00	0.00	0.00	0.00	0.00	0.00
0	15769	15769	0	0	15	0	800m	2.05g	31m	0	multi7:10.8%	0	0|0	0|1	7m	5m	306	22:03:02	15.78	0.00	14.68	0.00	0.82	68.72	dm-0	0.00	0.00	0.00	0.00	0.00	0.00	0.00	0.00	0.00	0.00	0.00
0	20483	20481	0	0	9	0	800m	2.05g	31m	0	multi7:13.7%	0	0|0	2|2	9m	6m	306	22:03:03	14.13	0.00	15.61	0.13	0.54	69.58	dm-0	0.00	0.00	0.00	0.00	0.00	0.00	0.00	0.00	0.00	0.00	0.00
0	16952	16945	0	0	11	0	800m	2.05g	31m	0	multi1:13.9%	0	1|0	0|1	8m	5m	306	22:03:04	19.10	0.00	19.10	0.27	0.82	60.71	dm-0	0.00	0.00	0.00	9.00	0.00	132.00	29.33	0.06	6.67	1.33	1.20
0	16295	16306	0	0	14	0	800m	2.05g	31m	0	multi7:10.5%	0	0|0	1|0	7m	5m	306	22:03:05	12.85	0.00	13.40	0.14	0.55	73.07	dm-0	0.00	0.00	0.00	0.00	0.00	0.00	0.00	0.00	0.00	0.00	0.00
0	16418	16414	0	0	6	0	800m	2.05g	31m	0	multi7:11.8%	0	0|0	1|1	7m	5m	306	22:03:06	15.18	0.00	13.41	0.14	0.68	70.59	dm-0	0.00	0.00	0.00	0.00	0.00	0.00	0.00	0.00	0.00	0.00	0.00
0	15485	15489	0	0	4	0	800m	2.05g	31m	0	multi1:11.3%	0	0|0	0|1	7m	5m	306	22:03:07	13.26	0.00	14.36	0.00	0.55	71.82	dm-0	0.00	0.00	0.00	0.00	0.00	0.00	0.00	0.00	0.00	0.00	0.00
0	11486	11484	0	0	4	0	800m	2.05g	31m	0	multi7:6.9%	0	0|0	0|2	5m	3m	306	22:03:08	11.22	0.00	13.43	0.14	0.69	74.52	dm-0	0.00	0.00	0.00	0.00	0.00	0.00	0.00	0.00	0.00	0.00	0.00
0	11514	11516	0	0	7	0	800m	2.05g	31m	0	multi7:9.8%	0	1|0	0|0	5m	3m	306	22:03:09	9.22	0.00	9.49	0.13	0.40	80.76	dm-0	0.00	0.00	0.00	0.00	0.00	0.00	0.00	0.00	0.00	0.00	0.00
0	12827	12823	0	0	6	0	800m	2.05g	31m	0	multi1:10.3%	0	0|0	0|0	6m	4m	306	22:03:10	9.77	0.00	9.50	0.14	0.41	80.19	dm-0	0.00	0.00	0.00	3.00	0.00	12.00	8.00	0.01	2.67	1.33	0.40
0	14048	14053	0	0	4	0	800m	2.05g	31m	0	multi1:9.4%	0	1|0	3|0	6m	4m	306	22:03:11	8.30	0.00	10.88	0.00	0.54	80.27	dm-0	0.00	0.00	0.00	0.00	0.00	0.00	0.00	0.00	0.00	0.00	0.00
0	10228	10228	0	0	6	0	800m	2.05g	31m	0	multi7:5.8%	0	0|0	0|0	4m	3m	306	22:03:12	9.54	0.00	10.93	0.14	0.55	78.84	dm-0	0.00	0.00	0.00	0.00	0.00	0.00	0.00	0.00	0.00	0.00	0.00
0	11931	11924	0	0	20	0	800m	2.05g	31m	0	multi7:8.9%	0	0|0	0|0	5m	4m	306	22:03:13	9.03	0.00	9.45	0.00	0.56	80.96	dm-0	0.00	0.00	0.00	0.00	0.00	0.00	0.00	0.00	0.00	0.00	0.00
0	10276	10280	0	0	4	0	800m	2.05g	31m	0	multi1:8.5%	0	0|0	0|2	4m	3m	306	22:03:14	6.10	0.00	7.59	0.14	0.54	85.64	dm-0	0.00	0.00	0.00	0.00	0.00	0.00	0.00	0.00	0.00	0.00	0.00
0	9365	9356	0	0	4	0	800m	2.05g	31m	0	multi1:6.4%	0	0|0	0|0	4m	3m	306	22:03:15	5.49	0.00	5.49	0.00	0.40	88.62	dm-0	0.00	0.00	0.00	0.00	0.00	0.00	0.00	0.00	0.00	0.00	0.00
0	6586	6586	0	0	9	0	800m	2.05g	31m	0	multi0:4.1%	0	0|0	0|0	3m	2m	306	22:03:16	3.81	0.00	4.20	0.13	0.26	91.59	dm-0	0.00	0.00	0.00	0.00	0.00	0.00	0.00	0.00	0.00	0.00	0.00
0	6896	6897	0	0	8	0	800m	2.05g	31m	0	multi1:6.0%	0	0|0	0|0	3m	2m	306	22:03:17	3.60	0.00	4.00	0.00	0.27	92.13	dm-0	0.00	0.00	0.00	0.00	0.00	0.00	0.00	0.00	0.00	0.00	0.00
0	3732	3731	0	0	3	0	800m	2.05g	31m	0	multi1:2.0%	0	0|0	0|0	1m	1m	306	22:03:18	1.42	0.00	1.68	0.13	0.13	96.64	dm-0	0.00	0.00	0.00	0.00	0.00	0.00	0.00	0.00	0.00	0.00	0.00
0	2009	2012	0	0	2	0	800m	2.05g	31m	0	multi1:1.2%	0	0|0	0|0	965k	651k	306	22:03:19	0.64	0.00	1.53	0.38	0.13	97.32	dm-0	0.00	0.00	0.00	31.00	0.00	180.00	11.61	0.04	1.16	1.03	3.20
0	2732	2729	0	0	2	1	800m	2.05g	31m	0	multi1:2.0%	0	1|0	0|0	1m	927k	306	22:03:20	0.91	0.00	1.30	0.13	0.13	97.54	dm-0	0.00	0.00	0.00	0.00	0.00	0.00	0.00	0.00	0.00	0.00	0.00
0	1848	1851	0	0	3	0	800m	2.05g	31m	0	multi9:1.0%	0	0|0	0|0	901k	612k	306	22:03:21	0.64	0.00	0.64	0.13	0.00	98.60	dm-0	0.00	0.00	0.00	0.00	0.00	0.00	0.00	0.00	0.00	0.00	0.00
0	818	818	0	0	3	0	800m	2.05g	31m	0	multi9:0.7%	0	0|0	0|0	382k	258k	306	22:03:22	0.25	0.00	0.38	0.13	0.00	99.24	dm-0	0.00	0.00	0.00	0.00	0.00	0.00	0.00	0.00	0.00	0.00	0.00
0	1224	1224	0	0	2	0	800m	2.05g	31m	0	multi9:1.6%	0	0|0	0|0	610k	421k	306	22:03:23	0.63	0.00	0.63	0.25	0.13	98.35	dm-0	0.00	0.00	0.00	0.00	0.00	0.00	0.00	0.00	0.00	0.00	0.00
0	1597	1595	0	0	2	0	800m	2.05g	31m	0	multi1:1.5%	0	0|0	0|0	758k	511k	306	22:03:24	0.51	0.00	0.89	0.13	0.13	98.35	dm-0	0.00	0.00	0.00	0.00	0.00	0.00	0.00	0.00	0.00	0.00	0.00
0	571	572	0	0	3	0	800m	2.05g	31m	0	multi2:0.5%	0	0|0	0|0	273k	188k	306	22:03:25	0.25	0.00	0.25	0.25	0.00	99.24	dm-0	0.00	0.00	0.00	4.00	0.00	16.00	8.00	0.03	7.00	3.00	1.20
0	1297	1298	0	0	2	0	800m	2.05g	31m	0	multi7:1.2%	0	0|0	0|0	660k	460k	306	22:03:26	0.51	0.00	0.51	0.13	0.00	98.86	dm-0	0.00	0.00	0.00	0.00	0.00	0.00	0.00	0.00	0.00	0.00	0.00
0	505	505	0	0	3	0	800m	2.05g	31m	0	multi5:0.5%	0	0|0	0|0	223k	149k	306	22:03:27	0.25	0.00	0.25	0.13	0.13	99.24	dm-0	0.00	0.00	0.00	0.00	0.00	0.00	0.00	0.00	0.00	0.00	0.00
0	1280	1279	0	0	2	0	800m	2.05g	31m	0	multi2:1.0%	0	0|0	0|0	617k	419k	306	22:03:28	0.76	0.00	0.51	0.25	0.13	98.35	dm-0	0.00	0.00	0.00	1.00	0.00	8.00	16.00	0.00	4.00	4.00	0.40
0	731	731	0	0	2	0	800m	2.05g	31m	0	multi4:0.8%	0	0|0	0|0	359k	249k	306	22:03:29	0.00	0.00	0.51	0.00	0.00	99.49	dm-0	0.00	0.00	0.00	0.00	0.00	0.00	0.00	0.00	0.00	0.00	0.00
0	878	879	0	0	2	0	800m	2.05g	31m	0	multi1:0.7%	0	0|0	0|0	434k	301k	306	22:03:30	0.25	0.00	0.63	0.25	0.00	98.87	dm-0	0.00	0.00	0.00	0.00	0.00	0.00	0.00	0.00	0.00	0.00	0.00
0	652	652	0	0	2	0	800m	2.05g	31m	0	multi2:0.6%	0	0|0	1|0	292k	195k	306	22:03:31	0.13	0.00	0.51	0.13	0.00	99.24	dm-0	0.00	0.00	0.00	0.00	0.00	0.00	0.00	0.00	0.00	0.00	0.00
0	522	522	0	0	2	0	800m	2.05g	31m	0	multi1:0.4%	0	0|0	0|0	273k	197k	306	22:03:32	0.25	0.00	0.50	0.13	0.00	99.12	dm-0	0.00	0.00	0.00	0.00	0.00	0.00	0.00	0.00	0.00	0.00	0.00
0	473	473	0	0	2	0	800m	2.05g	31m	0	multi7:0.4%	0	0|0	0|0	232k	164k	306	22:03:33	0.13	0.00	0.50	0.25	0.13	98.99	dm-0	0.00	0.00	0.00	8.00	0.00	60.00	15.00	0.03	4.00	1.00	0.80
0	597	595	0	0	2	0	800m	2.05g	31m	0	multi1:0.3%	0	0|0	0|1	290k	202k	306	22:03:34	0.25	0.00	0.38	0.00	0.00	99.37	dm-0	0.00	0.00	0.00	0.00	0.00	0.00	0.00	0.00	0.00	0.00	0.00
0	830	830	0	0	2	0	800m	2.05g	31m	0	multi7:0.9%	0	0|0	0|0	460k	335k	306	22:03:35	0.25	0.00	0.88	0.13	0.00	98.74	dm-0	0.00	0.00	0.00	0.00	0.00	0.00	0.00	0.00	0.00	0.00	0.00
0	982	983	0	0	2	0	800m	2.05g	31m	0	multi1:1.0%	0	0|0	0|0	429k	279k	306	22:03:36	0.25	0.00	0.76	0.13	0.13	98.74	dm-0	0.00	0.00	0.00	0.00	0.00	0.00	0.00	0.00	0.00	0.00	0.00
0	584	585	0	0	2	0	800m	2.05g	31m	0	multi2:0.7%	0	0|0	0|0	287k	201k	306	22:03:37	0.25	0.00	0.50	0.13	0.00	99.12	dm-0	0.00	0.00	0.00	0.00	0.00	0.00	0.00	0.00	0.00	0.00	0.00
0	293	293	0	0	3	0	800m	2.05g	31m	0	multi7:0.3%	0	0|0	0|0	139k	99k	306	22:03:38	0.13	0.00	0.38	0.25	0.00	99.25	dm-0	0.00	0.00	0.00	8.00	0.00	60.00	15.00	0.04	4.50	1.00	0.80
0	446	445	0	0	2	0	800m	2.05g	31m	0	multi1:0.6%	0	0|0	0|0	215k	152k	306	22:03:39	0.25	0.00	0.50	0.13	0.00	99.12	dm-0	0.00	0.00	0.00	0.00	0.00	0.00	0.00	0.00	0.00	0.00	0.00
0	517	518	0	0	17	0	800m	2.05g	31m	0	multi0:0.4%	0	0|0	0|0	248k	171k	306	22:03:40	0.00	0.00	0.51	0.00	0.00	99.49	dm-0	0.00	0.00	0.00	0.00	0.00	0.00	0.00	0.00	0.00	0.00	0.00
0	30	30	0	0	16	0	800m	2.05g	31m	0	multi6:0.1%	0	0|0	0|0	14k	17k	306	22:03:41	0.12	0.00	0.38	0.00	0.00	99.50	dm-0	0.00	0.00	0.00	0.00	0.00	0.00	0.00	0.00	0.00	0.00	0.00
0	0	0	0	0	2	0	800m	2.05g	31m	0	multi9:0.0%	0	0|0	0|0	124b	7k	306	22:03:42	0.00	0.00	0.25	0.13	0.00	99.62	dm-0	0.00	0.00	0.00	0.00	0.00	0.00	0.00	0.00	0.00	0.00	0.00
0	0	0	0	0	3	0	800m	2.05g	31m	0	multi9:0.0%	0	0|0	0|0	197b	7k	306	22:03:43	0.25	0.00	0.13	0.00	0.00	99.62	dm-0	0.00	0.00	0.00	0.00	0.00	0.00	0.00	0.00	0.00	0.00	0.00
0	0	0	0	0	2	0	800m	2.05g	31m	0	.:0.0%	0	0|0	0|0	124b	7k	306	22:03:44	0.00	0.00	0.25	0.13	0.00	99.62	dm-0	0.00	0.00	0.00	3.00	0.00	12.00	8.00	0.02	5.33	2.67	0.80
0	0	0	0	0	2	0	800m	2.05g	31m	0	multi9:0.0%	0	0|0	0|0	124b	7k	306	22:03:45	0.00	0.00	0.38	0.00	0.00	99.62	dm-0	0.00	0.00	0.00	0.00	0.00	0.00	0.00	0.00	0.00	0.00	0.00
0	0	0	0	0	2	0	800m	2.05g	31m	0	multi9:0.0%	0	0|0	0|0	124b	7k	306	22:03:46	0.00	0.00	0.38	0.38	0.00	99.25	dm-0	0.00	0.00	0.00	0.00	0.00	0.00	0.00	0.00	0.00	0.00	0.00
0	0	0	0	0	2	0	800m	2.05g	31m	0	multi5:0.0%	0	0|0	0|0	124b	7k	306	22:03:47	0.12	0.00	0.50	0.00	0.00	99.38	dm-0	0.00	0.00	0.00	0.00	0.00	0.00	0.00	0.00	0.00	0.00	0.00
0	0	0	0	0	2	0	800m	2.05g	31m	0	multi9:0.0%	0	0|0	0|0	124b	7k	306	22:03:48	0.13	0.00	0.25	0.13	0.00	99.50	dm-0	0.00	0.00	0.00	0.00	0.00	0.00	0.00	0.00	0.00	0.00	0.00
0	0	0	0	0	2	0	800m	2.05g	31m	0	multi9:0.0%	0	0|0	0|0	124b	7k	306	22:03:49	0.00	0.00	0.37	0.00	0.00	99.63	dm-0	0.00	0.00	0.00	0.00	0.00	0.00	0.00	0.00	0.00	0.00	0.00
0	0	0	0	0	2	0	800m	2.05g	31m	0	multi9:0.0%	0	0|0	0|0	124b	7k	306	22:03:50	0.13	0.00	0.38	0.00	0.00	99.50	dm-0	0.00	0.00	0.00	0.00	0.00	0.00	0.00	0.00	0.00	0.00	0.00
0	0	0	0	0	2	0	800m	2.05g	31m	0	multi9:0.0%	0	0|0	0|0	124b	7k	306	22:03:51	0.12	0.00	0.50	0.00	0.00	99.38	dm-0	0.00	0.00	0.00	0.00	0.00	0.00	0.00	0.00	0.00	0.00	0.00
0	0	0	0	0	2	0	800m	2.05g	31m	0	.:0.1%	0	0|0	0|0	124b	7k	306	22:03:52	0.00	0.00	0.50	0.00	0.00	99.50	dm-0	0.00	0.00	0.00	0.00	0.00	0.00	0.00	0.00	0.00	0.00	0.00
0	0	0	0	0	2	0	800m	2.05g	31m	0	multi9:0.0%	0	0|0	0|0	124b	7k	306	22:03:53	0.13	0.00	0.25	0.00	0.00	99.62	dm-0	0.00	0.00	0.00	0.00	0.00	0.00	0.00	0.00	0.00	0.00	0.00
0	0	0	0	0	2	0	800m	2.05g	31m	0	admin:0.0%	0	0|0	0|0	124b	7k	306	22:03:54	0.00	0.00	0.13	0.00	0.00	99.87	dm-0	0.00	0.00	0.00	0.00	0.00	0.00	0.00	0.00	0.00	0.00	0.00
0	0	0	0	0	2	0	800m	2.05g	31m	0	multi9:0.0%	0	0|0	0|0	124b	7k	306	22:03:55	0.13	0.00	0.25	0.00	0.00	99.62	dm-0	0.00	0.00	0.00	0.00	0.00	0.00	0.00	0.00	0.00	0.00	0.00
0	0	0	0	0	2	0	800m	2.05g	31m	0	multi9:0.0%	0	0|0	0|0	124b	7k	306	22:03:56	0.00	0.00	0.13	0.00	0.13	99.75	dm-0	0.00	0.00	0.00	0.00	0.00	0.00	0.00	0.00	0.00	0.00	0.00
0	0	0	0	0	2	0	800m	2.05g	31m	0	multi9:0.0%	0	0|0	0|0	124b	7k	306	22:03:57	0.13	0.00	0.25	0.00	0.00	99.62	dm-0	0.00	0.00	0.00	0.00	0.00	0.00	0.00	0.00	0.00	0.00	0.00
0	0	0	0	0	2	0	800m	2.05g	31m	0	multi9:0.0%	0	0|0	0|0	124b	7k	306	22:03:58	0.00	0.00	0.25	0.00	0.00	99.75	dm-0	0.00	0.00	0.00	0.00	0.00	0.00	0.00	0.00	0.00	0.00	0.00
0	0	0	0	0	2	0	800m	2.05g	31m	0	multi9:0.0%	0	0|0	0|0	124b	7k	306	22:03:59	0.00	0.00	0.25	0.12	0.00	99.62	dm-0	0.00	0.00	0.00	0.00	0.00	0.00	0.00	0.00	0.00	0.00	0.00
0	0	0	0	0	2	0	800m	2.05g	31m	0	multi9:0.0%	0	0|0	0|0	124b	7k	306	22:04:00	0.13	0.00	0.13	0.00	0.00	99.75	dm-0	0.00	0.00	0.00	0.00	0.00	0.00	0.00	0.00	0.00	0.00	0.00
0	0	0	0	0	2	0	800m	2.05g	31m	0	multi9:0.0%	0	0|0	0|0	124b	7k	306	22:04:02	0.00	0.00	0.25	0.00	0.00	99.75	dm-0	0.00	0.00	0.00	0.00	0.00	0.00	0.00	0.00	0.00	0.00	0.00
0	0	0	0	0	2	0	800m	2.05g	31m	0	multi9:0.0%	0	0|0	0|0	124b	7k	306	22:04:03	0.00	0.00	0.13	0.00	0.00	99.87	dm-0	0.00	0.00	0.00	0.00	0.00	0.00	0.00	0.00	0.00	0.00	0.00
0	0	0	0	0	2	0	800m	2.05g	31m	0	multi9:0.0%	0	0|0	0|0	124b	7k	306	22:04:04	0.00	0.00	0.25	0.00	0.00	99.75	dm-0	0.00	0.00	0.00	1.00	0.00	8.00	16.00	0.00	4.00	4.00	0.40
0	0	0	0	0	2	0	800m	2.05g	31m	0	multi9:0.0%	0	0|0	0|0	124b	7k	306	22:04:05	0.00	0.00	0.25	0.00	0.00	99.75	dm-0	0.00	0.00	0.00	0.00	0.00	0.00	0.00	0.00	0.00	0.00	0.00
