insert	query	update	delete	getmore	command	flushes	mapped	vsize	res	faults	locked-db	%idx-miss	qr|qw	ar|aw	netIn	netOut	conn	time	%user	%nice	%system	%iowait	%steal	%idle	Device:	rrqm/s	wrqm/s	r/s	w/s	rkB/s	wkB/s	avgrq-sz	avgqu-sz	await	svctm	%util
0	12	0	0	0	2	0	800m	2.05g	27m	0	multi7:0.0%	0	0|0	0|0	124b	7k	305	21:57:08	0.00	0.00	0.25	0.00	0.25	99.50	dm-0	0.00	0.00	0.00	0.00	0.00	0.00	0.00	0.00	0.00	0.00	0.00
0	0	0	0	0	2	0	800m	2.05g	27m	0	multi0:0.0%	0	0|0	0|0	124b	7k	305	21:57:09	0.25	0.00	0.88	1.51	0.00	97.36	dm-0	0.00	0.00	0.00	48.00	0.00	2048.00	85.33	3.02	62.92	1.92	9.20
0	0	0	0	0	2	0	800m	2.05g	27m	0	multi9:0.0%	0	0|0	0|0	124b	7k	305	21:57:11	0.00	0.00	0.25	0.00	0.13	99.62	dm-0	0.00	0.00	0.00	0.00	0.00	0.00	0.00	0.00	0.00	0.00	0.00
0	0	0	0	0	2	0	800m	2.05g	27m	0	multi4:0.0%	0	0|0	0|0	124b	7k	305	21:57:12	0.13	0.00	0.50	0.75	0.13	98.49	dm-0	0.00	0.00	0.00	51.00	0.00	2060.00	80.78	1.34	26.20	3.76	19.20
0	0	0	0	0	2	0	800m	2.05g	27m	0	multi9:0.0%	0	0|0	0|0	124b	7k	305	21:57:13	0.00	0.00	0.38	0.00	0.00	99.62	dm-0	0.00	0.00	0.00	0.00	0.00	0.00	0.00	0.00	0.00	0.00	0.00
0	0	0	0	0	2	0	800m	2.05g	27m	0	multi9:0.0%	0	0|0	0|0	124b	7k	305	21:57:14	0.00	0.00	0.75	0.00	0.25	98.99	dm-0	0.00	0.00	0.00	48.00	0.00	2048.00	85.33	1.53	31.83	1.42	6.80
0	0	0	0	0	2	0	800m	2.05g	27m	0	multi9:0.0%	0	0|0	0|0	124b	7k	305	21:57:15	0.00	0.00	0.38	0.00	0.00	99.62	dm-0	0.00	0.00	0.00	0.00	0.00	0.00	0.00	0.00	0.00	0.00	0.00
0	0	0	0	0	2	0	800m	2.05g	27m	0	multi9:0.0%	0	0|0	0|0	124b	7k	305	21:57:16	0.25	0.00	0.50	0.00	0.13	99.12	dm-0	0.00	0.00	0.00	48.00	0.00	2048.00	85.33	2.11	44.00	1.92	9.20
0	0	0	0	0	2	0	800m	2.05g	27m	0	multi9:0.0%	0	0|0	0|0	124b	7k	305	21:57:17	0.13	0.00	0.00	0.00	0.13	99.75	dm-0	0.00	0.00	0.00	0.00	0.00	0.00	0.00	0.00	0.00	0.00	0.00
0	4969	4954	0	0	2	0	800m	2.05g	27m	0	multi7:12.8%	0	111|0	0|1	1m	1m	305	21:57:18	1.01	0.00	2.73	0.86	0.72	94.68	dm-0	0.00	0.00	0.00	51.00	0.00	2060.00	80.78	2.48	48.55	3.29	16.80
0	16376	16337	0	0	2	0	800m	2.05g	27m	0	multi7:30.3%	0	27|0	0|1	7m	5m	305	21:57:19	15.72	0.00	24.53	2.04	1.89	55.82	dm-0	0.00	0.00	0.00	18.00	0.00	28.00	3.11	0.26	12.22	10.44	18.80
0	11193	11245	0	0	2	1	800m	2.05g	27m	0	multi5:16.3%	0	0|0	0|0	5m	4m	305	21:57:20	10.29	0.00	14.81	2.88	0.82	71.19	dm-0	0.00	0.00	0.00	61.00	0.00	2068.00	67.80	1.79	30.03	4.33	26.40
0	14311	14256	0	0	2	0	800m	2.05g	27m	0	multi0:16.3%	0	0|0	0|0	6m	5m	305	21:57:21	12.60	0.00	14.06	0.53	0.66	72.15	dm-0	0.00	0.00	0.00	0.00	0.00	0.00	0.00	0.00	0.00	0.00	0.00
0	14733	14789	0	0	2	0	800m	2.05g	27m	0	multi5:15.9%	0	0|0	0|1	7m	5m	305	21:57:22	14.97	0.00	20.05	0.14	0.82	64.01	dm-0	0.00	0.00	0.00	48.00	0.00	2048.00	85.33	1.04	21.75	1.25	6.00
0	9453	9418	0	0	2	0	800m	2.05g	27m	0	multi0:9.1%	0	22|0	1|1	4m	2m	305	21:57:23	6.45	0.00	8.95	0.13	0.39	84.08	dm-0	0.00	0.00	0.00	0.00	0.00	0.00	0.00	0.00	0.00	0.00	0.00
0	13687	13714	0	0	4	0	800m	2.05g	28m	0	multi2:22.6%	0	0|0	1|1	6m	4m	305	21:57:24	12.22	0.00	17.19	0.28	0.99	69.32	dm-0	0.00	0.00	0.00	52.00	0.00	2064.00	79.38	1.34	25.15	1.38	7.20
0	7487	7491	0	0	3	0	800m	2.05g	28m	0	multi2:9.4%	0	0|0	0|0	3m	2m	305	21:57:25	5.55	0.00	6.47	0.13	0.40	87.45	dm-0	0.00	0.00	0.00	1.00	0.00	4.00	8.00	0.04	68.00	12.00	1.20
0	7441	7437	0	0	2	0	800m	2.05g	28m	0	multi2:5.4%	0	0|0	0|0	3m	2m	305	21:57:26	5.43	0.00	6.23	0.26	0.40	87.68	dm-0	0.00	0.00	0.00	1.00	0.00	44.00	88.00	0.01	0.00	8.00	0.80
0	13489	13492	0	0	2	0	800m	2.05g	28m	0	multi2:15.3%	0	0|0	0|4	6m	4m	305	21:57:27	9.58	0.00	10.00	0.14	0.56	79.72	dm-0	0.00	0.00	0.00	47.00	0.00	2004.00	85.28	3.77	80.34	3.15	14.80
0	15678	15663	0	0	2	0	800m	2.05g	28m	0	multi2:14.4%	0	0|0	0|0	7m	5m	305	21:57:28	13.85	0.00	15.91	0.14	0.55	69.55	dm-0	0.00	0.00	0.00	0.00	0.00	0.00	0.00	0.00	0.00	0.00	0.00
0	19986	19997	0	0	2	0	800m	2.05g	28m	0	multi2:20.3%	0	1|0	2|0	9m	6m	305	21:57:29	18.61	0.00	20.83	0.14	0.97	59.44	dm-0	0.00	0.00	0.00	48.00	0.00	2048.00	85.33	3.42	71.25	3.33	16.00
0	13790	13768	0	0	2	0	800m	2.05g	28m	0	multi4:11.8%	0	10|0	4|2	6m	4m	305	21:57:30	13.53	0.00	17.65	0.26	0.52	68.04	dm-0	0.00	0.00	0.00	0.00	0.00	0.00	0.00	0.00	0.00	0.00	0.00
0	20852	20867	0	0	5	0	800m	2.05g	28m	0	multi8:15.4%	0	9|0	1|3	9m	6m	305	21:57:31	20.05	0.00	20.05	0.13	0.67	59.08	dm-0	0.00	0.00	0.00	48.00	0.00	2048.00	85.33	2.22	46.33	3.08	14.80
0	23750	23701	0	0	5	0	800m	2.05g	28m	0	multi2:19.0%	0	8|0	0|1	11m	7m	305	21:57:32	24.11	0.00	27.81	0.27	0.82	46.99	dm-0	0.00	0.00	0.00	5.00	0.00	20.00	8.00	0.10	20.00	12.80	6.40
0	25620	25659	0	0	11	0	800m	2.05g	28m	0	multi8:25.2%	0	65|0	2|2	12m	8m	305	21:57:33	28.24	0.00	46.49	0.14	0.54	24.59	dm-0	0.00	0.00	0.00	48.00	0.00	2048.00	85.33	1.21	25.17	1.50	7.20
0	25740	25731	0	0	4	0	800m	2.05g	28m	0	multi2:31.4%	0	2|0	0|1	12m	8m	305	21:57:34	29.17	0.00	42.22	0.00	1.11	27.50	dm-0	0.00	0.00	0.00	0.00	0.00	0.00	0.00	0.00	0.00	0.00	0.00
0	20280	20306	0	0	2	0	800m	2.05g	28m	0	multi4:20.8%	0	1|0	0|1	9m	6m	305	21:57:35	19.08	0.00	26.18	0.42	0.70	53.62	dm-0	0.00	0.00	0.00	48.00	0.00	2048.00	85.33	1.87	38.92	1.75	8.40
0	19039	19031	0	0	4	0	800m	2.05g	28m	0	multi0:19.0%	0	0|0	0|0	8m	5m	305	21:57:36	17.30	0.00	22.57	0.27	0.81	59.05	dm-0	0.00	0.00	0.00	0.00	0.00	0.00	0.00	0.00	0.00	0.00	0.00
0	19071	19084	0	0	5	0	800m	2.05g	28m	0	multi0:15.3%	0	0|0	0|0	8m	5m	305	21:57:37	19.74	0.00	20.26	0.26	0.66	59.08	dm-0	0.00	0.00	0.00	53.00	0.00	2068.00	78.04	1.40	26.42	1.74	9.20
0	23025	22970	0	0	13	0	800m	2.05g	28m	0	multi0:22.2%	0	43|0	1|2	10m	6m	305	21:57:38	24.35	0.00	31.56	0.27	0.82	42.99	dm-0	0.00	0.00	0.00	0.00	0.00	0.00	0.00	0.00	0.00	0.00	0.00
0	24330	24365	0	0	2	0	800m	2.05g	28m	0	multi0:25.5%	0	35|0	1|0	10m	6m	305	21:57:39	25.45	0.00	32.05	0.41	0.83	41.27	dm-0	0.00	0.00	0.00	48.00	0.00	2048.00	85.33	2.66	55.33	2.42	11.60
0	25682	25659	0	0	4	0	800m	2.05g	28m	0	multi4:23.7%	0	12|0	1|7	11m	7m	305	21:57:40	26.33	0.00	32.74	0.00	0.95	39.97	dm-0	0.00	0.00	0.00	0.00	0.00	0.00	0.00	0.00	0.00	0.00	0.00
0	28290	28324	0	0	13	0	800m	2.05g	28m	0	multi4:27.9%	0	0|0	1|0	12m	8m	305	21:57:41	28.84	0.00	40.32	0.13	0.67	30.04	dm-0	0.00	0.00	0.00	48.00	0.00	2048.00	85.33	3.44	71.75	2.83	13.60
0	29412	29359	0	0	7	0	800m	2.05g	28m	0	multi4:25.0%	0	0|0	0|0	14m	9m	305	21:57:42	32.87	0.00	38.81	0.14	0.83	27.35	dm-0	0.00	0.00	0.00	0.00	0.00	0.00	0.00	0.00	0.00	0.00	0.00
0	24649	24685	0	0	4	0	800m	2.05g	28m	0	multi4:28.4%	0	37|0	2|2	10m	6m	305	21:57:43	26.01	0.00	30.56	0.27	0.67	42.49	dm-0	0.00	0.00	0.00	48.00	0.00	2048.00	85.33	1.57	0.00	1.42	6.80
0	32120	32096	0	0	3	0	800m	2.05g	28m	0	multi4:30.9%	0	0|0	0|0	14m	9m	305	21:57:44	35.65	0.00	44.15	0.00	1.11	19.08	dm-0	0.00	0.00	0.00	0.00	0.00	0.00	0.00	0.63	0.00	0.00	2.00
0	27329	27306	0	0	3	0	800m	2.05g	28m	0	multi1:26.2%	0	3|0	0|26	13m	8m	305	21:57:46	27.89	0.00	32.40	0.80	0.53	38.38	dm-0	0.00	0.00	0.00	5.00	0.00	20.00	8.00	0.26	52.80	21.60	10.80
0	30294	30341	0	0	15	0	800m	2.05g	28m	0	multi4:31.0%	0	14|0	0|1	13m	8m	305	21:57:47	33.64	0.00	55.59	0.00	0.53	10.24	dm-0	0.00	0.00	0.00	48.00	0.00	2048.00	85.33	3.45	71.92	6.08	29.20
0	24347	24332	0	0	12	0	800m	2.05g	28m	0	multi1:23.8%	0	74|0	4|5	11m	7m	305	21:57:48	28.90	0.00	38.17	0.27	0.54	32.12	dm-0	0.00	0.00	0.00	0.00	0.00	0.00	0.00	0.00	0.00	0.00	0.00
0	29965	29941	0	0	5	0	800m	2.05g	28m	0	multi4:32.5%	0	0|0	0|0	13m	8m	305	21:57:49	30.77	0.00	42.97	0.27	0.53	25.46	dm-0	0.00	0.00	0.00	48.00	0.00	2048.00	85.33	3.85	80.17	2.58	12.40
0	22401	22411	0	0	5	0	800m	2.05g	28m	0	multi4:25.4%	0	55|0	4|2	10m	6m	305	21:57:50	27.04	0.00	46.32	0.00	0.80	25.84	dm-0	0.00	0.00	0.00	53.00	0.00	2068.00	78.04	3.24	61.21	3.32	17.60
0	30519	30547	0	0	3	0	800m	2.05g	28m	0	multi4:33.6%	0	65|0	5|2	14m	9m	305	21:57:51	28.77	0.00	31.54	0.14	0.83	38.73	dm-0	0.00	0.00	0.00	0.00	0.00	0.00	0.00	0.00	0.00	0.00	0.00
0	24215	24174	0	0	2	0	800m	2.05g	28m	0	multi1:23.3%	0	0|0	0|0	12m	8m	305	21:57:52	28.76	0.00	44.72	0.13	0.40	25.99	dm-0	0.00	0.00	0.00	48.00	0.00	2048.00	85.33	2.08	43.42	3.42	16.40
0	26223	26289	0	0	3	0	800m	2.05g	28m	0	multi1:23.4%	0	0|0	1|1	13m	9m	305	21:57:53	19.67	0.00	27.29	0.14	0.83	52.08	dm-0	0.00	0.00	0.00	0.00	0.00	0.00	0.00	0.00	0.00	0.00	0.00
0	21417	21378	0	0	3	0	800m	2.05g	28m	0	multi6:17.9%	0	13|1	0|1	11m	7m	305	21:57:54	23.93	0.00	34.02	0.52	0.52	41.01	dm-0	0.00	0.00	0.00	48.00	0.00	2048.00	85.33	3.08	64.25	2.00	9.60
0	21459	21485	0	0	8	0	800m	2.05g	28m	0	multi6:21.2%	0	5|0	0|0	11m	7m	305	21:57:55	18.22	0.00	20.14	0.00	0.68	60.96	dm-0	0.00	0.00	0.00	0.00	0.00	0.00	0.00	0.00	0.00	0.00	0.00
0	19434	19410	0	0	2	0	800m	2.05g	28m	0	multi6:15.9%	0	14|0	2|3	10m	7m	305	21:57:56	25.71	0.00	36.74	0.81	0.54	36.20	dm-0	0.00	0.00	0.00	53.00	0.00	2068.00	78.04	1.62	30.49	2.87	15.20
0	22950	22986	0	0	4	0	800m	2.05g	28m	0	multi5:23.3%	0	0|0	0|0	12m	8m	305	21:57:57	27.00	0.00	27.41	0.14	0.81	44.64	dm-0	0.00	0.00	0.00	0.00	0.00	0.00	0.00	0.00	0.00	0.00	0.00
0	23445	23411	0	0	10	0	800m	2.05g	28m	0	multi5:19.2%	0	13|0	0|3	12m	8m	305	21:57:58	19.76	0.00	20.97	0.13	0.81	58.33	dm-0	0.00	0.00	0.00	48.00	0.00	2048.00	85.33	1.62	18.08	1.83	8.80
0	18751	18739	0	0	4	0	800m	2.05g	28m	0	multi6:14.3%	0	3|0	0|2	11m	7m	305	21:58:00	24.08	0.00	22.24	0.13	0.66	52.89	dm-0	0.00	0.00	0.00	0.00	0.00	0.00	0.00	1.38	0.00	0.00	9.60
0	19130	19129	0	0	9	0	800m	2.05g	28m	0	multi6:23.1%	0	2|0	0|1	10m	6m	305	21:58:01	21.21	0.00	23.09	0.40	0.40	54.90	dm-0	0.00	0.00	0.00	0.00	0.00	0.00	0.00	0.00	0.00	0.00	0.00
0	14849	14842	0	0	2	0	800m	2.05g	28m	0	multi4:12.4%	0	12|0	2|3	8m	5m	305	21:58:02	18.22	0.00	15.65	0.13	0.67	65.32	dm-0	0.00	0.00	0.00	48.00	0.00	2048.00	85.33	1.31	27.25	0.92	4.40
0	18296	18304	0	0	4	0	800m	2.05g	28m	0	multi4:22.0%	0	12|0	2|1	10m	6m	305	21:58:03	19.63	0.00	22.43	0.53	0.67	56.74	dm-0	0.00	0.00	0.00	5.00	0.00	20.00	8.00	0.14	27.20	15.20	7.60
0	18477	18464	0	0	7	0	800m	2.05g	28m	0	multi6:22.3%	0	0|0	0|0	11m	7m	305	21:58:04	22.25	0.00	25.00	0.14	0.82	51.79	dm-0	0.00	0.00	0.00	48.00	0.00	2048.00	85.33	3.70	77.00	2.17	10.40
0	16397	16419	0	0	13	0	800m	2.05g	28m	0	multi6:18.5%	0	0|0	1|1	8m	5m	305	21:58:05	17.38	0.00	18.98	0.40	0.67	62.57	dm-0	0.00	0.00	0.00	0.00	0.00	0.00	0.00	0.00	0.00	0.00	0.00
0	17818	17823	0	0	2	0	800m	2.05g	28m	0	multi6:18.7%	0	0|0	0|2	9m	6m	305	21:58:06	22.65	0.00	23.86	0.00	0.80	52.68	dm-0	0.00	0.00	0.00	48.00	0.00	2048.00	85.33	4.48	93.42	14.42	69.20
0	14008	13998	0	0	7	0	800m	2.05g	28m	0	multi5:11.4%	0	1|1	1|1	7m	4m	305	21:58:07	15.54	0.00	14.61	0.13	0.53	69.19	dm-0	0.00	0.00	0.00	0.00	0.00	0.00	0.00	0.00	0.00	0.00	0.00
0	20947	20945	0	0	3	0	800m	2.05g	28m	0	multi6:14.8%	0	0|0	0|0	10m	7m	305	21:58:08	18.57	0.00	19.53	0.28	0.69	60.94	dm-0	0.00	0.00	0.00	48.00	0.00	2048.00	85.33	1.22	0.00	1.33	6.40
0	18580	18550	0	0	10	0	800m	2.05g	28m	0	multi0:14.9%	0	31|0	2|5	9m	6m	305	21:58:09	22.96	0.00	27.84	0.00	0.79	48.42	dm-0	0.00	0.00	0.00	5.00	0.00	20.00	8.00	0.73	389.60	23.20	11.60
0	19189	19217	0	0	8	0	800m	2.05g	28m	0	multi4:18.1%	0	1|0	1|0	9m	6m	305	21:58:10	19.45	0.00	22.62	0.28	0.41	57.24	dm-0	0.00	0.00	0.00	0.00	0.00	0.00	0.00	0.00	0.00	0.00	0.00
0	17317	17301	0	0	3	0	800m	2.05g	28m	0	multi6:12.0%	0	2|0	0|3	8m	5m	305	21:58:11	19.33	0.00	22.55	0.00	0.67	57.45	dm-0	0.00	0.00	0.00	48.00	0.00	2048.00	85.33	1.60	33.25	1.33	6.40
0	19070	19082	0	0	3	0	800m	2.05g	28m	0	multi7:13.5%	0	0|0	0|0	9m	6m	305	21:58:12	18.03	0.00	24.73	0.55	0.55	56.15	dm-0	0.00	0.00	0.00	0.00	0.00	0.00	0.00	0.00	0.00	0.00	0.00
0	18534	18522	0	0	2	0	800m	2.05g	28m	0	multi5:16.0%	0	0|0	0|0	8m	5m	305	21:58:13	21.42	0.00	21.82	0.13	0.67	55.96	dm-0	0.00	0.00	0.00	48.00	0.00	2048.00	85.33	1.71	35.67	1.42	6.80
0	16656	16664	0	0	6	0	800m	2.05g	28m	0	multi5:14.1%	0	0|0	2|0	7m	5m	305	21:58:14	15.96	0.00	17.29	0.27	0.66	65.82	dm-0	0.00	0.00	0.00	1.00	0.00	4.00	8.00	0.00	0.00	4.00	0.40
0	18785	18784	0	0	15	0	800m	2.05g	28m	0	multi5:15.4%	0	0|0	0|0	8m	5m	305	21:58:15	18.98	0.00	24.09	0.54	0.67	55.72	dm-0	0.00	0.00	0.00	52.00	0.00	2064.00	79.38	4.14	79.69	3.77	19.60
0	16967	16957	0	0	7	0	800m	2.05g	28m	0	multi5:16.0%	0	0|0	0|0	7m	5m	305	21:58:16	15.24	0.00	18.58	0.27	0.53	65.37	dm-0	0.00	0.00	0.00	0.00	0.00	0.00	0.00	0.00	0.00	0.00	0.00
0	21539	21561	0	0	9	0	800m	2.05g	27m	0	multi3:14.1%	0	1|0	1|0	8m	6m	305	21:58:17	24.21	0.00	31.84	0.26	0.66	43.03	dm-0	0.00	0.00	0.00	48.00	0.00	2048.00	85.33	1.79	37.25	1.75	8.40
0	15490	15471	0	0	8	0	800m	2.05g	27m	0	multi5:13.3%	0	0|0	0|0	6m	4m	305	21:58:18	17.72	0.00	14.96	0.26	0.52	66.54	dm-0	0.00	0.00	0.00	0.00	0.00	0.00	0.00	0.00	0.00	0.00	0.00
0	14659	14673	0	0	7	0	800m	2.05g	27m	0	multi4:10.6%	0	0|0	0|1	6m	4m	305	21:58:19	13.55	0.00	16.18	0.13	0.66	69.47	dm-0	0.00	0.00	0.00	48.00	0.00	2048.00	85.33	1.08	22.42	0.92	4.40
0	16880	16883	0	0	7	1	800m	2.05g	27m	0	multi5:12.9%	0	0|0	0|0	7m	5m	305	21:58:20	12.28	0.00	13.78	2.46	0.55	70.94	dm-0	0.00	0.00	0.00	44.00	0.00	248.00	11.27	0.36	7.18	4.27	18.80
0	9831	9830	0	0	4	0	800m	2.05g	27m	0	multi4:6.2%	0	0|0	0|0	4m	2m	305	21:58:21	9.42	0.00	9.55	0.27	0.40	80.37	dm-0	0.00	0.00	0.00	53.00	0.00	2068.00	78.04	0.90	17.81	0.91	4.80
0	19713	19639	0	0	11	0	800m	2.05g	27m	0	multi5:18.9%	0	0|0	0|0	8m	6m	305	21:58:22	18.07	0.00	19.86	0.00	0.69	61.38	dm-0	0.00	0.00	0.00	0.00	0.00	0.00	0.00	0.00	0.00	0.00	0.00
0	20462	20528	0	0	7	0	800m	2.05g	27m	0	multi5:25.4%	0	2|0	1|2	9m	6m	305	21:58:23	22.48	0.00	36.78	0.27	1.23	39.24	dm-0	0.00	0.00	0.00	48.00	0.00	2048.00	85.33	1.62	33.67	1.50	7.20
0	15468	15473	0	0	7	0	800m	2.05g	27m	0	multi2:11.8%	0	0|0	0|0	7m	4m	305	21:58:24	11.68	0.00	13.63	0.28	0.42	73.99	dm-0	0.00	0.00	0.00	0.00	0.00	0.00	0.00	0.00	0.00	0.00	0.00
0	14159	14154	0	0	3	0	800m	2.05g	27m	0	multi5:10.2%	0	1|0	0|0	6m	4m	305	21:58:25	13.56	0.00	13.42	0.00	0.68	72.33	dm-0	0.00	0.00	0.00	48.00	0.00	2048.00	85.33	1.28	26.67	1.33	6.40
0	14257	14266	0	0	7	0	800m	2.05g	27m	0	multi4:9.7%	0	0|0	0|0	6m	4m	305	21:58:26	11.56	0.00	13.06	0.27	0.68	74.42	dm-0	0.00	0.00	0.00	5.00	0.00	20.00	8.00	0.04	7.20	4.80	2.40
0	16488	16482	0	0	8	0	800m	2.05g	27m	0	multi0:10.7%	0	0|0	0|1	8m	5m	305	21:58:27	13.70	0.00	15.55	0.26	0.40	70.09	dm-0	0.00	0.00	0.00	48.00	0.00	2048.00	85.33	3.44	71.67	3.67	17.60
0	14793	14785	0	0	8	0	800m	2.05g	27m	0	multi5:11.4%	0	12|0	2|2	7m	5m	305	21:58:28	13.76	0.00	13.89	0.00	0.55	71.80	dm-0	0.00	0.00	0.00	0.00	0.00	0.00	0.00	0.00	0.00	0.00	0.00
0	15923	15938	0	0	4	0	800m	2.05g	27m	0	multi4:12.0%	0	0|0	0|0	7m	4m	305	21:58:29	13.72	0.00	17.12	0.14	0.82	68.21	dm-0	0.00	0.00	0.00	1.00	0.00	44.00	88.00	0.24	0.00	236.00	23.60
0	15956	15952	0	0	15	0	800m	2.05g	27m	0	multi4:11.6%	0	1|0	0|1	7m	5m	305	21:58:30	15.52	0.00	14.46	0.27	0.66	69.10	dm-0	0.00	0.00	0.00	47.00	0.00	2004.00	85.28	2.34	54.81	12.68	59.60
0	14914	14919	0	0	9	0	800m	2.05g	27m	0	multi7:9.0%	0	0|0	0|0	7m	5m	305	21:58:31	14.15	0.00	19.76	0.13	0.67	65.29	dm-0	0.00	0.00	0.00	0.00	0.00	0.00	0.00	0.00	0.00	0.00	0.00
0	12818	12809	0	0	9	0	800m	2.05g	27m	0	multi7:9.8%	0	1|0	1|0	6m	4m	305	21:58:32	11.88	0.00	12.27	0.26	0.39	75.20	dm-0	0.00	0.00	0.00	53.00	0.00	2068.00	78.04	1.76	33.21	6.49	34.40
0	13854	13843	0	0	9	0	800m	2.05g	27m	0	multi7:10.5%	0	3|0	0|1	7m	4m	305	21:58:33	12.77	0.00	14.25	0.13	0.54	72.31	dm-0	0.00	0.00	0.00	0.00	0.00	0.00	0.00	0.00	0.00	0.00	0.00
0	12917	12928	0	0	11	0	800m	2.05g	27m	0	multi6:11.1%	0	0|0	0|0	6m	4m	305	21:58:34	13.48	0.00	15.09	0.67	0.67	70.09	dm-0	0.00	0.00	0.00	48.00	0.00	2048.00	85.33	1.69	35.25	2.33	11.20
0	14635	14638	0	0	9	0	800m	2.05g	27m	0	multi4:14.7%	0	0|0	0|0	7m	4m	305	21:58:35	12.88	0.00	12.88	0.13	0.53	73.57	dm-0	0.00	0.00	0.00	0.00	0.00	0.00	0.00	0.00	0.00	0.00	0.00
0	15252	15250	0	0	2	0	800m	2.05g	27m	0	multi7:14.7%	0	1|0	2|1	7m	5m	305	21:58:36	14.98	0.00	17.61	0.13	0.53	66.75	dm-0	0.00	0.00	0.00	48.00	0.00	2048.00	85.33	2.78	58.00	3.08	14.80
0	13095	13090	0	0	4	0	800m	2.05g	27m	0	multi7:10.9%	0	0|0	0|0	6m	4m	305	21:58:37	11.31	0.00	11.04	0.67	0.54	76.45	dm-0	0.00	0.00	0.00	53.00	0.00	2068.00	78.04	1.14	19.77	2.42	12.80
0	12014	12023	0	0	2	0	800m	2.05g	27m	0	multi7:10.1%	0	1|0	0|2	6m	4m	305	21:58:38	13.32	0.00	16.42	0.27	0.54	69.45	dm-0	0.00	0.00	0.00	0.00	0.00	0.00	0.00	0.16	0.00	0.00	5.60
0	14921	14911	0	0	4	0	800m	2.05g	28m	0	multi7:12.3%	0	3|0	0|3	7m	5m	305	21:58:39	12.58	0.00	14.88	0.27	0.54	71.72	dm-0	0.00	0.00	0.00	0.00	0.00	0.00	0.00	0.00	0.00	0.00	0.00
0	14434	14443	0	0	3	0	800m	2.05g	28m	0	multi6:11.4%	0	1|0	0|2	7m	5m	305	21:58:40	15.80	0.00	15.53	0.00	0.67	68.01	dm-0	0.00	0.00	0.00	48.00	0.00	2048.00	85.33	1.92	40.00	1.67	8.00
0	15779	15749	0	0	35	0	800m	2.05g	28m	0	multi6:10.8%	0	12|0	2|3	7m	5m	305	21:58:41	24.27	0.00	29.87	0.27	0.53	45.07	dm-0	0.00	0.00	0.00	0.00	0.00	0.00	0.00	0.00	0.00	0.00	0.00
0	19211	19247	0	0	21	0	800m	2.05g	28m	0	multi6:21.1%	0	0|0	0|0	10m	7m	305	21:58:42	13.48	0.00	14.56	0.00	0.67	71.29	dm-0	0.00	0.00	0.00	48.00	0.00	2048.00	85.33	1.17	24.33	1.17	5.60
0	17943	17930	0	0	16	0	800m	2.05g	28m	0	multi4:12.9%	0	1|0	1|0	9m	6m	305	21:58:43	20.66	0.00	21.46	0.26	0.79	56.82	dm-0	0.00	0.00	0.00	5.00	0.00	20.00	8.00	0.02	3.20	0.80	0.40
0	19043	19037	0	0	7	0	800m	2.05g	28m	0	multi6:13.9%	0	17|8	0|8	9m	6m	305	21:58:44	19.37	0.00	17.03	0.14	0.69	62.77	dm-0	0.00	0.00	0.00	48.00	0.00	2048.00	85.33	1.51	31.42	1.25	6.00
0	17762	17763	0	0	12	0	800m	2.05g	28m	0	multi4:11.7%	0	2|0	4|2	9m	6m	305	21:58:45	22.78	0.00	25.00	0.14	0.69	51.39	dm-0	0.00	0.00	0.00	0.00	0.00	0.00	0.00	0.00	0.00	0.00	0.00
0	20989	20950	0	0	6	0	800m	2.05g	28m	0	multi4:22.3%	0	16|0	0|4	11m	7m	305	21:58:46	29.91	0.00	42.32	0.80	0.53	26.44	dm-0	0.00	0.00	0.00	48.00	0.00	2048.00	85.33	2.54	52.83	2.67	12.80
0	28229	28273	0	0	6	0	800m	2.05g	28m	0	multi7:24.2%	0	2|0	0|2	13m	9m	305	21:58:47	22.25	0.00	27.75	0.13	0.67	49.20	dm-0	0.00	0.00	0.00	0.00	0.00	0.00	0.00	0.00	0.00	0.00	0.00
0	20186	20152	0	0	3	0	800m	2.05g	28m	0	multi6:17.0%	0	27|0	2|2	9m	6m	305	21:58:48	24.10	0.00	29.78	0.69	0.69	44.74	dm-0	0.00	0.00	0.00	53.00	0.00	2068.00	78.04	4.61	86.94	5.13	27.20
0	21539	21550	0	0	4	0	800m	2.05g	28m	0	multi7:16.5%	0	4|0	0|40	10m	7m	305	21:58:50	24.04	0.00	25.41	0.41	0.82	49.31	dm-0	0.00	0.00	0.00	0.00	0.00	0.00	0.00	0.00	0.00	0.00	0.00
0	28353	28345	0	0	3	0	800m	2.05g	28m	0	multi4:21.4%	0	1|0	1|1	14m	9m	305	21:58:51	24.60	0.00	31.78	0.27	0.53	42.82	dm-0	0.00	0.00	0.00	48.00	0.00	2048.00	85.33	3.86	80.42	3.50	16.80
0	22176	22145	0	0	13	0	800m	2.05g	28m	0	multi6:15.8%	0	80|0	2|6	11m	7m	305	21:58:52	22.72	0.00	26.16	0.13	0.79	50.20	dm-0	0.00	0.00	0.00	0.00	0.00	0.00	0.00	0.00	0.00	0.00	0.00
0	29307	29336	0	0	6	0	800m	2.05g	28m	0	multi6:23.7%	0	9|0	1|2	15m	10m	305	21:58:53	29.81	0.00	36.86	0.27	0.54	32.52	dm-0	0.00	0.00	0.00	48.00	0.00	2048.00	85.33	1.95	40.58	2.00	9.60
0	23552	23501	0	0	9	0	800m	2.05g	28m	0	multi6:17.7%	0	34|0	2|5	12m	8m	305	21:58:54	23.92	0.00	28.53	0.42	0.84	46.29	dm-0	0.00	0.00	0.00	0.00	0.00	0.00	0.00	0.00	0.00	0.00	0.00
0	26209	26262	0	0	8	0	800m	2.05g	28m	0	multi7:23.0%	0	1|0	1|1	13m	9m	305	21:58:55	26.61	0.00	30.73	0.41	0.82	41.43	dm-0	0.00	0.00	0.00	53.00	0.00	2068.00	78.04	1.67	31.47	3.02	16.00
0	21839	21819	0	0	5	0	800m	2.05g	28m	0	multi4:20.1%	0	77|0	4|3	10m	7m	305	21:58:56	22.31	0.00	30.03	0.28	0.69	46.69	dm-0	0.00	0.00	0.00	0.00	0.00	0.00	0.00	0.00	0.00	0.00	0.00
0	28232	28247	0	0	3	0	800m	2.05g	28m	0	multi7:30.2%	0	37|0	2|0	14m	10m	305	21:58:57	28.32	0.00	51.99	0.27	0.27	19.15	dm-0	0.00	0.00	0.00	48.00	0.00	2048.00	85.33	1.47	30.58	1.58	7.60
0	24325	24293	0	0	2	0	800m	2.05g	28m	0	multi7:20.3%	0	35|0	0|7	11m	7m	305	21:58:58	28.37	0.00	33.71	0.14	1.26	36.52	dm-0	0.00	0.00	0.00	0.00	0.00	0.00	0.00	0.00	0.00	0.00	0.00
0	27121	27155	0	0	4	0	800m	2.05g	28m	0	multi9:28.4%	0	11|0	2|1	13m	9m	305	21:58:59	24.97	0.00	31.41	0.27	0.55	42.80	dm-0	0.00	0.00	0.00	48.00	0.00	2048.00	85.33	2.00	41.75	1.25	6.00
0	20866	20880	0	0	6	0	800m	2.05g	28m	0	multi7:12.7%	0	0|0	0|0	10m	6m	305	21:59:00	27.29	0.00	27.71	0.14	0.98	43.88	dm-0	0.00	0.00	0.00	5.00	0.00	20.00	8.00	0.06	10.40	6.40	3.20
0	23302	23286	0	0	7	0	800m	2.05g	28m	0	multi7:24.2%	0	0|0	0|0	11m	7m	305	21:59:01	18.18	0.00	19.83	0.41	0.69	60.88	dm-0	0.00	0.00	0.00	27.00	0.00	1152.00	85.33	0.14	0.44	1.48	4.00
0	19804	19779	0	0	2	0	800m	2.05g	28m	0	multi0:10.9%	0	0|0	0|0	10m	7m	305	21:59:02	21.31	0.00	24.93	0.13	0.80	52.82	dm-0	0.00	0.00	0.00	21.00	0.00	896.00	85.33	4.28	210.29	4.57	9.60
0	23777	23791	0	0	4	0	800m	2.05g	28m	0	multi9:19.2%	0	25|0	2|2	11m	8m	305	21:59:03	18.87	0.00	24.52	0.41	0.41	55.79	dm-0	0.00	0.00	0.00	0.00	0.00	0.00	0.00	0.00	0.00	0.00	0.00
0	21106	21105	0	0	4	0	800m	2.05g	28m	0	multi9:16.7%	0	7|0	0|3	10m	7m	305	21:59:04	27.07	0.00	30.52	0.14	0.69	41.57	dm-0	0.00	0.00	0.00	48.00	0.00	2048.00	85.33	2.48	51.75	2.58	12.40
0	23134	23149	0	0	7	0	800m	2.05g	28m	0	multi9:19.5%	0	1|0	1|1	11m	7m	305	21:59:05	17.19	0.00	23.72	0.14	0.57	58.38	dm-0	0.00	0.00	0.00	0.00	0.00	0.00	0.00	0.00	0.00	0.00	0.00
0	27735	27737	0	0	3	0	800m	2.05g	28m	0	multi7:22.4%	0	3|0	0|2	13m	9m	305	21:59:06	22.99	0.00	27.64	0.14	0.85	48.38	dm-0	0.00	0.00	0.00	48.00	0.00	2048.00	85.33	3.40	70.83	3.58	17.20
0	21363	21341	0	0	4	0	800m	2.05g	28m	0	multi9:18.4%	0	0|0	0|0	10m	6m	305	21:59:07	24.82	0.00	29.90	0.28	1.13	43.86	dm-0	0.00	0.00	0.00	5.00	0.00	20.00	8.00	0.03	6.40	1.60	0.80
0	23620	23612	0	0	12	0	800m	2.05g	28m	0	multi7:16.9%	0	27|0	5|4	11m	7m	305	21:59:08	18.24	0.00	20.64	0.13	0.67	60.32	dm-0	0.00	0.00	0.00	48.00	0.00	2048.00	85.33	3.62	41.83	12.67	60.80
0	24306	24329	0	0	9	0	800m	2.05g	28m	0	multi7:18.9%	0	0|0	0|0	11m	7m	305	21:59:09	30.20	0.00	35.24	0.00	0.82	33.74	dm-0	0.00	0.00	0.00	0.00	0.00	0.00	0.00	2.36	0.00	0.00	78.80
0	20450	20415	0	0	9	0	800m	2.05g	28m	0	multi9:16.4%	0	4|0	0|2	9m	6m	305	21:59:10	16.96	0.00	15.48	0.27	0.67	66.62	dm-0	0.00	0.00	0.00	0.00	0.00	0.00	0.00	0.00	0.00	0.00	0.00
0	23738	23767	0	0	10	0	800m	2.05g	28m	0	multi9:22.2%	0	0|0	1|19	11m	7m	305	21:59:11	25.80	0.00	32.45	0.27	0.66	40.82	dm-0	0.00	0.00	0.00	48.00	0.00	2048.00	85.33	2.80	58.42	2.25	10.80
0	23806	23802	0	0	16	0	800m	2.05g	28m	0	multi2:21.7%	0	0|0	0|0	11m	7m	305	21:59:12	22.07	0.00	27.59	0.14	0.83	49.38	dm-0	0.00	0.00	0.00	0.00	0.00	0.00	0.00	0.00	0.00	0.00	0.00
0	19218	19227	0	0	18	0	800m	2.05g	28m	0	multi2:14.1%	0	1|0	0|2	8m	5m	305	21:59:13	19.44	0.00	27.36	0.28	0.69	52.22	dm-0	0.00	0.00	0.00	48.00	0.00	2048.00	85.33	1.75	24.00	2.17	10.40
0	20121	20104	0	0	8	0	800m	2.05g	28m	0	multi2:15.7%	0	20|0	0|5	9m	6m	305	21:59:14	17.33	0.00	18.02	0.14	0.69	63.82	dm-0	0.00	0.00	0.00	4.00	0.00	16.00	8.00	0.53	283.00	10.00	4.00
0	25953	25974	0	0	11	0	800m	2.05g	28m	0	multi2:23.5%	0	0|0	0|0	11m	7m	305	21:59:15	23.49	0.00	27.61	0.41	0.69	47.80	dm-0	0.00	0.00	0.00	0.00	0.00	0.00	0.00	0.00	0.00	0.00	0.00
0	17891	17854	0	0	18	0	800m	2.05g	28m	0	multi2:14.8%	0	0|0	0|0	8m	5m	305	21:59:16	20.94	0.00	20.39	0.00	0.83	57.85	dm-0	0.00	0.00	0.00	48.00	0.00	2048.00	85.33	2.41	50.25	4.25	20.40
0	21409	21449	0	0	6	0	800m	2.05g	28m	0	multi9:19.6%	0	3|0	1|17	9m	6m	305	21:59:17	23.08	0.00	27.75	0.27	0.82	48.08	dm-0	0.00	0.00	0.00	48.00	0.00	2048.00	85.33	3.32	69.08	2.83	13.60
0	23020	23006	0	0	9	0	800m	2.05g	28m	0	multi2:17.5%	0	0|0	0|16	10m	6m	305	21:59:18	18.50	0.00	26.94	0.14	0.68	53.74	dm-0	0.00	0.00	0.00	0.00	0.00	0.00	0.00	0.00	0.00	0.00	0.00
0	20088	20089	0	0	5	0	800m	2.05g	28m	0	multi2:16.7%	0	3|0	0|41	9m	6m	305	21:59:19	20.67	0.00	23.58	3.33	0.55	51.87	dm-0	0.00	0.00	0.00	85.00	0.00	2356.00	55.44	5.06	59.44	4.28	36.40
0	22631	22588	0	0	3	1	800m	2.05g	28m	0	multi9:18.4%	0	0|0	0|0	10m	7m	305	21:59:20	24.97	0.00	28.84	0.13	0.93	45.13	dm-0	0.00	0.00	0.00	2.00	0.00	0.00	0.00	0.01	8.00	4.00	0.80
0	25410	25453	0	0	11	0	800m	2.05g	28m	0	multi3:19.1%	0	3|0	2|1	11m	7m	305	21:59:21	22.30	0.00	24.52	0.28	0.83	52.08	dm-0	0.00	0.00	0.00	48.00	0.00	2048.00	85.33	1.50	31.25	1.42	6.80
0	23963	23966	0	0	11	0	800m	2.05g	28m	0	multi2:19.9%	0	3|0	3|2	11m	7m	305	21:59:22	22.59	0.00	24.38	0.28	0.55	52.20	dm-0	0.00	0.00	0.00	0.00	0.00	0.00	0.00	0.00	0.00	0.00	0.00
0	19515	19489	0	0	6	0	800m	2.05g	28m	0	multi3:15.9%	0	55|0	4|4	8m	5m	305	21:59:23	24.12	0.00	34.01	0.14	0.81	40.92	dm-0	0.00	0.00	0.00	48.00	0.00	2048.00	85.33	1.31	27.25	1.17	5.60
0	24745	24769	0	0	6	0	800m	2.05g	28m	0	multi9:18.0%	0	0|0	0|0	11m	7m	305	21:59:24	17.83	0.00	17.42	0.00	0.55	64.20	dm-0	0.00	0.00	0.00	0.00	0.00	0.00	0.00	0.00	0.00	0.00	0.00
0	19673	19671	0	0	3	0	800m	2.05g	28m	0	multi9:13.4%	0	2|0	1|1	9m	6m	305	21:59:25	24.76	0.00	29.30	0.55	0.96	44.43	dm-0	0.00	0.00	0.00	53.00	0.00	2068.00	78.04	1.47	27.77	3.25	17.20
0	29227	29230	0	0	2	0	800m	2.05g	28m	0	multi9:26.6%	0	0|0	0|2	13m	9m	305	21:59:26	28.59	0.00	32.21	0.40	0.81	37.99	dm-0	0.00	0.00	0.00	0.00	0.00	0.00	0.00	0.00	0.00	0.00	0.00
0	21963	21944	0	0	4	0	800m	2.05g	28m	0	multi2:19.2%	0	9|0	0|3	10m	6m	305	21:59:27	20.19	0.00	30.96	0.27	0.40	48.18	dm-0	0.00	0.00	0.00	48.00	0.00	2048.00	85.33	6.20	129.08	4.00	19.20
0	25297	25312	0	0	5	0	800m	2.05g	28m	0	multi2:18.9%	0	7|0	1|3	12m	8m	305	21:59:28	25.85	0.00	26.81	0.14	0.96	46.24	dm-0	0.00	0.00	0.00	0.00	0.00	0.00	0.00	0.00	0.00	0.00	0.00
0	23183	23166	0	0	3	0	800m	2.05g	28m	0	multi9:15.9%	0	32|0	2|5	11m	7m	305	21:59:29	18.60	0.00	21.89	0.14	0.55	58.82	dm-0	0.00	0.00	0.00	48.00	0.00	2048.00	85.33	1.44	29.92	1.08	5.20
0	21064	21075	0	0	9	0	800m	2.05g	28m	0	multi1:13.2%	0	1|0	1|1	10m	6m	305	21:59:30	24.37	0.00	23.95	0.28	0.84	50.56	dm-0	0.00	0.00	0.00	5.00	0.00	20.00	8.00	0.04	7.20	2.40	1.20
0	25447	25457	0	0	7	0	800m	2.05g	28m	0	multi9:14.8%	0	1|0	3|5	12m	7m	305	21:59:31	24.97	0.00	29.53	0.13	0.54	44.83	dm-0	0.00	0.00	0.00	22.00	0.00	940.00	85.45	0.20	0.00	1.27	2.80
0	23831	23818	0	0	6	0	800m	2.05g	28m	0	multi9:20.1%	0	0|0	1|4	11m	8m	305	21:59:32	27.54	0.00	33.65	0.14	0.95	37.72	dm-0	0.00	0.00	0.00	26.00	0.00	1108.00	85.23	2.86	117.69	2.46	6.40
0	24262	24244	0	0	10	0	800m	2.05g	28m	0	multi9:16.8%	0	8|0	0|3	11m	7m	305	21:59:33	16.74	0.00	26.00	0.28	0.55	56.43	dm-0	0.00	0.00	0.00	0.00	0.00	0.00	0.00	0.00	0.00	0.00	0.00
0	21566	21542	0	0	7	0	800m	2.05g	28m	0	multi0:14.1%	0	0|0	0|0	10m	6m	305	21:59:35	22.02	0.00	23.80	0.14	0.68	53.35	dm-0	0.00	0.00	0.00	48.00	0.00	2048.00	85.33	2.49	51.83	2.08	10.00
0	22951	22992	0	0	8	0	800m	2.05g	28m	0	multi0:17.5%	0	0|0	1|1	11m	7m	305	21:59:36	23.84	0.00	33.84	0.27	0.55	41.51	dm-0	0.00	0.00	0.00	0.00	0.00	0.00	0.00	0.00	0.00	0.00	0.00
0	22727	22733	0	0	5	0	800m	2.05g	29m	0	multi1:13.9%	0	0|0	0|0	11m	7m	305	21:59:37	20.33	0.00	21.95	0.14	0.81	56.78	dm-0	0.00	0.00	0.00	48.00	0.00	2048.00	85.33	2.74	57.00	2.42	11.60
0	20002	19990	0	0	4	0	800m	2.05g	29m	0	multi0:15.3%	0	0|0	2|0	9m	6m	305	21:59:38	17.70	0.00	21.95	0.14	0.55	59.67	dm-0	0.00	0.00	0.00	4.00	0.00	16.00	8.00	0.06	15.00	13.00	5.20
0	27033	26992	0	0	3	0	800m	2.05g	29m	0	multi0:23.5%	0	0|0	0|0	12m	8m	305	21:59:39	25.75	0.00	34.52	0.14	0.82	38.77	dm-0	0.00	0.00	0.00	48.00	0.00	2048.00	85.33	1.97	41.00	1.58	7.60
0	21178	21212	0	0	3	0	800m	2.05g	29m	0	multi1:16.7%	0	0|0	0|0	10m	6m	305	21:59:40	24.27	0.00	30.82	0.00	0.70	44.21	dm-0	0.00	0.00	0.00	0.00	0.00	0.00	0.00	0.00	0.00	0.00	0.00
0	20980	20989	0	0	7	0	800m	2.05g	29m	0	multi1:12.0%	0	2|0	0|1	10m	7m	305	21:59:41	21.29	0.00	24.37	0.28	0.70	53.36	dm-0	0.00	0.00	0.00	48.00	0.00	2048.00	85.33	1.58	33.00	2.00	9.60
0	16335	16311	0	0	5	0	800m	2.05g	29m	0	multi0:11.1%	0	0|0	0|0	8m	5m	305	21:59:42	14.79	0.00	16.99	0.27	0.55	67.40	dm-0	0.00	0.00	0.00	0.00	0.00	0.00	0.00	0.00	0.00	0.00	0.00
0	22296	22329	0	0	12	0	800m	2.05g	29m	0	multi6:14.3%	0	0|0	1|0	10m	7m	305	21:59:43	18.31	0.00	21.78	0.28	0.83	58.81	dm-0	0.00	0.00	0.00	53.00	0.00	2068.00	78.04	1.69	31.85	1.89	10.00
0	18789	18767	0	0	12	0	800m	2.05g	29m	0	multi0:13.2%	0	10|0	3|0	9m	6m	305	21:59:44	20.08	0.00	21.48	0.14	0.84	57.46	dm-0	0.00	0.00	0.00	0.00	0.00	0.00	0.00	0.00	0.00	0.00	0.00
0	19788	19807	0	0	14	0	800m	2.05g	29m	0	multi4:12.8%	0	0|0	0|1	9m	6m	305	21:59:45	17.39	0.00	16.83	0.14	0.70	64.95	dm-0	0.00	0.00	0.00	48.00	0.00	2048.00	85.33	1.46	30.42	1.42	6.80
0	16767	16752	0	0	18	0	800m	2.05g	29m	0	multi0:12.8%	0	2|0	1|2	7m	5m	305	21:59:46	16.30	0.00	16.57	0.14	0.70	66.30	dm-0	0.00	0.00	0.00	0.00	0.00	0.00	0.00	0.00	0.00	0.00	0.00
0	25287	25298	0	0	9	0	800m	2.05g	29m	0	multi0:19.4%	0	0|0	2|1	11m	7m	305	21:59:47	22.12	0.00	26.05	0.14	0.81	50.88	dm-0	0.00	0.00	0.00	48.00	0.00	2048.00	85.33	3.18	66.17	3.08	14.80
0	18269	18236	0	0	21	0	800m	2.05g	29m	0	multi6:16.5%	0	9|0	4|0	8m	5m	305	21:59:48	19.12	0.00	19.69	0.29	0.71	60.20	dm-0	0.00	0.00	0.00	0.00	0.00	0.00	0.00	0.00	0.00	0.00	0.00
0	26850	26886	0	0	6	0	800m	2.05g	29m	0	multi0:23.3%	0	0|0	0|1	13m	8m	305	21:59:49	25.61	0.00	29.16	0.41	0.68	44.14	dm-0	0.00	0.00	0.00	53.00	0.00	2068.00	78.04	2.64	49.74	2.11	11.20
0	21148	21125	0	0	15	0	800m	2.05g	29m	0	multi6:21.2%	0	0|0	0|0	9m	6m	305	21:59:50	25.39	0.00	28.09	0.14	1.13	45.25	dm-0	0.00	0.00	0.00	0.00	0.00	0.00	0.00	0.00	0.00	0.00	0.00
0	22900	22922	0	0	8	0	800m	2.05g	29m	0	multi6:18.7%	0	2|0	1|3	11m	7m	305	21:59:51	18.01	0.00	20.46	0.27	0.55	60.71	dm-0	0.00	0.00	0.00	48.00	0.00	2048.00	85.33	3.48	21.92	2.67	12.80
0	20329	20315	0	0	13	0	800m	2.05g	29m	0	multi6:17.3%	0	1|0	0|1	9m	5m	305	21:59:52	24.08	0.00	32.93	0.14	0.95	41.90	dm-0	0.00	0.00	0.00	0.00	0.00	0.00	0.00	1.25	0.00	0.00	4.00
0	24311	24329	0	0	8	0	800m	2.05g	29m	0	multi6:22.5%	0	0|0	0|2	11m	7m	305	21:59:53	18.83	0.00	27.75	0.28	0.42	52.72	dm-0	0.00	0.00	0.00	0.00	0.00	0.00	0.00	0.00	0.00	0.00	0.00
0	18236	18216	0	0	4	0	800m	2.05g	29m	0	multi8:14.3%	0	18|0	0|3	8m	5m	305	21:59:54	18.66	0.00	23.57	0.14	0.68	56.95	dm-0	0.00	0.00	0.00	48.00	0.00	2048.00	85.33	4.08	84.92	3.25	15.60
0	24840	24838	0	0	7	0	800m	2.05g	29m	0	multi8:22.6%	0	26|0	4|0	12m	7m	305	21:59:55	22.44	0.00	26.81	0.14	0.68	49.93	dm-0	0.00	0.00	0.00	0.00	0.00	0.00	0.00	0.00	0.00	0.00	0.00
0	22447	22450	0	0	12	0	800m	2.05g	29m	0	multi6:19.0%	0	16|0	0|6	11m	7m	305	21:59:56	29.15	0.00	33.74	0.40	0.54	36.17	dm-0	0.00	0.00	0.00	53.00	0.00	2068.00	78.04	2.05	38.64	2.94	15.60
0	20596	20604	0	0	13	0	800m	2.05g	29m	0	multi8:22.0%	0	13|0	1|0	10m	6m	305	21:59:57	21.41	0.00	21.27	0.28	0.69	56.35	dm-0	0.00	0.00	0.00	0.00	0.00	0.00	0.00	0.00	0.00	0.00	0.00
0	23019	23014	0	0	20	0	800m	2.05g	29m	0	multi8:17.4%	0	0|0	0|0	11m	7m	305	21:59:58	25.71	0.00	31.39	0.14	0.81	41.95	dm-0	0.00	0.00	0.00	48.00	0.00	2048.00	85.33	3.27	68.08	2.17	10.40
0	17051	17063	0	0	8	0	800m	2.05g	29m	0	multi6:14.4%	0	2|0	0|0	8m	5m	305	21:59:59	20.35	0.00	19.68	0.13	0.67	59.17	dm-0	0.00	0.00	0.00	48.00	0.00	2048.00	85.33	1.28	26.58	2.00	9.60
0	20804	20768	0	0	7	0	800m	2.05g	29m	0	multi8:14.8%	0	0|0	0|0	10m	7m	305	22:00:00	20.03	0.00	25.97	0.41	0.55	53.04	dm-0	0.00	0.00	0.00	5.00	0.00	20.00	8.00	0.15	30.40	18.40	9.20
0	22848	22868	0	0	4	0	800m	2.05g	29m	0	multi8:24.3%	0	26|0	3|0	11m	7m	305	22:00:01	23.26	0.00	24.82	0.14	0.99	50.78	dm-0	0.00	0.00	0.00	48.00	0.00	2048.00	85.33	3.06	63.67	1.83	8.80
0	18047	18050	0	0	10	0	800m	2.05g	29m	0	multi8:21.3%	0	0|0	0|0	8m	5m	305	22:00:02	16.89	0.00	16.62	0.27	0.41	65.80	dm-0	0.00	0.00	0.00	0.00	0.00	0.00	0.00	0.00	0.00	0.00	0.00
0	16996	16957	0	0	11	0	800m	2.05g	29m	0	multi3:14.4%	0	0|0	0|0	8m	5m	305	22:00:03	26.81	0.00	31.50	0.40	0.80	40.48	dm-0	0.00	0.00	0.00	48.00	0.00	2048.00	85.33	1.95	40.67	1.50	7.20
0	23841	23899	0	0	9	0	800m	2.05g	29m	0	multi8:21.4%	0	0|0	0|0	12m	8m	306	22:00:04	19.73	0.00	20.27	0.27	0.53	59.20	dm-0	0.00	0.00	0.00	0.00	0.00	0.00	0.00	0.00	0.00	0.00	0.00
0	17417	17404	0	0	7	0	800m	2.05g	29m	0	multi6:14.5%	0	18|0	3|4	8m	5m	306	22:00:05	15.69	0.00	26.07	3.37	0.39	54.47	dm-0	0.00	0.00	0.00	48.00	0.00	2048.00	85.33	2.28	47.42	2.00	9.60
0	19086	19075	0	0	4	0	800m	2.05g	29m	0	multi8:44.8%	0	12|0	4|1	10m	6m	306	22:00:06	27.92	0.00	39.84	0.00	0.39	31.85	dm-0	0.00	0.00	0.00	5.00	0.00	20.00	8.00	0.02	3.20	0.80	0.40
0	19402	19388	0	0	8	0	800m	2.05g	29m	0	multi8:17.8%	0	20|0	0|2	10m	6m	306	22:00:07	24.25	0.00	30.08	0.54	0.54	44.58	dm-0	0.00	0.00	0.00	48.00	0.00	2048.00	85.33	1.60	33.25	3.33	16.00
0	21496	21517	0	0	13	0	800m	2.05g	29m	0	multi8:26.2%	0	4|0	2|0	11m	7m	306	22:00:08	21.00	0.00	34.15	0.14	0.81	43.90	dm-0	0.00	0.00	0.00	0.00	0.00	0.00	0.00	0.00	0.00	0.00	0.00
0	20864	20838	0	0	7	0	800m	2.05g	29m	0	multi8:18.5%	0	0|0	0|0	11m	7m	306	22:00:09	24.64	0.00	35.39	0.92	0.26	38.79	dm-0	0.00	0.00	0.00	48.00	0.00	2048.00	85.33	3.52	22.33	2.17	10.40
0	19508	19534	0	0	12	0	800m	2.05g	29m	0	multi8:16.2%	0	0|0	1|2	10m	6m	306	22:00:10	17.96	0.00	24.26	0.13	0.67	56.97	dm-0	0.00	0.00	0.00	0.00	0.00	0.00	0.00	1.51	0.00	0.00	6.00
0	17927	17879	0	0	13	0	800m	2.05g	29m	0	multi1:14.4%	0	12|0	0|7	10m	6m	306	22:00:11	28.32	0.00	34.82	0.68	0.41	35.77	dm-0	0.00	0.00	0.00	4.00	0.00	16.00	8.00	0.13	32.00	24.00	9.60
0	26455	26498	0	0	22	0	800m	2.05g	29m	0	multi8:26.3%	0	1|0	0|5	15m	9m	306	22:00:12	27.38	0.00	33.02	0.00	0.54	39.06	dm-0	0.00	0.00	0.00	48.00	0.00	2048.00	85.33	2.68	55.92	2.17	10.40
0	19570	19565	0	0	7	0	800m	2.05g	29m	0	multi8:14.1%	0	0|0	0|0	10m	6m	306	22:00:13	21.40	0.00	19.44	0.28	0.70	58.18	dm-0	0.00	0.00	0.00	0.00	0.00	0.00	0.00	0.00	0.00	0.00	0.00
0	20470	20481	0	0	4	0	800m	2.05g	29m	0	multi4:20.0%	0	0|0	0|1	11m	7m	306	22:00:14	23.70	0.00	23.44	0.13	0.67	52.06	dm-0	0.00	0.00	0.00	48.00	0.00	2048.00	85.33	2.11	43.92	1.92	9.20
0	18811	18838	0	0	5	0	800m	2.05g	29m	0	multi7:19.1%	0	4|0	0|1	10m	6m	306	22:00:16	21.40	0.00	22.36	0.27	0.41	55.56	dm-0	0.00	0.00	0.00	0.00	0.00	0.00	0.00	0.00	0.00	0.00	0.00
0	17608	17596	0	0	14	0	800m	2.05g	29m	0	multi7:11.5%	0	2|0	1|2	9m	6m	306	22:00:17	20.86	0.00	20.03	0.14	0.70	58.28	dm-0	0.00	0.00	0.00	48.00	0.00	2048.00	85.33	2.57	53.50	2.92	14.00
0	18472	18468	0	0	6	0	800m	2.05g	29m	0	multi3:19.5%	0	39|0	2|4	10m	6m	306	22:00:18	16.80	0.00	16.13	0.27	0.67	66.13	dm-0	0.00	0.00	0.00	4.00	0.00	16.00	8.00	0.04	10.00	8.00	3.20
0	20978	20978	0	0	7	0	800m	2.05g	29m	0	multi7:17.0%	0	1|0	0|1	11m	7m	306	22:00:19	27.99	0.00	43.26	0.00	0.51	28.24	dm-0	0.00	0.00	0.00	48.00	0.00	2048.00	85.33	5.61	116.83	3.50	16.80
0	11290	11312	0	0	4	1	800m	2.05g	29m	0	multi3:10.9%	0	0|0	0|0	6m	4m	306	22:00:20	21.25	0.00	22.44	1.99	0.66	53.65	dm-0	0.00	0.00	0.00	23.00	0.00	240.00	20.87	0.20	8.70	8.52	19.60
0	16162	16126	0	0	11	0	800m	2.05g	29m	0	multi9:12.8%	0	8|0	0|8	9m	6m	306	22:00:21	8.62	0.00	11.75	2.22	0.26	77.15	dm-0	0.00	0.00	0.00	58.00	0.00	2172.00	74.90	1.54	26.55	3.31	19.20
0	19257	19268	0	0	13	0	800m	2.05g	29m	0	multi0:20.5%	0	10|0	1|2	10m	6m	306	22:00:22	22.73	0.00	29.04	0.00	0.53	47.70	dm-0	0.00	0.00	0.00	0.00	0.00	0.00	0.00	0.00	0.00	0.00	0.00
0	20274	20287	0	0	4	0	800m	2.05g	29m	0	multi7:16.7%	0	0|0	1|2	11m	7m	306	22:00:23	23.23	0.00	27.82	0.26	0.52	48.16	dm-0	0.00	0.00	0.00	48.00	0.00	2048.00	85.33	3.03	63.17	3.50	16.80
0	20687	20635	0	0	6	0	800m	2.05g	29m	0	multi9:19.1%	0	0|0	0|0	11m	7m	306	22:00:24	22.03	0.00	27.70	0.14	0.54	49.59	dm-0	0.00	0.00	0.00	0.00	0.00	0.00	0.00	0.00	0.00	0.00	0.00
0	20613	20670	0	0	6	0	800m	2.05g	29m	0	multi3:15.1%	0	1|0	1|4	11m	7m	306	22:00:25	26.10	0.00	33.85	0.26	0.52	39.28	dm-0	0.00	0.00	0.00	48.00	0.00	2048.00	85.33	2.25	46.92	1.75	8.40
0	21935	21882	0	0	3	0	800m	2.05g	29m	0	multi7:18.6%	0	14|0	0|1	12m	7m	306	22:00:26	24.03	0.00	22.42	0.13	0.81	52.62	dm-0	0.00	0.00	0.00	4.95	0.00	19.80	8.00	0.08	16.00	16.00	7.92
0	28326	28380	0	0	9	0	800m	2.05g	29m	0	multi3:28.5%	0	0|0	0|0	15m	9m	306	22:00:27	30.21	0.00	32.89	0.27	0.40	36.23	dm-0	0.00	0.00	0.00	48.00	0.00	2048.00	85.33	4.61	96.08	2.42	11.60
0	14040	14032	0	0	5	0	800m	2.05g	29m	0	multi2:11.8%	0	0|0	1|0	8m	5m	306	22:00:28	27.28	0.00	25.83	0.00	0.79	46.09	dm-0	0.00	0.00	0.00	0.00	0.00	0.00	0.00	0.00	0.00	0.00	0.00
0	22316	22319	0	0	6	0	800m	2.05g	29m	0	multi9:19.6%	0	1|0	0|3	12m	8m	306	22:00:29	20.11	0.00	18.51	0.53	0.53	60.32	dm-0	0.00	0.00	0.00	1.00	0.00	44.00	88.00	0.02	0.00	16.00	1.60
0	19763	19715	0	0	5	0	800m	2.05g	29m	0	multi0:18.3%	0	0|0	0|0	10m	6m	306	22:00:30	25.91	0.00	27.94	0.00	0.67	45.48	dm-0	0.00	0.00	0.00	47.00	0.00	2004.00	85.28	3.26	69.70	2.89	13.60
0	19085	19131	0	0	13	0	800m	2.05g	29m	0	multi2:15.5%	0	0|0	0|1	11m	7m	306	22:00:31	23.45	0.00	36.10	0.53	0.53	39.39	dm-0	0.00	0.00	0.00	0.00	0.00	0.00	0.00	0.00	0.00	0.00	0.00
0	19191	19194	0	0	10	0	800m	2.05g	29m	0	multi3:13.6%	0	0|0	0|0	10m	6m	306	22:00:32	23.59	0.00	22.65	0.27	0.67	52.82	dm-0	0.00	0.00	0.00	53.00	0.00	2068.00	78.04	6.95	131.09	4.98	26.40
0	18615	18620	0	0	15	0	800m	2.05g	29m	0	multi3:14.2%	0	1|0	1|3	10m	6m	306	22:00:33	20.83	0.00	19.35	0.27	0.40	59.14	dm-0	0.00	0.00	0.00	0.00	0.00	0.00	0.00	0.00	0.00	0.00	0.00
0	20348	20314	0	0	6	0	800m	2.05g	29m	0	multi3:16.2%	0	5|0	1|3	10m	6m	306	22:00:34	24.86	0.00	23.11	0.27	0.81	50.95	dm-0	0.00	0.00	0.00	0.00	0.00	0.00	0.00	0.00	0.00	0.00	0.00
0	23084	23103	0	0	15	0	800m	2.05g	29m	0	multi3:27.4%	0	13|0	0|2	12m	8m	306	22:00:35	29.95	0.00	35.16	0.13	0.67	34.09	dm-0	0.00	0.00	0.00	48.00	0.00	2048.00	85.33	1.16	24.25	1.08	5.20
0	22658	22669	0	0	16	0	800m	2.05g	29m	0	multi3:17.8%	0	0|0	0|0	12m	8m	306	22:00:36	20.79	0.00	23.18	0.26	0.79	54.97	dm-0	0.00	0.00	0.00	0.00	0.00	0.00	0.00	0.00	0.00	0.00	0.00
0	20466	20458	0	0	9	0	800m	2.05g	29m	0	multi3:15.5%	0	0|0	0|0	10m	6m	306	22:00:37	26.60	0.00	24.51	0.14	0.56	48.19	dm-0	0.00	0.00	0.00	53.00	0.00	2068.00	78.04	1.07	20.15	1.74	9.20
0	20517	20500	0	0	7	0	800m	2.05g	29m	0	multi3:16.6%	0	0|0	0|0	10m	6m	306	22:00:38	19.33	0.00	26.15	0.56	0.56	53.41	dm-0	0.00	0.00	0.00	0.00	0.00	0.00	0.00	0.00	0.00	0.00	0.00
0	17122	17096	0	0	23	0	800m	2.05g	29m	0	multi3:16.3%	0	0|0	0|0	9m	6m	306	22:00:39	21.39	0.00	23.80	0.27	0.53	54.01	dm-0	0.00	0.00	0.00	48.00	0.00	2048.00	85.33	1.69	35.25	1.75	8.40
0	20085	20129	0	0	6	0	800m	2.05g	29m	0	multi3:13.5%	0	3|0	0|2	10m	6m	306	22:00:40	18.88	0.00	22.85	0.27	0.55	57.46	dm-0	0.00	0.00	0.00	0.00	0.00	0.00	0.00	0.00	0.00	0.00	0.00
0	19110	19073	0	0	8	0	800m	2.05g	29m	0	multi2:17.1%	0	21|0	4|2	9m	6m	306	22:00:41	22.72	0.00	42.01	0.13	0.40	34.74	dm-0	0.00	0.00	0.00	48.00	0.00	2048.00	85.33	4.64	96.75	4.08	19.60
0	19585	19627	0	0	5	0	800m	2.05g	29m	0	multi2:19.0%	0	0|0	0|1	10m	6m	306	22:00:42	18.44	0.00	17.11	0.13	0.66	63.66	dm-0	0.00	0.00	0.00	0.00	0.00	0.00	0.00	0.00	0.00	0.00	0.00
0	17099	17086	0	0	7	0	800m	2.05g	29m	0	multi0:11.2%	0	5|0	3|3	8m	5m	306	22:00:43	20.87	0.00	26.61	1.12	0.56	50.84	dm-0	0.00	0.00	0.00	53.00	0.00	2068.00	78.04	4.80	90.57	5.13	27.20
0	20206	20222	0	0	4	0	800m	2.05g	29m	0	multi3:14.9%	0	0|0	0|1	10m	6m	306	22:00:44	18.57	0.00	19.11	0.13	0.81	61.37	dm-0	0.00	0.00	0.00	0.00	0.00	0.00	0.00	0.00	0.00	0.00	0.00
0	18512	18492	0	0	7	0	800m	2.05g	29m	0	multi3:13.4%	0	5|0	3|2	9m	6m	306	22:00:45	21.70	0.00	24.84	0.39	0.39	52.68	dm-0	0.00	0.00	0.00	48.00	0.00	2048.00	85.33	0.09	0.00	0.67	3.20
0	20651	20666	0	0	8	0	800m	2.05g	29m	0	multi8:15.4%	0	0|0	2|0	10m	6m	306	22:00:46	20.03	0.00	22.50	0.00	0.69	56.79	dm-0	0.00	0.00	0.00	0.00	0.00	0.00	0.00	3.06	0.00	0.00	6.80
0	19055	19044	0	0	12	0	800m	2.05g	29m	0	multi8:13.5%	0	0|0	0|0	9m	6m	306	22:00:47	19.47	0.00	22.13	0.27	0.53	57.60	dm-0	0.00	0.00	0.00	0.00	0.00	0.00	0.00	0.00	0.00	0.00	0.00
0	20236	20250	0	0	7	0	800m	2.05g	29m	0	multi2:15.1%	0	0|0	0|1	9m	6m	306	22:00:48	19.35	0.00	20.16	0.14	0.82	59.54	dm-0	0.00	0.00	0.00	48.00	0.00	2048.00	85.33	8.44	175.83	5.33	25.60
0	17985	17993	0	0	3	0	800m	2.05g	29m	0	multi2:9.8%	0	0|0	0|11	8m	5m	306	22:00:49	17.82	0.00	15.82	0.27	0.53	65.56	dm-0	0.00	0.00	0.00	5.00	0.00	20.00	8.00	0.07	13.60	11.20	5.60
0	19736	19727	0	0	7	0	800m	2.05g	29m	0	multi8:14.0%	0	1|0	0|2	9m	6m	306	22:00:50	19.65	0.00	23.31	0.14	0.54	56.37	dm-0	0.00	0.00	0.00	48.00	0.00	2048.00	85.33	1.74	36.25	1.17	5.60
0	18902	18879	0	0	16	0	800m	2.05g	29m	0	multi2:12.2%	0	0|0	0|0	8m	5m	306	22:00:51	15.95	0.00	22.33	0.14	0.69	60.89	dm-0	0.00	0.00	0.00	0.00	0.00	0.00	0.00	0.00	0.00	0.00	0.00
0	19748	19763	0	0	19	0	800m	2.05g	29m	0	multi8:16.9%	0	1|0	1|1	9m	6m	306	22:00:52	20.53	0.00	30.03	0.28	0.70	48.46	dm-0	0.00	0.00	0.00	48.00	0.00	2048.00	85.33	2.70	56.33	6.42	30.80
0	22253	22235	0	0	5	0	800m	2.05g	29m	0	multi8:12.6%	0	8|0	1|3	9m	6m	306	22:00:53	17.95	0.00	19.45	0.27	0.55	61.78	dm-0	0.00	0.00	0.00	0.00	0.00	0.00	0.00	0.00	0.00	0.00	0.00
0	16989	16988	0	0	6	0	800m	2.05g	29m	0	multi8:14.5%	0	0|0	0|0	7m	5m	306	22:00:54	16.76	0.00	19.46	0.41	0.68	62.70	dm-0	0.00	0.00	0.00	48.00	0.00	2048.00	85.33	2.21	46.08	1.92	9.20
0	20568	20598	0	0	9	0	800m	2.05g	29m	0	multi7:14.2%	0	1|0	0|3	9m	6m	306	22:00:55	18.73	0.00	20.80	0.28	0.55	59.64	dm-0	0.00	0.00	0.00	0.00	0.00	0.00	0.00	0.00	0.00	0.00	0.00
0	20562	20520	0	0	6	0	800m	2.05g	29m	0	multi2:14.9%	0	7|0	4|2	9m	6m	306	22:00:56	19.44	0.00	27.56	0.67	0.67	51.66	dm-0	0.00	0.00	0.00	53.00	0.00	2068.00	78.04	3.24	61.06	3.02	16.00
0	17010	16985	0	0	9	0	800m	2.05g	29m	0	multi8:12.6%	0	20|0	2|4	7m	5m	306	22:00:58	22.80	0.00	25.78	0.14	0.81	50.47	dm-0	0.00	0.00	0.00	0.00	0.00	0.00	0.00	0.00	0.00	0.00	0.00
0	22184	22206	0	0	11	0	800m	2.05g	29m	0	multi8:16.4%	0	2|0	1|0	10m	7m	306	22:00:59	20.62	0.00	20.49	0.14	0.54	58.21	dm-0	0.00	0.00	0.00	48.00	0.00	2048.00	85.33	2.24	46.58	2.33	11.20
0	20671	20645	0	0	5	0	800m	2.05g	29m	0	multi2:14.0%	0	23|0	0|1	9m	6m	306	22:01:00	20.30	0.00	20.72	0.14	0.97	57.87	dm-0	0.00	0.00	0.00	0.00	0.00	0.00	0.00	0.00	0.00	0.00	0.00
0	23928	23956	0	0	11	0	800m	2.05g	29m	0	multi8:21.4%	0	0|0	0|0	11m	7m	306	22:01:01	20.30	0.00	27.02	0.55	0.41	51.71	dm-0	0.00	0.00	0.00	1.00	0.00	44.00	88.00	0.02	0.00	16.00	1.60
0	17562	17550	0	0	16	0	800m	2.05g	29m	0	multi8:12.3%	0	2|0	6|0	8m	5m	306	22:01:02	20.63	0.00	25.58	0.14	0.83	52.82	dm-0	0.00	0.00	0.00	47.00	0.00	2004.00	85.28	3.93	83.91	3.32	15.60
0	19749	19760	0	0	10	0	800m	2.05g	29m	0	multi8:18.0%	0	0|0	0|0	9m	6m	306	22:01:03	16.47	0.00	19.14	0.54	0.67	63.19	dm-0	0.00	0.00	0.00	5.00	0.00	20.00	8.00	0.20	40.00	25.60	12.80
0	20579	20561	0	0	11	0	800m	2.05g	29m	0	multi7:18.0%	0	0|0	0|0	10m	6m	306	22:01:04	18.99	0.00	19.95	0.00	0.68	60.38	dm-0	0.00	0.00	0.00	48.00	0.00	2048.00	85.33	3.97	82.67	1.92	9.20
0	19459	19465	0	0	9	0	800m	2.05g	29m	0	multi8:13.6%	0	4|0	4|2	9m	6m	306	22:01:05	18.07	0.00	20.14	0.28	0.55	60.97	dm-0	0.00	0.00	0.00	0.00	0.00	0.00	0.00	0.00	0.00	0.00	0.00
0	20365	20367	0	0	9	0	800m	2.05g	29m	0	multi2:14.2%	0	10|0	2|5	9m	6m	306	22:01:06	21.56	0.00	22.92	0.00	0.82	54.71	dm-0	0.00	0.00	0.00	48.00	0.00	2048.00	85.33	2.60	54.25	1.92	9.20
0	18303	18319	0	0	19	0	800m	2.05g	29m	0	multi8:15.3%	0	0|0	0|5	9m	6m	306	22:01:07	17.53	0.00	18.61	0.27	0.68	62.91	dm-0	0.00	0.00	0.00	0.00	0.00	0.00	0.00	0.00	0.00	0.00	0.00
0	15876	15845	0	0	3	0	800m	2.05g	29m	0	multi2:12.8%	0	17|0	4|2	7m	5m	306	22:01:08	13.11	0.00	17.57	0.00	0.68	68.65	dm-0	0.00	0.00	0.00	48.00	0.00	2048.00	85.33	1.29	26.83	2.83	13.60
0	18818	18832	0	0	10	0	800m	2.05g	30m	0	multi8:14.4%	0	1|0	1|1	9m	6m	306	22:01:09	18.42	0.00	21.05	1.05	0.53	58.95	dm-0	0.00	0.00	0.00	5.00	0.00	20.00	8.00	0.38	76.00	23.20	11.60
0	19711	19682	0	0	10	0	800m	2.05g	30m	0	multi2:13.6%	0	11|0	1|1	10m	6m	306	22:01:10	16.94	0.00	18.82	0.00	0.81	63.44	dm-0	0.00	0.00	0.00	48.00	0.00	2048.00	85.33	1.50	31.25	1.08	5.20
0	19027	19057	0	0	6	0	800m	2.05g	30m	0	multi8:16.4%	0	0|0	3|1	9m	6m	306	22:01:11	18.00	0.00	20.84	0.54	0.54	60.08	dm-0	0.00	0.00	0.00	0.00	0.00	0.00	0.00	0.00	0.00	0.00	0.00
0	18477	18475	0	0	7	0	800m	2.05g	30m	0	multi8:13.0%	0	0|0	0|0	9m	6m	306	22:01:12	17.88	0.00	21.91	0.13	0.67	59.41	dm-0	0.00	0.00	0.00	48.00	0.00	2048.00	85.33	4.51	94.00	2.50	12.00
0	18612	18589	0	0	6	0	800m	2.05g	30m	0	multi8:16.2%	0	3|0	1|3	9m	6m	306	22:01:13	20.26	0.00	23.08	0.26	0.51	55.90	dm-0	0.00	0.00	0.00	0.00	0.00	0.00	0.00	0.00	0.00	0.00	0.00
0	20132	20160	0	0	13	0	800m	2.05g	30m	0	multi8:13.8%	0	0|0	0|0	9m	6m	306	22:01:14	19.64	0.00	20.33	0.14	0.69	59.20	dm-0	0.00	0.00	0.00	48.00	0.00	2048.00	85.33	2.92	60.92	2.17	10.40
0	18813	18812	0	0	7	0	800m	2.05g	30m	0	multi8:12.4%	0	0|0	0|1	9m	6m	306	22:01:15	16.49	0.00	17.71	0.27	0.54	64.99	dm-0	0.00	0.00	0.00	0.00	0.00	0.00	0.00	0.00	0.00	0.00	0.00
0	17050	17035	0	0	7	0	800m	2.05g	30m	0	multi2:11.8%	0	0|0	0|0	8m	5m	306	22:01:16	18.06	0.00	17.92	0.69	0.69	62.64	dm-0	0.00	0.00	0.00	53.00	0.00	2068.00	78.04	1.82	34.42	4.91	26.00
0	17237	17250	0	0	8	0	800m	2.05g	30m	0	multi2:15.8%	0	0|0	0|0	7m	5m	306	22:01:17	15.20	0.00	15.47	0.14	0.68	68.52	dm-0	0.00	0.00	0.00	0.00	0.00	0.00	0.00	0.00	0.00	0.00	0.00
0	19892	19890	0	0	8	0	800m	2.05g	30m	0	multi8:15.6%	0	2|0	1|1	9m	6m	306	22:01:18	18.01	0.00	19.92	0.27	0.82	60.98	dm-0	0.00	0.00	0.00	0.00	0.00	0.00	0.00	0.90	0.00	0.00	3.20
1	17040	17033	0	0	13	0	800m	2.05g	29m	0	multi2:12.9%	0	0|0	0|0	8m	5m	306	22:01:19	17.30	0.00	21.35	1.49	0.54	59.32	dm-0	0.00	0.00	0.00	17.00	0.00	76.00	8.94	0.24	12.24	11.53	19.60
2	12329	12344	0	0	6	1	800m	2.05g	29m	0	multi8:12.0%	0	0|0	0|0	5m	3m	306	22:01:20	4.88	0.00	6.43	3.73	0.13	84.83	dm-0	0.00	0.00	0.00	81.00	0.00	2472.00	61.04	3.02	37.78	3.51	28.40
2	4537	4527	0	0	4	0	800m	2.05g	29m	0	multi2:4.4%	0	0|0	0|0	2m	1m	306	22:01:21	13.51	0.00	13.24	0.14	0.68	72.43	dm-0	0.00	0.00	0.00	0.00	0.00	0.00	0.00	0.00	0.00	0.00	0.00
10	20347	20336	0	0	5	0	800m	2.05g	30m	0	multi7:12.5%	0	0|0	0|2	10m	6m	306	22:01:22	17.45	0.00	16.62	0.14	0.69	65.11	dm-0	0.00	0.00	0.00	48.00	0.00	2048.00	85.33	3.89	81.00	4.58	22.00
3	16221	16212	0	0	6	0	800m	2.05g	30m	0	multi2:11.8%	0	3|0	2|0	7m	5m	306	22:01:23	16.96	0.00	14.91	0.14	0.41	67.58	dm-0	0.00	0.00	0.00	0.00	0.00	0.00	0.00	0.00	0.00	0.00	0.00
3	18162	18169	0	0	11	0	800m	2.05g	30m	0	multi8:12.1%	0	0|0	0|1	8m	5m	306	22:01:24	16.09	0.00	17.55	0.26	0.66	65.44	dm-0	0.00	0.00	0.00	48.00	0.00	2048.00	85.33	2.90	60.50	3.17	15.20
11	15223	15211	0	0	7	0	800m	2.05g	30m	0	multi8:9.5%	0	0|0	1|0	7m	4m	306	22:01:25	12.30	0.00	12.57	0.14	0.54	74.46	dm-0	0.00	0.00	0.00	5.00	0.00	20.00	8.00	0.03	6.40	4.00	2.00
4	16158	16148	0	0	11	0	800m	2.05g	30m	0	multi2:11.8%	0	0|0	0|1	7m	5m	306	22:01:26	19.29	0.00	20.48	0.26	0.66	59.31	dm-0	0.00	0.00	0.00	48.00	0.00	2048.00	85.33	3.53	73.50	2.42	11.60
2	18332	18309	0	0	10	0	800m	2.05g	30m	0	multi1:10.1%	0	0|0	0|0	8m	5m	306	22:01:27	16.30	0.00	18.89	0.14	0.68	63.99	dm-0	0.00	0.00	0.00	0.00	0.00	0.00	0.00	0.00	0.00	0.00	0.00
7	18808	18822	0	0	8	0	800m	2.05g	30m	0	multi2:14.9%	0	1|0	1|1	8m	5m	306	22:01:28	18.50	0.00	19.73	0.27	0.54	60.95	dm-0	0.00	0.00	0.00	48.00	0.00	2048.00	85.33	2.36	49.17	2.08	10.00
11	17056	17050	0	0	8	0	800m	2.05g	30m	0	multi2:10.4%	0	0|0	0|0	8m	5m	306	22:01:29	16.03	0.00	18.34	0.14	0.82	64.67	dm-0	0.00	0.00	0.00	0.00	0.00	0.00	0.00	0.00	0.00	0.00	0.00
6	21022	21003	0	0	9	0	800m	2.05g	30m	0	multi8:17.8%	0	1|0	0|0	9m	6m	306	22:01:30	22.04	0.00	21.10	0.67	0.54	55.65	dm-0	0.00	0.00	0.00	52.00	0.00	2064.00	79.38	3.50	67.31	3.77	19.60
5	18210	18212	0	0	6	0	800m	2.05g	30m	0	multi2:12.6%	0	0|0	0|1	8m	5m	306	22:01:31	16.60	0.00	17.41	0.14	0.68	65.17	dm-0	0.00	0.00	0.00	0.00	0.00	0.00	0.00	0.00	0.00	0.00	0.00
6	17505	17477	0	0	6	0	800m	2.05g	30m	0	multi2:14.7%	0	0|0	0|0	8m	5m	306	22:01:32	20.08	0.00	23.47	0.14	0.54	55.77	dm-0	0.00	0.00	0.00	48.00	0.00	2048.00	85.33	2.90	60.33	2.25	10.80
4	21344	21369	0	0	9	0	800m	2.05g	30m	0	multi8:15.7%	0	0|0	0|2	10m	6m	306	22:01:33	20.30	0.00	20.70	0.00	0.81	58.20	dm-0	0.00	0.00	0.00	0.00	0.00	0.00	0.00	0.00	0.00	0.00	0.00
4	16010	16002	0	0	5	0	800m	2.05g	30m	0	multi2:14.2%	0	0|0	0|0	7m	5m	306	22:01:34	17.00	0.00	17.41	0.27	0.54	64.78	dm-0	0.00	0.00	0.00	1.00	0.00	44.00	88.00	0.02	0.00	20.00	2.00
10	17997	17987	0	0	5	0	800m	2.05g	30m	0	multi2:15.0%	0	1|0	0|2	8m	5m	306	22:01:35	16.40	0.00	16.94	0.14	0.68	65.85	dm-0	0.00	0.00	0.00	47.00	0.00	2004.00	85.28	1.84	39.57	14.04	66.00
9	17076	17072	0	0	9	0	800m	2.05g	30m	0	multi2:11.5%	0	0|0	1|0	8m	5m	306	22:01:36	14.25	0.00	16.16	0.55	0.68	68.36	dm-0	0.00	0.00	0.00	5.00	0.00	20.00	8.00	0.18	36.80	20.00	10.00
9	14567	14568	0	0	4	0	800m	2.05g	30m	0	multi2:12.9%	0	9|2	0|6	6m	4m	306	22:01:37	15.31	0.00	14.50	0.14	0.54	69.51	dm-0	0.00	0.00	0.00	48.00	0.00	2048.00	85.33	3.01	62.67	3.08	14.80
10	15878	15864	0	0	12	0	800m	2.05g	30m	0	multi1:11.1%	0	0|0	0|0	7m	5m	306	22:01:38	12.20	0.00	14.09	0.14	0.68	72.90	dm-0	0.00	0.00	0.00	0.00	0.00	0.00	0.00	0.00	0.00	0.00	0.00
11	16245	16252	0	0	10	0	800m	2.05g	30m	0	multi2:17.3%	0	4|0	0|2	8m	5m	306	22:01:39	20.81	0.00	23.36	0.13	0.67	55.03	dm-0	0.00	0.00	0.00	48.00	0.00	2048.00	85.33	4.71	98.17	3.17	15.20
9	18323	18329	0	0	5	0	800m	2.05g	30m	0	multi2:16.3%	0	0|0	0|0	8m	5m	306	22:01:40	15.73	0.00	17.24	0.27	0.68	66.07	dm-0	0.00	0.00	0.00	0.00	0.00	0.00	0.00	0.00	0.00	0.00	0.00
9	15989	15963	0	0	9	0	800m	2.05g	30m	0	multi8:10.9%	0	0|0	0|0	7m	5m	307	22:01:41	18.07	0.00	21.69	0.40	0.40	59.44	dm-0	0.00	0.00	0.00	1.00	0.00	44.00	88.00	0.04	0.00	40.00	4.00
22	20274	20294	0	0	9	0	800m	2.05g	30m	0	multi2:18.9%	0	0|0	0|1	9m	6m	307	22:01:42	20.36	0.00	20.63	0.14	0.83	58.05	dm-0	0.00	0.00	0.00	47.00	0.00	2004.00	85.28	3.77	81.02	2.81	13.20
1	16545	16548	0	0	3	0	800m	2.05g	30m	0	multi2:13.0%	0	1|0	1|3	8m	5m	307	22:01:43	16.98	0.00	23.91	0.95	0.54	57.61	dm-0	0.00	0.00	0.00	5.00	0.00	20.00	8.00	0.35	70.40	24.80	12.40
23	17602	17601	0	0	9	0	800m	2.05g	30m	0	multi3:10.7%	0	0|0	1|1	8m	5m	307	22:01:44	17.90	0.00	17.08	0.14	0.68	64.21	dm-0	0.00	0.00	0.00	48.00	0.00	2048.00	85.33	3.90	81.33	2.67	12.80
17	20654	20631	0	0	10	0	800m	2.05g	30m	0	multi2:16.4%	0	21|0	0|3	9m	6m	307	22:01:45	23.74	0.00	25.07	0.40	0.53	50.27	dm-0	0.00	0.00	0.00	0.00	0.00	0.00	0.00	0.00	0.00	0.00	0.00
6	20390	20417	0	0	7	0	800m	2.05g	30m	0	multi2:19.1%	0	0|0	1|0	9m	6m	307	22:01:46	19.79	0.00	20.98	0.13	0.53	58.58	dm-0	0.00	0.00	0.00	48.00	0.00	2048.00	85.33	2.71	56.42	2.42	11.60
16	18413	18364	0	0	14	0	800m	2.05g	30m	0	multi2:13.9%	0	0|0	0|0	9m	6m	307	22:01:47	22.05	0.00	26.96	0.27	0.53	50.20	dm-0	0.00	0.00	0.00	0.00	0.00	0.00	0.00	0.00	0.00	0.00	0.00
10	17625	17610	0	0	9	0	800m	2.05g	30m	0	multi3:13.9%	0	2|0	2|1	8m	5m	307	22:01:49	19.01	0.00	19.42	0.28	0.83	60.47	dm-0	0.00	0.00	0.00	48.00	0.00	2048.00	85.33	1.34	28.00	1.17	5.60
5	18752	18748	0	0	10	0	800m	2.05g	30m	0	multi2:15.0%	0	0|0	0|1	9m	6m	307	22:01:50	16.44	0.00	17.12	0.27	0.67	65.50	dm-0	0.00	0.00	0.00	5.00	0.00	20.00	8.00	0.05	9.60	4.80	2.40
14	17771	17728	0	0	9	0	800m	2.05g	30m	0	multi4:11.8%	0	0|0	0|0	8m	5m	307	22:01:51	19.62	0.00	21.51	0.27	0.54	58.06	dm-0	0.00	0.00	0.00	48.00	0.00	2048.00	85.33	1.53	31.83	1.33	6.40
8	20181	20194	0	0	6	0	800m	2.05g	30m	0	multi9:15.5%	0	9|2	1|2	9m	6m	307	22:01:52	16.23	0.00	20.71	0.26	0.53	62.27	dm-0	0.00	0.00	0.00	0.00	0.00	0.00	0.00	0.00	0.00	0.00	0.00
11	23830	23800	0	0	25	0	800m	2.05g	30m	0	multi2:22.9%	0	22|0	1|3	11m	7m	308	22:01:53	25.20	0.00	27.90	0.13	0.81	45.96	dm-0	0.00	0.00	0.00	48.00	0.00	2048.00	85.33	2.99	62.25	2.58	12.40
11	20467	20470	0	0	11	0	800m	2.05g	30m	0	multi2:19.5%	0	0|0	0|0	10m	6m	308	22:01:54	20.62	0.00	25.67	0.14	0.70	52.88	dm-0	0.00	0.00	0.00	0.00	0.00	0.00	0.00	0.00	0.00	0.00	0.00
12	22802	22804	0	0	11	0	800m	2.05g	30m	0	multi2:17.0%	0	0|0	1|2	10m	7m	308	22:01:55	20.11	0.00	21.88	0.27	0.68	57.07	dm-0	0.00	0.00	0.00	48.00	0.00	2048.00	85.33	3.24	67.42	2.42	11.60
8	19569	19535	0	0	16	0	800m	2.05g	30m	0	multi3:15.0%	0	23|0	5|3	9m	6m	308	22:01:56	24.22	0.00	25.03	0.41	0.82	49.52	dm-0	0.00	0.00	0.00	5.00	0.00	20.00	8.00	0.08	16.00	13.60	6.80
6	22206	22232	0	0	9	0	800m	2.05g	29m	0	multi2:15.5%	0	0|0	0|0	10m	7m	308	22:01:57	20.38	0.00	21.05	0.13	0.54	57.89	dm-0	0.00	0.00	0.00	48.00	0.00	2048.00	85.33	4.23	88.08	2.83	13.60
3	17751	17713	0	0	11	0	800m	2.05g	30m	0	multi3:12.5%	0	0|0	0|0	8m	5m	308	22:01:58	18.34	0.00	19.70	0.27	0.68	61.01	dm-0	0.00	0.00	0.00	0.00	0.00	0.00	0.00	0.00	0.00	0.00	0.00
15	21461	21482	0	0	5	0	800m	2.05g	30m	0	multi2:21.3%	0	0|0	0|0	10m	7m	308	22:01:59	19.19	0.00	22.42	0.13	0.67	57.58	dm-0	0.00	0.00	0.00	48.00	0.00	2048.00	85.33	2.63	54.83	1.75	8.40
4	16751	16717	0	0	8	0	800m	2.05g	30m	0	multi3:13.0%	0	4|0	0|1	7m	5m	308	22:02:00	16.80	0.00	18.85	0.14	0.68	63.52	dm-0	0.00	0.00	0.00	0.00	0.00	0.00	0.00	0.00	0.00	0.00	0.00
7	16569	16586	0	0	9	0	800m	2.05g	30m	0	multi2:10.5%	0	0|0	0|2	7m	5m	308	22:02:01	16.76	0.00	18.92	0.41	0.54	63.38	dm-0	0.00	0.00	0.00	48.00	0.00	2048.00	85.33	1.17	0.00	0.92	4.40
6	19693	19688	0	0	15	0	800m	2.05g	30m	0	multi2:14.0%	0	0|0	2|1	9m	6m	308	22:02:02	14.71	0.00	16.08	0.00	0.54	68.66	dm-0	0.00	0.00	0.00	0.00	0.00	0.00	0.00	0.88	0.00	0.00	2.40
3	19186	19184	0	0	23	0	800m	2.05g	30m	0	multi3:13.3%	0	1|0	0|0	9m	6m	308	22:02:03	16.39	0.00	20.39	0.96	0.69	61.57	dm-0	0.00	0.00	0.00	3.00	0.00	12.00	8.00	0.09	30.67	21.33	6.40
8	21832	21784	0	0	23	0	800m	2.05g	30m	0	multi2:16.1%	0	19|0	0|1	10m	7m	309	22:02:04	25.39	0.00	31.15	0.26	0.39	42.80	dm-0	0.00	0.00	0.00	0.00	0.00	0.00	0.00	0.00	0.00	0.00	0.00
5	23130	23163	0	0	13	0	800m	2.05g	30m	0	multi2:21.3%	0	0|0	0|1	11m	7m	309	22:02:05	19.40	0.00	24.97	0.14	0.81	54.68	dm-0	0.00	0.00	0.00	48.00	0.00	2048.00	85.33	2.59	53.92	2.50	12.00
8	18426	18411	0	0	3	0	800m	2.05g	30m	0	multi3:14.2%	0	15|0	1|2	8m	5m	309	22:02:06	21.68	0.00	28.00	0.13	0.39	49.81	dm-0	0.00	0.00	0.00	0.00	0.00	0.00	0.00	0.00	0.00	0.00	0.00
1	7692	7703	0	0	4	0	800m	2.05g	29m	0	multi2:7.8%	0	0|0	0|0	3m	2m	309	22:02:07	6.49	0.00	7.53	0.13	0.39	85.45	dm-0	0.00	0.00	0.00	48.00	0.00	2048.00	85.33	1.26	26.25	1.67	8.00
5	16980	16960	0	0	13	0	800m	2.05g	29m	0	multi4:11.6%	0	0|0	0|7	8m	5m	309	22:02:08	14.50	0.00	15.85	0.14	0.54	68.97	dm-0	0.00	0.00	0.00	5.00	0.00	20.00	8.00	0.02	3.20	0.80	0.40
12	18011	17997	0	0	9	0	800m	2.05g	29m	0	multi3:12.9%	0	0|0	0|0	8m	5m	309	22:02:09	19.20	0.00	21.07	0.13	0.67	58.93	dm-0	0.00	0.00	0.00	48.00	0.00	2048.00	85.33	4.82	100.33	13.50	64.80
6	22287	22273	0	0	12	0	800m	2.05g	29m	0	multi3:14.7%	0	1|0	0|2	10m	6m	309	22:02:10	21.26	0.00	24.87	0.53	0.94	52.41	dm-0	0.00	0.00	0.00	0.00	0.00	0.00	0.00	0.00	0.00	0.00	0.00
15	21040	21027	0	0	21	0	800m	2.05g	29m	0	multi2:18.8%	0	9|0	2|34	10m	6m	309	22:02:11	23.51	0.00	26.49	0.14	0.57	49.29	dm-0	0.00	0.00	0.00	48.00	0.00	2048.00	85.33	1.74	0.00	1.08	5.20
6	22377	22373	0	0	24	0	800m	2.05g	29m	0	multi3:15.9%	0	1|0	2|1	11m	7m	309	22:02:12	21.43	0.00	21.70	0.13	0.81	55.93	dm-0	0.00	0.00	0.00	0.00	0.00	0.00	0.00	1.80	0.00	0.00	5.20
8	19030	19032	0	0	12	0	800m	2.05g	30m	0	multi2:11.0%	0	0|0	0|0	9m	6m	309	22:02:13	16.29	0.00	18.15	0.26	0.53	64.77	dm-0	0.00	0.00	0.00	5.00	0.00	20.00	8.00	0.09	17.60	10.40	5.20
6	19665	19656	0	0	5	0	800m	2.05g	30m	0	multi1:12.2%	0	0|0	2|0	9m	6m	309	22:02:14	23.44	0.00	27.95	0.13	0.79	47.68	dm-0	0.00	0.00	0.00	48.00	0.00	2048.00	85.33	2.33	48.58	1.50	7.20
7	19424	19396	0	0	10	0	800m	2.05g	30m	0	multi3:16.7%	0	32|0	2|2	9m	6m	309	22:02:15	20.27	0.00	23.24	0.54	0.41	55.54	dm-0	0.00	0.00	0.00	0.00	0.00	0.00	0.00	0.00	0.00	0.00	0.00
8	22078	22087	0	0	7	0	800m	2.05g	30m	0	multi3:18.9%	0	2|0	1|1	10m	6m	309	22:02:16	23.33	0.00	25.18	0.14	1.00	50.36	dm-0	0.00	0.00	0.00	48.00	0.00	2048.00	85.33	2.48	51.58	2.42	11.60
8	25459	25365	0	0	12	0	800m	2.05g	30m	0	multi3:20.3%	0	0|0	0|0	11m	7m	309	22:02:17	26.55	0.00	27.24	0.55	0.55	45.12	dm-0	0.00	0.00	0.00	0.00	0.00	0.00	0.00	0.00	0.00	0.00	0.00
8	25809	25889	0	0	16	0	800m	2.05g	30m	0	multi3:24.7%	0	0|0	0|2	12m	8m	309	22:02:18	26.06	0.00	31.88	0.13	0.66	41.27	dm-0	0.00	0.00	0.00	48.00	0.00	2048.00	85.33	2.56	53.33	2.42	11.60
4	19388	19357	0	0	7	0	800m	2.05g	29m	0	multi4:13.7%	0	0|0	0|0	9m	6m	309	22:02:19	18.65	0.00	23.24	1.89	0.54	55.68	dm-0	0.00	0.00	0.00	18.00	0.00	52.00	5.78	0.33	17.56	11.11	20.00
5	8554	8580	0	0	4	1	800m	2.05g	29m	0	multi1:5.9%	0	0|0	0|1	4m	2m	309	22:02:20	6.81	0.00	9.35	6.41	0.40	77.04	dm-0	0.00	0.00	0.00	136.00	0.00	2900.00	42.65	2.12	15.65	3.97	54.00
9	22304	22256	0	0	4	0	800m	2.05g	29m	0	multi7:16.3%	0	0|0	0|0	10m	7m	309	22:02:21	20.61	0.00	22.28	0.28	0.70	56.13	dm-0	0.00	0.00	0.00	0.00	0.00	0.00	0.00	0.00	0.00	0.00	0.00
14	18088	18101	0	0	10	0	800m	2.05g	29m	0	multi3:11.5%	0	0|0	0|3	8m	5m	309	22:02:22	20.46	0.00	23.82	0.00	0.67	55.05	dm-0	0.00	0.00	0.00	48.00	0.00	2048.00	85.33	3.14	65.50	3.58	17.20
11	22891	22872	0	0	11	0	800m	2.05g	30m	0	multi8:12.8%	0	18|0	1|5	11m	7m	309	22:02:23	20.17	0.00	21.69	0.41	0.83	56.91	dm-0	0.00	0.00	0.00	0.00	0.00	0.00	0.00	0.00	0.00	0.00	0.00
10	20730	20743	0	0	5	0	800m	2.05g	30m	0	multi3:22.8%	0	0|0	0|5	10m	6m	309	22:02:24	22.27	0.00	32.38	0.27	0.68	44.40	dm-0	0.00	0.00	0.00	48.00	0.00	2048.00	85.33	2.52	52.42	2.08	10.00
8	22150	22102	0	0	6	0	800m	2.05g	30m	0	multi3:15.8%	0	5|0	0|4	11m	7m	309	22:02:25	21.76	0.00	26.86	0.41	0.69	50.28	dm-0	0.00	0.00	0.00	5.00	0.00	20.00	8.00	0.11	21.60	14.40	7.20
8	26651	26674	0	0	4	0	800m	2.05g	29m	0	multi3:23.8%	0	0|0	3|0	12m	8m	309	22:02:26	29.00	0.00	33.24	0.14	0.68	36.94	dm-0	0.00	0.00	0.00	48.00	0.00	2048.00	85.33	2.76	57.58	2.08	10.00
0	24649	24633	0	0	7	0	800m	2.05g	29m	0	multi7:16.9%	0	87|10	0|10	12m	8m	309	22:02:27	25.74	0.00	36.66	0.27	0.40	36.93	dm-0	0.00	0.00	0.00	0.00	0.00	0.00	0.00	0.00	0.00	0.00	0.00
0	23912	23896	0	0	7	0	800m	2.05g	30m	0	multi3:21.9%	0	38|0	0|6	12m	8m	309	22:02:28	26.77	0.00	32.88	0.14	0.54	39.67	dm-0	0.00	0.00	0.00	48.00	0.00	2048.00	85.33	9.97	207.75	4.92	23.60
0	20174	20205	0	0	2	0	800m	2.05g	30m	0	multi4:14.6%	0	2|0	0|1	9m	6m	309	22:02:29	15.66	0.00	18.74	0.13	0.67	64.79	dm-0	0.00	0.00	0.00	0.00	0.00	0.00	0.00	0.00	0.00	0.00	0.00
0	19735	19679	0	0	5	0	800m	2.05g	30m	0	multi5:15.2%	0	48|0	2|2	10m	6m	309	22:02:30	22.65	0.00	27.35	0.67	0.27	49.06	dm-0	0.00	0.00	0.00	1.00	0.00	44.00	88.00	0.00	0.00	4.00	0.40
0	20915	20974	0	0	6	0	800m	2.05g	30m	0	multi2:15.9%	0	0|0	1|1	10m	7m	309	22:02:31	17.62	0.00	23.91	0.14	0.68	57.65	dm-0	0.00	0.00	0.00	47.00	0.00	2004.00	85.28	2.22	47.32	3.40	16.00
0	21119	21104	0	0	3	0	800m	2.05g	29m	0	multi9:14.6%	0	5|1	1|3	10m	6m	309	22:02:32	26.43	0.00	29.75	0.40	0.66	42.76	dm-0	0.00	0.00	0.00	5.00	0.00	20.00	8.00	0.13	25.60	20.80	10.40
0	21238	21219	0	0	3	0	800m	2.05g	30m	0	multi1:11.5%	0	0|0	0|0	11m	7m	309	22:02:34	23.48	0.00	26.80	0.14	0.69	48.90	dm-0	0.00	0.00	0.00	48.00	0.00	2048.00	85.33	4.29	89.33	3.00	14.40
0	21156	21180	0	0	4	0	800m	2.05g	30m	0	multi4:15.2%	0	0|0	0|0	10m	7m	309	22:02:35	21.09	0.00	21.09	0.00	0.82	57.01	dm-0	0.00	0.00	0.00	0.00	0.00	0.00	0.00	0.00	0.00	0.00	0.00
0	19002	18999	0	0	6	0	800m	2.05g	30m	0	multi4:13.4%	0	0|0	0|2	9m	6m	309	22:02:36	23.45	0.00	22.79	0.13	0.66	52.96	dm-0	0.00	0.00	0.00	48.00	0.00	2048.00	85.33	1.97	41.00	11.25	54.00
0	19082	19045	0	0	3	0	800m	2.05g	29m	0	multi3:16.6%	0	10|0	2|1	9m	6m	309	22:02:37	16.60	0.00	18.53	0.14	0.69	64.04	dm-0	0.00	0.00	0.00	0.00	0.00	0.00	0.00	0.00	0.00	0.00	0.00
0	24756	24796	0	0	5	0	800m	2.05g	29m	0	multi1:16.4%	0	0|0	0|0	13m	9m	309	22:02:38	23.73	0.00	32.33	0.39	0.39	43.16	dm-0	0.00	0.00	0.00	48.00	0.00	2048.00	85.33	1.58	32.92	1.67	8.00
0	19969	19957	0	0	7	0	800m	2.05g	29m	0	multi4:16.7%	0	5|0	1|1	10m	6m	309	22:02:39	24.12	0.00	21.27	0.00	0.81	53.79	dm-0	0.00	0.00	0.00	0.00	0.00	0.00	0.00	0.00	0.00	0.00	0.00
0	21122	21117	0	0	6	0	800m	2.05g	29m	0	multi3:12.8%	0	13|0	2|2	11m	7m	309	22:02:40	22.07	0.00	27.03	0.41	0.83	49.66	dm-0	0.00	0.00	0.00	51.00	0.00	2060.00	80.78	2.01	33.33	1.96	10.00
0	20436	20441	0	0	4	0	800m	2.05g	29m	0	multi4:16.9%	0	0|0	0|0	10m	6m	309	22:02:41	21.17	0.00	23.63	0.14	0.68	54.37	dm-0	0.00	0.00	0.00	0.00	0.00	0.00	0.00	0.00	0.00	0.00	0.00
0	21198	21199	0	0	9	0	800m	2.05g	29m	0	multi1:13.6%	0	2|0	1|2	10m	7m	309	22:02:42	21.12	0.00	28.34	0.00	0.53	50.00	dm-0	0.00	0.00	0.00	1.00	0.00	44.00	88.00	0.00	0.00	0.00	0.00
0	19872	19879	0	0	9	0	800m	2.05g	29m	0	multi0:13.6%	0	1|0	0|2	9m	6m	309	22:02:43	15.60	0.00	18.45	0.14	0.68	65.13	dm-0	0.00	0.00	0.00	0.00	0.00	0.00	0.00	0.00	0.00	0.00	0.00
0	20700	20673	0	0	5	0	800m	2.05g	29m	0	multi1:16.2%	0	8|0	2|2	10m	7m	309	22:02:44	21.07	0.00	24.87	0.39	0.65	53.01	dm-0	0.00	0.00	0.00	48.00	0.00	2048.00	85.33	0.47	0.00	2.00	9.60
0	20146	20175	0	0	4	0	800m	2.05g	29m	0	multi1:13.2%	0	0|0	0|4	9m	6m	309	22:02:45	21.02	0.00	19.81	0.13	0.54	58.50	dm-0	0.00	0.00	0.00	3.00	0.00	12.00	8.00	3.99	1486.67	37.33	11.20
0	18804	18802	0	0	6	0	800m	2.05g	29m	0	multi2:13.6%	0	1|0	1|1	9m	6m	309	22:02:46	18.63	0.00	19.03	0.13	0.80	61.39	dm-0	0.00	0.00	0.00	0.00	0.00	0.00	0.00	0.00	0.00	0.00	0.00
0	18192	18198	0	0	6	0	800m	2.05g	29m	0	multi1:11.7%	0	0|0	0|4	8m	5m	309	22:02:47	18.39	0.00	17.58	0.13	0.67	63.22	dm-0	0.00	0.00	0.00	48.00	0.00	2048.00	85.33	3.80	79.08	3.00	14.40
0	21242	21221	0	0	12	0	800m	2.05g	29m	0	multi0:14.3%	0	31|0	3|2	10m	7m	309	22:02:48	22.13	0.00	27.80	0.13	0.54	49.39	dm-0	0.00	0.00	0.00	0.00	0.00	0.00	0.00	0.00	0.00	0.00	0.00
0	20426	20443	0	0	5	0	800m	2.05g	29m	0	multi1:15.0%	0	0|0	0|2	10m	7m	309	22:02:49	19.49	0.00	21.11	0.14	0.81	58.46	dm-0	0.00	0.00	0.00	48.00	0.00	2048.00	85.33	3.60	74.92	2.75	13.20
0	22823	22780	0	0	11	0	800m	2.05g	29m	0	multi2:16.0%	0	0|0	0|0	11m	7m	309	22:02:50	22.16	0.00	28.32	0.27	0.55	48.70	dm-0	0.00	0.00	0.00	0.00	0.00	0.00	0.00	0.00	0.00	0.00	0.00
0	23847	23893	0	0	5	0	800m	2.05g	29m	0	multi1:18.8%	0	1|0	0|0	12m	8m	309	22:02:51	22.79	0.00	27.62	0.14	0.83	48.62	dm-0	0.00	0.00	0.00	48.00	0.00	2048.00	85.33	4.21	87.67	4.08	19.60
0	22427	22376	0	0	13	0	800m	2.05g	29m	0	multi1:18.3%	0	8|0	3|0	10m	7m	309	22:02:52	21.72	0.00	24.66	0.13	0.67	52.82	dm-0	0.00	0.00	0.00	0.00	0.00	0.00	0.00	0.00	0.00	0.00	0.00
0	21135	21186	0	0	5	0	800m	2.05g	29m	0	multi1:13.4%	0	0|0	0|1	10m	7m	309	22:02:53	18.46	0.00	20.00	0.98	0.84	59.72	dm-0	0.00	0.00	0.00	51.00	0.00	2060.00	80.78	3.14	61.57	7.84	40.00
0	22155	22141	0	0	6	0	800m	2.05g	29m	0	multi1:12.8%	0	5|0	0|1	10m	7m	309	22:02:54	20.90	0.00	18.51	0.00	0.84	59.75	dm-0	0.00	0.00	0.00	0.00	0.00	0.00	0.00	0.00	0.00	0.00	0.00
0	19542	19503	0	0	13	0	800m	2.05g	29m	0	multi0:13.7%	0	0|0	0|0	9m	6m	309	22:02:55	20.87	0.00	25.77	0.28	0.70	52.38	dm-0	0.00	0.00	0.00	48.00	0.00	2048.00	85.33	5.10	40.00	3.00	14.40
0	20426	20478	0	0	12	0	800m	2.05g	30m	0	multi1:15.5%	0	0|0	0|2	10m	7m	309	22:02:56	15.10	0.00	16.90	0.14	0.69	67.17	dm-0	0.00	0.00	0.00	0.00	0.00	0.00	0.00	1.30	0.00	0.00	6.00
0	16353	16321	0	0	14	0	800m	2.05g	30m	0	multi4:9.5%	0	0|0	0|0	7m	5m	309	22:02:57	18.29	0.00	18.02	0.27	0.54	62.87	dm-0	0.00	0.00	0.00	0.00	0.00	0.00	0.00	0.00	0.00	0.00	0.00
0	21441	21471	0	0	9	0	800m	2.05g	30m	0	multi1:11.5%	0	0|0	0|1	10m	7m	309	22:02:58	18.66	0.00	18.94	0.14	0.68	61.58	dm-0	0.00	0.00	0.00	48.00	0.00	2048.00	85.33	4.88	101.58	2.58	12.40
0	17729	17684	0	0	15	0	800m	2.05g	30m	0	multi4:10.9%	0	0|0	0|0	8m	5m	309	22:02:59	17.99	0.00	21.02	0.27	0.55	60.16	dm-0	0.00	0.00	0.00	3.00	0.00	12.00	8.00	0.01	2.67	1.33	0.40
0	16101	16150	0	0	11	0	800m	2.05g	30m	0	multi2:11.3%	0	0|0	0|0	8m	5m	309	22:03:00	12.91	0.00	11.82	0.00	0.54	74.73	dm-0	0.00	0.00	0.00	48.00	0.00	2048.00	85.33	2.52	52.50	1.67	8.00
0	16784	16756	0	0	16	0	800m	2.05g	30m	0	multi5:9.6%	0	0|0	0|0	8m	5m	309	22:03:01	15.13	0.00	17.09	0.28	0.56	66.95	dm-0	0.00	0.00	0.00	0.00	0.00	0.00	0.00	0.00	0.00	0.00	0.00
0	15425	15451	0	0	9	0	800m	2.05g	30m	0	multi2:9.4%	0	1|0	0|1	7m	5m	309	22:03:02	13.94	0.00	14.23	0.28	0.56	70.99	dm-0	0.00	0.00	0.00	48.00	0.00	2048.00	85.33	4.87	101.50	2.75	13.20
0	19366	19332	0	0	14	0	800m	2.05g	30m	0	multi0:12.6%	0	1|0	3|0	9m	6m	309	22:03:03	16.53	0.00	18.70	0.41	0.54	63.82	dm-0	0.00	0.00	0.00	0.00	0.00	0.00	0.00	0.00	0.00	0.00	0.00
0	14313	14349	0	0	7	0	800m	2.05g	30m	0	multi1:9.4%	0	0|0	0|1	7m	4m	309	22:03:04	12.31	0.00	13.71	0.14	0.70	73.15	dm-0	0.00	0.00	0.00	48.00	0.00	2048.00	85.33	1.52	31.58	1.25	6.00
0	18293	18273	0	0	11	0	800m	2.05g	30m	0	multi5:10.2%	0	0|0	0|0	8m	5m	309	22:03:05	14.30	0.00	17.27	0.13	0.67	67.61	dm-0	0.00	0.00	0.00	0.00	0.00	0.00	0.00	0.00	0.00	0.00	0.00
0	12906	12921	0	0	6	0	800m	2.05g	30m	0	multi2:8.1%	0	4|0	2|1	6m	4m	309	22:03:06	10.45	0.00	12.17	0.66	0.26	76.46	dm-0	0.00	0.00	0.00	52.00	0.00	2064.00	79.38	2.09	40.23	3.54	18.40
0	10998	10996	0	0	3	0	800m	2.05g	30m	0	multi1:7.1%	0	0|0	0|2	5m	3m	309	22:03:07	8.71	0.00	9.12	0.13	0.54	81.50	dm-0	0.00	0.00	0.00	0.00	0.00	0.00	0.00	0.00	0.00	0.00	0.00
0	12638	12637	0	0	6	0	800m	2.05g	30m	0	multi1:9.2%	0	0|0	0|0	6m	4m	309	22:03:08	9.95	0.00	11.17	0.27	0.54	78.07	dm-0	0.00	0.00	0.00	48.00	0.00	2048.00	85.33	1.17	24.42	1.50	7.20
0	12807	12793	0	0	7	0	800m	2.05g	30m	0	multi1:7.4%	0	1|0	1|0	6m	3m	309	22:03:09	11.51	0.00	10.71	0.13	0.53	77.12	dm-0	0.00	0.00	0.00	0.00	0.00	0.00	0.00	0.00	0.00	0.00	0.00
0	11446	11454	0	0	8	0	800m	2.05g	30m	0	multi1:6.9%	0	3|0	2|3	5m	3m	309	22:03:10	9.93	0.00	9.39	0.00	0.27	80.41	dm-0	0.00	0.00	0.00	48.00	0.00	2048.00	85.33	2.48	51.58	2.33	11.20
0	10601	10592	0	0	6	0	800m	2.05g	30m	0	multi1:8.2%	0	0|0	0|0	4m	3m	309	22:03:11	9.07	0.00	9.33	0.13	0.53	80.95	dm-0	0.00	0.00	0.00	0.00	0.00	0.00	0.00	0.00	0.00	0.00	0.00
0	10111	10125	0	0	6	0	800m	2.05g	30m	0	multi1:8.9%	0	0|0	0|0	4m	3m	309	22:03:12	8.64	0.00	9.04	0.66	0.53	81.12	dm-0	0.00	0.00	0.00	51.00	0.00	2060.00	80.78	2.62	51.45	2.43	12.40
0	10944	10935	0	0	15	0	800m	2.05g	30m	0	multi1:7.3%	0	0|0	0|0	5m	3m	310	22:03:13	7.90	0.00	8.30	0.13	0.40	83.27	dm-0	0.00	0.00	0.00	0.00	0.00	0.00	0.00	0.00	0.00	0.00	0.00
0	8375	8373	0	0	3	0	800m	2.05g	30m	0	multi1:6.3%	0	0|0	0|0	4m	2m	310	22:03:14	5.68	0.00	7.58	0.14	0.41	86.20	dm-0	0.00	0.00	0.00	48.00	0.00	2048.00	85.33	3.19	66.42	3.33	16.00
0	10947	10958	0	0	9	0	800m	2.05g	30m	0	multi1:9.3%	0	2|0	2|0	5m	3m	310	22:03:15	7.40	0.00	7.13	0.13	0.40	84.93	dm-0	0.00	0.00	0.00	0.00	0.00	0.00	0.00	0.00	0.00	0.00	0.00
0	6576	6575	0	0	9	0	800m	2.05g	30m	0	multi0:5.3%	0	0|0	1|0	3m	2m	310	22:03:16	4.45	0.00	3.91	0.40	0.40	90.84	dm-0	0.00	0.00	0.00	1.00	0.00	44.00	88.00	0.04	0.00	40.00	4.00
0	5875	5878	0	0	5	0	800m	2.05g	30m	0	multi0:4.7%	0	0|0	0|0	2m	1m	310	22:03:17	3.17	0.00	3.30	0.00	0.26	93.26	dm-0	0.00	0.00	0.00	47.00	0.00	2004.00	85.28	3.62	77.96	2.13	10.00
0	4684	4678	0	0	2	0	800m	2.05g	30m	0	multi1:4.2%	0	0|0	0|0	2m	1m	310	22:03:18	1.60	0.00	3.32	0.80	0.40	93.88	dm-0	0.00	0.00	0.00	3.00	0.00	12.00	8.00	0.11	36.00	28.00	8.40
0	3246	3251	0	0	2	0	800m	2.05g	30m	0	multi4:2.2%	0	0|0	0|1	1m	1m	310	22:03:19	0.78	0.00	2.08	3.64	0.13	93.38	dm-0	0.00	0.00	0.00	136.00	0.00	2668.00	39.24	2.93	21.50	2.24	30.40
0	2676	2678	0	0	2	1	800m	2.05g	30m	0	multi0:2.2%	0	0|0	0|0	1m	845k	310	22:03:20	0.90	0.00	1.42	0.65	0.26	96.77	dm-0	0.00	0.00	0.00	10.00	0.00	56.00	11.20	0.08	8.00	2.80	2.80
0	1537	1536	0	0	4	0	800m	2.05g	30m	0	multi1:1.5%	0	0|0	1|0	724k	486k	310	22:03:21	0.26	0.00	1.15	0.13	0.00	98.47	dm-0	0.00	0.00	0.00	48.00	0.00	2048.00	85.33	3.90	81.17	3.00	14.40
0	627	628	0	0	3	0	800m	2.05g	30m	0	multi5:0.5%	0	0|0	0|0	315k	222k	310	22:03:22	0.13	0.00	0.64	0.13	0.13	98.98	dm-0	0.00	0.00	0.00	0.00	0.00	0.00	0.00	0.00	0.00	0.00	0.00
0	828	828	0	0	2	0	800m	2.05g	30m	0	multi3:0.8%	0	0|0	0|0	402k	276k	310	22:03:23	0.00	0.00	0.63	0.25	0.13	98.98	dm-0	0.00	0.00	0.00	48.00	0.00	2048.00	85.33	2.04	42.42	3.00	14.40
0	738	738	0	0	3	0	800m	2.05g	30m	0	multi9:0.5%	0	0|0	0|0	357k	246k	310	22:03:24	0.25	0.00	0.64	0.13	0.13	98.86	dm-0	0.00	0.00	0.00	0.00	0.00	0.00	0.00	0.00	0.00	0.00	0.00
0	622	622	0	0	2	0	800m	2.05g	30m	0	multi0:0.6%	0	0|0	0|0	301k	209k	310	22:03:25	0.25	0.00	0.51	0.51	0.00	98.73	dm-0	0.00	0.00	0.00	53.00	0.00	2068.00	78.04	2.10	39.55	2.64	14.00
0	589	589	0	0	3	0	800m	2.05g	30m	0	multi5:0.6%	0	0|0	0|0	273k	187k	310	22:03:27	0.13	0.00	0.89	0.25	0.13	98.60	dm-0	0.00	0.00	0.00	0.00	0.00	0.00	0.00	0.00	0.00	0.00	0.00
0	1363	1363	0	0	2	0	800m	2.05g	30m	0	multi3:0.8%	0	0|0	0|0	718k	507k	310	22:03:28	0.25	0.00	1.02	0.13	0.25	98.35	dm-0	0.00	0.00	0.00	48.00	0.00	2048.00	85.33	1.99	41.50	1.42	6.80
0	825	825	0	0	2	0	800m	2.05g	30m	0	multi5:1.0%	0	0|0	0|0	370k	246k	310	22:03:29	0.26	0.00	0.51	0.13	0.13	98.98	dm-0	0.00	0.00	0.00	0.00	0.00	0.00	0.00	0.00	0.00	0.00	0.00
0	675	675	0	0	2	0	800m	2.05g	30m	0	multi1:0.6%	0	0|0	0|0	349k	248k	310	22:03:30	0.13	0.00	0.51	0.39	0.13	98.84	dm-0	0.00	0.00	0.00	48.00	0.00	2048.00	85.33	1.67	34.83	1.08	5.20
0	485	485	0	0	2	0	800m	2.05g	30m	0	multi0:0.7%	0	0|0	0|0	212k	142k	310	22:03:31	0.00	0.00	0.25	0.25	0.13	99.36	dm-0	0.00	0.00	0.00	0.00	0.00	0.00	0.00	0.00	0.00	0.00	0.00
0	857	855	0	0	2	0	800m	2.05g	30m	0	multi1:0.7%	0	0|0	0|0	376k	247k	310	22:03:32	0.13	0.00	0.76	0.63	0.13	98.35	dm-0	0.00	0.00	0.00	51.00	0.00	2060.00	80.78	4.34	85.18	6.27	32.00
0	455	457	0	0	2	0	800m	2.05g	30m	0	multi1:0.7%	0	0|0	0|0	195k	129k	310	22:03:33	0.38	0.00	0.38	0.13	0.00	99.12	dm-0	0.00	0.00	0.00	0.00	0.00	0.00	0.00	0.00	0.00	0.00	0.00
0	523	523	0	0	2	0	800m	2.05g	30m	0	multi5:0.3%	0	0|0	0|0	242k	166k	310	22:03:34	0.00	0.00	0.64	0.13	0.26	98.98	dm-0	0.00	0.00	0.00	48.00	0.00	2048.00	85.33	1.21	25.17	1.50	7.20
0	513	513	0	0	2	0	800m	2.05g	30m	0	multi1:0.7%	0	0|0	0|0	233k	159k	310	22:03:35	0.13	0.00	0.63	0.13	0.00	99.12	dm-0	0.00	0.00	0.00	0.00	0.00	0.00	0.00	0.00	0.00	0.00	0.00
0	382	382	0	0	2	0	800m	2.05g	30m	0	multi2:0.6%	0	0|0	0|0	196k	142k	310	22:03:36	0.13	0.00	0.77	0.13	0.13	98.85	dm-0	0.00	0.00	0.00	1.00	0.00	44.00	88.00	0.00	0.00	0.00	0.00
0	307	307	0	0	2	0	800m	2.05g	30m	0	multi4:0.5%	0	0|0	0|0	165k	123k	310	22:03:37	0.13	0.00	0.50	0.25	0.00	99.12	dm-0	0.00	0.00	0.00	47.00	0.00	2004.00	85.28	2.72	57.96	2.38	11.20
0	972	972	0	0	4	0	800m	2.05g	30m	0	multi1:1.1%	0	0|0	0|0	448k	300k	310	22:03:38	0.26	0.00	0.51	0.64	0.13	98.47	dm-0	0.00	0.00	0.00	48.00	0.00	2048.00	85.33	1.44	29.92	1.75	8.40
0	557	557	0	0	2	0	800m	2.05g	30m	0	multi0:0.7%	0	0|0	0|0	275k	194k	310	22:03:39	0.13	0.00	0.64	0.13	0.13	98.98	dm-0	0.00	0.00	0.00	0.00	0.00	0.00	0.00	0.00	0.00	0.00	0.00
0	481	481	0	0	29	0	800m	2.05g	30m	0	multi1:0.5%	0	0|0	0|0	212k	142k	310	22:03:40	0.00	0.00	0.76	0.13	0.00	99.12	dm-0	0.00	0.00	0.00	48.00	0.00	2048.00	85.33	1.83	38.17	1.92	9.20
0	0	0	0	0	4	0	800m	2.05g	30m	0	.:0.1%	0	0|0	0|0	270b	7k	310	22:03:41	0.13	0.00	0.51	0.00	0.25	99.12	dm-0	0.00	0.00	0.00	0.00	0.00	0.00	0.00	0.00	0.00	0.00	0.00
0	0	0	0	0	3	0	800m	2.05g	30m	0	multi9:0.0%	0	0|0	0|0	197b	7k	310	22:03:42	0.00	0.00	0.63	0.00	0.00	99.37	dm-0	0.00	0.00	0.00	48.00	0.00	2048.00	85.33	2.54	52.92	1.83	8.80
0	0	0	0	0	2	0	800m	2.05g	30m	0	multi9:0.0%	0	0|0	0|0	124b	7k	310	22:03:43	0.13	0.00	0.50	0.00	0.13	99.24	dm-0	0.00	0.00	0.00	0.00	0.00	0.00	0.00	0.00	0.00	0.00	0.00
0	0	0	0	0	2	0	800m	2.05g	30m	0	.:0.0%	0	0|0	0|0	124b	7k	310	22:03:44	0.00	0.00	0.63	0.63	0.13	98.62	dm-0	0.00	0.00	0.00	51.00	0.00	2060.00	80.78	3.33	65.33	4.55	23.20
0	0	0	0	0	2	0	800m	2.05g	30m	0	multi9:0.0%	0	0|0	0|0	124b	7k	310	22:03:45	0.13	0.00	0.50	0.00	0.00	99.37	dm-0	0.00	0.00	0.00	0.00	0.00	0.00	0.00	0.00	0.00	0.00	0.00
0	0	0	0	0	2	0	800m	2.05g	30m	0	multi9:0.0%	0	0|0	0|0	124b	7k	310	22:03:46	0.13	0.00	0.88	1.38	0.13	97.49	dm-0	0.00	0.00	0.00	48.00	0.00	2048.00	85.33	2.04	42.58	1.50	7.20
0	0	0	0	0	2	0	800m	2.05g	30m	0	local:0.0%	0	0|0	0|0	124b	7k	310	22:03:47	0.00	0.00	0.25	0.00	0.13	99.62	dm-0	0.00	0.00	0.00	0.00	0.00	0.00	0.00	0.00	0.00	0.00	0.00
0	0	0	0	0	2	0	800m	2.05g	30m	0	multi9:0.0%	0	0|0	0|0	124b	7k	310	22:03:48	0.00	0.00	0.38	0.00	0.00	99.62	dm-0	0.00	0.00	0.00	48.00	0.00	2048.00	85.33	2.19	45.58	1.92	9.20
0	0	0	0	0	2	0	800m	2.05g	30m	0	admin:0.0%	0	0|0	0|0	124b	7k	310	22:03:49	0.13	0.00	0.25	0.00	0.13	99.50	dm-0	0.00	0.00	0.00	0.00	0.00	0.00	0.00	0.00	0.00	0.00	0.00
0	0	0	0	0	2	0	800m	2.05g	30m	0	multi9:0.0%	0	0|0	0|0	124b	7k	310	22:03:50	0.00	0.00	0.63	0.13	0.13	99.12	dm-0	0.00	0.00	0.00	51.00	0.00	2060.00	80.78	2.79	54.67	3.14	16.00
0	0	0	0	0	2	0	800m	2.05g	30m	0	multi9:0.0%	0	0|0	0|0	124b	7k	310	22:03:51	0.12	0.00	0.75	0.00	0.00	99.13	dm-0	0.00	0.00	0.00	0.00	0.00	0.00	0.00	0.00	0.00	0.00	0.00
0	0	0	0	0	2	0	800m	2.05g	30m	0	multi9:0.0%	0	0|0	0|0	124b	7k	310	22:03:52	0.00	0.00	0.51	0.00	0.13	99.37	dm-0	0.00	0.00	0.00	48.00	0.00	2048.00	85.33	2.27	47.25	2.17	10.40
0	0	0	0	0	2	0	800m	2.05g	30m	0	multi9:0.0%	0	0|0	0|0	124b	7k	310	22:03:53	0.13	0.00	0.50	0.00	0.13	99.25	dm-0	0.00	0.00	0.00	0.00	0.00	0.00	0.00	0.00	0.00	0.00	0.00
0	0	0	0	0	2	0	800m	2.05g	30m	0	multi9:0.0%	0	0|0	0|0	124b	7k	310	22:03:54	0.00	0.00	0.38	0.00	0.00	99.62	dm-0	0.00	0.00	0.00	1.00	0.00	44.00	88.00	0.12	0.00	120.00	12.00
0	0	0	0	0	2	0	800m	2.05g	30m	0	multi9:0.0%	0	0|0	0|0	124b	7k	310	22:03:55	0.13	0.00	0.13	0.13	0.00	99.62	dm-0	0.00	0.00	0.00	50.00	0.00	2016.00	80.64	5.04	103.20	19.60	98.00
0	0	0	0	0	2	0	800m	2.05g	30m	0	multi9:0.0%	0	0|0	0|0	124b	7k	310	22:03:56	0.00	0.00	0.25	0.00	0.00	99.75	dm-0	0.00	0.00	0.00	0.00	0.00	0.00	0.00	0.00	0.00	0.00	0.00
0	0	0	0	0	2	0	800m	2.05g	30m	0	multi0:0.0%	0	0|0	0|0	124b	7k	310	22:03:57	0.00	0.00	0.63	0.00	0.25	99.11	dm-0	0.00	0.00	0.00	35.00	0.00	1496.00	85.49	0.16	0.00	0.69	2.40
0	0	0	0	0	2	0	800m	2.05g	30m	0	multi9:0.0%	0	0|0	0|0	124b	7k	310	22:03:58	0.12	0.00	0.50	0.00	0.00	99.38	dm-0	0.00	0.00	0.00	13.00	0.00	552.00	84.92	4.51	359.38	12.62	16.40
0	0	0	0	0	2	0	800m	2.05g	30m	0	multi5:0.0%	0	0|0	0|0	124b	7k	310	22:03:59	0.00	0.00	0.89	0.13	0.13	98.86	dm-0	0.00	0.00	0.00	0.00	0.00	0.00	0.00	0.00	0.00	0.00	0.00
0	0	0	0	0	2	0	800m	2.05g	30m	0	multi9:0.0%	0	0|0	0|0	124b	7k	310	22:04:00	0.13	0.00	0.50	0.00	0.13	99.25	dm-0	0.00	0.00	0.00	48.00	0.00	2048.00	85.33	1.76	36.75	2.50	12.00
0	0	0	0	0	2	0	800m	2.05g	30m	0	multi9:0.0%	0	0|0	0|0	124b	7k	310	22:04:01	0.00	0.00	0.88	0.13	0.13	98.87	dm-0	0.00	0.00	0.00	0.00	0.00	0.00	0.00	0.00	0.00	0.00	0.00
0	0	0	0	0	2	0	800m	2.05g	30m	0	multi9:0.0%	0	0|0	0|0	124b	7k	310	22:04:02	0.13	0.00	0.50	0.00	0.13	99.25	dm-0	0.00	0.00	0.00	48.00	0.00	2048.00	85.33	1.37	28.50	1.08	5.20
0	0	0	0	0	2	0	800m	2.05g	30m	0	multi9:0.0%	0	0|0	0|0	124b	7k	310	22:04:03	0.13	0.00	0.63	0.00	0.00	99.24	dm-0	0.00	0.00	0.00	3.00	0.00	12.00	8.00	0.01	2.67	1.33	0.40
0	0	0	0	0	2	0	800m	2.05g	30m	0	.:0.1%	0	0|0	0|0	124b	7k	310	22:04:04	0.00	0.00	0.25	0.00	0.13	99.62	dm-0	0.00	0.00	0.00	48.00	0.00	2048.00	85.33	1.29	26.83	1.92	9.20
0	0	0	0	0	2	0	800m	2.05g	30m	0	multi9:0.0%	0	0|0	0|0	124b	7k	310	22:04:05	0.00	0.00	0.50	0.00	0.13	99.37	dm-0	0.00	0.00	0.00	0.00	0.00	0.00	0.00	0.00	0.00	0.00	0.00
