insert	query	update	delete	getmore	command	flushes	mapped	vsize	res	faults	locked-db	%idx-miss	qr|qw	ar|aw	netIn	netOut	conn	time	%user	%nice	%system	%iowait	%steal	%idle	Device:	rrqm/s	wrqm/s	r/s	w/s	rkB/s	wkB/s	avgrq-sz	avgqu-sz	await	svctm	%util
0	0	0	0	0	2	0	800m	1.82g	41m	0	multi9:0.0%	0	0|0	0|0	124b	7k	42	17:07:46	0.00	0.00	0.00	0.00	0.00	100.00	dm-0	0.00	0.00	0.00	0.00	0.00	0.00	0.00	0.00	0.00	0.00	0.00
0	0	0	0	0	2	0	800m	1.82g	41m	0	multi9:0.0%	0	0|0	0|0	124b	7k	42	17:07:48	0.00	0.00	0.75	0.25	0.00	99.00	dm-0	0.00	0.00	0.00	0.00	0.00	0.00	0.00	0.00	0.00	0.00	0.00
0	0	0	0	0	2	0	800m	1.82g	41m	0	multi9:0.0%	0	0|0	0|0	124b	7k	42	17:07:49	0.00	0.00	0.25	0.00	0.00	99.75	dm-0	0.00	0.00	0.00	0.00	0.00	0.00	0.00	0.00	0.00	0.00	0.00
0	0	0	0	0	2	0	800m	1.82g	41m	0	multi9:0.0%	0	0|0	0|0	124b	7k	42	17:07:50	0.12	0.00	0.25	0.00	0.00	99.62	dm-0	0.00	0.00	0.00	0.00	0.00	0.00	0.00	0.00	0.00	0.00	0.00
0	0	0	0	0	2	0	800m	1.82g	41m	0	multi9:0.0%	0	0|0	0|0	124b	7k	42	17:07:51	0.00	0.00	0.13	0.00	0.00	99.87	dm-0	0.00	0.00	0.00	0.00	0.00	0.00	0.00	0.00	0.00	0.00	0.00
0	0	0	0	0	2	0	800m	1.82g	41m	0	multi2:0.0%	0	0|0	0|0	124b	7k	42	17:07:52	0.12	0.00	0.37	0.00	0.00	99.50	dm-0	0.00	0.00	0.00	0.00	0.00	0.00	0.00	0.00	0.00	0.00	0.00
0	0	0	0	0	2	0	800m	1.82g	41m	0	multi9:0.0%	0	0|0	0|0	124b	7k	42	17:07:53	0.00	0.00	0.50	0.00	0.00	99.50	dm-0	0.00	0.00	0.00	0.00	0.00	0.00	0.00	0.00	0.00	0.00	0.00
0	0	0	0	0	2	0	800m	1.82g	41m	0	multi9:0.0%	0	0|0	0|0	124b	7k	42	17:07:54	0.00	0.00	0.25	0.00	0.00	99.75	dm-0	0.00	0.00	0.00	0.00	0.00	0.00	0.00	0.00	0.00	0.00	0.00
0	0	0	0	0	2	0	800m	1.82g	41m	0	local:0.0%	0	0|0	0|0	124b	7k	42	17:07:55	0.00	0.00	0.38	0.00	0.00	99.62	dm-0	0.00	0.00	0.00	0.00	0.00	0.00	0.00	0.00	0.00	0.00	0.00
0	0	0	0	0	2	0	800m	1.82g	41m	0	multi9:0.0%	0	0|0	0|0	124b	7k	42	17:07:56	0.00	0.00	0.38	0.00	0.00	99.62	dm-0	0.00	0.00	0.00	0.00	0.00	0.00	0.00	0.00	0.00	0.00	0.00
0	0	0	0	0	2	0	800m	1.82g	41m	0	multi9:0.0%	0	0|0	0|0	124b	7k	42	17:07:57	0.00	0.00	0.25	0.00	0.00	99.75	dm-0	0.00	0.00	0.00	0.00	0.00	0.00	0.00	0.00	0.00	0.00	0.00
0	0	0	0	0	2	0	800m	1.82g	41m	0	multi9:0.0%	0	0|0	0|0	124b	7k	42	17:07:58	0.00	0.00	0.38	0.00	0.00	99.62	dm-0	0.00	0.00	0.00	0.00	0.00	0.00	0.00	0.00	0.00	0.00	0.00
0	0	0	0	0	2	0	800m	1.82g	41m	0	multi9:0.0%	0	0|0	0|0	124b	7k	42	17:07:59	0.25	0.00	0.25	0.00	0.00	99.50	dm-0	0.00	0.00	0.00	0.00	0.00	0.00	0.00	0.00	0.00	0.00	0.00
0	0	0	0	0	2	0	800m	1.82g	41m	0	multi9:0.0%	0	0|0	0|0	124b	7k	42	17:08:00	0.00	0.00	0.13	0.00	0.00	99.87	dm-0	0.00	0.00	0.00	0.00	0.00	0.00	0.00	0.00	0.00	0.00	0.00
0	0	0	0	0	2	0	800m	1.82g	41m	0	multi9:0.0%	0	0|0	0|0	124b	7k	42	17:08:01	0.00	0.00	0.38	0.12	0.00	99.50	dm-0	0.00	0.00	0.00	0.00	0.00	0.00	0.00	0.00	0.00	0.00	0.00
0	4122	4104	0	0	639	0	800m	1.87g	42m	0	multi5:6.2%	0	62|0	0|1	1m	1m	111	17:08:02	3.26	0.00	3.52	0.26	0.13	92.83	dm-0	0.00	0.00	0.00	0.00	0.00	0.00	0.00	0.00	0.00	0.00	0.00
0	26357	26362	0	0	381	0	800m	1.87g	42m	0	multi9:19.9%	0	23|0	1|0	11m	8m	113	17:08:03	23.64	0.00	30.78	0.17	1.19	44.22	dm-0	0.00	0.00	0.00	0.00	0.00	0.00	0.00	0.00	0.00	0.00	0.00
0	25780	25771	0	0	6	0	800m	1.87g	41m	0	multi9:21.3%	0	26|0	2|1	12m	8m	113	17:08:04	22.15	0.00	24.05	0.00	0.95	52.85	dm-0	0.00	0.00	0.00	0.00	0.00	0.00	0.00	0.00	0.00	0.00	0.00
0	35440	35438	0	0	6	0	800m	1.87g	41m	0	multi8:34.7%	0	16|0	1|1	17m	11m	113	17:08:05	39.47	0.00	47.57	0.15	0.74	12.08	dm-0	0.00	0.00	0.00	0.00	0.00	0.00	0.00	0.00	0.00	0.00	0.00
0	29075	29093	0	0	8	0	800m	1.87g	41m	0	multi3:29.9%	0	1|0	0|5	14m	9m	113	17:08:06	27.77	0.00	33.72	0.17	1.32	37.02	dm-0	0.00	0.00	0.00	0.00	0.00	0.00	0.00	0.00	0.00	0.00	0.00
0	22629	22617	0	0	18	0	800m	1.87g	41m	0	multi8:15.9%	0	1|0	1|1	11m	7m	114	17:08:07	16.87	0.00	18.09	0.46	0.61	63.98	dm-0	0.00	0.00	0.00	4.00	0.00	16.00	8.00	0.05	12.00	4.00	1.60
0	27434	27438	0	0	13	0	800m	1.87g	41m	0	multi8:17.9%	0	0|0	1|0	13m	9m	114	17:08:08	22.98	0.00	29.16	0.16	1.11	46.59	dm-0	0.00	0.00	0.00	0.00	0.00	0.00	0.00	0.00	0.00	0.00	0.00
0	26620	26618	0	0	8	0	800m	1.87g	41m	0	multi6:18.4%	0	2|0	0|4	12m	8m	114	17:08:09	19.50	0.00	26.16	0.31	0.93	53.10	dm-0	0.00	0.00	0.00	0.00	0.00	0.00	0.00	0.00	0.00	0.00	0.00
0	31780	31781	0	0	6	0	800m	1.87g	41m	0	multi2:24.8%	0	0|0	0|0	14m	9m	114	17:08:10	28.25	0.00	34.99	0.00	0.96	35.79	dm-0	0.00	0.00	0.00	0.00	0.00	0.00	0.00	0.00	0.00	0.00	0.00
0	32028	32026	0	0	5	0	800m	1.87g	40m	0	multi2:29.8%	0	13|0	0|2	15m	10m	114	17:08:11	28.62	0.00	35.22	0.00	0.79	35.38	dm-0	0.00	0.00	0.00	0.00	0.00	0.00	0.00	0.00	0.00	0.00	0.00
0	31117	31123	0	0	6	0	800m	1.87g	40m	0	multi2:30.3%	0	1|0	0|1	15m	10m	114	17:08:12	29.06	0.00	35.06	0.32	0.97	34.58	dm-0	0.00	0.00	0.00	4.00	0.00	16.00	8.00	0.02	5.00	3.00	1.20
0	20416	20426	0	0	5	0	800m	1.87g	40m	0	multi2:15.8%	0	0|0	0|0	10m	6m	114	17:08:13	14.84	0.00	16.09	0.00	0.78	68.28	dm-0	0.00	0.00	0.00	0.00	0.00	0.00	0.00	0.00	0.00	0.00	0.00
0	23154	23146	0	0	2	0	800m	1.87g	40m	0	multi7:18.3%	0	0|0	1|0	10m	6m	114	17:08:14	16.79	0.00	22.14	0.00	0.76	60.31	dm-0	0.00	0.00	0.00	0.00	0.00	0.00	0.00	0.00	0.00	0.00	0.00
0	30049	30044	0	0	4	0	800m	1.87g	40m	0	multi7:19.3%	0	4|0	1|0	13m	8m	114	17:08:15	24.80	0.00	27.19	0.32	0.95	46.74	dm-0	0.00	0.00	0.00	0.00	0.00	0.00	0.00	0.00	0.00	0.00	0.00
0	34948	34940	0	0	5	0	800m	1.87g	39m	0	multi9:24.8%	0	0|0	3|1	17m	11m	114	17:08:16	34.17	0.00	38.85	0.16	0.78	26.05	dm-0	0.00	0.00	0.00	0.00	0.00	0.00	0.00	0.00	0.00	0.00	0.00
0	28772	28785	0	0	6	0	800m	1.87g	39m	0	multi5:20.0%	0	1|0	2|3	14m	10m	114	17:08:17	25.61	0.00	30.49	0.00	0.91	42.99	dm-0	0.00	0.00	0.00	0.00	0.00	0.00	0.00	0.00	0.00	0.00	0.00
0	29114	29102	0	0	2	0	800m	1.87g	39m	0	multi2:21.5%	0	8|0	1|1	15m	10m	114	17:08:18	23.34	0.00	27.29	0.63	0.95	47.79	dm-0	0.00	0.00	0.00	4.00	0.00	16.00	8.00	0.02	5.00	3.00	1.20
0	26332	26339	0	0	6	0	800m	1.87g	39m	0	multi2:25.9%	0	2|0	0|1	13m	8m	114	17:08:19	23.04	0.00	30.08	0.00	0.96	45.92	dm-0	0.00	0.00	0.00	0.00	0.00	0.00	0.00	0.00	0.00	0.00	0.00
0	25857	25853	0	0	6	0	800m	1.87g	39m	0	multi0:17.7%	0	3|0	0|2	12m	8m	114	17:08:20	18.79	0.00	20.34	0.16	0.93	59.78	dm-0	0.00	0.00	0.00	0.00	0.00	0.00	0.00	0.00	0.00	0.00	0.00
0	26255	26263	0	0	3	0	800m	1.87g	39m	0	multi3:15.3%	0	1|0	1|1	12m	8m	114	17:08:21	19.44	0.00	20.92	0.16	0.99	58.48	dm-0	0.00	0.00	0.00	0.00	0.00	0.00	0.00	0.00	0.00	0.00	0.00
0	27833	27830	0	0	5	0	800m	1.87g	38m	0	multi0:20.9%	0	3|0	3|1	14m	9m	114	17:08:22	23.59	0.00	22.81	0.16	0.94	52.50	dm-0	0.00	0.00	0.00	0.00	0.00	0.00	0.00	0.00	0.00	0.00	0.00
0	22768	22773	0	0	2	0	800m	1.87g	38m	0	multi5:15.5%	0	0|0	2|0	11m	8m	114	17:08:23	17.87	0.00	19.22	0.00	0.75	62.16	dm-0	0.00	0.00	0.00	0.00	0.00	0.00	0.00	0.00	0.00	0.00	0.00
0	21257	21253	0	0	5	0	800m	1.87g	38m	0	multi0:14.4%	0	1|0	1|1	9m	6m	114	17:08:24	15.28	0.00	15.13	0.30	0.74	68.55	dm-0	0.00	0.00	0.00	4.00	0.00	16.00	8.00	0.06	16.00	12.00	4.80
0	20628	20621	0	0	2	0	800m	1.87g	38m	0	multi7:13.1%	0	0|0	0|2	9m	5m	114	17:08:25	13.92	0.00	15.89	0.15	0.61	69.44	dm-0	0.00	0.00	0.00	0.00	0.00	0.00	0.00	0.00	0.00	0.00	0.00
0	22519	22529	0	0	6	0	800m	1.87g	38m	0	multi7:15.9%	0	1|0	1|1	9m	6m	114	17:08:26	15.49	0.00	16.87	0.15	0.77	66.72	dm-0	0.00	0.00	0.00	0.00	0.00	0.00	0.00	0.00	0.00	0.00	0.00
0	25492	25487	0	0	4	0	800m	1.87g	37m	0	multi7:25.6%	0	2|0	1|1	11m	7m	114	17:08:27	18.69	0.00	22.04	0.00	1.12	58.15	dm-0	0.00	0.00	0.00	0.00	0.00	0.00	0.00	0.00	0.00	0.00	0.00
0	21792	21799	0	0	4	0	800m	1.87g	37m	0	multi7:18.3%	0	0|0	1|0	9m	6m	114	17:08:28	17.91	0.00	19.10	0.15	0.75	62.09	dm-0	0.00	0.00	0.00	0.00	0.00	0.00	0.00	0.00	0.00	0.00	0.00
0	19888	19889	0	0	4	0	800m	1.87g	37m	0	multi9:12.5%	0	1|0	1|2	9m	6m	114	17:08:29	16.10	0.00	14.75	0.45	0.60	68.11	dm-0	0.00	0.00	0.00	4.00	0.00	16.00	8.00	0.05	12.00	4.00	1.60
0	20902	20899	0	0	8	0	800m	1.87g	37m	0	multi9:17.8%	0	1|0	0|2	10m	6m	114	17:08:30	17.80	0.00	14.48	0.15	0.90	66.67	dm-0	0.00	0.00	0.00	0.00	0.00	0.00	0.00	0.00	0.00	0.00	0.00
0	24560	24566	0	0	3	0	800m	1.87g	37m	0	multi9:20.4%	0	1|0	0|0	13m	8m	114	17:08:31	21.79	0.00	23.34	0.15	0.77	53.94	dm-0	0.00	0.00	0.00	0.00	0.00	0.00	0.00	0.00	0.00	0.00	0.00
0	23913	23901	0	0	10	0	800m	1.87g	37m	0	multi9:18.5%	0	3|0	0|4	13m	8m	115	17:08:32	23.72	0.00	22.81	0.00	0.76	52.72	dm-0	0.00	0.00	0.00	0.00	0.00	0.00	0.00	0.00	0.00	0.00	0.00
0	22260	22260	0	0	6	0	800m	1.87g	37m	0	multi4:18.3%	0	1|0	3|1	13m	8m	115	17:08:33	24.51	0.00	19.40	0.30	0.75	55.04	dm-0	0.00	0.00	0.00	0.00	0.00	0.00	0.00	0.00	0.00	0.00	0.00
0	27574	27579	0	0	2	0	800m	1.87g	36m	0	multi4:21.6%	0	1|0	0|1	16m	9m	115	17:08:34	32.78	0.00	28.57	0.00	0.75	37.89	dm-0	0.00	0.00	0.00	4.00	0.00	16.00	8.00	0.02	5.00	3.00	1.20
0	27333	27331	0	0	7	0	800m	1.87g	36m	0	multi7:21.6%	0	1|0	0|1	16m	9m	115	17:08:35	32.61	0.00	29.21	0.15	0.93	37.09	dm-0	0.00	0.00	0.00	0.00	0.00	0.00	0.00	0.00	0.00	0.00	0.00
0	24350	24346	0	0	3	0	800m	1.87g	36m	0	multi7:21.6%	0	3|0	1|1	14m	8m	115	17:08:36	27.94	0.00	24.96	0.16	0.78	46.15	dm-0	0.00	0.00	0.00	0.00	0.00	0.00	0.00	0.00	0.00	0.00	0.00
0	23479	23484	0	0	3	0	800m	1.87g	37m	0	multi7:18.9%	0	4|0	0|0	13m	8m	115	17:08:37	29.06	0.00	25.00	0.16	0.78	45.00	dm-0	0.00	0.00	0.00	0.00	0.00	0.00	0.00	0.00	0.00	0.00	0.00
0	26302	26301	0	0	2	0	800m	1.87g	36m	0	multi9:21.1%	0	1|0	0|2	15m	9m	115	17:08:38	30.45	0.00	29.98	0.15	0.93	38.49	dm-0	0.00	0.00	0.00	0.00	0.00	0.00	0.00	0.00	0.00	0.00	0.00
0	26784	26779	0	0	6	0	800m	1.87g	36m	0	multi7:22.5%	0	4|0	2|3	15m	9m	115	17:08:39	36.39	0.00	32.97	0.16	0.78	29.70	dm-0	0.00	0.00	0.00	4.00	0.00	16.00	8.00	0.06	14.00	12.00	4.80
0	30073	30072	0	0	5	0	800m	1.87g	37m	0	multi8:26.8%	0	2|0	1|4	16m	10m	115	17:08:40	34.86	0.00	36.24	0.00	0.76	28.13	dm-0	0.00	0.00	0.00	0.00	0.00	0.00	0.00	0.00	0.00	0.00	0.00
0	28499	28508	0	0	5	1	800m	1.87g	37m	0	multi8:28.2%	0	1|0	1|2	13m	9m	115	17:08:42	34.03	0.00	29.25	3.58	0.75	32.39	dm-0	0.00	0.00	0.00	79.00	0.00	1108.00	28.05	1.14	14.38	4.00	31.60
0	35309	35286	0	0	4	0	800m	1.87g	36m	0	multi8:33.9%	0	12|0	2|0	15m	11m	115	17:08:43	36.05	0.00	39.67	0.30	0.75	23.23	dm-0	0.00	0.00	0.00	0.00	0.00	0.00	0.00	0.00	0.00	0.00	0.00
0	35304	35307	0	0	4	0	800m	1.87g	37m	0	multi7:31.9%	0	3|0	2|3	15m	11m	115	17:08:44	36.62	0.00	46.32	0.00	0.59	16.47	dm-0	0.00	0.00	0.00	0.00	0.00	0.00	0.00	0.00	0.00	0.00	0.00
0	36597	36596	0	0	7	0	800m	1.87g	37m	0	multi7:28.1%	0	0|0	1|1	15m	11m	115	17:08:45	36.86	0.00	41.24	0.15	0.91	20.85	dm-0	0.00	0.00	0.00	0.00	0.00	0.00	0.00	0.00	0.00	0.00	0.00
0	37295	37294	0	0	7	0	800m	1.87g	36m	0	multi7:29.3%	0	3|0	2|3	15m	10m	115	17:08:46	36.58	0.00	44.84	0.15	0.44	17.99	dm-0	0.00	0.00	0.00	0.00	0.00	0.00	0.00	0.00	0.00	0.00	0.00
0	36177	36186	0	0	3	0	800m	1.87g	37m	0	multi7:27.6%	0	1|0	2|2	14m	10m	115	17:08:47	35.80	0.00	45.41	0.00	0.74	18.05	dm-0	0.00	0.00	0.00	3.00	0.00	12.00	8.00	0.01	0.00	1.33	0.40
0	30333	30329	0	0	3	0	800m	1.87g	37m	0	multi4:24.9%	0	7|0	1|12	11m	7m	115	17:08:48	27.40	0.00	28.48	0.15	0.62	43.34	dm-0	0.00	0.00	0.00	1.00	0.00	4.00	8.00	0.00	16.00	4.00	0.40
0	32908	32882	0	0	2	0	800m	1.87g	36m	0	multi4:30.5%	0	1|0	2|0	13m	8m	115	17:08:49	33.28	0.00	41.60	0.16	0.78	24.18	dm-0	0.00	0.00	0.00	0.00	0.00	0.00	0.00	0.00	0.00	0.00	0.00
0	31591	31613	0	0	7	0	800m	1.87g	36m	0	multi4:25.7%	0	18|0	7|4	13m	9m	115	17:08:50	31.66	0.00	38.83	0.29	0.43	28.80	dm-0	0.00	0.00	0.00	0.00	0.00	0.00	0.00	0.00	0.00	0.00	0.00
0	25702	25660	0	0	4	0	800m	1.87g	37m	0	multi5:19.3%	0	0|0	0|0	11m	7m	115	17:08:51	27.93	0.00	29.06	0.00	0.56	42.45	dm-0	0.00	0.00	0.00	0.00	0.00	0.00	0.00	0.00	0.00	0.00	0.00
0	32235	32278	0	0	2	0	800m	1.87g	37m	0	multi7:22.4%	0	16|0	3|3	14m	9m	115	17:08:52	28.38	0.00	38.63	0.15	0.59	32.24	dm-0	0.00	0.00	0.00	0.00	0.00	0.00	0.00	0.00	0.00	0.00	0.00
0	36307	36299	0	0	5	0	800m	1.87g	37m	0	multi0:25.1%	0	13|0	2|2	17m	11m	115	17:08:53	33.90	0.00	41.56	0.15	0.92	23.47	dm-0	0.00	0.00	0.00	4.00	0.00	16.00	8.00	0.02	4.00	2.00	0.80
0	33301	33316	0	0	3	0	800m	1.87g	37m	0	multi5:23.0%	0	1|0	0|3	15m	10m	115	17:08:54	29.53	0.00	37.72	0.00	0.80	31.94	dm-0	0.00	0.00	0.00	0.00	0.00	0.00	0.00	0.00	0.00	0.00	0.00
0	30616	30609	0	0	5	0	800m	1.87g	37m	0	multi5:20.9%	0	15|0	2|4	14m	9m	115	17:08:55	26.45	0.00	28.17	0.31	0.94	44.13	dm-0	0.00	0.00	0.00	0.00	0.00	0.00	0.00	0.00	0.00	0.00	0.00
0	33749	33745	0	0	5	0	800m	1.87g	37m	0	multi7:25.6%	0	8|0	4|1	15m	10m	115	17:08:56	35.04	0.00	41.35	0.00	0.59	23.02	dm-0	0.00	0.00	0.00	0.00	0.00	0.00	0.00	0.00	0.00	0.00	0.00
0	34976	34974	0	0	3	0	800m	1.87g	38m	0	multi4:26.1%	0	4|0	0|5	16m	10m	115	17:08:57	32.47	0.00	35.83	0.00	0.92	30.78	dm-0	0.00	0.00	0.00	0.00	0.00	0.00	0.00	0.00	0.00	0.00	0.00
0	32105	32115	0	0	7	0	800m	1.87g	38m	0	multi4:20.1%	0	3|0	0|5	15m	9m	115	17:08:58	30.25	0.00	36.52	0.31	0.94	31.97	dm-0	0.00	0.00	0.00	4.00	0.00	16.00	8.00	0.03	7.00	3.00	1.20
0	34252	34253	0	0	2	0	800m	1.87g	38m	0	multi4:30.3%	0	5|0	0|2	16m	10m	115	17:08:59	37.05	0.00	49.49	0.00	0.43	13.02	dm-0	0.00	0.00	0.00	0.00	0.00	0.00	0.00	0.00	0.00	0.00	0.00
0	34662	34653	0	0	5	0	800m	1.87g	38m	0	multi4:30.1%	0	13|0	1|4	16m	10m	115	17:09:00	34.87	0.00	40.98	0.15	0.75	23.25	dm-0	0.00	0.00	0.00	0.00	0.00	0.00	0.00	0.00	0.00	0.00	0.00
0	32443	32454	0	0	4	0	800m	1.87g	38m	0	multi1:30.1%	0	2|0	3|12	16m	10m	115	17:09:01	35.72	0.00	42.00	0.00	0.75	21.52	dm-0	0.00	0.00	0.00	0.00	0.00	0.00	0.00	0.00	0.00	0.00	0.00
0	26242	26234	0	0	5	0	800m	1.87g	38m	0	multi1:24.2%	0	3|0	3|30	12m	8m	115	17:09:02	27.76	0.00	31.22	0.14	0.28	40.61	dm-0	0.00	0.00	0.00	0.00	0.00	0.00	0.00	0.00	0.00	0.00	0.00
0	32522	32532	0	0	5	0	800m	1.87g	38m	0	multi1:23.4%	0	1|0	1|2	16m	10m	115	17:09:03	37.18	0.00	41.07	0.14	0.58	21.04	dm-0	0.00	0.00	0.00	4.00	0.00	16.00	8.00	0.02	4.00	2.00	0.80
0	31511	31501	0	0	2	0	800m	1.87g	37m	0	multi8:29.7%	0	12|0	2|2	15m	9m	115	17:09:04	36.17	0.00	42.65	0.14	0.86	20.17	dm-0	0.00	0.00	0.00	0.00	0.00	0.00	0.00	0.00	0.00	0.00	0.00
0	30382	30390	0	0	6	0	800m	1.87g	38m	0	multi8:25.4%	0	2|0	1|2	15m	9m	115	17:09:05	32.99	0.00	39.50	0.00	0.59	26.92	dm-0	0.00	0.00	0.00	0.00	0.00	0.00	0.00	0.00	0.00	0.00	0.00
0	25784	25787	0	0	3	0	800m	1.87g	37m	0	multi7:17.4%	0	2|0	1|1	13m	8m	115	17:09:06	24.92	0.00	26.03	0.16	0.95	47.95	dm-0	0.00	0.00	0.00	0.00	0.00	0.00	0.00	0.00	0.00	0.00	0.00
0	24973	24972	0	0	4	0	800m	1.87g	38m	0	multi7:17.6%	0	0|0	0|1	12m	7m	115	17:09:07	22.09	0.00	22.09	0.30	0.91	54.61	dm-0	0.00	0.00	0.00	0.00	0.00	0.00	0.00	0.00	0.00	0.00	0.00
0	28242	28248	0	0	4	0	800m	1.87g	38m	0	multi7:16.8%	0	2|0	3|0	13m	9m	115	17:09:08	25.12	0.00	30.11	0.00	0.94	43.84	dm-0	0.00	0.00	0.00	0.00	0.00	0.00	0.00	0.00	0.00	0.00	0.00
0	26053	26052	0	0	7	0	800m	1.87g	38m	0	multi7:14.3%	0	0|0	0|0	12m	8m	115	17:09:09	19.84	0.00	21.13	0.16	0.81	58.06	dm-0	0.00	0.00	0.00	4.00	0.00	16.00	8.00	0.02	4.00	2.00	0.80
0	30482	30483	0	0	2	0	800m	1.87g	38m	0	multi7:21.4%	0	1|0	1|0	14m	9m	115	17:09:10	25.12	0.00	31.80	0.16	0.95	41.97	dm-0	0.00	0.00	0.00	0.00	0.00	0.00	0.00	0.00	0.00	0.00	0.00
0	29376	29365	0	0	5	0	800m	1.87g	37m	0	multi7:25.3%	0	4|0	0|1	13m	9m	115	17:09:11	21.97	0.00	28.76	0.16	0.81	48.30	dm-0	0.00	0.00	0.00	0.00	0.00	0.00	0.00	0.00	0.00	0.00	0.00
0	24040	24038	0	0	9	0	800m	1.87g	37m	0	multi7:17.7%	0	0|0	2|1	11m	7m	115	17:09:12	18.68	0.00	19.15	0.00	0.94	61.22	dm-0	0.00	0.00	0.00	0.00	0.00	0.00	0.00	0.00	0.00	0.00	0.00
0	29678	29674	0	0	5	0	800m	1.87g	37m	0	multi7:31.1%	0	22|1	1|2	13m	8m	115	17:09:13	26.13	0.00	34.27	0.16	0.94	38.50	dm-0	0.00	0.00	0.00	0.00	0.00	0.00	0.00	0.00	0.00	0.00	0.00
0	27491	27491	0	0	2	0	800m	1.87g	37m	0	multi7:23.0%	0	6|0	1|0	13m	9m	115	17:09:14	23.28	0.00	26.39	0.16	0.98	49.18	dm-0	0.00	0.00	0.00	4.00	0.00	16.00	8.00	0.02	6.00	2.00	0.80
0	28206	28207	0	0	6	0	800m	1.87g	38m	0	multi9:18.5%	0	23|0	2|3	13m	9m	115	17:09:15	19.87	0.00	23.47	0.16	0.78	55.71	dm-0	0.00	0.00	0.00	0.00	0.00	0.00	0.00	0.00	0.00	0.00	0.00
0	29395	29392	0	0	4	0	800m	1.87g	38m	0	multi7:19.2%	0	11|0	1|2	14m	9m	115	17:09:16	28.66	0.00	26.75	0.00	0.96	43.63	dm-0	0.00	0.00	0.00	0.00	0.00	0.00	0.00	0.00	0.00	0.00	0.00
0	31664	31675	0	0	6	0	800m	1.87g	37m	0	multi1:20.1%	0	1|0	0|2	15m	10m	116	17:09:17	29.00	0.00	32.13	0.16	0.78	37.93	dm-0	0.00	0.00	0.00	0.00	0.00	0.00	0.00	0.00	0.00	0.00	0.00
0	25406	25412	0	0	3	0	800m	1.87g	37m	0	multi9:15.4%	0	0|0	1|0	12m	8m	116	17:09:18	20.31	0.00	23.41	0.00	0.93	55.35	dm-0	0.00	0.00	0.00	0.00	0.00	0.00	0.00	0.00	0.00	0.00	0.00
0	26320	26278	0	0	4	0	800m	1.87g	37m	0	multi0:15.4%	0	0|0	0|0	12m	8m	116	17:09:19	17.11	0.00	22.62	0.15	0.45	59.67	dm-0	0.00	0.00	0.00	4.00	0.00	16.00	8.00	0.02	4.00	2.00	0.80
0	22639	22675	0	0	6	0	800m	1.87g	38m	0	multi3:11.6%	0	2|0	0|3	10m	7m	116	17:09:20	16.44	0.00	18.89	0.15	0.92	63.59	dm-0	0.00	0.00	0.00	0.00	0.00	0.00	0.00	0.00	0.00	0.00	0.00
0	23254	23262	0	0	3	0	800m	1.87g	38m	0	multi8:11.5%	0	1|0	0|0	11m	7m	116	17:09:21	17.76	0.00	19.31	0.16	0.78	61.99	dm-0	0.00	0.00	0.00	0.00	0.00	0.00	0.00	0.00	0.00	0.00	0.00
0	24771	24765	0	0	2	0	800m	1.87g	38m	0	multi3:14.8%	0	0|0	0|2	11m	7m	116	17:09:22	20.45	0.00	25.24	0.16	0.96	53.19	dm-0	0.00	0.00	0.00	0.00	0.00	0.00	0.00	0.00	0.00	0.00	0.00
0	28603	28605	0	0	5	0	800m	1.87g	38m	0	multi3:15.9%	0	1|0	0|1	13m	8m	116	17:09:23	24.48	0.00	29.44	0.16	0.96	44.96	dm-0	0.00	0.00	0.00	0.00	0.00	0.00	0.00	0.00	0.00	0.00	0.00
0	29434	29427	0	0	3	0	800m	1.87g	38m	0	multi3:18.5%	0	2|0	1|2	13m	9m	116	17:09:24	23.99	0.00	27.07	0.16	0.97	47.81	dm-0	0.00	0.00	0.00	0.00	0.00	0.00	0.00	0.00	0.00	0.00	0.00
0	30498	30494	0	0	5	0	800m	1.87g	38m	0	multi8:21.9%	0	6|0	3|2	14m	9m	116	17:09:25	26.75	0.00	32.17	0.00	0.96	40.13	dm-0	0.00	0.00	0.00	4.00	0.00	16.00	8.00	0.02	5.00	3.00	1.20
0	30952	30959	0	0	4	0	800m	1.87g	37m	0	multi8:20.9%	0	0|0	0|0	14m	9m	116	17:09:27	26.74	0.00	29.01	0.16	0.81	43.27	dm-0	0.00	0.00	0.00	0.00	0.00	0.00	0.00	0.00	0.00	0.00	0.00
0	26676	26681	0	0	9	0	800m	1.87g	38m	0	multi8:16.3%	0	1|0	1|1	12m	8m	116	17:09:28	19.78	0.00	23.58	0.16	1.11	55.38	dm-0	0.00	0.00	0.00	0.00	0.00	0.00	0.00	0.00	0.00	0.00	0.00
0	28518	28511	0	0	4	0	800m	1.87g	37m	0	multi1:13.5%	0	0|0	1|1	13m	8m	116	17:09:29	19.25	0.00	23.98	0.16	0.82	55.79	dm-0	0.00	0.00	0.00	0.00	0.00	0.00	0.00	0.00	0.00	0.00	0.00
0	32110	32108	0	0	4	0	800m	1.87g	37m	0	multi8:18.8%	0	1|0	2|1	15m	10m	116	17:09:30	31.02	0.00	30.25	0.00	0.77	37.96	dm-0	0.00	0.00	0.00	0.00	0.00	0.00	0.00	0.00	0.00	0.00	0.00
0	34701	34693	0	0	7	0	800m	1.87g	37m	0	multi1:23.6%	0	15|0	1|1	16m	10m	116	17:09:31	31.07	0.00	34.39	0.15	0.90	33.48	dm-0	0.00	0.00	0.00	4.00	0.00	16.00	8.00	0.02	4.00	2.00	0.80
0	34918	34916	0	0	6	0	800m	1.87g	37m	0	multi8:23.7%	0	9|0	0|4	16m	10m	116	17:09:32	33.98	0.00	41.20	0.15	0.60	24.06	dm-0	0.00	0.00	0.00	0.00	0.00	0.00	0.00	0.00	0.00	0.00	0.00
0	36872	36884	0	0	2	0	800m	1.87g	37m	0	multi7:26.0%	0	1|0	0|0	17m	11m	116	17:09:33	38.14	0.00	44.18	0.15	0.74	16.79	dm-0	0.00	0.00	0.00	0.00	0.00	0.00	0.00	0.00	0.00	0.00	0.00
0	33247	33247	0	0	2	0	800m	1.87g	37m	0	multi7:20.3%	0	1|0	1|2	15m	10m	116	17:09:34	28.34	0.00	36.55	0.00	0.97	34.14	dm-0	0.00	0.00	0.00	0.00	0.00	0.00	0.00	0.00	0.00	0.00	0.00
0	34180	34173	0	0	2	0	800m	1.87g	37m	0	multi2:21.8%	0	6|0	0|3	16m	10m	116	17:09:35	32.92	0.00	39.41	0.15	0.77	26.74	dm-0	0.00	0.00	0.00	0.00	0.00	0.00	0.00	0.00	0.00	0.00	0.00
0	32304	32293	0	0	3	0	800m	1.87g	37m	0	multi8:16.5%	0	22|0	5|4	15m	10m	116	17:09:36	27.55	0.00	31.05	0.16	0.96	40.29	dm-0	0.00	0.00	0.00	0.00	0.00	0.00	0.00	0.00	0.00	0.00	0.00
0	37627	37630	0	0	2	0	800m	1.87g	37m	0	multi2:26.5%	0	6|0	0|3	18m	12m	116	17:09:37	39.25	0.00	45.17	0.00	0.43	15.15	dm-0	0.00	0.00	0.00	4.00	0.00	16.00	8.00	0.02	4.00	2.00	0.80
0	38014	38024	0	0	3	0	800m	1.87g	37m	0	multi2:24.0%	0	4|0	4|0	17m	11m	116	17:09:38	39.61	0.00	42.45	0.15	0.75	17.04	dm-0	0.00	0.00	0.00	0.00	0.00	0.00	0.00	0.00	0.00	0.00	0.00
0	33700	33709	0	0	5	0	800m	1.87g	38m	0	multi2:22.0%	0	0|0	1|0	16m	10m	116	17:09:39	31.91	0.00	37.76	0.16	0.79	29.38	dm-0	0.00	0.00	0.00	0.00	0.00	0.00	0.00	0.00	0.00	0.00	0.00
0	30509	30507	0	0	3	0	800m	1.87g	38m	0	multi2:17.5%	0	9|0	5|1	14m	9m	116	17:09:40	26.92	0.00	28.21	0.00	0.80	44.07	dm-0	0.00	0.00	0.00	0.00	0.00	0.00	0.00	0.00	0.00	0.00	0.00
0	32337	32338	0	0	5	0	800m	1.87g	38m	0	multi2:21.4%	0	0|0	0|0	15m	10m	116	17:09:41	31.80	0.00	35.76	0.16	0.95	31.33	dm-0	0.00	0.00	0.00	0.00	0.00	0.00	0.00	0.00	0.00	0.00	0.00
0	24878	24874	0	0	3	1	800m	1.87g	37m	0	multi2:16.0%	0	4|0	2|1	11m	7m	116	17:09:42	20.41	0.00	22.78	6.07	0.59	50.15	dm-0	0.00	0.00	0.00	65.00	0.00	1256.00	38.65	1.26	19.32	6.65	43.20
0	33461	33442	0	0	7	0	800m	1.87g	37m	0	multi8:16.4%	0	8|0	1|3	15m	10m	116	17:09:43	30.77	0.00	31.23	0.15	0.92	36.92	dm-0	0.00	0.00	0.00	0.00	0.00	0.00	0.00	0.00	0.00	0.00	0.00
0	33232	33232	0	0	2	0	800m	1.87g	38m	0	multi0:18.4%	0	4|0	0|2	15m	10m	116	17:09:44	35.15	0.00	34.70	0.15	0.61	29.39	dm-0	0.00	0.00	0.00	0.00	0.00	0.00	0.00	0.00	0.00	0.00	0.00
0	29598	29613	0	0	4	0	800m	1.87g	38m	0	multi6:15.9%	0	0|0	0|0	14m	9m	116	17:09:45	27.74	0.00	26.29	0.16	0.97	44.84	dm-0	0.00	0.00	0.00	0.00	0.00	0.00	0.00	0.00	0.00	0.00	0.00
0	30820	30813	0	0	5	0	800m	1.87g	38m	0	multi9:16.7%	0	1|0	0|1	14m	10m	116	17:09:46	25.08	0.00	27.17	0.16	0.96	46.62	dm-0	0.00	0.00	0.00	0.00	0.00	0.00	0.00	0.00	0.00	0.00	0.00
0	28116	28122	0	0	3	0	800m	1.87g	38m	0	multi6:15.6%	0	2|0	1|0	13m	9m	116	17:09:47	23.29	0.00	22.96	0.16	0.81	52.77	dm-0	0.00	0.00	0.00	0.00	0.00	0.00	0.00	0.00	0.00	0.00	0.00
0	28735	28729	0	0	2	0	800m	1.87g	38m	0	multi0:14.8%	0	0|0	1|2	13m	9m	116	17:09:48	25.29	0.00	27.44	0.17	0.99	46.12	dm-0	0.00	0.00	0.00	4.00	0.00	16.00	8.00	0.02	5.00	3.00	1.20
0	29687	29688	0	0	2	0	800m	1.87g	38m	0	multi0:18.7%	0	1|0	0|2	14m	9m	116	17:09:49	23.73	0.00	27.00	0.00	1.15	48.12	dm-0	0.00	0.00	0.00	0.00	0.00	0.00	0.00	0.00	0.00	0.00	0.00
0	27869	27868	0	0	4	0	800m	1.87g	38m	0	multi0:17.2%	0	3|0	0|3	13m	8m	116	17:09:50	23.08	0.00	24.92	0.17	0.84	51.00	dm-0	0.00	0.00	0.00	0.00	0.00	0.00	0.00	0.00	0.00	0.00	0.00
0	26164	26166	0	0	5	0	800m	1.87g	37m	0	multi0:16.0%	0	0|0	1|2	12m	8m	116	17:09:51	18.78	0.00	19.13	0.17	1.04	60.87	dm-0	0.00	0.00	0.00	0.00	0.00	0.00	0.00	0.00	0.00	0.00	0.00
0	20897	20896	0	0	4	0	800m	1.87g	37m	0	multi0:10.4%	0	0|0	0|0	9m	6m	116	17:09:52	13.17	0.00	15.08	0.00	0.79	70.95	dm-0	0.00	0.00	0.00	0.00	0.00	0.00	0.00	0.00	0.00	0.00	0.00
0	13554	13559	0	0	2	0	800m	1.87g	37m	0	multi0:7.0%	0	0|0	0|2	6m	4m	116	17:09:53	7.31	0.00	7.61	0.00	0.61	84.47	dm-0	0.00	0.00	0.00	0.00	0.00	0.00	0.00	0.00	0.00	0.00	0.00
0	4946	4953	0	0	2	0	800m	1.87g	37m	0	multi7:2.5%	0	0|0	0|0	2m	1m	116	17:09:54	2.05	0.00	2.87	0.27	0.14	94.66	dm-0	0.00	0.00	0.00	0.00	0.00	0.00	0.00	0.00	0.00	0.00	0.00
0	347	347	0	0	2	0	800m	1.87g	37m	0	multi7:0.4%	0	0|0	0|0	158k	110k	116	17:09:55	0.00	0.00	0.51	0.00	0.00	99.49	dm-0	0.00	0.00	0.00	0.00	0.00	0.00	0.00	0.00	0.00	0.00	0.00
0	0	0	0	0	2	0	800m	1.87g	37m	0	multi9:0.0%	0	0|0	0|0	124b	7k	116	17:09:56	0.13	0.00	0.13	0.00	0.00	99.75	dm-0	0.00	0.00	0.00	0.00	0.00	0.00	0.00	0.00	0.00	0.00	0.00
0	0	0	0	0	2	0	800m	1.87g	37m	0	multi9:0.0%	0	0|0	0|0	124b	7k	116	17:09:57	0.13	0.00	0.13	0.00	0.00	99.75	dm-0	0.00	0.00	0.00	0.00	0.00	0.00	0.00	0.00	0.00	0.00	0.00
0	0	0	0	0	2	0	800m	1.87g	37m	0	multi9:0.0%	0	0|0	0|0	124b	7k	116	17:09:58	0.00	0.00	0.50	0.00	0.00	99.50	dm-0	0.00	0.00	0.00	0.00	0.00	0.00	0.00	0.00	0.00	0.00	0.00
0	0	0	0	0	2	0	800m	1.87g	37m	0	multi9:0.0%	0	0|0	0|0	124b	7k	116	17:09:59	0.13	0.00	0.25	0.00	0.00	99.62	dm-0	0.00	0.00	0.00	0.00	0.00	0.00	0.00	0.00	0.00	0.00	0.00
0	0	0	0	0	2	0	800m	1.87g	37m	0	multi3:0.0%	0	0|0	0|0	124b	7k	116	17:10:00	0.00	0.00	0.12	0.12	0.00	99.75	dm-0	0.00	0.00	0.00	0.00	0.00	0.00	0.00	0.00	0.00	0.00	0.00
0	0	0	0	0	2	0	800m	1.87g	37m	0	multi9:0.0%	0	0|0	0|0	124b	7k	116	17:10:01	0.12	0.00	0.38	0.00	0.00	99.50	dm-0	0.00	0.00	0.00	0.00	0.00	0.00	0.00	0.00	0.00	0.00	0.00
0	0	0	0	0	2	0	800m	1.87g	37m	0	multi9:0.0%	0	0|0	0|0	124b	7k	116	17:10:02	0.12	0.00	0.50	0.12	0.00	99.25	dm-0	0.00	0.00	0.00	0.00	0.00	0.00	0.00	0.00	0.00	0.00	0.00
0	0	0	0	0	2	0	800m	1.87g	37m	0	multi9:0.0%	0	0|0	0|0	124b	7k	116	17:10:03	0.00	0.00	0.25	0.00	0.00	99.75	dm-0	0.00	0.00	0.00	0.00	0.00	0.00	0.00	0.00	0.00	0.00	0.00
0	0	0	0	0	2	0	800m	1.87g	37m	0	multi9:0.0%	0	0|0	0|0	124b	7k	116	17:10:04	0.00	0.00	0.25	0.00	0.00	99.75	dm-0	0.00	0.00	0.00	0.00	0.00	0.00	0.00	0.00	0.00	0.00	0.00
0	0	0	0	0	2	0	800m	1.87g	37m	0	multi9:0.0%	0	0|0	0|0	124b	7k	116	17:10:05	0.00	0.00	0.25	0.00	0.12	99.62	dm-0	0.00	0.00	0.00	0.00	0.00	0.00	0.00	0.00	0.00	0.00	0.00
0	0	0	0	0	2	0	800m	1.87g	37m	0	multi9:0.0%	0	0|0	0|0	124b	7k	116	17:10:06	0.12	0.00	0.50	0.00	0.00	99.38	dm-0	0.00	0.00	0.00	0.00	0.00	0.00	0.00	0.00	0.00	0.00	0.00
0	0	0	0	0	2	0	800m	1.87g	37m	0	multi9:0.0%	0	0|0	0|0	124b	7k	116	17:10:07	0.00	0.00	0.13	0.00	0.00	99.87	dm-0	0.00	0.00	0.00	0.00	0.00	0.00	0.00	0.00	0.00	0.00	0.00
0	0	0	0	0	2	0	800m	1.87g	37m	0	multi9:0.0%	0	0|0	0|0	124b	7k	116	17:10:08	0.12	0.00	0.12	0.00	0.00	99.75	dm-0	0.00	0.00	0.00	0.00	0.00	0.00	0.00	0.00	0.00	0.00	0.00
0	0	0	0	0	2	0	800m	1.87g	37m	0	multi9:0.0%	0	0|0	0|0	124b	7k	116	17:10:09	0.00	0.00	0.50	0.00	0.00	99.50	dm-0	0.00	0.00	0.00	0.00	0.00	0.00	0.00	0.00	0.00	0.00	0.00
0	0	0	0	0	2	0	800m	1.87g	37m	0	multi9:0.0%	0	0|0	0|0	124b	7k	116	17:10:10	0.00	0.00	0.00	0.00	0.00	100.00	dm-0	0.00	0.00	0.00	0.00	0.00	0.00	0.00	0.00	0.00	0.00	0.00
0	0	0	0	0	2	0	800m	1.87g	37m	0	multi9:0.0%	0	0|0	0|0	124b	7k	116	17:10:11	0.00	0.00	0.38	0.00	0.00	99.62	dm-0	0.00	0.00	0.00	0.00	0.00	0.00	0.00	0.00	0.00	0.00	0.00
0	0	0	0	0	2	0	800m	1.87g	37m	0	multi9:0.0%	0	0|0	0|0	124b	7k	116	17:10:12	0.12	0.00	0.37	0.00	0.00	99.50	dm-0	0.00	0.00	0.00	0.00	0.00	0.00	0.00	0.00	0.00	0.00	0.00
0	0	0	0	0	2	0	800m	1.87g	37m	0	multi9:0.0%	0	0|0	0|0	124b	7k	116	17:10:13	0.00	0.00	0.25	0.00	0.00	99.75	dm-0	0.00	0.00	0.00	0.00	0.00	0.00	0.00	0.00	0.00	0.00	0.00
0	0	0	0	0	2	0	800m	1.87g	37m	0	multi9:0.0%	0	0|0	0|0	124b	7k	116	17:10:14	0.00	0.00	0.25	0.00	0.00	99.75	dm-0	0.00	0.00	0.00	0.00	0.00	0.00	0.00	0.00	0.00	0.00	0.00
0	0	0	0	0	2	0	800m	1.87g	37m	0	multi9:0.0%	0	0|0	0|0	124b	7k	116	17:10:15	0.12	0.00	0.50	0.00	0.00	99.38	dm-0	0.00	0.00	0.00	0.00	0.00	0.00	0.00	0.00	0.00	0.00	0.00
0	0	0	0	0	2	0	800m	1.87g	37m	0	multi9:0.0%	0	0|0	0|0	124b	7k	116	17:10:16	0.00	0.00	0.13	0.00	0.00	99.87	dm-0	0.00	0.00	0.00	0.00	0.00	0.00	0.00	0.00	0.00	0.00	0.00
0	0	0	0	0	2	0	800m	1.87g	37m	0	multi9:0.0%	0	0|0	0|0	124b	7k	116	17:10:17	0.00	0.00	0.38	0.00	0.00	99.62	dm-0	0.00	0.00	0.00	0.00	0.00	0.00	0.00	0.00	0.00	0.00	0.00
0	0	0	0	0	2	0	800m	1.87g	37m	0	.:0.1%	0	0|0	0|0	124b	7k	116	17:10:18	0.12	0.00	0.37	0.00	0.00	99.50	dm-0	0.00	0.00	0.00	0.00	0.00	0.00	0.00	0.00	0.00	0.00	0.00
0	0	0	0	0	2	0	800m	1.87g	37m	0	multi9:0.0%	0	0|0	0|0	124b	7k	116	17:10:19	0.00	0.00	0.13	0.00	0.00	99.87	dm-0	0.00	0.00	0.00	0.00	0.00	0.00	0.00	0.00	0.00	0.00	0.00
0	0	0	0	0	2	0	800m	1.87g	37m	0	local:0.0%	0	0|0	0|0	124b	7k	116	17:10:20	0.13	0.00	0.25	0.00	0.00	99.62	dm-0	0.00	0.00	0.00	0.00	0.00	0.00	0.00	0.00	0.00	0.00	0.00
0	0	0	0	0	2	0	800m	1.87g	37m	0	.:0.0%	0	0|0	0|0	124b	7k	116	17:10:21	0.12	0.00	0.25	0.00	0.00	99.63	dm-0	0.00	0.00	0.00	0.00	0.00	0.00	0.00	0.00	0.00	0.00	0.00
0	0	0	0	0	2	0	800m	1.87g	37m	0	multi9:0.0%	0	0|0	0|0	124b	7k	116	17:10:22	0.00	0.00	0.38	0.13	0.00	99.50	dm-0	0.00	0.00	0.00	0.00	0.00	0.00	0.00	0.00	0.00	0.00	0.00
0	0	0	0	0	2	0	800m	1.87g	37m	0	multi9:0.0%	0	0|0	0|0	124b	7k	116	17:10:24	0.00	0.00	0.25	0.00	0.00	99.75	dm-0	0.00	0.00	0.00	0.00	0.00	0.00	0.00	0.00	0.00	0.00	0.00
0	0	0	0	0	2	0	800m	1.87g	37m	0	multi9:0.0%	0	0|0	0|0	124b	7k	116	17:10:25	0.00	0.00	0.38	0.00	0.00	99.62	dm-0	0.00	0.00	0.00	0.00	0.00	0.00	0.00	0.00	0.00	0.00	0.00
0	0	0	0	0	2	0	800m	1.87g	37m	0	multi9:0.0%	0	0|0	0|0	124b	7k	116	17:10:26	0.12	0.00	0.37	0.00	0.00	99.50	dm-0	0.00	0.00	0.00	0.00	0.00	0.00	0.00	0.00	0.00	0.00	0.00
0	0	0	0	0	2	0	800m	1.87g	37m	0	multi9:0.0%	0	0|0	0|0	124b	7k	116	17:10:27	0.00	0.00	0.38	0.00	0.00	99.62	dm-0	0.00	0.00	0.00	0.00	0.00	0.00	0.00	0.00	0.00	0.00	0.00
0	0	0	0	0	2	0	800m	1.87g	37m	0	multi1:0.0%	0	0|0	0|0	124b	7k	116	17:10:28	0.12	0.00	0.12	0.12	0.00	99.62	dm-0	0.00	0.00	0.00	0.00	0.00	0.00	0.00	0.00	0.00	0.00	0.00
0	0	0	0	0	2	0	800m	1.87g	37m	0	multi9:0.0%	0	0|0	0|0	124b	7k	116	17:10:29	0.12	0.00	0.50	0.00	0.00	99.38	dm-0	0.00	0.00	0.00	0.00	0.00	0.00	0.00	0.00	0.00	0.00	0.00
0	0	0	0	0	2	0	800m	1.87g	37m	0	multi9:0.0%	0	0|0	0|0	124b	7k	116	17:10:30	0.00	0.00	0.13	0.00	0.00	99.87	dm-0	0.00	0.00	0.00	0.00	0.00	0.00	0.00	0.00	0.00	0.00	0.00
0	0	0	0	0	2	0	800m	1.87g	37m	0	multi9:0.0%	0	0|0	0|0	124b	7k	116	17:10:31	0.00	0.00	0.25	0.00	0.00	99.75	dm-0	0.00	0.00	0.00	0.00	0.00	0.00	0.00	0.00	0.00	0.00	0.00
0	0	0	0	0	2	0	800m	1.87g	37m	0	multi9:0.0%	0	0|0	0|0	124b	7k	116	17:10:32	0.00	0.00	0.38	0.00	0.12	99.50	dm-0	0.00	0.00	0.00	0.00	0.00	0.00	0.00	0.00	0.00	0.00	0.00
0	0	0	0	0	2	0	800m	1.87g	37m	0	multi9:0.0%	0	0|0	0|0	124b	7k	116	17:10:33	0.12	0.00	0.38	0.00	0.00	99.50	dm-0	0.00	0.00	0.00	0.00	0.00	0.00	0.00	0.00	0.00	0.00	0.00
0	0	0	0	0	2	0	800m	1.87g	37m	0	multi9:0.0%	0	0|0	0|0	124b	7k	116	17:10:34	0.00	0.00	0.13	0.00	0.00	99.87	dm-0	0.00	0.00	0.00	0.00	0.00	0.00	0.00	0.00	0.00	0.00	0.00
0	0	0	0	0	2	0	800m	1.87g	37m	0	multi9:0.0%	0	0|0	0|0	124b	7k	116	17:10:35	0.12	0.00	0.38	0.00	0.00	99.50	dm-0	0.00	0.00	0.00	0.00	0.00	0.00	0.00	0.00	0.00	0.00	0.00
0	0	0	0	0	2	0	800m	1.87g	37m	0	multi9:0.0%	0	0|0	0|0	124b	7k	116	17:10:36	0.00	0.00	0.38	0.00	0.00	99.62	dm-0	0.00	0.00	0.00	0.00	0.00	0.00	0.00	0.00	0.00	0.00	0.00
0	0	0	0	0	2	0	800m	1.87g	37m	0	multi9:0.0%	0	0|0	0|0	124b	7k	116	17:10:37	0.00	0.00	0.13	0.00	0.00	99.87	dm-0	0.00	0.00	0.00	0.00	0.00	0.00	0.00	0.00	0.00	0.00	0.00
0	0	0	0	0	2	0	800m	1.87g	37m	0	multi9:0.0%	0	0|0	0|0	124b	7k	116	17:10:38	0.00	0.00	0.38	0.00	0.00	99.62	dm-0	0.00	0.00	0.00	0.00	0.00	0.00	0.00	0.00	0.00	0.00	0.00
0	0	0	0	0	2	0	800m	1.87g	37m	0	multi9:0.0%	0	0|0	0|0	124b	7k	116	17:10:39	0.00	0.00	0.38	0.00	0.00	99.62	dm-0	0.00	0.00	0.00	0.00	0.00	0.00	0.00	0.00	0.00	0.00	0.00
0	0	0	0	0	2	0	800m	1.87g	37m	0	multi9:0.0%	0	0|0	0|0	124b	7k	116	17:10:40	0.12	0.00	0.37	0.00	0.00	99.50	dm-0	0.00	0.00	0.00	0.00	0.00	0.00	0.00	0.00	0.00	0.00	0.00
0	0	0	0	0	2	0	800m	1.87g	37m	0	multi9:0.0%	0	0|0	0|0	124b	7k	116	17:10:41	0.13	0.00	0.13	0.00	0.00	99.75	dm-0	0.00	0.00	0.00	0.00	0.00	0.00	0.00	0.00	0.00	0.00	0.00
0	0	0	0	0	2	1	800m	1.87g	37m	0	multi9:0.0%	0	0|0	0|0	124b	7k	116	17:10:42	0.12	0.00	0.37	1.00	0.00	98.50	dm-0	0.00	0.00	0.00	63.00	0.00	636.00	20.19	0.30	4.76	1.40	8.80
0	12	0	0	0	2	0	800m	1.87g	37m	0	multi9:0.0%	0	0|0	0|0	124b	7k	116	17:10:43	0.12	0.00	0.37	0.12	0.00	99.38	dm-0	0.00	0.00	0.00	0.00	0.00	0.00	0.00	0.00	0.00	0.00	0.00
0	0	0	0	0	2	0	800m	1.87g	37m	0	multi6:0.0%	0	0|0	0|0	124b	7k	116	17:10:44	0.13	0.00	0.25	0.00	0.00	99.62	dm-0	0.00	0.00	0.00	0.00	0.00	0.00	0.00	0.00	0.00	0.00	0.00
0	0	0	0	0	2	0	800m	1.87g	37m	0	multi9:0.0%	0	0|0	0|0	124b	7k	116	17:10:45	0.12	0.00	0.25	0.00	0.00	99.62	dm-0	0.00	0.00	0.00	0.00	0.00	0.00	0.00	0.00	0.00	0.00	0.00
0	0	0	0	0	2	0	800m	1.87g	37m	0	multi9:0.0%	0	0|0	0|0	124b	7k	116	17:10:46	0.00	0.00	0.50	0.00	0.00	99.50	dm-0	0.00	0.00	0.00	0.00	0.00	0.00	0.00	0.00	0.00	0.00	0.00
0	0	0	0	0	2	0	800m	1.87g	37m	0	multi9:0.0%	0	0|0	0|0	124b	7k	116	17:10:47	0.00	0.00	0.25	0.00	0.00	99.75	dm-0	0.00	0.00	0.00	0.00	0.00	0.00	0.00	0.00	0.00	0.00	0.00
0	0	0	0	0	2	0	800m	1.87g	37m	0	multi9:0.0%	0	0|0	0|0	124b	7k	116	17:10:48	0.00	0.00	0.25	0.13	0.00	99.62	dm-0	0.00	0.00	0.00	1.00	0.00	4.00	8.00	0.00	4.00	4.00	0.40
0	0	0	0	0	2	0	800m	1.87g	37m	0	multi9:0.0%	0	0|0	0|0	124b	7k	116	17:10:49	0.00	0.00	0.62	0.00	0.00	99.38	dm-0	0.00	0.00	0.00	0.00	0.00	0.00	0.00	0.00	0.00	0.00	0.00
0	0	0	0	0	2	0	800m	1.87g	37m	0	.:0.0%	0	0|0	0|0	124b	7k	116	17:10:50	0.13	0.00	0.25	0.00	0.00	99.62	dm-0	0.00	0.00	0.00	0.00	0.00	0.00	0.00	0.00	0.00	0.00	0.00
0	0	0	0	0	2	0	800m	1.87g	37m	0	multi9:0.0%	0	0|0	0|0	124b	7k	116	17:10:51	0.00	0.00	0.25	0.00	0.00	99.75	dm-0	0.00	0.00	0.00	0.00	0.00	0.00	0.00	0.00	0.00	0.00	0.00
0	0	0	0	0	2	0	800m	1.87g	37m	0	.:0.1%	0	0|0	0|0	124b	7k	116	17:10:52	0.12	0.00	0.37	0.00	0.00	99.50	dm-0	0.00	0.00	0.00	0.00	0.00	0.00	0.00	0.00	0.00	0.00	0.00
0	0	0	0	0	2	0	800m	1.87g	37m	0	multi9:0.0%	0	0|0	0|0	124b	7k	116	17:10:53	0.00	0.00	0.25	0.00	0.00	99.75	dm-0	0.00	0.00	0.00	0.00	0.00	0.00	0.00	0.00	0.00	0.00	0.00
0	0	0	0	0	9	0	800m	1.87g	37m	0	multi8:0.0%	0	0|0	0|0	635b	7k	116	17:10:54	0.00	0.00	0.25	0.00	0.00	99.75	dm-0	0.00	0.00	0.00	0.00	0.00	0.00	0.00	0.00	0.00	0.00	0.00
0	0	0	0	0	2	0	800m	1.87g	37m	0	multi9:0.0%	0	0|0	0|0	124b	7k	116	17:10:55	0.12	0.00	0.37	0.00	0.00	99.50	dm-0	0.00	0.00	0.00	0.00	0.00	0.00	0.00	0.00	0.00	0.00	0.00
0	0	0	0	0	9	0	800m	1.87g	37m	0	multi9:0.0%	0	0|0	0|0	635b	7k	116	17:10:56	0.00	0.00	0.50	0.00	0.00	99.50	dm-0	0.00	0.00	0.00	0.00	0.00	0.00	0.00	0.00	0.00	0.00	0.00
0	0	0	0	0	2	0	800m	1.87g	37m	0	multi9:0.0%	0	0|0	0|0	124b	7k	116	17:10:57	0.00	0.00	0.25	0.00	0.00	99.75	dm-0	0.00	0.00	0.00	0.00	0.00	0.00	0.00	0.00	0.00	0.00	0.00
0	0	0	0	0	3	0	800m	1.87g	37m	0	multi7:0.0%	0	0|0	0|0	197b	7k	116	17:10:58	0.00	0.00	0.50	0.12	0.00	99.38	dm-0	0.00	0.00	0.00	0.00	0.00	0.00	0.00	0.00	0.00	0.00	0.00
0	0	0	0	0	2	0	800m	1.87g	37m	0	admin:0.0%	0	0|0	0|0	124b	7k	116	17:10:59	0.12	0.00	0.25	0.00	0.00	99.62	dm-0	0.00	0.00	0.00	0.00	0.00	0.00	0.00	0.00	0.00	0.00	0.00
0	0	0	0	0	2	0	800m	1.87g	37m	0	multi9:0.0%	0	0|0	0|0	124b	7k	116	17:11:00	0.00	0.00	0.13	0.13	0.00	99.75	dm-0	0.00	0.00	0.00	0.00	0.00	0.00	0.00	0.00	0.00	0.00	0.00
0	0	0	0	0	2	0	800m	1.87g	37m	0	multi9:0.0%	0	0|0	0|0	124b	7k	116	17:11:01	0.13	0.00	0.13	0.00	0.00	99.75	dm-0	0.00	0.00	0.00	0.00	0.00	0.00	0.00	0.00	0.00	0.00	0.00
0	0	0	0	0	2	0	800m	1.87g	37m	0	multi9:0.0%	0	0|0	0|0	124b	7k	116	17:11:02	0.12	0.00	0.50	0.00	0.00	99.38	dm-0	0.00	0.00	0.00	0.00	0.00	0.00	0.00	0.00	0.00	0.00	0.00
0	0	0	0	0	2	0	800m	1.87g	37m	0	multi9:0.0%	0	0|0	0|0	124b	7k	116	17:11:03	0.00	0.00	0.38	0.00	0.00	99.62	dm-0	0.00	0.00	0.00	0.00	0.00	0.00	0.00	0.00	0.00	0.00	0.00
0	0	0	0	0	2	0	800m	1.87g	37m	0	multi9:0.0%	0	0|0	0|0	124b	7k	116	17:11:04	0.00	0.00	0.13	0.00	0.00	99.87	dm-0	0.00	0.00	0.00	0.00	0.00	0.00	0.00	0.00	0.00	0.00	0.00
0	0	0	0	0	2	0	800m	1.87g	37m	0	multi0:0.0%	0	0|0	0|0	124b	7k	116	17:11:05	0.13	0.00	0.25	0.00	0.00	99.62	dm-0	0.00	0.00	0.00	0.00	0.00	0.00	0.00	0.00	0.00	0.00	0.00
0	0	0	0	0	2	0	800m	1.87g	37m	0	multi9:0.0%	0	0|0	0|0	124b	7k	116	17:11:06	0.00	0.00	0.50	0.00	0.00	99.50	dm-0	0.00	0.00	0.00	0.00	0.00	0.00	0.00	0.00	0.00	0.00	0.00
0	0	0	0	0	2	0	800m	1.87g	37m	0	multi9:0.0%	0	0|0	0|0	124b	7k	116	17:11:07	0.00	0.00	0.25	0.00	0.00	99.75	dm-0	0.00	0.00	0.00	0.00	0.00	0.00	0.00	0.00	0.00	0.00	0.00
0	0	0	0	0	2	0	800m	1.87g	37m	0	multi9:0.0%	0	0|0	0|0	124b	7k	116	17:11:08	0.13	0.00	0.13	0.00	0.00	99.75	dm-0	0.00	0.00	0.00	0.00	0.00	0.00	0.00	0.00	0.00	0.00	0.00
0	0	0	0	0	2	0	800m	1.87g	37m	0	multi9:0.0%	0	0|0	0|0	124b	7k	116	17:11:09	0.12	0.00	0.38	0.00	0.00	99.50	dm-0	0.00	0.00	0.00	0.00	0.00	0.00	0.00	0.00	0.00	0.00	0.00
0	0	0	0	0	2	0	800m	1.87g	37m	0	multi9:0.0%	0	0|0	0|0	124b	7k	116	17:11:10	0.12	0.00	0.25	0.00	0.00	99.62	dm-0	0.00	0.00	0.00	0.00	0.00	0.00	0.00	0.00	0.00	0.00	0.00
0	0	0	0	0	2	0	800m	1.87g	37m	0	multi9:0.0%	0	0|0	0|0	124b	7k	116	17:11:11	0.00	0.00	0.13	0.00	0.13	99.75	dm-0	0.00	0.00	0.00	0.00	0.00	0.00	0.00	0.00	0.00	0.00	0.00
0	0	0	0	0	2	0	800m	1.87g	37m	0	multi9:0.0%	0	0|0	0|0	124b	7k	116	17:11:12	0.00	0.00	0.38	0.00	0.00	99.62	dm-0	0.00	0.00	0.00	0.00	0.00	0.00	0.00	0.00	0.00	0.00	0.00
0	0	0	0	0	2	0	800m	1.87g	37m	0	multi9:0.0%	0	0|0	0|0	124b	7k	116	17:11:13	0.12	0.00	0.38	0.12	0.00	99.38	dm-0	0.00	0.00	0.00	0.00	0.00	0.00	0.00	0.00	0.00	0.00	0.00
0	0	0	0	0	2	0	800m	1.87g	37m	0	multi9:0.0%	0	0|0	0|0	124b	7k	116	17:11:14	0.00	0.00	0.13	0.00	0.00	99.87	dm-0	0.00	0.00	0.00	0.00	0.00	0.00	0.00	0.00	0.00	0.00	0.00
0	0	0	0	0	2	0	800m	1.87g	37m	0	multi9:0.0%	0	0|0	0|0	124b	7k	116	17:11:15	0.00	0.00	0.38	0.00	0.00	99.62	dm-0	0.00	0.00	0.00	0.00	0.00	0.00	0.00	0.00	0.00	0.00	0.00
0	0	0	0	0	2	0	800m	1.87g	37m	0	multi9:0.0%	0	0|0	0|0	124b	7k	116	17:11:16	0.13	0.00	0.00	0.00	0.00	99.87	dm-0	0.00	0.00	0.00	0.00	0.00	0.00	0.00	0.00	0.00	0.00	0.00
0	0	0	0	0	2	0	800m	1.87g	37m	0	multi9:0.0%	0	0|0	0|0	124b	7k	116	17:11:17	0.00	0.00	0.13	0.00	0.00	99.87	dm-0	0.00	0.00	0.00	0.00	0.00	0.00	0.00	0.00	0.00	0.00	0.00
0	0	0	0	0	2	0	800m	1.87g	37m	0	.:0.0%	0	0|0	0|0	124b	7k	116	17:11:18	0.13	0.00	0.13	0.00	0.00	99.75	dm-0	0.00	0.00	0.00	0.00	0.00	0.00	0.00	0.00	0.00	0.00	0.00
0	0	0	0	0	2	0	800m	1.87g	37m	0	multi9:0.0%	0	0|0	0|0	124b	7k	116	17:11:19	0.12	0.00	0.37	0.00	0.00	99.50	dm-0	0.00	0.00	0.00	0.00	0.00	0.00	0.00	0.00	0.00	0.00	0.00
0	0	0	0	0	2	0	800m	1.87g	37m	0	multi9:0.0%	0	0|0	0|0	124b	7k	116	17:11:20	0.00	0.00	0.25	0.00	0.00	99.75	dm-0	0.00	0.00	0.00	0.00	0.00	0.00	0.00	0.00	0.00	0.00	0.00
0	0	0	0	0	2	0	800m	1.87g	37m	0	multi9:0.0%	0	0|0	0|0	124b	7k	116	17:11:21	0.00	0.00	0.25	0.00	0.00	99.75	dm-0	0.00	0.00	0.00	0.00	0.00	0.00	0.00	0.00	0.00	0.00	0.00
0	0	0	0	0	2	0	800m	1.87g	37m	0	multi9:0.0%	0	0|0	0|0	124b	7k	116	17:11:22	0.12	0.00	0.37	0.12	0.00	99.38	dm-0	0.00	0.00	0.00	0.00	0.00	0.00	0.00	0.00	0.00	0.00	0.00
0	0	0	0	0	2	0	800m	1.87g	37m	0	multi9:0.0%	0	0|0	0|0	124b	7k	116	17:11:23	0.00	0.00	0.38	0.00	0.00	99.62	dm-0	0.00	0.00	0.00	0.00	0.00	0.00	0.00	0.00	0.00	0.00	0.00
0	0	0	0	0	2	0	800m	1.87g	37m	0	multi9:0.0%	0	0|0	0|0	124b	7k	116	17:11:24	0.00	0.00	0.13	0.00	0.00	99.87	dm-0	0.00	0.00	0.00	0.00	0.00	0.00	0.00	0.00	0.00	0.00	0.00
0	0	0	0	0	2	0	800m	1.87g	37m	0	multi9:0.0%	0	0|0	0|0	124b	7k	116	17:11:25	0.12	0.00	0.37	0.00	0.00	99.50	dm-0	0.00	0.00	0.00	0.00	0.00	0.00	0.00	0.00	0.00	0.00	0.00
0	0	0	0	0	2	0	800m	1.87g	37m	0	multi9:0.0%	0	0|0	0|0	124b	7k	116	17:11:26	0.12	0.00	0.25	0.00	0.00	99.62	dm-0	0.00	0.00	0.00	0.00	0.00	0.00	0.00	0.00	0.00	0.00	0.00
0	0	0	0	0	2	0	800m	1.87g	37m	0	multi9:0.0%	0	0|0	0|0	124b	7k	116	17:11:27	0.00	0.00	0.25	0.00	0.00	99.75	dm-0	0.00	0.00	0.00	0.00	0.00	0.00	0.00	0.00	0.00	0.00	0.00
0	0	0	0	0	2	0	800m	1.87g	37m	0	multi4:0.1%	0	0|0	0|0	124b	7k	116	17:11:28	0.12	0.00	0.25	0.00	0.00	99.63	dm-0	0.00	0.00	0.00	0.00	0.00	0.00	0.00	0.00	0.00	0.00	0.00
0	0	0	0	0	2	0	800m	1.87g	37m	0	multi2:0.0%	0	0|0	0|0	124b	7k	116	17:11:29	0.13	0.00	0.25	0.25	0.00	99.37	dm-0	0.00	0.00	0.00	0.00	0.00	0.00	0.00	0.00	0.00	0.00	0.00
0	0	0	0	0	2	0	800m	1.87g	37m	0	multi9:0.0%	0	0|0	0|0	124b	7k	116	17:11:30	0.00	0.00	0.13	0.00	0.00	99.87	dm-0	0.00	0.00	0.00	0.00	0.00	0.00	0.00	0.00	0.00	0.00	0.00
0	0	0	0	0	2	0	800m	1.87g	37m	0	multi9:0.0%	0	0|0	0|0	124b	7k	116	17:11:31	0.00	0.00	0.38	0.00	0.00	99.62	dm-0	0.00	0.00	0.00	0.00	0.00	0.00	0.00	0.00	0.00	0.00	0.00
0	0	0	0	0	2	0	800m	1.87g	37m	0	multi9:0.0%	0	0|0	0|0	124b	7k	116	17:11:32	0.12	0.00	0.38	0.00	0.00	99.50	dm-0	0.00	0.00	0.00	0.00	0.00	0.00	0.00	0.00	0.00	0.00	0.00
0	0	0	0	0	2	0	800m	1.87g	37m	0	multi9:0.0%	0	0|0	0|0	124b	7k	116	17:11:33	0.00	0.00	0.25	0.00	0.00	99.75	dm-0	0.00	0.00	0.00	0.00	0.00	0.00	0.00	0.00	0.00	0.00	0.00
0	0	0	0	0	2	0	800m	1.87g	37m	0	multi9:0.0%	0	0|0	0|0	124b	7k	116	17:11:34	0.12	0.00	0.25	0.00	0.00	99.62	dm-0	0.00	0.00	0.00	0.00	0.00	0.00	0.00	0.00	0.00	0.00	0.00
0	0	0	0	0	2	0	800m	1.87g	37m	0	multi9:0.0%	0	0|0	0|0	124b	7k	116	17:11:36	0.13	0.00	0.25	0.00	0.00	99.62	dm-0	0.00	0.00	0.00	0.00	0.00	0.00	0.00	0.00	0.00	0.00	0.00
0	0	0	0	0	2	0	800m	1.87g	37m	0	multi5:0.0%	0	0|0	0|0	124b	7k	116	17:11:37	0.00	0.00	0.38	0.00	0.00	99.62	dm-0	0.00	0.00	0.00	0.00	0.00	0.00	0.00	0.00	0.00	0.00	0.00
0	0	0	0	0	2	0	800m	1.87g	37m	0	multi9:0.0%	0	0|0	0|0	124b	7k	116	17:11:38	0.12	0.00	0.25	0.12	0.00	99.50	dm-0	0.00	0.00	0.00	0.00	0.00	0.00	0.00	0.00	0.00	0.00	0.00
0	0	0	0	0	2	0	800m	1.87g	37m	0	multi9:0.0%	0	0|0	0|0	124b	7k	116	17:11:39	0.00	0.00	0.38	0.00	0.00	99.62	dm-0	0.00	0.00	0.00	0.00	0.00	0.00	0.00	0.00	0.00	0.00	0.00
0	0	0	0	0	2	0	800m	1.87g	37m	0	multi9:0.0%	0	0|0	0|0	124b	7k	116	17:11:40	0.12	0.00	0.38	0.00	0.00	99.50	dm-0	0.00	0.00	0.00	0.00	0.00	0.00	0.00	0.00	0.00	0.00	0.00
0	0	0	0	0	2	0	800m	1.87g	37m	0	multi9:0.0%	0	0|0	0|0	124b	7k	116	17:11:41	0.00	0.00	0.13	0.00	0.00	99.87	dm-0	0.00	0.00	0.00	0.00	0.00	0.00	0.00	0.00	0.00	0.00	0.00
0	0	0	0	0	2	1	800m	1.87g	37m	0	multi9:0.0%	0	0|0	0|0	124b	7k	116	17:11:42	0.00	0.00	0.25	0.00	0.00	99.75	dm-0	0.00	0.00	0.00	20.00	0.00	0.00	0.00	0.00	0.00	0.00	0.00
0	12	0	0	0	2	0	800m	1.87g	37m	0	multi9:0.0%	0	0|0	0|0	124b	7k	116	17:11:43	0.12	0.00	0.38	0.00	0.00	99.50	dm-0	0.00	0.00	0.00	0.00	0.00	0.00	0.00	0.00	0.00	0.00	0.00
0	0	0	0	0	2	0	800m	1.87g	37m	0	multi9:0.0%	0	0|0	0|0	124b	7k	116	17:11:44	0.12	0.00	0.37	0.00	0.00	99.50	dm-0	0.00	0.00	0.00	0.00	0.00	0.00	0.00	0.00	0.00	0.00	0.00
0	0	0	0	0	2	0	800m	1.87g	37m	0	multi9:0.0%	0	0|0	0|0	124b	7k	116	17:11:45	0.00	0.00	0.25	0.00	0.00	99.75	dm-0	0.00	0.00	0.00	0.00	0.00	0.00	0.00	0.00	0.00	0.00	0.00
0	0	0	0	0	2	0	800m	1.87g	37m	0	multi9:0.0%	0	0|0	0|0	124b	7k	116	17:11:46	0.12	0.00	0.37	0.00	0.00	99.50	dm-0	0.00	0.00	0.00	0.00	0.00	0.00	0.00	0.00	0.00	0.00	0.00
0	0	0	0	0	2	0	800m	1.87g	37m	0	.:0.0%	0	0|0	0|0	124b	7k	116	17:11:47	0.00	0.00	0.50	0.00	0.00	99.50	dm-0	0.00	0.00	0.00	0.00	0.00	0.00	0.00	0.00	0.00	0.00	0.00
0	0	0	0	0	2	0	800m	1.87g	37m	0	multi9:0.0%	0	0|0	0|0	124b	7k	116	17:11:48	0.00	0.00	0.13	0.00	0.00	99.87	dm-0	0.00	0.00	0.00	0.00	0.00	0.00	0.00	0.00	0.00	0.00	0.00
0	0	0	0	0	2	0	800m	1.87g	37m	0	multi3:0.0%	0	0|0	0|0	124b	7k	116	17:11:49	0.13	0.00	0.25	0.00	0.00	99.62	dm-0	0.00	0.00	0.00	0.00	0.00	0.00	0.00	0.00	0.00	0.00	0.00
0	0	0	0	0	2	0	800m	1.87g	37m	0	multi9:0.0%	0	0|0	0|0	124b	7k	116	17:11:50	0.12	0.00	0.50	0.00	0.00	99.38	dm-0	0.00	0.00	0.00	0.00	0.00	0.00	0.00	0.00	0.00	0.00	0.00
0	0	0	0	0	2	0	800m	1.87g	37m	0	local:0.0%	0	0|0	0|0	124b	7k	116	17:11:51	0.12	0.00	0.38	0.00	0.00	99.50	dm-0	0.00	0.00	0.00	0.00	0.00	0.00	0.00	0.00	0.00	0.00	0.00
0	0	0	0	0	2	0	800m	1.87g	37m	0	multi9:0.0%	0	0|0	0|0	124b	7k	116	17:11:52	0.00	0.00	0.12	0.12	0.00	99.75	dm-0	0.00	0.00	0.00	0.00	0.00	0.00	0.00	0.00	0.00	0.00	0.00
0	0	0	0	0	2	0	800m	1.87g	37m	0	multi9:0.0%	0	0|0	0|0	124b	7k	116	17:11:53	0.00	0.00	0.38	0.00	0.00	99.62	dm-0	0.00	0.00	0.00	0.00	0.00	0.00	0.00	0.00	0.00	0.00	0.00
0	0	0	0	0	2	0	800m	1.87g	37m	0	multi9:0.0%	0	0|0	0|0	124b	7k	116	17:11:54	0.00	0.00	0.50	0.00	0.00	99.50	dm-0	0.00	0.00	0.00	0.00	0.00	0.00	0.00	0.00	0.00	0.00	0.00
0	0	0	0	0	2	0	800m	1.87g	37m	0	multi9:0.0%	0	0|0	0|0	124b	7k	116	17:11:55	0.12	0.00	0.25	0.00	0.00	99.62	dm-0	0.00	0.00	0.00	0.00	0.00	0.00	0.00	0.00	0.00	0.00	0.00
0	0	0	0	0	2	0	800m	1.87g	37m	0	multi9:0.0%	0	0|0	0|0	124b	7k	116	17:11:56	0.00	0.00	0.25	0.00	0.00	99.75	dm-0	0.00	0.00	0.00	0.00	0.00	0.00	0.00	0.00	0.00	0.00	0.00
0	0	0	0	0	2	0	800m	1.87g	37m	0	multi9:0.0%	0	0|0	0|0	124b	7k	116	17:11:57	0.00	0.00	0.25	0.00	0.00	99.75	dm-0	0.00	0.00	0.00	0.00	0.00	0.00	0.00	0.00	0.00	0.00	0.00
0	0	0	0	0	2	0	800m	1.87g	37m	0	multi9:0.0%	0	0|0	0|0	124b	7k	116	17:11:58	0.12	0.00	0.38	0.00	0.00	99.50	dm-0	0.00	0.00	0.00	0.00	0.00	0.00	0.00	0.00	0.00	0.00	0.00
0	0	0	0	0	2	0	800m	1.87g	37m	0	multi9:0.0%	0	0|0	0|0	124b	7k	116	17:11:59	0.13	0.00	0.13	0.00	0.00	99.75	dm-0	0.00	0.00	0.00	0.00	0.00	0.00	0.00	0.00	0.00	0.00	0.00
0	0	0	0	0	2	0	800m	1.87g	37m	0	multi9:0.0%	0	0|0	0|0	124b	7k	116	17:12:00	0.00	0.00	0.25	0.00	0.00	99.75	dm-0	0.00	0.00	0.00	0.00	0.00	0.00	0.00	0.00	0.00	0.00	0.00
0	0	0	0	0	2	0	800m	1.87g	37m	0	multi9:0.0%	0	0|0	0|0	124b	7k	116	17:12:01	0.00	0.00	0.38	0.00	0.00	99.62	dm-0	0.00	0.00	0.00	0.00	0.00	0.00	0.00	0.00	0.00	0.00	0.00
0	0	0	0	0	2	0	800m	1.87g	37m	0	.:0.1%	0	0|0	0|0	124b	7k	116	17:12:02	0.12	0.00	0.37	0.00	0.00	99.50	dm-0	0.00	0.00	0.00	0.00	0.00	0.00	0.00	0.00	0.00	0.00	0.00
0	0	0	0	0	2	0	800m	1.87g	37m	0	admin:0.0%	0	0|0	0|0	124b	7k	116	17:12:03	0.13	0.00	0.13	0.13	0.00	99.62	dm-0	0.00	0.00	0.00	0.00	0.00	0.00	0.00	0.00	0.00	0.00	0.00
0	0	0	0	0	2	0	800m	1.87g	37m	0	multi9:0.0%	0	0|0	0|0	124b	7k	116	17:12:04	0.00	0.00	0.25	0.00	0.00	99.75	dm-0	0.00	0.00	0.00	0.00	0.00	0.00	0.00	0.00	0.00	0.00	0.00
0	0	0	0	0	2	0	800m	1.87g	37m	0	multi9:0.0%	0	0|0	0|0	124b	7k	116	17:12:05	0.00	0.00	0.38	0.00	0.00	99.62	dm-0	0.00	0.00	0.00	0.00	0.00	0.00	0.00	0.00	0.00	0.00	0.00
0	0	0	0	0	2	0	800m	1.87g	37m	0	multi9:0.0%	0	0|0	0|0	124b	7k	116	17:12:06	0.12	0.00	0.37	0.00	0.00	99.50	dm-0	0.00	0.00	0.00	0.00	0.00	0.00	0.00	0.00	0.00	0.00	0.00
0	0	0	0	0	2	0	800m	1.87g	37m	0	multi9:0.0%	0	0|0	0|0	124b	7k	116	17:12:07	0.00	0.00	0.13	0.00	0.00	99.87	dm-0	0.00	0.00	0.00	0.00	0.00	0.00	0.00	0.00	0.00	0.00	0.00
0	0	0	0	0	2	0	800m	1.87g	37m	0	multi9:0.0%	0	0|0	0|0	124b	7k	116	17:12:08	0.12	0.00	0.37	0.12	0.00	99.38	dm-0	0.00	0.00	0.00	0.00	0.00	0.00	0.00	0.00	0.00	0.00	0.00
0	0	0	0	0	2	0	800m	1.87g	37m	0	multi9:0.0%	0	0|0	0|0	124b	7k	116	17:12:09	0.00	0.00	0.38	0.00	0.00	99.62	dm-0	0.00	0.00	0.00	0.00	0.00	0.00	0.00	0.00	0.00	0.00	0.00
0	0	0	0	0	2	0	800m	1.87g	37m	0	multi9:0.0%	0	0|0	0|0	124b	7k	116	17:12:10	0.00	0.00	0.25	0.00	0.00	99.75	dm-0	0.00	0.00	0.00	0.00	0.00	0.00	0.00	0.00	0.00	0.00	0.00
0	0	0	0	0	2	0	800m	1.87g	37m	0	multi9:0.0%	0	0|0	0|0	124b	7k	116	17:12:11	0.00	0.00	0.25	0.00	0.13	99.62	dm-0	0.00	0.00	0.00	0.00	0.00	0.00	0.00	0.00	0.00	0.00	0.00
0	0	0	0	0	2	0	800m	1.87g	37m	0	multi9:0.0%	0	0|0	0|0	124b	7k	116	17:12:12	0.12	0.00	0.50	0.00	0.00	99.38	dm-0	0.00	0.00	0.00	0.00	0.00	0.00	0.00	0.00	0.00	0.00	0.00
0	0	0	0	0	2	0	800m	1.87g	37m	0	multi9:0.0%	0	0|0	0|0	124b	7k	116	17:12:13	0.00	0.00	0.25	0.00	0.00	99.75	dm-0	0.00	0.00	0.00	0.00	0.00	0.00	0.00	0.00	0.00	0.00	0.00
0	0	0	0	0	2	0	800m	1.87g	37m	0	multi9:0.0%	0	0|0	0|0	124b	7k	116	17:12:14	0.12	0.00	0.25	0.00	0.00	99.62	dm-0	0.00	0.00	0.00	0.00	0.00	0.00	0.00	0.00	0.00	0.00	0.00
0	0	0	0	0	2	0	800m	1.87g	37m	0	multi9:0.0%	0	0|0	0|0	124b	7k	116	17:12:15	0.00	0.00	0.38	0.00	0.00	99.62	dm-0	0.00	0.00	0.00	0.00	0.00	0.00	0.00	0.00	0.00	0.00	0.00
0	0	0	0	0	2	0	800m	1.87g	37m	0	.:0.0%	0	0|0	0|0	124b	7k	116	17:12:16	0.00	0.00	0.38	0.00	0.00	99.62	dm-0	0.00	0.00	0.00	0.00	0.00	0.00	0.00	0.00	0.00	0.00	0.00
0	0	0	0	0	2	0	800m	1.87g	37m	0	multi9:0.0%	0	0|0	0|0	124b	7k	116	17:12:17	0.13	0.00	0.13	0.00	0.00	99.75	dm-0	0.00	0.00	0.00	0.00	0.00	0.00	0.00	0.00	0.00	0.00	0.00
0	0	0	0	0	2	0	800m	1.87g	37m	0	multi1:0.0%	0	0|0	0|0	124b	7k	116	17:12:18	0.12	0.00	0.25	0.00	0.00	99.62	dm-0	0.00	0.00	0.00	0.00	0.00	0.00	0.00	0.00	0.00	0.00	0.00
0	0	0	0	0	2	0	800m	1.87g	37m	0	multi9:0.0%	0	0|0	0|0	124b	7k	116	17:12:19	0.00	0.00	0.38	0.00	0.00	99.62	dm-0	0.00	0.00	0.00	0.00	0.00	0.00	0.00	0.00	0.00	0.00	0.00
0	0	0	0	0	2	0	800m	1.87g	37m	0	multi9:0.0%	0	0|0	0|0	124b	7k	116	17:12:20	0.00	0.00	0.38	0.00	0.00	99.62	dm-0	0.00	0.00	0.00	0.00	0.00	0.00	0.00	0.00	0.00	0.00	0.00
0	0	0	0	0	2	0	800m	1.87g	37m	0	multi9:0.0%	0	0|0	0|0	124b	7k	116	17:12:21	0.13	0.00	0.13	0.00	0.00	99.75	dm-0	0.00	0.00	0.00	0.00	0.00	0.00	0.00	0.00	0.00	0.00	0.00
0	0	0	0	0	2	0	800m	1.87g	37m	0	multi9:0.0%	0	0|0	0|0	124b	7k	116	17:12:22	0.00	0.00	0.50	0.00	0.00	99.50	dm-0	0.00	0.00	0.00	0.00	0.00	0.00	0.00	0.00	0.00	0.00	0.00
0	0	0	0	0	2	0	800m	1.87g	37m	0	multi9:0.0%	0	0|0	0|0	124b	7k	116	17:12:23	0.12	0.00	0.25	0.12	0.00	99.50	dm-0	0.00	0.00	0.00	0.00	0.00	0.00	0.00	0.00	0.00	0.00	0.00
0	0	0	0	0	2	0	800m	1.87g	37m	0	multi9:0.0%	0	0|0	0|0	124b	7k	116	17:12:24	0.00	0.00	0.25	0.00	0.00	99.75	dm-0	0.00	0.00	0.00	0.00	0.00	0.00	0.00	0.00	0.00	0.00	0.00
0	0	0	0	0	2	0	800m	1.87g	37m	0	multi9:0.0%	0	0|0	0|0	124b	7k	116	17:12:25	0.00	0.00	0.00	0.00	0.00	100.00	dm-0	0.00	0.00	0.00	0.00	0.00	0.00	0.00	0.00	0.00	0.00	0.00
0	0	0	0	0	2	0	800m	1.87g	37m	0	multi9:0.0%	0	0|0	0|0	124b	7k	116	17:12:26	0.00	0.00	0.37	0.00	0.00	99.63	dm-0	0.00	0.00	0.00	0.00	0.00	0.00	0.00	0.00	0.00	0.00	0.00
0	0	0	0	0	2	0	800m	1.87g	37m	0	multi9:0.0%	0	0|0	0|0	124b	7k	116	17:12:27	0.00	0.00	0.25	0.13	0.00	99.62	dm-0	0.00	0.00	0.00	0.00	0.00	0.00	0.00	0.00	0.00	0.00	0.00
0	0	0	0	0	2	0	800m	1.87g	37m	0	multi9:0.0%	0	0|0	0|0	124b	7k	116	17:12:28	0.00	0.00	0.25	0.00	0.00	99.75	dm-0	0.00	0.00	0.00	0.00	0.00	0.00	0.00	0.00	0.00	0.00	0.00
0	0	0	0	0	2	0	800m	1.87g	37m	0	multi9:0.0%	0	0|0	0|0	124b	7k	116	17:12:29	0.25	0.00	0.37	0.00	0.12	99.25	dm-0	0.00	0.00	0.00	0.00	0.00	0.00	0.00	0.00	0.00	0.00	0.00
0	0	0	0	0	2	0	800m	1.87g	37m	0	multi9:0.0%	0	0|0	0|0	124b	7k	116	17:12:30	0.00	0.00	0.13	0.00	0.00	99.87	dm-0	0.00	0.00	0.00	0.00	0.00	0.00	0.00	0.00	0.00	0.00	0.00
0	0	0	0	0	2	0	800m	1.87g	37m	0	multi9:0.0%	0	0|0	0|0	124b	7k	116	17:12:31	0.00	0.00	0.13	0.00	0.00	99.87	dm-0	0.00	0.00	0.00	0.00	0.00	0.00	0.00	0.00	0.00	0.00	0.00
0	0	0	0	0	2	0	800m	1.87g	37m	0	multi9:0.0%	0	0|0	0|0	124b	7k	116	17:12:32	0.00	0.00	0.50	0.00	0.00	99.50	dm-0	0.00	0.00	0.00	0.00	0.00	0.00	0.00	0.00	0.00	0.00	0.00
0	0	0	0	0	2	0	800m	1.87g	37m	0	multi9:0.0%	0	0|0	0|0	124b	7k	116	17:12:33	0.00	0.00	0.38	0.00	0.00	99.62	dm-0	0.00	0.00	0.00	0.00	0.00	0.00	0.00	0.00	0.00	0.00	0.00
0	0	0	0	0	2	0	800m	1.87g	37m	0	multi9:0.0%	0	0|0	0|0	124b	7k	116	17:12:34	0.13	0.00	0.13	0.00	0.00	99.75	dm-0	0.00	0.00	0.00	0.00	0.00	0.00	0.00	0.00	0.00	0.00	0.00
0	0	0	0	0	2	0	800m	1.87g	37m	0	multi9:0.0%	0	0|0	0|0	124b	7k	116	17:12:35	0.12	0.00	0.37	0.00	0.00	99.50	dm-0	0.00	0.00	0.00	0.00	0.00	0.00	0.00	0.00	0.00	0.00	0.00
0	0	0	0	0	2	0	800m	1.87g	37m	0	multi9:0.0%	0	0|0	0|0	124b	7k	116	17:12:36	0.25	0.00	0.25	0.00	0.00	99.50	dm-0	0.00	0.00	0.00	0.00	0.00	0.00	0.00	0.00	0.00	0.00	0.00
0	0	0	0	0	2	0	800m	1.87g	37m	0	.:0.1%	0	0|0	0|0	124b	7k	116	17:12:37	0.00	0.00	0.13	0.00	0.00	99.87	dm-0	0.00	0.00	0.00	0.00	0.00	0.00	0.00	0.00	0.00	0.00	0.00
0	0	0	0	0	2	0	800m	1.87g	37m	0	local:0.0%	0	0|0	0|0	124b	7k	116	17:12:38	0.00	0.00	0.13	0.00	0.00	99.87	dm-0	0.00	0.00	0.00	0.00	0.00	0.00	0.00	0.00	0.00	0.00	0.00
0	0	0	0	0	2	0	800m	1.87g	37m	0	multi6:0.0%	0	0|0	0|0	124b	7k	116	17:12:39	0.12	0.00	0.50	0.00	0.00	99.38	dm-0	0.00	0.00	0.00	0.00	0.00	0.00	0.00	0.00	0.00	0.00	0.00
0	0	0	0	0	2	0	800m	1.87g	37m	0	multi9:0.0%	0	0|0	0|0	124b	7k	116	17:12:40	0.13	0.00	0.13	0.00	0.00	99.75	dm-0	0.00	0.00	0.00	0.00	0.00	0.00	0.00	0.00	0.00	0.00	0.00
0	0	0	0	0	2	0	800m	1.87g	37m	0	multi9:0.0%	0	0|0	0|0	124b	7k	116	17:12:41	0.12	0.00	0.25	0.00	0.00	99.63	dm-0	0.00	0.00	0.00	20.00	0.00	0.00	0.00	0.00	0.00	0.00	0.00
0	0	0	0	0	2	1	800m	1.87g	37m	0	multi9:0.0%	0	0|0	0|0	124b	7k	116	17:12:42	0.00	0.00	0.38	0.12	0.00	99.50	dm-0	0.00	0.00	0.00	0.00	0.00	0.00	0.00	0.00	0.00	0.00	0.00
0	12	0	0	0	2	0	800m	1.87g	37m	0	multi9:0.0%	0	0|0	0|0	124b	7k	116	17:12:43	0.00	0.00	0.50	0.00	0.00	99.50	dm-0	0.00	0.00	0.00	0.00	0.00	0.00	0.00	0.00	0.00	0.00	0.00
0	0	0	0	0	2	0	800m	1.87g	37m	0	multi0:0.0%	0	0|0	0|0	124b	7k	116	17:12:44	0.25	0.00	0.00	0.00	0.00	99.75	dm-0	0.00	0.00	0.00	0.00	0.00	0.00	0.00	0.00	0.00	0.00	0.00
0	0	0	0	0	2	0	800m	1.87g	37m	0	.:0.0%	0	0|0	0|0	124b	7k	116	17:12:45	0.12	0.00	0.12	0.00	0.00	99.75	dm-0	0.00	0.00	0.00	0.00	0.00	0.00	0.00	0.00	0.00	0.00	0.00
0	0	0	0	0	2	0	800m	1.87g	37m	0	multi9:0.0%	0	0|0	0|0	124b	7k	116	17:12:47	0.00	0.00	0.38	0.00	0.00	99.62	dm-0	0.00	0.00	0.00	0.00	0.00	0.00	0.00	0.00	0.00	0.00	0.00
0	0	0	0	0	2	0	800m	1.87g	37m	0	multi9:0.0%	0	0|0	0|0	124b	7k	116	17:12:48	0.00	0.00	0.50	0.00	0.00	99.50	dm-0	0.00	0.00	0.00	0.00	0.00	0.00	0.00	0.00	0.00	0.00	0.00
0	0	0	0	0	2	0	800m	1.87g	37m	0	multi9:0.0%	0	0|0	0|0	124b	7k	116	17:12:49	0.12	0.00	0.25	0.00	0.00	99.62	dm-0	0.00	0.00	0.00	0.00	0.00	0.00	0.00	0.00	0.00	0.00	0.00
0	0	0	0	0	2	0	800m	1.87g	37m	0	multi7:0.0%	0	0|0	0|0	124b	7k	116	17:12:50	0.13	0.00	0.13	0.00	0.00	99.75	dm-0	0.00	0.00	0.00	0.00	0.00	0.00	0.00	0.00	0.00	0.00	0.00
0	0	0	0	0	2	0	800m	1.87g	37m	0	multi9:0.0%	0	0|0	0|0	124b	7k	116	17:12:51	0.00	0.00	0.50	0.00	0.00	99.50	dm-0	0.00	0.00	0.00	0.00	0.00	0.00	0.00	0.00	0.00	0.00	0.00
0	0	0	0	0	2	0	800m	1.87g	37m	0	multi9:0.0%	0	0|0	0|0	124b	7k	116	17:12:52	0.00	0.00	0.50	0.00	0.00	99.50	dm-0	0.00	0.00	0.00	0.00	0.00	0.00	0.00	0.00	0.00	0.00	0.00
0	0	0	0	0	2	0	800m	1.87g	37m	0	multi9:0.0%	0	0|0	0|0	124b	7k	116	17:12:53	0.00	0.00	0.13	0.13	0.00	99.75	dm-0	0.00	0.00	0.00	0.00	0.00	0.00	0.00	0.00	0.00	0.00	0.00
0	0	0	0	0	2	0	800m	1.87g	37m	0	multi9:0.0%	0	0|0	0|0	124b	7k	116	17:12:54	0.00	0.00	0.38	0.00	0.00	99.62	dm-0	0.00	0.00	0.00	0.00	0.00	0.00	0.00	0.00	0.00	0.00	0.00
0	0	0	0	0	2	0	800m	1.87g	37m	0	multi9:0.0%	0	0|0	0|0	124b	7k	116	17:12:55	0.12	0.00	0.37	0.00	0.00	99.50	dm-0	0.00	0.00	0.00	0.00	0.00	0.00	0.00	0.00	0.00	0.00	0.00
0	0	0	0	0	2	0	800m	1.87g	37m	0	multi9:0.0%	0	0|0	0|0	124b	7k	116	17:12:56	0.00	0.00	0.38	0.00	0.00	99.62	dm-0	0.00	0.00	0.00	0.00	0.00	0.00	0.00	0.00	0.00	0.00	0.00
0	0	0	0	0	2	0	800m	1.87g	37m	0	multi9:0.0%	0	0|0	0|0	124b	7k	116	17:12:57	0.13	0.00	0.13	0.00	0.00	99.75	dm-0	0.00	0.00	0.00	0.00	0.00	0.00	0.00	0.00	0.00	0.00	0.00
0	0	0	0	0	2	0	800m	1.87g	37m	0	multi9:0.0%	0	0|0	0|0	124b	7k	116	17:12:58	0.00	0.00	0.50	0.00	0.00	99.50	dm-0	0.00	0.00	0.00	0.00	0.00	0.00	0.00	0.00	0.00	0.00	0.00
0	0	0	0	0	2	0	800m	1.87g	37m	0	multi9:0.0%	0	0|0	0|0	124b	7k	116	17:12:59	0.25	0.00	0.12	0.00	0.00	99.62	dm-0	0.00	0.00	0.00	0.00	0.00	0.00	0.00	0.00	0.00	0.00	0.00
0	0	0	0	0	2	0	800m	1.87g	37m	0	multi9:0.0%	0	0|0	0|0	124b	7k	116	17:13:00	0.00	0.00	0.25	0.00	0.00	99.75	dm-0	0.00	0.00	0.00	0.00	0.00	0.00	0.00	0.00	0.00	0.00	0.00
0	0	0	0	0	2	0	800m	1.87g	37m	0	multi9:0.0%	0	0|0	0|0	124b	7k	116	17:13:01	0.12	0.00	0.25	0.12	0.00	99.50	dm-0	0.00	0.00	0.00	0.00	0.00	0.00	0.00	0.00	0.00	0.00	0.00
0	0	0	0	0	2	0	800m	1.87g	37m	0	multi9:0.0%	0	0|0	0|0	124b	7k	116	17:13:02	0.00	0.00	0.37	0.12	0.00	99.50	dm-0	0.00	0.00	0.00	0.00	0.00	0.00	0.00	0.00	0.00	0.00	0.00
0	0	0	0	0	2	0	800m	1.87g	37m	0	multi9:0.0%	0	0|0	0|0	124b	7k	116	17:13:03	0.00	0.00	0.25	0.00	0.00	99.75	dm-0	0.00	0.00	0.00	0.00	0.00	0.00	0.00	0.00	0.00	0.00	0.00
0	0	0	0	0	2	0	800m	1.87g	37m	0	multi9:0.0%	0	0|0	0|0	124b	7k	116	17:13:04	0.12	0.00	0.25	0.00	0.00	99.62	dm-0	0.00	0.00	0.00	0.00	0.00	0.00	0.00	0.00	0.00	0.00	0.00
0	0	0	0	0	2	0	800m	1.87g	37m	0	multi9:0.0%	0	0|0	0|0	124b	7k	116	17:13:05	0.00	0.00	0.38	0.00	0.00	99.62	dm-0	0.00	0.00	0.00	0.00	0.00	0.00	0.00	0.00	0.00	0.00	0.00
0	0	0	0	0	2	0	800m	1.87g	37m	0	multi9:0.0%	0	0|0	0|0	124b	7k	116	17:13:06	0.00	0.00	0.38	0.00	0.00	99.62	dm-0	0.00	0.00	0.00	0.00	0.00	0.00	0.00	0.00	0.00	0.00	0.00
0	0	0	0	0	2	0	800m	1.87g	37m	0	admin:0.0%	0	0|0	0|0	124b	7k	116	17:13:07	0.00	0.00	0.25	0.00	0.00	99.75	dm-0	0.00	0.00	0.00	0.00	0.00	0.00	0.00	0.00	0.00	0.00	0.00
0	0	0	0	0	2	0	800m	1.87g	37m	0	multi9:0.0%	0	0|0	0|0	124b	7k	116	17:13:08	0.13	0.00	0.25	0.00	0.00	99.62	dm-0	0.00	0.00	0.00	0.00	0.00	0.00	0.00	0.00	0.00	0.00	0.00
0	0	0	0	0	2	0	800m	1.87g	37m	0	.:0.1%	0	0|0	0|0	124b	7k	116	17:13:09	0.13	0.00	0.25	0.00	0.00	99.62	dm-0	0.00	0.00	0.00	0.00	0.00	0.00	0.00	0.00	0.00	0.00	0.00
0	0	0	0	0	2	0	800m	1.87g	37m	0	multi9:0.0%	0	0|0	0|0	124b	7k	116	17:13:10	0.00	0.00	0.25	0.00	0.00	99.75	dm-0	0.00	0.00	0.00	0.00	0.00	0.00	0.00	0.00	0.00	0.00	0.00
0	0	0	0	0	2	0	800m	1.87g	37m	0	multi9:0.0%	0	0|0	0|0	124b	7k	116	17:13:11	0.13	0.00	0.13	0.00	0.00	99.75	dm-0	0.00	0.00	0.00	0.00	0.00	0.00	0.00	0.00	0.00	0.00	0.00
0	0	0	0	0	2	0	800m	1.87g	37m	0	multi9:0.0%	0	0|0	0|0	124b	7k	116	17:13:12	0.12	0.00	0.37	0.00	0.00	99.50	dm-0	0.00	0.00	0.00	0.00	0.00	0.00	0.00	0.00	0.00	0.00	0.00
0	0	0	0	0	2	0	800m	1.87g	37m	0	multi9:0.0%	0	0|0	0|0	124b	7k	116	17:13:13	0.00	0.00	0.38	0.12	0.00	99.50	dm-0	0.00	0.00	0.00	0.00	0.00	0.00	0.00	0.00	0.00	0.00	0.00
0	0	0	0	0	2	0	800m	1.87g	37m	0	.:0.0%	0	0|0	0|0	124b	7k	116	17:13:14	0.00	0.00	0.13	0.00	0.00	99.87	dm-0	0.00	0.00	0.00	0.00	0.00	0.00	0.00	0.00	0.00	0.00	0.00
0	0	0	0	0	2	0	800m	1.87g	37m	0	multi9:0.0%	0	0|0	0|0	124b	7k	116	17:13:15	0.00	0.00	0.25	0.00	0.00	99.75	dm-0	0.00	0.00	0.00	0.00	0.00	0.00	0.00	0.00	0.00	0.00	0.00
0	0	0	0	0	2	0	800m	1.87g	37m	0	multi9:0.0%	0	0|0	0|0	124b	7k	116	17:13:16	0.12	0.00	0.37	0.00	0.00	99.50	dm-0	0.00	0.00	0.00	0.00	0.00	0.00	0.00	0.00	0.00	0.00	0.00
0	0	0	0	0	2	0	800m	1.87g	37m	0	multi9:0.0%	0	0|0	0|0	124b	7k	116	17:13:17	0.12	0.00	0.50	0.00	0.00	99.38	dm-0	0.00	0.00	0.00	0.00	0.00	0.00	0.00	0.00	0.00	0.00	0.00
0	0	0	0	0	2	0	800m	1.87g	37m	0	multi9:0.0%	0	0|0	0|0	124b	7k	116	17:13:18	0.13	0.00	0.13	0.00	0.00	99.75	dm-0	0.00	0.00	0.00	0.00	0.00	0.00	0.00	0.00	0.00	0.00	0.00
0	0	0	0	0	2	0	800m	1.87g	37m	0	multi4:0.0%	0	0|0	0|0	124b	7k	116	17:13:19	0.00	0.00	0.25	0.00	0.00	99.75	dm-0	0.00	0.00	0.00	0.00	0.00	0.00	0.00	0.00	0.00	0.00	0.00
0	0	0	0	0	2	0	800m	1.87g	37m	0	multi2:0.0%	0	0|0	0|0	124b	7k	116	17:13:20	0.00	0.00	0.50	0.00	0.00	99.50	dm-0	0.00	0.00	0.00	0.00	0.00	0.00	0.00	0.00	0.00	0.00	0.00
0	0	0	0	0	2	0	800m	1.87g	37m	0	multi9:0.0%	0	0|0	0|0	124b	7k	116	17:13:21	0.25	0.00	0.25	0.00	0.00	99.50	dm-0	0.00	0.00	0.00	0.00	0.00	0.00	0.00	0.00	0.00	0.00	0.00
0	0	0	0	0	2	0	800m	1.87g	37m	0	multi9:0.0%	0	0|0	0|0	124b	7k	116	17:13:22	0.00	0.00	0.25	0.00	0.00	99.75	dm-0	0.00	0.00	0.00	0.00	0.00	0.00	0.00	0.00	0.00	0.00	0.00
0	0	0	0	0	2	0	800m	1.87g	37m	0	local:0.0%	0	0|0	0|0	124b	7k	116	17:13:23	0.00	0.00	0.25	0.13	0.00	99.62	dm-0	0.00	0.00	0.00	0.00	0.00	0.00	0.00	0.00	0.00	0.00	0.00
0	0	0	0	0	2	0	800m	1.87g	37m	0	multi9:0.0%	0	0|0	0|0	124b	7k	116	17:13:24	0.12	0.00	0.25	0.00	0.00	99.62	dm-0	0.00	0.00	0.00	0.00	0.00	0.00	0.00	0.00	0.00	0.00	0.00
0	0	0	0	0	2	0	800m	1.87g	37m	0	multi9:0.0%	0	0|0	0|0	124b	7k	116	17:13:25	0.00	0.00	0.25	0.00	0.12	99.62	dm-0	0.00	0.00	0.00	0.00	0.00	0.00	0.00	0.00	0.00	0.00	0.00
