insert	query	update	delete	getmore	command	flushes	mapped	vsize	res	faults	locked-db	%idx-miss	qr|qw	ar|aw	netIn	netOut	conn	time	%user	%nice	%system	%iowait	%steal	%idle	Device:	rrqm/s	wrqm/s	r/s	w/s	rkB/s	wkB/s	avgrq-sz	avgqu-sz	await	svctm	%util
0	0	0	0	0	2	0	800m	2.03g	28m	0	multi9:0.0%	0	0|0	0|0	124b	7k	283	21:57:08	0.00	0.00	0.13	0.00	0.00	99.87	dm-0	0.00	0.00	0.00	48.00	0.00	2048.00	85.33	1.60	33.42	2.00	9.60
0	0	0	0	0	2	0	800m	2.03g	28m	0	admin:0.0%	0	0|0	0|0	124b	7k	283	21:57:10	0.13	0.00	0.88	1.01	0.13	97.86	dm-0	0.00	0.00	0.00	0.00	0.00	0.00	0.00	0.00	0.00	0.00	0.00
0	0	0	0	0	2	0	800m	2.03g	28m	0	multi9:0.0%	0	0|0	0|0	124b	7k	283	21:57:11	0.13	0.00	0.51	0.76	0.13	98.48	dm-0	0.00	0.00	0.00	51.00	0.00	2060.00	80.78	2.67	52.39	2.90	14.80
0	0	0	0	0	2	0	800m	2.03g	28m	0	multi9:0.0%	0	0|0	0|0	124b	7k	283	21:57:12	0.25	0.00	0.13	0.00	0.13	99.50	dm-0	0.00	0.00	0.00	0.00	0.00	0.00	0.00	0.00	0.00	0.00	0.00
0	0	0	0	0	2	0	800m	2.03g	28m	0	multi9:0.0%	0	0|0	0|0	124b	7k	283	21:57:13	0.00	0.00	0.76	0.00	0.13	99.11	dm-0	0.00	0.00	0.00	0.00	0.00	0.00	0.00	0.00	0.00	0.00	0.00
0	0	0	0	0	2	0	800m	2.03g	28m	0	multi9:0.0%	0	0|0	0|0	124b	7k	283	21:57:14	0.00	0.00	0.50	0.00	0.13	99.37	dm-0	0.00	0.00	0.00	48.00	0.00	2048.00	85.33	1.59	33.08	1.17	5.60
0	0	0	0	0	2	0	800m	2.03g	28m	0	multi9:0.0%	0	0|0	0|0	124b	7k	283	21:57:15	0.00	0.00	0.76	0.00	0.13	99.12	dm-0	0.00	0.00	0.00	0.00	0.00	0.00	0.00	0.00	0.00	0.00	0.00
0	0	0	0	0	2	0	800m	2.03g	28m	0	multi9:0.0%	0	0|0	0|0	124b	7k	283	21:57:16	0.00	0.00	0.63	0.25	0.13	98.99	dm-0	0.00	0.00	0.00	51.00	0.00	2060.00	80.78	1.59	31.22	2.90	14.80
0	0	0	0	0	2	0	800m	2.03g	28m	0	multi9:0.0%	0	0|0	0|0	124b	7k	283	21:57:17	0.13	0.00	0.38	0.00	0.00	99.50	dm-0	0.00	0.00	0.00	0.00	0.00	0.00	0.00	0.00	0.00	0.00	0.00
0	120	119	0	0	2	0	800m	2.03g	28m	0	multi9:0.3%	0	0|0	0|0	46k	39k	283	21:57:18	0.00	0.00	1.01	0.13	0.25	98.61	dm-0	0.00	0.00	0.00	0.00	0.00	0.00	0.00	0.00	0.00	0.00	0.00
0	3957	3953	0	0	2	1	800m	2.03g	28m	0	.:6.3%	0	0|0	0|1	1m	1m	283	21:57:19	2.94	0.00	3.71	2.69	0.13	90.52	dm-0	0.00	0.00	0.00	77.00	0.00	2088.00	54.23	1.49	19.32	2.91	22.40
0	9898	9877	0	0	2	0	800m	2.03g	28m	0	multi3:14.0%	0	0|0	0|0	4m	3m	283	21:57:20	7.18	0.00	9.62	0.00	0.81	82.38	dm-0	0.00	0.00	0.00	0.00	0.00	0.00	0.00	0.00	0.00	0.00	0.00
0	19779	19798	0	0	2	0	800m	2.03g	28m	0	multi2:26.1%	0	2|0	2|1	9m	7m	283	21:57:21	20.73	0.00	27.87	0.14	0.98	50.28	dm-0	0.00	0.00	0.00	48.00	0.00	2048.00	85.33	2.17	45.17	1.67	8.00
0	27472	27444	0	0	2	0	800m	2.03g	28m	0	multi2:33.9%	0	83|0	1|4	13m	9m	283	21:57:22	29.29	0.00	43.38	0.14	0.98	26.22	dm-0	0.00	0.00	0.00	0.00	0.00	0.00	0.00	0.00	0.00	0.00	0.00
0	23722	23677	0	0	2	0	800m	2.03g	28m	0	multi2:27.4%	0	12|0	2|1	10m	7m	283	21:57:23	27.51	0.00	45.81	0.14	0.84	25.70	dm-0	0.00	0.00	0.00	0.00	0.00	0.00	0.00	0.00	0.00	0.00	0.00
0	28743	28796	0	0	2	0	800m	2.03g	28m	0	multi7:36.4%	0	150|0	2|2	13m	9m	283	21:57:24	33.19	0.00	46.33	0.28	1.13	19.07	dm-0	0.00	0.00	0.00	48.00	0.00	2048.00	85.33	5.26	109.58	4.50	21.60
0	19873	19859	0	0	7	0	800m	2.03g	28m	0	multi7:30.9%	0	161|0	0|1	8m	5m	285	21:57:25	22.88	0.00	42.64	1.19	1.34	31.95	dm-0	0.00	0.00	0.00	5.00	0.00	20.00	8.00	0.66	132.80	48.80	24.40
0	21114	21131	0	0	2	0	800m	2.03g	28m	0	multi7:31.7%	0	124|0	1|2	9m	5m	285	21:57:26	21.23	0.00	44.51	0.15	1.61	32.50	dm-0	0.00	0.00	0.00	48.00	0.00	2048.00	85.33	2.65	55.17	1.92	9.20
0	24673	24672	0	0	2	0	800m	2.03g	28m	0	multi7:33.3%	0	0|0	0|0	10m	6m	285	21:57:27	26.87	0.00	36.27	0.15	1.49	35.22	dm-0	0.00	0.00	0.00	0.00	0.00	0.00	0.00	0.00	0.00	0.00	0.00
0	21816	21771	0	0	2	0	800m	2.03g	28m	0	multi6:25.7%	0	32|0	0|1	9m	5m	285	21:57:28	21.72	0.00	27.11	0.41	0.69	50.07	dm-0	0.00	0.00	0.00	0.00	0.00	0.00	0.00	0.00	0.00	0.00	0.00
0	24110	24157	0	0	2	0	800m	2.03g	28m	0	multi6:26.3%	0	29|0	1|2	10m	6m	285	21:57:29	25.48	0.00	45.04	0.28	1.10	28.10	dm-0	0.00	0.00	0.00	48.00	0.00	2048.00	85.33	5.36	111.75	2.83	13.60
0	21070	21079	0	0	2	0	800m	2.03g	28m	0	multi4:28.7%	0	3|0	0|2	9m	5m	285	21:57:30	23.03	0.00	28.97	1.66	0.97	45.38	dm-0	0.00	0.00	0.00	0.00	0.00	0.00	0.00	0.00	0.00	0.00	0.00
0	20657	20650	0	0	4	0	800m	2.03g	28m	0	multi4:20.0%	0	33|0	0|2	9m	5m	285	21:57:31	21.40	0.00	26.68	0.26	0.79	50.86	dm-0	0.00	0.00	0.00	48.00	0.00	2048.00	85.33	3.36	12.17	2.83	13.60
0	24154	24147	0	0	5	0	800m	2.03g	28m	0	multi4:23.0%	0	0|0	0|0	10m	6m	285	21:57:32	23.98	0.00	33.92	0.14	1.09	40.87	dm-0	0.00	0.00	0.00	5.00	0.00	20.00	8.00	0.74	702.40	8.00	4.00
0	13529	13537	0	0	10	0	800m	2.03g	28m	0	multi5:10.8%	0	0|0	0|0	6m	4m	285	21:57:33	13.99	0.00	17.36	0.26	0.52	67.88	dm-0	0.00	0.00	0.00	0.00	0.00	0.00	0.00	0.00	0.00	0.00	0.00
0	17837	17843	0	0	4	0	800m	2.03g	28m	0	multi6:18.3%	0	0|0	0|0	8m	5m	285	21:57:34	14.44	0.00	19.35	0.14	0.68	65.40	dm-0	0.00	0.00	0.00	48.00	0.00	2048.00	85.33	1.56	32.50	1.25	6.00
0	21974	21968	0	0	4	0	800m	2.03g	28m	0	multi6:21.8%	0	16|0	1|3	10m	7m	285	21:57:35	21.20	0.00	23.71	0.28	0.98	53.84	dm-0	0.00	0.00	0.00	0.00	0.00	0.00	0.00	0.00	0.00	0.00	0.00
0	25953	25952	0	0	6	0	800m	2.03g	28m	0	multi5:19.4%	0	8|0	1|1	13m	8m	287	21:57:36	28.61	0.00	35.76	0.00	0.40	35.23	dm-0	0.00	0.00	0.00	48.00	0.00	2048.00	85.33	1.08	0.00	2.42	11.60
0	19173	19175	0	0	6	0	800m	2.03g	28m	0	multi3:13.4%	0	10|2	1|3	9m	6m	289	21:57:37	16.42	0.00	17.78	0.27	0.82	64.71	dm-0	0.00	0.00	0.00	5.00	0.00	20.00	8.00	0.78	372.00	12.80	6.40
0	24222	24199	0	0	26	0	800m	2.04g	28m	0	multi2:23.4%	0	0|0	0|0	12m	8m	300	21:57:38	26.96	0.00	32.11	0.00	0.95	39.97	dm-0	0.00	0.00	0.00	0.00	0.00	0.00	0.00	0.00	0.00	0.00	0.00
0	25051	25072	0	0	2	0	800m	2.04g	28m	0	multi2:28.8%	0	23|0	0|2	12m	8m	300	21:57:39	25.41	0.00	48.51	0.27	0.68	25.14	dm-0	0.00	0.00	0.00	48.00	0.00	2048.00	85.33	2.70	56.17	5.50	26.40
0	24261	24254	0	0	4	0	800m	2.04g	28m	0	multi5:17.5%	0	0|0	0|0	11m	8m	300	21:57:40	24.49	0.00	32.15	0.00	0.96	42.41	dm-0	0.00	0.00	0.00	0.00	0.00	0.00	0.00	0.00	0.00	0.00	0.00
0	24775	24783	0	0	10	0	800m	2.04g	28m	0	multi2:24.8%	0	39|0	0|3	12m	8m	300	21:57:41	23.87	0.00	32.43	0.52	0.52	42.67	dm-0	0.00	0.00	0.00	0.00	0.00	0.00	0.00	0.00	0.00	0.00	0.00
0	26575	26583	0	0	9	0	800m	2.04g	28m	0	multi0:27.1%	0	3|0	2|1	13m	9m	300	21:57:42	30.37	0.00	41.72	0.14	0.82	26.95	dm-0	0.00	0.00	0.00	48.00	0.00	2048.00	85.33	2.44	50.75	1.83	8.80
0	21293	21289	0	0	3	0	800m	2.04g	28m	0	multi2:21.8%	0	15|0	5|1	11m	8m	300	21:57:43	20.03	0.00	27.77	0.40	0.80	51.00	dm-0	0.00	0.00	0.00	5.00	0.00	20.00	8.00	0.28	56.80	18.40	9.20
0	21665	21657	0	0	2	0	800m	2.04g	28m	0	multi0:17.4%	0	4|0	0|1	10m	7m	300	21:57:44	23.21	0.00	31.71	0.27	0.94	43.86	dm-0	0.00	0.00	0.00	48.00	0.00	2048.00	85.33	2.73	56.83	1.58	7.60
0	21342	21324	0	0	6	0	800m	2.04g	28m	0	multi2:19.7%	0	0|0	0|0	11m	7m	300	21:57:45	21.90	0.00	23.28	0.14	0.83	53.86	dm-0	0.00	0.00	0.00	0.00	0.00	0.00	0.00	0.00	0.00	0.00	0.00
0	19378	19377	0	0	15	0	800m	2.04g	28m	0	multi0:25.2%	0	46|0	2|2	9m	6m	300	21:57:46	20.63	0.00	28.45	0.14	1.00	49.79	dm-0	0.00	0.00	0.00	0.00	0.00	0.00	0.00	0.00	0.00	0.00	0.00
0	17459	17484	0	0	28	0	800m	2.05g	29m	0	multi0:23.7%	0	0|0	0|0	8m	5m	304	21:57:47	16.37	0.00	20.39	0.14	0.69	62.41	dm-0	0.00	0.00	0.00	48.00	0.00	2048.00	85.33	6.06	126.33	4.33	20.80
0	14798	14769	0	0	5	0	800m	2.05g	29m	0	multi0:19.9%	0	32|0	0|1	7m	4m	304	21:57:48	13.86	0.00	16.85	0.14	0.68	68.48	dm-0	0.00	0.00	0.00	0.00	0.00	0.00	0.00	0.00	0.00	0.00	0.00
0	15173	15201	0	0	5	0	800m	2.05g	29m	0	multi0:18.9%	0	0|0	0|0	7m	5m	304	21:57:49	13.82	0.00	15.53	1.28	1.00	68.38	dm-0	0.00	0.00	0.00	53.00	0.00	2068.00	78.04	4.51	85.06	4.53	24.00
0	14486	14472	0	0	3	0	800m	2.05g	29m	0	multi0:12.5%	0	0|0	0|0	6m	4m	304	21:57:50	11.67	0.00	13.61	0.28	0.69	73.75	dm-0	0.00	0.00	0.00	0.00	0.00	0.00	0.00	0.00	0.00	0.00	0.00
0	19377	19367	0	0	2	0	800m	2.05g	29m	0	multi0:20.6%	0	25|0	0|1	9m	6m	304	21:57:51	20.39	0.00	19.97	0.42	0.70	58.51	dm-0	0.00	0.00	0.00	47.52	0.00	2027.72	85.33	2.14	45.00	1.58	7.52
0	19828	19847	0	0	3	0	800m	2.05g	29m	0	multi3:15.6%	0	4|0	0|2	9m	6m	304	21:57:52	21.90	0.00	27.55	0.00	0.96	49.59	dm-0	0.00	0.00	0.00	0.00	0.00	0.00	0.00	0.00	0.00	0.00	0.00
0	21007	21004	0	0	4	0	800m	2.05g	29m	0	multi3:21.3%	0	4|0	0|1	10m	7m	304	21:57:53	23.49	0.00	23.35	0.27	0.69	52.20	dm-0	0.00	0.00	0.00	53.00	0.00	2068.00	78.04	1.26	23.77	1.58	8.40
0	20898	20906	0	0	6	0	800m	2.05g	29m	0	multi3:18.1%	0	0|0	0|1	10m	6m	304	21:57:54	20.70	0.00	21.27	0.14	0.70	57.18	dm-0	0.00	0.00	0.00	0.00	0.00	0.00	0.00	0.00	0.00	0.00	0.00
0	19758	19750	0	0	2	0	800m	2.05g	29m	0	multi3:21.0%	0	0|0	1|1	10m	6m	304	21:57:56	20.00	0.00	20.00	0.14	0.99	58.87	dm-0	0.00	0.00	0.00	0.00	0.00	0.00	0.00	0.00	0.00	0.00	0.00
0	23112	23100	0	0	5	0	800m	2.05g	29m	0	multi3:23.6%	0	31|0	0|5	12m	8m	304	21:57:57	28.03	0.00	32.38	0.14	0.82	38.64	dm-0	0.00	0.00	0.00	48.00	0.00	2048.00	85.33	2.27	47.25	3.17	15.20
0	21860	21860	0	0	5	0	800m	2.05g	29m	0	multi3:23.2%	0	6|0	4|1	11m	7m	304	21:57:58	28.02	0.00	35.02	0.13	0.52	36.32	dm-0	0.00	0.00	0.00	0.00	0.00	0.00	0.00	0.00	0.00	0.00	0.00
0	26082	26095	0	0	6	0	800m	2.05g	29m	0	multi3:30.3%	0	24|0	1|2	14m	8m	304	21:57:59	32.40	0.00	36.55	0.00	0.67	30.39	dm-0	0.00	0.00	0.00	48.00	0.00	2048.00	85.33	4.25	88.50	4.75	22.80
0	19814	19821	0	0	5	0	800m	2.05g	29m	0	multi3:17.4%	0	0|0	0|1	11m	7m	304	21:58:00	23.93	0.00	23.93	0.28	0.83	51.04	dm-0	0.00	0.00	0.00	5.00	0.00	20.00	8.00	0.07	13.60	4.00	2.00
0	22669	22620	0	0	3	0	800m	2.05g	29m	0	multi3:23.7%	0	0|0	0|0	12m	8m	304	21:58:01	27.57	0.00	26.66	0.13	0.52	45.12	dm-0	0.00	0.00	0.00	0.00	0.00	0.00	0.00	0.00	0.00	0.00	0.00
0	18728	18778	0	0	4	0	800m	2.05g	29m	0	multi3:20.8%	0	0|0	1|0	11m	7m	304	21:58:02	25.16	0.00	25.03	0.13	0.66	49.02	dm-0	0.00	0.00	0.00	48.00	0.00	2048.00	85.33	2.78	57.92	1.67	8.00
0	19749	19739	0	0	5	0	800m	2.05g	29m	0	multi3:24.0%	0	6|0	0|3	11m	7m	304	21:58:03	22.55	0.00	31.14	0.13	0.67	45.50	dm-0	0.00	0.00	0.00	0.00	0.00	0.00	0.00	0.00	0.00	0.00	0.00
0	19751	19758	0	0	12	0	800m	2.05g	29m	0	multi3:26.5%	0	1|0	3|0	11m	7m	304	21:58:04	24.87	0.00	25.27	0.27	0.67	48.93	dm-0	0.00	0.00	0.00	48.00	0.00	2048.00	85.33	2.66	55.33	2.25	10.80
0	17926	17892	0	0	5	0	800m	2.05g	29m	0	multi3:18.6%	0	22|0	0|4	10m	6m	304	21:58:05	20.22	0.00	21.17	0.00	0.68	57.92	dm-0	0.00	0.00	0.00	0.00	0.00	0.00	0.00	0.00	0.00	0.00	0.00
0	20794	20808	0	0	7	0	800m	2.05g	29m	0	multi6:21.5%	0	9|0	0|1	11m	7m	304	21:58:06	27.48	0.00	29.03	0.52	0.52	42.45	dm-0	0.00	0.00	0.00	5.00	0.00	20.00	8.00	0.17	33.60	19.20	9.60
0	19492	19506	0	0	4	0	800m	2.05g	29m	0	multi6:16.4%	0	5|0	2|1	11m	7m	304	21:58:07	21.20	0.00	26.27	0.27	0.67	51.60	dm-0	0.00	0.00	0.00	48.00	0.00	2048.00	85.33	3.95	82.25	3.08	14.80
0	18359	18345	0	0	11	0	800m	2.05g	29m	0	multi6:16.2%	0	11|0	2|2	10m	6m	304	21:58:08	22.13	0.00	22.00	0.27	0.54	55.06	dm-0	0.00	0.00	0.00	0.00	0.00	0.00	0.00	0.00	0.00	0.00	0.00
0	17714	17737	0	0	11	0	800m	2.05g	29m	0	multi1:14.7%	0	2|0	0|1	9m	6m	304	21:58:09	22.48	0.00	25.97	0.13	0.65	50.78	dm-0	0.00	0.00	0.00	1.00	0.00	44.00	88.00	0.17	0.00	168.00	16.80
0	17262	17257	0	0	4	0	800m	2.05g	29m	0	multi8:11.1%	0	1|0	2|0	9m	6m	304	21:58:10	16.98	0.00	16.17	0.13	0.54	66.17	dm-0	0.00	0.00	0.00	47.00	0.00	2004.00	85.28	1.56	36.77	4.60	21.60
0	17594	17595	0	0	4	0	800m	2.05g	29m	0	multi5:15.5%	0	0|0	0|4	8m	5m	304	21:58:11	19.89	0.00	26.75	0.13	0.54	52.69	dm-0	0.00	0.00	0.00	0.00	0.00	0.00	0.00	0.00	0.00	0.00	0.00
0	16907	16866	0	0	2	0	800m	2.05g	29m	0	multi5:13.7%	0	0|0	0|0	8m	5m	304	21:58:12	20.26	0.00	20.26	0.26	0.52	58.70	dm-0	0.00	0.00	0.00	53.00	0.00	2068.00	78.04	1.46	27.47	1.89	10.00
0	21516	21496	0	0	4	0	800m	2.05g	29m	0	multi3:23.1%	0	0|0	1|49	11m	7m	304	21:58:13	21.17	0.00	31.07	0.41	0.68	46.68	dm-0	0.00	0.00	0.00	0.00	0.00	0.00	0.00	0.00	0.00	0.00	0.00
0	21118	21176	0	0	26	0	800m	2.05g	29m	0	multi8:18.3%	0	5|0	2|0	10m	7m	305	21:58:14	25.10	0.00	27.83	0.55	0.41	46.11	dm-0	0.00	0.00	0.00	0.00	0.00	0.00	0.00	0.00	0.00	0.00	0.00
0	18058	18061	0	0	9	0	800m	2.05g	29m	0	multi6:9.6%	0	1|0	0|1	8m	5m	305	21:58:15	18.46	0.00	18.86	0.27	0.80	61.62	dm-0	0.00	0.00	0.00	48.00	0.00	2048.00	85.33	3.38	70.33	3.33	16.00
0	15862	15848	0	0	9	0	800m	2.05g	29m	0	multi3:10.1%	0	4|0	2|0	7m	5m	305	21:58:16	15.49	0.00	19.69	1.05	0.52	63.25	dm-0	0.00	0.00	0.00	0.00	0.00	0.00	0.00	0.00	0.00	0.00	0.00
0	13664	13682	0	0	7	0	800m	2.05g	29m	0	multi6:9.7%	0	1|0	1|1	6m	4m	305	21:58:17	12.25	0.00	14.54	0.27	0.54	72.41	dm-0	0.00	0.00	0.00	1.00	0.00	44.00	88.00	0.34	0.00	340.00	34.00
0	16239	16228	0	0	10	0	800m	2.05g	29m	0	multi6:11.8%	0	0|0	0|0	7m	5m	305	21:58:18	17.54	0.00	19.84	0.40	0.54	61.67	dm-0	0.00	0.00	0.00	47.00	0.00	2004.00	85.28	38.68	0.00	21.28	100.00
0	17786	17796	0	0	6	1	800m	2.05g	29m	0	multi1:15.6%	0	6|0	2|1	7m	5m	305	21:58:19	15.65	0.00	16.19	1.48	0.67	65.99	dm-0	0.00	0.00	0.00	39.00	0.00	216.00	11.08	11.12	1284.62	10.67	41.60
0	11824	11826	0	0	5	0	800m	2.05g	29m	0	multi4:7.8%	0	0|0	0|1	5m	3m	305	21:58:20	11.61	0.00	14.64	0.53	0.66	72.56	dm-0	0.00	0.00	0.00	6.00	0.00	24.00	8.00	0.04	13.33	3.33	2.00
0	17366	17359	0	0	7	0	800m	2.05g	29m	0	multi5:10.2%	0	3|0	1|1	8m	5m	305	21:58:21	13.74	0.00	14.42	0.00	0.54	71.29	dm-0	0.00	0.00	0.00	1.00	0.00	44.00	88.00	0.37	0.00	372.00	37.20
0	21443	21445	0	0	10	0	800m	2.05g	29m	0	multi3:14.1%	0	0|0	0|0	9m	6m	305	21:58:22	22.15	0.00	22.70	0.00	0.83	54.33	dm-0	0.00	0.00	0.00	47.00	0.00	2004.00	85.28	9.17	203.06	7.06	33.20
0	20400	20376	0	0	7	0	800m	2.05g	29m	0	multi5:18.6%	0	8|0	3|1	9m	6m	305	21:58:23	18.66	0.00	21.81	0.26	0.66	58.61	dm-0	0.00	0.00	0.00	0.00	0.00	0.00	0.00	0.00	0.00	0.00	0.00
0	23212	23238	0	0	5	0	800m	2.05g	29m	0	multi1:24.6%	0	0|0	0|0	10m	7m	305	21:58:24	26.25	0.00	30.18	0.26	0.66	42.65	dm-0	0.00	0.00	0.00	53.00	0.00	2068.00	78.04	2.29	43.17	2.26	12.00
0	19190	19151	0	0	7	0	800m	2.05g	29m	0	multi5:11.0%	0	11|0	0|2	8m	5m	305	21:58:25	18.32	0.00	18.87	0.28	0.69	61.85	dm-0	0.00	0.00	0.00	0.00	0.00	0.00	0.00	0.00	0.00	0.00	0.00
0	24382	24355	0	0	6	0	800m	2.05g	29m	0	multi1:24.5%	0	35|0	0|1	11m	7m	305	21:58:26	25.73	0.00	37.07	0.13	0.40	36.67	dm-0	0.00	0.00	0.00	0.00	0.00	0.00	0.00	0.00	0.00	0.00	0.00
0	26919	26964	0	0	11	0	800m	2.05g	29m	0	multi1:30.0%	0	12|0	1|1	12m	8m	305	21:58:27	29.34	0.00	54.74	0.13	0.66	15.13	dm-0	0.00	0.00	0.00	48.00	0.00	2048.00	85.33	3.35	69.75	2.00	9.60
0	20157	20170	0	0	3	0	800m	2.05g	29m	0	multi1:18.6%	0	0|0	0|2	9m	6m	305	21:58:28	22.99	0.00	28.88	0.13	0.67	47.33	dm-0	0.00	0.00	0.00	0.00	0.00	0.00	0.00	0.00	0.00	0.00	0.00
0	25399	25396	0	0	15	0	800m	2.05g	29m	0	multi1:23.3%	0	4|0	1|1	12m	8m	305	21:58:29	26.51	0.00	27.95	0.13	0.66	44.75	dm-0	0.00	0.00	0.00	1.00	0.00	44.00	88.00	0.29	0.00	288.00	28.80
0	20096	20104	0	0	10	0	800m	2.05g	29m	0	multi1:15.9%	0	2|0	2|0	10m	6m	305	21:58:30	23.93	0.00	32.09	0.27	0.67	43.05	dm-0	0.00	0.00	0.00	52.00	0.00	2024.00	77.85	6.03	121.46	7.23	37.60
0	23793	23772	0	0	9	0	800m	2.05g	29m	0	multi1:24.8%	0	17|0	1|2	11m	7m	305	21:58:31	24.11	0.00	36.51	0.14	0.82	38.42	dm-0	0.00	0.00	0.00	0.00	0.00	0.00	0.00	0.00	0.00	0.00	0.00
0	25424	25440	0	0	15	0	800m	2.05g	29m	0	multi1:24.0%	0	10|0	1|2	13m	8m	306	21:58:32	26.13	0.00	33.20	0.13	0.67	39.87	dm-0	0.00	0.00	0.00	0.00	0.00	0.00	0.00	0.00	0.00	0.00	0.00
0	29212	29198	0	0	16	0	800m	2.05g	29m	0	multi1:26.4%	0	0|0	0|0	15m	10m	306	21:58:33	26.19	0.00	30.29	0.14	0.55	42.84	dm-0	0.00	0.00	0.00	0.00	0.00	0.00	0.00	0.00	0.00	0.00	0.00
0	23633	23603	0	0	11	0	800m	2.05g	29m	0	multi4:21.2%	0	11|0	0|1	12m	8m	306	21:58:34	35.25	0.00	48.17	0.13	0.65	15.80	dm-0	0.00	0.00	0.00	48.00	0.00	2048.00	85.33	3.12	65.08	2.83	13.60
0	30838	30866	0	0	2	0	800m	2.05g	29m	0	multi4:32.7%	0	27|0	0|2	15m	10m	306	21:58:35	29.05	0.00	34.89	0.39	0.52	35.15	dm-0	0.00	0.00	0.00	5.00	0.00	20.00	8.00	0.06	12.80	8.00	4.00
0	24804	24812	0	0	4	0	800m	2.05g	29m	0	multi1:21.6%	0	14|0	4|2	12m	8m	306	21:58:36	30.71	0.00	41.75	0.76	0.63	26.14	dm-0	0.00	0.00	0.00	48.00	0.00	2048.00	85.33	5.16	4.50	2.92	14.00
0	28110	28104	0	0	2	0	800m	2.05g	29m	0	multi1:30.9%	0	37|0	1|4	13m	9m	306	21:58:38	38.57	0.00	48.08	0.00	0.66	12.68	dm-0	0.00	0.00	0.00	0.00	0.00	0.00	0.00	3.61	0.00	0.00	10.40
0	31709	31672	0	0	5	0	800m	2.05g	29m	0	multi1:35.7%	0	0|0	0|0	15m	10m	306	21:58:39	31.21	0.00	42.50	0.13	0.66	25.50	dm-0	0.00	0.00	0.00	0.00	0.00	0.00	0.00	0.00	0.00	0.00	0.00
0	24886	24948	0	0	34	0	800m	2.05g	29m	0	multi1:27.1%	0	38|0	2|4	12m	8m	306	21:58:41	29.80	0.00	49.41	0.13	0.39	20.26	dm-0	0.00	0.00	0.00	48.00	0.00	2048.00	85.33	6.30	131.33	5.17	24.80
0	25711	25691	0	0	15	0	800m	2.05g	29m	0	multi1:24.6%	0	13|0	2|5	13m	8m	306	21:58:42	32.66	0.00	43.59	0.00	0.81	22.94	dm-0	0.00	0.00	0.00	0.00	0.00	0.00	0.00	0.00	0.00	0.00	0.00
0	23305	23351	0	0	12	0	800m	2.05g	28m	0	multi7:19.5%	0	4|0	1|1	11m	7m	306	21:58:43	23.47	0.00	37.67	0.66	0.40	37.80	dm-0	0.00	0.00	0.00	0.00	0.00	0.00	0.00	0.00	0.00	0.00	0.00
0	20216	20227	0	0	7	0	800m	2.05g	28m	0	multi3:11.5%	0	0|0	0|0	10m	7m	306	21:58:44	22.92	0.00	23.73	0.13	0.67	52.55	dm-0	0.00	0.00	0.00	53.00	0.00	2068.00	78.04	2.90	54.79	2.42	12.80
0	23438	23305	0	0	9	0	800m	2.05g	28m	0	multi3:25.5%	0	0|0	0|0	11m	7m	306	21:58:45	25.74	0.00	28.55	0.13	0.54	45.04	dm-0	0.00	0.00	0.00	0.00	0.00	0.00	0.00	0.00	0.00	0.00	0.00
0	25166	25283	0	0	7	0	800m	2.05g	28m	0	multi3:18.6%	0	0|0	0|1	12m	8m	306	21:58:46	27.73	0.00	37.61	1.03	0.51	33.12	dm-0	0.00	0.00	0.00	48.00	0.00	2048.00	85.33	4.88	101.75	3.50	16.80
0	23339	23326	0	0	7	0	800m	2.05g	29m	0	multi9:21.8%	0	0|0	0|0	11m	7m	306	21:58:47	23.91	0.00	27.17	0.14	0.82	47.96	dm-0	0.00	0.00	0.00	0.00	0.00	0.00	0.00	0.00	0.00	0.00	0.00
0	19447	19422	0	0	4	0	800m	2.05g	29m	0	multi9:13.6%	0	0|0	0|0	9m	6m	306	21:58:48	21.56	0.00	23.83	0.25	0.38	53.97	dm-0	0.00	0.00	0.00	0.00	0.00	0.00	0.00	0.00	0.00	0.00	0.00
0	27028	27069	0	0	7	0	800m	2.05g	28m	0	multi9:23.2%	0	0|0	0|0	13m	8m	306	21:58:49	27.36	0.00	35.02	0.00	0.82	36.80	dm-0	0.00	0.00	0.00	48.00	0.00	2048.00	85.33	1.67	34.75	2.08	10.00
0	24200	24187	0	0	5	0	800m	2.05g	28m	0	multi9:21.8%	0	5|0	1|1	11m	7m	306	21:58:50	23.77	0.00	28.69	0.53	0.66	46.35	dm-0	0.00	0.00	0.00	5.00	0.00	20.00	8.00	0.08	15.20	10.40	5.20
0	25280	25293	0	0	3	0	800m	2.05g	28m	0	multi3:16.9%	0	1|0	0|4	11m	7m	306	21:58:51	25.25	0.00	32.12	0.28	0.98	41.37	dm-0	0.00	0.00	0.00	48.00	0.00	2048.00	85.33	4.56	94.92	3.08	14.80
0	22642	22638	0	0	10	0	800m	2.05g	29m	0	multi9:17.4%	0	1|0	1|1	11m	7m	306	21:58:52	21.69	0.00	23.96	0.54	0.67	53.15	dm-0	0.00	0.00	0.00	0.00	0.00	0.00	0.00	0.00	0.00	0.00	0.00
0	21886	21871	0	0	4	0	800m	2.05g	29m	0	multi9:18.3%	0	9|0	1|1	10m	6m	306	21:58:53	21.75	0.00	28.81	0.14	0.83	48.48	dm-0	0.00	0.00	0.00	0.00	0.00	0.00	0.00	0.00	0.00	0.00	0.00
0	20973	20985	0	0	6	0	800m	2.05g	29m	0	multi9:16.4%	0	2|0	1|1	10m	7m	306	21:58:54	22.67	0.00	26.21	0.13	0.66	50.33	dm-0	0.00	0.00	0.00	48.00	0.00	2048.00	85.33	2.66	55.42	3.08	14.80
0	20908	20863	0	0	2	0	800m	2.05g	29m	0	multi7:16.5%	0	0|0	0|0	10m	6m	306	21:58:55	18.58	0.00	21.52	0.13	0.53	59.22	dm-0	0.00	0.00	0.00	0.00	0.00	0.00	0.00	0.00	0.00	0.00	0.00
0	23075	23124	0	0	6	0	800m	2.05g	29m	0	multi7:17.3%	0	8|0	0|17	11m	7m	306	21:58:56	23.38	0.00	51.30	0.39	0.39	24.55	dm-0	0.00	0.00	0.00	52.00	0.00	2064.00	79.38	3.41	65.62	2.92	15.20
0	20159	20114	0	0	4	0	800m	2.05g	29m	0	multi9:13.4%	0	0|0	0|0	9m	6m	306	21:58:57	19.78	0.00	23.85	0.00	0.81	55.56	dm-0	0.00	0.00	0.00	0.00	0.00	0.00	0.00	0.00	0.00	0.00	0.00
0	24319	24334	0	0	2	0	800m	2.05g	28m	0	multi9:24.2%	0	10|0	3|3	11m	7m	306	21:58:58	24.74	0.00	29.43	0.13	0.65	45.05	dm-0	0.00	0.00	0.00	0.00	0.00	0.00	0.00	0.00	0.00	0.00	0.00
0	24659	24687	0	0	3	0	800m	2.05g	28m	0	multi8:16.7%	0	1|0	2|0	11m	8m	306	21:58:59	24.09	0.00	25.58	0.27	0.68	49.39	dm-0	0.00	0.00	0.00	48.00	0.00	2048.00	85.33	3.09	64.42	2.17	10.40
0	23687	23580	0	0	4	0	800m	2.05g	28m	0	multi5:26.0%	0	31|0	3|5	11m	7m	306	21:59:00	26.77	0.00	31.90	0.28	0.55	40.50	dm-0	0.00	0.00	0.00	0.00	0.00	0.00	0.00	0.00	0.00	0.00	0.00
0	22103	22215	0	0	10	0	800m	2.05g	29m	0	multi9:18.2%	0	0|0	0|0	10m	7m	306	21:59:01	26.60	0.00	38.72	0.39	0.78	33.51	dm-0	0.00	0.00	0.00	48.00	0.00	2048.00	85.33	4.43	0.00	2.50	12.00
0	22934	22930	0	0	3	0	800m	2.05g	29m	0	multi7:17.5%	0	0|0	0|0	10m	7m	306	21:59:02	22.27	0.00	30.13	0.27	0.53	46.80	dm-0	0.00	0.00	0.00	5.00	0.00	20.00	8.00	3.62	1610.40	25.60	12.80
0	22272	22256	0	0	5	0	800m	2.05g	29m	0	multi1:18.8%	0	0|0	0|0	10m	7m	306	21:59:03	19.02	0.00	24.18	0.41	0.68	55.71	dm-0	0.00	0.00	0.00	0.00	0.00	0.00	0.00	0.00	0.00	0.00	0.00
0	22239	22261	0	0	6	0	800m	2.05g	29m	0	multi1:18.9%	0	0|0	0|1	10m	6m	306	21:59:04	21.42	0.00	30.74	0.14	0.83	46.87	dm-0	0.00	0.00	0.00	48.00	0.00	2048.00	85.33	2.40	50.08	1.67	8.00
0	23266	23202	0	0	6	0	800m	2.05g	28m	0	multi1:19.8%	0	18|0	1|2	11m	7m	306	21:59:05	20.36	0.00	24.79	0.55	0.69	53.60	dm-0	0.00	0.00	0.00	0.00	0.00	0.00	0.00	0.00	0.00	0.00	0.00
0	24372	24412	0	0	5	0	800m	2.05g	29m	0	multi7:18.2%	0	45|1	0|6	11m	7m	306	21:59:06	26.63	0.00	32.89	0.40	0.53	39.55	dm-0	0.00	0.00	0.00	48.00	0.00	2048.00	85.33	0.82	0.00	0.75	3.60
0	25678	25583	0	0	5	0	800m	2.05g	29m	0	multi1:22.6%	0	8|0	0|2	12m	8m	306	21:59:07	29.82	0.00	35.36	0.13	0.67	34.01	dm-0	0.00	0.00	0.00	0.00	0.00	0.00	0.00	1.83	0.00	0.00	6.00
0	26283	26394	0	0	17	0	800m	2.05g	29m	0	multi1:23.5%	0	0|0	1|1	12m	7m	307	21:59:08	26.43	0.00	52.06	0.53	0.40	20.58	dm-0	0.00	0.00	0.00	4.00	0.00	16.00	8.00	0.12	29.00	15.00	6.00
0	21782	21783	0	0	8	0	800m	2.05g	29m	0	multi5:12.6%	0	1|0	1|1	10m	6m	307	21:59:09	24.39	0.00	28.74	0.26	0.38	46.23	dm-0	0.00	0.00	0.00	0.00	0.00	0.00	0.00	0.00	0.00	0.00	0.00
0	23878	23874	0	0	12	0	800m	2.05g	29m	0	multi1:18.6%	0	1|0	1|2	10m	7m	307	21:59:10	25.69	0.00	34.20	0.14	0.82	39.15	dm-0	0.00	0.00	0.00	1.00	0.00	44.00	88.00	0.08	0.00	80.00	8.00
0	27602	27593	0	0	9	0	800m	2.05g	29m	0	multi5:18.4%	0	8|0	1|1	12m	8m	307	21:59:11	31.68	0.00	40.54	0.00	0.81	26.98	dm-0	0.00	0.00	0.00	47.00	0.00	2004.00	85.28	2.50	54.98	5.62	26.40
0	26969	26950	0	0	18	0	800m	2.05g	29m	0	multi1:17.0%	0	0|0	0|0	12m	8m	307	21:59:12	21.19	0.00	25.37	0.54	0.54	52.36	dm-0	0.00	0.00	0.00	0.00	0.00	0.00	0.00	0.00	0.00	0.00	0.00
0	19728	19733	0	0	16	0	800m	2.05g	29m	0	multi1:15.3%	0	0|0	0|0	8m	5m	307	21:59:13	24.51	0.00	35.05	0.53	0.53	39.39	dm-0	0.00	0.00	0.00	53.00	0.00	2068.00	78.04	2.60	49.06	2.79	14.80
0	24593	24617	0	0	10	0	800m	2.05g	29m	0	multi7:18.4%	0	5|0	0|3	11m	7m	307	21:59:14	20.08	0.00	24.19	0.14	0.85	54.74	dm-0	0.00	0.00	0.00	0.00	0.00	0.00	0.00	0.00	0.00	0.00	0.00
0	21470	21454	0	0	6	0	800m	2.05g	29m	0	multi3:12.9%	0	18|0	6|1	9m	6m	307	21:59:15	16.32	0.00	19.23	0.00	0.55	63.90	dm-0	0.00	0.00	0.00	0.00	0.00	0.00	0.00	0.00	0.00	0.00	0.00
0	20070	20084	0	0	19	0	800m	2.05g	29m	0	multi7:12.7%	0	4|0	1|3	9m	6m	307	21:59:16	21.85	0.00	22.13	0.28	0.97	54.77	dm-0	0.00	0.00	0.00	48.00	0.00	2048.00	85.33	1.50	31.33	1.58	7.60
0	21566	21551	0	0	8	0	800m	2.05g	29m	0	multi7:12.6%	0	5|0	5|0	9m	6m	307	21:59:17	17.38	0.00	19.65	0.27	0.67	62.03	dm-0	0.00	0.00	0.00	0.00	0.00	0.00	0.00	0.00	0.00	0.00	0.00
0	18382	18378	0	0	11	0	800m	2.05g	28m	0	multi1:11.3%	0	5|0	2|4	9m	6m	307	21:59:18	18.56	0.00	20.96	0.13	0.53	59.81	dm-0	0.00	0.00	0.00	48.00	0.00	2048.00	85.33	2.73	56.83	3.17	15.20
0	18658	18683	0	0	4	0	800m	2.05g	28m	0	multi6:13.2%	0	2|0	1|1	8m	5m	307	21:59:19	14.19	0.00	16.62	3.51	0.54	65.14	dm-0	0.00	0.00	0.00	26.00	0.00	216.00	16.62	0.23	8.31	8.00	20.80
0	16531	16525	0	0	3	1	800m	2.05g	29m	0	multi8:10.2%	0	1|0	1|1	7m	5m	307	21:59:20	17.96	0.00	20.41	1.09	0.82	59.73	dm-0	0.00	0.00	0.00	9.00	0.00	80.00	17.78	0.08	11.11	9.33	8.40
0	18472	18503	0	0	11	0	800m	2.05g	28m	0	multi6:10.6%	0	1|0	1|1	9m	6m	307	21:59:22	16.84	0.00	24.01	0.13	0.53	58.49	dm-0	0.00	0.00	0.00	48.00	0.00	2048.00	85.33	2.01	41.92	2.42	11.60
0	15080	15067	0	0	6	0	800m	2.05g	29m	0	multi6:9.7%	0	0|0	0|0	7m	4m	307	21:59:23	16.98	0.00	16.84	0.13	0.53	65.52	dm-0	0.00	0.00	0.00	0.00	0.00	0.00	0.00	0.00	0.00	0.00	0.00
0	16877	16879	0	0	5	0	800m	2.05g	29m	0	multi6:10.1%	0	0|0	0|0	8m	5m	307	21:59:24	15.75	0.00	17.98	0.52	0.52	65.22	dm-0	0.00	0.00	0.00	48.00	0.00	2048.00	85.33	1.48	30.83	1.92	9.20
0	16081	16080	0	0	3	0	800m	2.05g	29m	0	multi6:11.8%	0	0|0	0|0	7m	5m	307	21:59:25	14.36	0.00	14.49	0.13	0.53	70.48	dm-0	0.00	0.00	0.00	0.00	0.00	0.00	0.00	0.00	0.00	0.00	0.00
0	17794	17795	0	0	2	0	800m	2.05g	29m	0	multi6:11.6%	0	2|0	0|3	8m	6m	307	21:59:26	16.91	0.00	17.82	0.79	0.52	63.96	dm-0	0.00	0.00	0.00	5.00	0.00	20.00	8.00	0.11	22.40	10.40	5.20
0	19083	19070	0	0	5	0	800m	2.05g	29m	0	multi6:15.5%	0	5|0	4|2	9m	6m	307	21:59:27	18.94	0.00	19.49	0.00	0.68	60.89	dm-0	0.00	0.00	0.00	48.00	0.00	2048.00	85.33	0.90	18.83	1.00	4.80
0	15772	15788	0	0	5	0	800m	2.05g	29m	0	multi6:12.2%	0	0|0	0|0	7m	5m	307	21:59:28	17.52	0.00	21.61	0.26	0.51	60.10	dm-0	0.00	0.00	0.00	0.00	0.00	0.00	0.00	0.00	0.00	0.00	0.00
0	17472	17478	0	0	3	0	800m	2.05g	29m	0	multi6:12.1%	0	1|0	1|2	8m	5m	307	21:59:29	15.83	0.00	18.00	0.14	0.68	65.36	dm-0	0.00	0.00	0.00	1.00	0.00	44.00	88.00	0.31	0.00	312.00	31.20
0	18739	18737	0	0	10	0	800m	2.05g	29m	0	multi6:18.2%	0	1|0	1|0	8m	5m	307	21:59:30	13.49	0.00	18.53	0.00	0.68	67.30	dm-0	0.00	0.00	0.00	0.00	0.00	0.00	0.00	1.00	0.00	0.00	100.00
0	16505	16482	0	0	10	0	800m	2.05g	29m	0	multi6:13.6%	0	17|0	1|6	8m	5m	307	21:59:31	13.90	0.00	16.35	0.27	0.68	68.80	dm-0	0.00	0.00	0.00	47.00	0.00	2004.00	85.28	2.09	72.34	4.60	21.60
0	18841	18819	0	0	6	0	800m	2.05g	29m	0	multi6:16.1%	0	18|0	2|2	9m	6m	307	21:59:32	15.97	0.00	21.20	0.65	0.52	61.65	dm-0	0.00	0.00	0.00	4.00	0.00	16.00	8.00	0.12	30.00	28.00	11.20
0	20621	20665	0	0	12	0	800m	2.05g	29m	0	multi4:18.2%	0	1|0	0|0	10m	6m	307	21:59:33	20.93	0.00	32.15	0.14	0.68	46.10	dm-0	0.00	0.00	0.00	48.00	0.00	2048.00	85.33	1.26	26.25	0.58	2.80
0	18949	18947	0	0	6	0	800m	2.05g	29m	0	multi6:17.2%	0	1|0	0|0	9m	6m	307	21:59:34	18.44	0.00	21.09	0.13	0.66	59.68	dm-0	0.00	0.00	0.00	0.00	0.00	0.00	0.00	0.00	0.00	0.00	0.00
0	16758	16765	0	0	6	0	800m	2.05g	29m	0	multi6:12.4%	0	0|0	0|0	7m	5m	307	21:59:35	15.69	0.00	19.15	0.13	0.53	64.49	dm-0	0.00	0.00	0.00	0.00	0.00	0.00	0.00	0.00	0.00	0.00	0.00
0	18289	18264	0	0	13	0	800m	2.05g	29m	0	multi6:15.6%	0	0|0	0|0	8m	5m	307	21:59:36	15.77	0.00	18.12	0.14	0.55	65.42	dm-0	0.00	0.00	0.00	48.00	0.00	2048.00	85.33	4.28	89.25	2.25	10.80
0	19281	19283	0	0	7	0	800m	2.05g	29m	0	multi6:16.0%	0	13|0	5|0	9m	6m	307	21:59:37	18.29	0.00	20.19	0.14	0.68	60.70	dm-0	0.00	0.00	0.00	0.00	0.00	0.00	0.00	0.00	0.00	0.00	0.00
0	18649	18671	0	0	3	0	800m	2.05g	29m	0	multi6:14.9%	0	0|0	1|0	9m	6m	307	21:59:38	18.23	0.00	21.27	0.26	0.53	59.71	dm-0	0.00	0.00	0.00	53.00	0.00	2068.00	78.04	2.88	54.34	1.89	10.00
0	18714	18681	0	0	4	0	800m	2.05g	29m	0	multi6:15.5%	0	0|0	0|0	8m	5m	307	21:59:39	16.26	0.00	21.27	0.00	0.81	61.65	dm-0	0.00	0.00	0.00	0.00	0.00	0.00	0.00	0.00	0.00	0.00	0.00
0	18233	18259	0	0	2	0	800m	2.05g	29m	0	multi6:14.3%	0	1|0	1|1	8m	5m	307	21:59:40	19.06	0.00	21.93	0.26	0.52	58.22	dm-0	0.00	0.00	0.00	0.00	0.00	0.00	0.00	0.00	0.00	0.00	0.00
0	14847	14837	0	0	6	0	800m	2.05g	29m	0	multi6:8.5%	0	0|0	0|0	7m	4m	307	21:59:41	15.13	0.00	17.14	0.13	0.54	67.07	dm-0	0.00	0.00	0.00	48.00	0.00	2048.00	85.33	1.60	33.33	1.58	7.60
0	15045	15045	0	0	3	0	800m	2.05g	29m	0	multi4:11.9%	0	2|0	3|0	7m	4m	307	21:59:42	12.68	0.00	15.35	0.13	0.67	71.16	dm-0	0.00	0.00	0.00	0.00	0.00	0.00	0.00	0.00	0.00	0.00	0.00
0	23340	23352	0	0	8	0	800m	2.05g	29m	0	multi6:16.0%	0	1|0	1|0	11m	7m	307	21:59:43	20.13	0.00	25.43	0.13	0.53	53.77	dm-0	0.00	0.00	0.00	48.00	0.00	2048.00	85.33	4.26	88.83	2.58	12.40
0	15078	15067	0	0	10	0	800m	2.05g	29m	0	multi2:8.5%	0	0|0	1|0	7m	4m	307	21:59:44	15.89	0.00	17.95	3.42	0.68	62.05	dm-0	0.00	0.00	0.00	5.00	0.00	20.00	8.00	0.47	49.60	68.00	34.00
0	17467	17468	0	0	11	0	800m	2.05g	29m	0	multi4:12.6%	0	1|0	1|2	8m	5m	307	21:59:45	13.82	0.00	15.72	1.63	0.54	68.29	dm-0	0.00	0.00	0.00	0.00	0.00	0.00	0.00	0.12	0.00	0.00	12.40
0	14967	14957	0	0	15	0	800m	2.05g	29m	0	multi2:10.3%	0	4|0	4|0	7m	4m	307	21:59:46	12.30	0.00	15.57	0.27	0.68	71.17	dm-0	0.00	0.00	0.00	48.00	0.00	2048.00	85.33	1.24	25.92	3.17	15.20
0	18215	18180	0	0	8	0	800m	2.05g	29m	0	multi2:11.5%	0	15|0	1|1	8m	5m	307	21:59:47	15.29	0.00	18.32	0.28	0.69	65.43	dm-0	0.00	0.00	0.00	0.00	0.00	0.00	0.00	0.00	0.00	0.00	0.00
0	20119	20168	0	0	14	0	800m	2.05g	29m	0	multi4:13.9%	0	1|0	3|0	9m	6m	307	21:59:48	17.03	0.00	22.21	0.00	0.54	60.22	dm-0	0.00	0.00	0.00	48.00	0.00	2048.00	85.33	3.78	78.67	2.92	14.00
0	18691	18691	0	0	7	0	800m	2.05g	29m	0	multi4:11.3%	0	0|0	0|1	9m	6m	307	21:59:49	19.04	0.00	20.82	0.55	0.82	58.77	dm-0	0.00	0.00	0.00	5.00	0.00	20.00	8.00	0.18	36.00	14.40	7.20
0	17540	17539	0	0	10	0	800m	2.05g	29m	0	multi4:17.9%	0	0|0	0|1	8m	5m	307	21:59:50	14.11	0.00	15.74	0.27	0.54	69.34	dm-0	0.00	0.00	0.00	0.00	0.00	0.00	0.00	0.00	0.00	0.00	0.00
0	18511	18502	0	0	10	0	800m	2.05g	29m	0	multi2:13.7%	0	3|0	1|3	8m	5m	307	21:59:51	15.58	0.00	18.78	0.00	0.70	64.95	dm-0	0.00	0.00	0.00	48.00	0.00	2048.00	85.33	4.49	93.58	2.42	11.60
0	19158	19159	0	0	9	0	800m	2.05g	29m	0	multi4:14.6%	0	0|0	0|0	9m	6m	307	21:59:52	20.49	0.00	22.51	0.27	0.67	56.06	dm-0	0.00	0.00	0.00	0.00	0.00	0.00	0.00	0.00	0.00	0.00	0.00
0	19097	19101	0	0	10	0	800m	2.05g	29m	0	multi1:15.7%	0	0|0	2|0	9m	5m	307	21:59:53	18.83	0.00	20.60	0.14	0.68	59.76	dm-0	0.00	0.00	0.00	47.00	0.00	2004.00	85.28	4.84	110.21	7.06	33.20
0	18654	18646	0	0	3	0	800m	2.05g	29m	0	multi4:12.3%	0	14|0	0|3	8m	5m	307	21:59:54	18.16	0.00	19.11	0.41	0.68	61.65	dm-0	0.00	0.00	0.00	5.00	0.00	20.00	8.00	0.10	20.80	18.40	9.20
0	21186	21198	0	0	8	0	800m	2.05g	29m	0	multi4:20.0%	0	1|0	1|2	9m	6m	307	21:59:55	24.55	0.00	27.34	0.14	0.70	47.28	dm-0	0.00	0.00	0.00	48.00	0.00	2048.00	85.33	2.09	43.50	1.08	5.20
0	21810	21807	0	0	16	0	800m	2.05g	29m	0	multi4:19.5%	0	1|0	0|2	10m	6m	307	21:59:56	17.46	0.00	21.42	0.14	0.68	60.30	dm-0	0.00	0.00	0.00	0.00	0.00	0.00	0.00	0.00	0.00	0.00	0.00
0	20053	20038	0	0	9	0	800m	2.05g	29m	0	multi8:14.8%	0	13|0	0|4	9m	6m	307	21:59:57	25.62	0.00	27.18	0.13	0.65	46.42	dm-0	0.00	0.00	0.00	0.00	0.00	0.00	0.00	0.00	0.00	0.00	0.00
0	20280	20292	0	0	23	0	800m	2.05g	29m	0	multi1:20.6%	0	0|0	1|2	10m	6m	307	21:59:58	19.70	0.00	19.15	0.00	0.69	60.47	dm-0	0.00	0.00	0.00	48.00	0.00	2048.00	85.33	1.45	30.25	1.00	4.80
0	18731	18716	0	0	10	0	800m	2.05g	29m	0	multi8:11.6%	0	3|0	1|1	9m	5m	307	21:59:59	21.24	0.00	25.20	0.40	0.66	52.51	dm-0	0.00	0.00	0.00	0.00	0.00	0.00	0.00	0.00	0.00	0.00	0.00
0	20210	20193	0	0	6	0	800m	2.05g	29m	0	multi1:20.0%	0	27|0	1|5	10m	6m	307	22:00:00	26.71	0.00	30.13	0.79	0.39	41.97	dm-0	0.00	0.00	0.00	53.00	0.00	2068.00	78.04	1.68	31.77	2.19	11.60
0	24018	24028	0	0	3	0	800m	2.05g	29m	0	multi8:22.4%	0	14|0	0|2	11m	7m	307	22:00:01	21.67	0.00	20.37	0.26	0.65	57.05	dm-0	0.00	0.00	0.00	0.00	0.00	0.00	0.00	0.00	0.00	0.00	0.00
0	16437	16438	0	0	14	0	800m	2.05g	29m	0	multi0:10.2%	0	18|0	6|2	8m	5m	307	22:00:02	17.13	0.00	18.73	0.13	0.53	63.48	dm-0	0.00	0.00	0.00	0.00	0.00	0.00	0.00	0.00	0.00	0.00	0.00
0	17285	17311	0	0	8	0	800m	2.05g	29m	0	multi1:16.0%	0	0|0	0|1	8m	5m	307	22:00:03	19.58	0.00	17.62	0.14	0.70	61.96	dm-0	0.00	0.00	0.00	48.00	0.00	2048.00	85.33	1.84	38.42	15.25	73.20
0	20070	20067	0	0	13	0	800m	2.05g	29m	0	multi4:16.8%	0	2|0	0|3	9m	6m	307	22:00:04	21.89	0.00	20.79	0.14	0.82	56.36	dm-0	0.00	0.00	0.00	0.00	0.00	0.00	0.00	0.00	0.00	0.00	0.00
0	22131	22099	0	0	9	0	800m	2.05g	29m	0	multi4:18.5%	0	18|0	3|2	11m	6m	307	22:00:05	22.03	0.00	30.21	0.40	0.40	46.97	dm-0	0.00	0.00	0.00	5.00	0.00	20.00	8.00	0.10	20.00	10.40	5.20
0	18780	18816	0	0	2	0	800m	2.05g	29m	0	multi1:23.1%	0	0|0	0|1	10m	6m	307	22:00:06	23.21	0.00	24.79	0.14	1.00	50.86	dm-0	0.00	0.00	0.00	48.00	0.00	2048.00	85.33	1.69	35.25	2.92	14.00
0	21591	21574	0	0	8	0	800m	2.05g	29m	0	multi1:15.2%	0	0|0	0|0	11m	7m	307	22:00:07	27.37	0.00	36.19	0.00	0.39	36.06	dm-0	0.00	0.00	0.00	0.00	0.00	0.00	0.00	0.00	0.00	0.00	0.00
0	23553	23528	0	0	14	0	800m	2.05g	29m	0	multi4:22.3%	0	34|0	2|3	11m	7m	307	22:00:08	25.14	0.00	28.11	0.54	0.68	45.54	dm-0	0.00	0.00	0.00	48.00	0.00	2048.00	85.33	1.57	32.75	2.17	10.40
0	22088	22061	0	0	9	0	800m	2.05g	29m	0	multi1:23.5%	0	11|0	0|3	11m	7m	307	22:00:10	20.66	0.00	24.62	0.27	0.82	53.63	dm-0	0.00	0.00	0.00	0.00	0.00	0.00	0.00	0.00	0.00	0.00	0.00
0	23901	23930	0	0	9	0	800m	2.05g	29m	0	multi8:24.7%	0	3|0	2|0	12m	7m	307	22:00:11	31.47	0.00	35.79	0.25	0.38	32.11	dm-0	0.00	0.00	0.00	0.00	0.00	0.00	0.00	0.00	0.00	0.00	0.00
0	27995	27983	0	0	17	0	800m	2.05g	29m	0	multi8:21.7%	0	0|0	0|0	14m	9m	307	22:00:12	34.26	0.00	34.12	0.14	0.69	30.79	dm-0	0.00	0.00	0.00	53.00	0.00	2068.00	78.04	1.97	37.21	2.42	12.80
0	22853	22850	0	0	12	0	800m	2.05g	29m	0	multi6:23.9%	0	0|0	0|0	11m	7m	307	22:00:13	29.92	0.00	34.84	0.27	0.53	34.44	dm-0	0.00	0.00	0.00	0.00	0.00	0.00	0.00	0.00	0.00	0.00	0.00
0	26227	26253	0	0	6	0	800m	2.05g	29m	0	multi8:23.1%	0	1|0	1|0	13m	8m	307	22:00:14	27.60	0.00	31.71	0.13	0.39	40.18	dm-0	0.00	0.00	0.00	48.00	0.00	2048.00	85.33	5.20	108.42	4.08	19.60
0	20441	20405	0	0	5	0	800m	2.05g	29m	0	multi8:18.3%	0	29|0	4|4	10m	6m	307	22:00:15	26.66	0.00	28.87	0.14	0.97	43.37	dm-0	0.00	0.00	0.00	0.00	0.00	0.00	0.00	0.00	0.00	0.00	0.00
0	18571	18535	0	0	6	0	800m	2.05g	29m	0	multi6:15.3%	0	16|0	5|1	9m	5m	307	22:00:16	21.93	0.00	30.16	0.26	0.39	47.26	dm-0	0.00	0.00	0.00	0.00	0.00	0.00	0.00	0.00	0.00	0.00	0.00
0	23281	23314	0	0	9	0	800m	2.05g	29m	0	multi8:21.8%	0	31|0	3|1	12m	7m	307	22:00:17	26.11	0.00	31.85	0.26	0.39	41.38	dm-0	0.00	0.00	0.00	48.00	0.00	2048.00	85.33	2.65	55.25	2.83	13.60
0	25715	25748	0	0	8	0	800m	2.05g	29m	0	multi5:31.9%	0	0|0	1|2	13m	8m	307	22:00:18	32.60	0.00	37.63	0.26	0.39	29.12	dm-0	0.00	0.00	0.00	0.00	0.00	0.00	0.00	0.00	0.00	0.00	0.00
0	24336	24326	0	0	5	0	800m	2.05g	29m	0	multi5:30.7%	0	2|0	0|0	12m	7m	307	22:00:19	27.42	0.00	34.68	0.54	0.54	36.83	dm-0	0.00	0.00	0.00	53.00	0.00	2068.00	78.04	4.08	2.79	2.87	15.20
0	21487	21510	0	0	4	1	800m	2.05g	29m	0	multi6:23.1%	0	0|0	0|0	9m	6m	307	22:00:20	31.74	0.00	34.47	2.33	1.09	30.37	dm-0	0.00	0.00	0.00	29.00	0.00	336.00	23.17	3.46	254.62	9.66	28.00
0	15339	15287	0	0	10	0	800m	2.05g	29m	0	multi5:12.8%	0	47|0	1|4	7m	4m	307	22:00:21	10.60	0.00	13.48	0.39	0.26	75.26	dm-0	0.00	0.00	0.00	5.00	0.00	32.00	12.80	0.04	8.80	8.80	4.40
0	25781	25814	0	0	9	0	800m	2.05g	29m	0	multi6:19.9%	0	3|0	0|3	12m	8m	307	22:00:22	30.72	0.00	38.56	0.13	0.53	30.05	dm-0	0.00	0.00	0.00	48.00	0.00	2048.00	85.33	1.41	29.33	2.50	12.00
0	21163	21147	0	0	8	0	800m	2.05g	29m	0	multi5:23.6%	0	26|0	1|4	11m	6m	307	22:00:23	26.89	0.00	28.78	0.14	0.81	43.38	dm-0	0.00	0.00	0.00	0.00	0.00	0.00	0.00	0.00	0.00	0.00	0.00
0	24334	24361	0	0	4	0	800m	2.05g	29m	0	multi5:24.4%	0	0|0	0|2	12m	7m	307	22:00:24	26.00	0.00	30.53	0.13	0.40	42.93	dm-0	0.00	0.00	0.00	0.00	0.00	0.00	0.00	0.00	0.00	0.00	0.00
0	22489	22469	0	0	6	0	800m	2.05g	29m	0	multi5:22.8%	0	43|0	0|8	11m	7m	307	22:00:25	24.93	0.00	23.71	0.27	0.95	50.14	dm-0	0.00	0.00	0.00	53.00	0.00	2068.00	78.04	4.47	84.30	3.25	17.20
0	24057	24053	0	0	2	0	800m	2.05g	30m	0	multi6:27.6%	0	0|0	0|0	12m	7m	307	22:00:26	35.87	0.00	44.02	0.00	0.39	19.71	dm-0	0.00	0.00	0.00	0.00	0.00	0.00	0.00	0.00	0.00	0.00	0.00
0	24572	24592	0	0	7	0	800m	2.05g	30m	0	multi5:21.4%	0	3|0	0|2	12m	7m	307	22:00:27	26.19	0.00	29.65	0.13	0.64	43.39	dm-0	0.00	0.00	0.00	48.00	0.00	2048.00	85.33	11.86	247.00	6.33	30.40
0	20450	20424	0	0	5	0	800m	2.05g	30m	0	multi5:24.4%	0	34|0	5|3	10m	6m	307	22:00:28	28.48	0.00	34.33	0.13	0.65	36.41	dm-0	0.00	0.00	0.00	0.00	0.00	0.00	0.00	0.00	0.00	0.00	0.00
0	22444	22464	0	0	6	0	800m	2.05g	30m	0	multi5:30.4%	0	7|0	4|2	11m	7m	307	22:00:29	29.96	0.00	36.71	0.13	0.94	32.25	dm-0	0.00	0.00	0.00	48.00	0.00	2048.00	85.33	6.56	136.58	7.08	34.00
0	26723	26737	0	0	5	0	800m	2.05g	30m	0	multi5:34.4%	0	11|0	0|21	13m	8m	307	22:00:30	31.06	0.00	38.44	0.14	0.85	29.50	dm-0	0.00	0.00	0.00	0.00	0.00	0.00	0.00	0.00	0.00	0.00	0.00
0	23534	23468	0	0	11	0	800m	2.05g	30m	0	multi5:29.8%	0	37|0	2|4	11m	7m	307	22:00:31	33.16	0.00	44.39	0.27	0.53	21.66	dm-0	0.00	0.00	0.00	5.00	0.00	20.00	8.00	0.19	38.40	24.00	12.00
0	23762	23765	0	0	8	0	800m	2.05g	30m	0	multi5:27.0%	0	16|0	0|20	12m	7m	307	22:00:32	32.06	0.00	49.24	0.25	0.38	18.07	dm-0	0.00	0.00	0.00	48.00	0.00	2048.00	85.33	1.64	34.08	1.00	4.80
0	25516	25570	0	0	13	0	800m	2.05g	30m	0	multi5:31.7%	0	4|0	2|0	12m	7m	307	22:00:33	30.56	0.00	37.80	0.13	0.94	30.56	dm-0	0.00	0.00	0.00	0.00	0.00	0.00	0.00	0.00	0.00	0.00	0.00
0	24188	24173	0	0	6	0	800m	2.05g	30m	0	multi5:29.7%	0	25|0	1|2	12m	7m	307	22:00:34	29.23	0.00	35.79	0.27	0.82	33.88	dm-0	0.00	0.00	0.00	48.00	0.00	2048.00	85.33	2.37	49.42	1.92	9.20
0	26638	26651	0	0	10	0	800m	2.05g	30m	0	multi5:35.1%	0	13|0	0|2	13m	8m	307	22:00:35	34.79	0.00	45.29	0.00	0.68	19.24	dm-0	0.00	0.00	0.00	0.00	0.00	0.00	0.00	0.00	0.00	0.00	0.00
0	24371	24350	0	0	13	0	800m	2.05g	30m	0	multi5:32.0%	0	53|0	0|2	12m	8m	307	22:00:36	27.26	0.00	35.61	0.42	0.97	35.74	dm-0	0.00	0.00	0.00	48.00	0.00	2048.00	85.33	1.38	9.42	1.00	4.80
0	26354	26365	0	0	7	0	800m	2.05g	30m	0	multi5:36.8%	0	61|0	4|2	12m	8m	307	22:00:37	32.28	0.00	47.17	0.00	1.10	19.45	dm-0	0.00	0.00	0.00	5.00	0.00	20.00	8.00	0.22	229.60	9.60	4.80
0	25037	25035	0	0	6	0	800m	2.05g	30m	0	multi5:35.7%	0	29|0	3|4	11m	7m	307	22:00:38	27.19	0.00	36.34	0.13	1.06	35.28	dm-0	0.00	0.00	0.00	0.00	0.00	0.00	0.00	0.00	0.00	0.00	0.00
0	21852	21856	0	0	13	0	800m	2.05g	30m	0	multi5:30.7%	0	40|0	0|1	10m	6m	307	22:00:39	29.37	0.00	33.57	0.14	1.26	35.66	dm-0	0.00	0.00	0.00	48.00	0.00	2048.00	85.33	1.50	31.33	2.33	11.20
0	24673	24632	0	0	8	0	800m	2.05g	30m	0	multi5:35.5%	0	0|0	0|0	11m	7m	307	22:00:40	26.44	0.00	37.85	0.13	0.81	34.77	dm-0	0.00	0.00	0.00	0.00	0.00	0.00	0.00	0.00	0.00	0.00	0.00
0	21885	21908	0	0	4	0	800m	2.05g	30m	0	multi5:28.8%	0	34|0	0|2	10m	6m	307	22:00:41	27.82	0.00	34.02	0.41	0.83	36.91	dm-0	0.00	0.00	0.00	48.00	0.00	2048.00	85.33	0.27	0.00	1.67	8.00
0	25056	25073	0	0	4	0	800m	2.05g	30m	0	multi5:34.1%	0	31|0	0|3	11m	7m	307	22:00:42	29.74	0.00	53.57	0.27	0.94	15.48	dm-0	0.00	0.00	0.00	0.00	0.00	0.00	0.00	1.54	0.00	0.00	4.40
0	20672	20636	0	0	6	0	800m	2.05g	30m	0	multi5:26.7%	0	47|0	1|3	9m	6m	307	22:00:43	26.03	0.00	42.29	0.14	1.10	30.44	dm-0	0.00	0.00	0.00	5.00	0.00	20.00	8.00	0.08	16.80	9.60	4.80
0	24210	24195	0	0	3	0	800m	2.05g	30m	0	multi5:31.6%	0	49|0	2|2	10m	7m	307	22:00:45	30.85	0.00	51.86	0.27	0.80	16.22	dm-0	0.00	0.00	0.00	48.00	0.00	2048.00	85.33	3.67	76.50	3.75	18.00
0	22963	22979	0	0	8	0	800m	2.05g	30m	0	multi5:30.2%	0	50|0	5|41	10m	7m	307	22:00:46	28.40	0.00	31.36	0.27	1.08	38.90	dm-0	0.00	0.00	0.00	0.00	0.00	0.00	0.00	0.00	0.00	0.00	0.00
0	24947	24954	0	0	7	0	800m	2.05g	30m	0	multi5:32.9%	0	44|0	1|1	11m	7m	307	22:00:47	27.76	0.00	46.12	0.14	0.68	25.31	dm-0	0.00	0.00	0.00	0.00	0.00	0.00	0.00	0.00	0.00	0.00	0.00
0	27247	27219	0	0	6	0	800m	2.05g	30m	0	multi5:36.0%	0	47|0	0|2	11m	7m	307	22:00:48	33.06	0.00	44.86	0.41	1.10	20.58	dm-0	0.00	0.00	0.00	48.00	0.00	2048.00	85.33	4.28	89.08	2.25	10.80
0	23121	23150	0	0	3	0	800m	2.05g	30m	0	multi5:31.1%	0	55|0	0|4	10m	6m	307	22:00:49	26.66	0.00	32.75	0.27	1.08	39.24	dm-0	0.00	0.00	0.00	0.00	0.00	0.00	0.00	0.00	0.00	0.00	0.00
0	26565	26519	0	0	6	0	800m	2.05g	30m	0	multi5:36.8%	0	30|0	0|1	11m	7m	307	22:00:50	27.37	0.00	41.82	0.69	0.96	29.16	dm-0	0.00	0.00	0.00	52.00	0.00	2064.00	79.38	3.41	65.54	4.54	23.60
0	24505	24500	0	0	13	0	800m	2.05g	30m	0	multi5:30.5%	0	0|0	0|0	11m	7m	307	22:00:51	31.15	0.00	49.04	0.00	0.82	18.99	dm-0	0.00	0.00	0.00	0.00	0.00	0.00	0.00	0.00	0.00	0.00	0.00
0	28758	28810	0	0	17	0	800m	2.05g	30m	0	multi5:36.0%	0	56|0	0|2	12m	8m	307	22:00:52	28.23	0.00	36.16	0.28	0.97	34.35	dm-0	0.00	0.00	0.00	0.00	0.00	0.00	0.00	0.00	0.00	0.00	0.00
0	27381	27353	0	0	5	0	800m	2.05g	30m	0	multi5:35.5%	0	36|0	3|0	12m	8m	307	22:00:53	35.17	0.00	39.03	0.14	1.38	24.28	dm-0	0.00	0.00	0.00	48.00	0.00	2048.00	85.33	1.39	29.00	1.08	5.20
0	24512	24531	0	0	5	0	800m	2.05g	30m	0	multi5:29.5%	0	42|0	0|0	10m	7m	307	22:00:54	27.92	0.00	32.60	0.15	1.02	38.30	dm-0	0.00	0.00	0.00	0.00	0.00	0.00	0.00	0.00	0.00	0.00	0.00
0	29911	29919	0	0	7	0	800m	2.05g	30m	0	multi5:37.8%	0	36|0	1|1	12m	8m	307	22:00:55	28.83	0.00	36.00	0.14	1.10	33.93	dm-0	0.00	0.00	0.00	48.00	0.00	2048.00	85.33	1.76	36.58	2.50	12.00
0	26973	26923	0	0	8	0	800m	2.05g	30m	0	multi5:30.8%	0	19|0	3|1	12m	8m	307	22:00:56	34.17	0.00	41.60	0.14	1.26	22.83	dm-0	0.00	0.00	0.00	5.00	0.00	20.00	8.00	0.04	7.20	2.40	1.20
0	25425	25487	0	0	8	0	800m	2.05g	30m	0	multi5:27.9%	0	0|0	0|1	11m	7m	307	22:00:57	24.43	0.00	38.19	0.00	0.54	36.84	dm-0	0.00	0.00	0.00	0.00	0.00	0.00	0.00	0.00	0.00	0.00	0.00
0	20389	20379	0	0	8	0	800m	2.05g	30m	0	multi3:13.3%	0	26|0	2|4	9m	6m	307	22:00:58	25.66	0.00	31.31	0.28	0.97	41.79	dm-0	0.00	0.00	0.00	48.00	0.00	2048.00	85.33	14.00	291.58	10.50	50.40
0	25164	25150	0	0	11	0	800m	2.05g	30m	0	multi1:19.3%	0	4|0	3|1	11m	8m	307	22:00:59	20.97	0.00	25.54	0.27	0.67	52.55	dm-0	0.00	0.00	0.00	0.00	0.00	0.00	0.00	0.00	0.00	0.00	0.00
0	21149	21168	0	0	5	0	800m	2.05g	30m	0	multi1:15.2%	0	0|0	0|2	10m	6m	307	22:01:00	26.64	0.00	27.95	0.00	0.66	44.75	dm-0	0.00	0.00	0.00	48.00	0.00	2048.00	85.33	2.28	41.58	1.92	9.20
0	19640	19615	0	0	10	0	800m	2.05g	30m	0	multi2:11.3%	0	0|0	0|0	9m	6m	307	22:01:01	17.21	0.00	16.94	0.27	0.55	65.03	dm-0	0.00	0.00	0.00	0.00	0.00	0.00	0.00	0.00	0.00	0.00	0.00
0	21999	22022	0	0	14	0	800m	2.05g	30m	0	multi1:15.9%	0	1|0	1|1	10m	6m	307	22:01:02	20.92	0.00	22.28	0.14	0.68	55.98	dm-0	0.00	0.00	0.00	48.00	0.00	2048.00	85.33	1.44	29.92	2.25	10.80
0	20221	20210	0	0	8	0	800m	2.05g	30m	0	multi6:9.4%	0	0|0	0|0	9m	6m	307	22:01:03	21.40	0.00	21.14	0.26	0.65	56.55	dm-0	0.00	0.00	0.00	0.00	0.00	0.00	0.00	0.00	0.00	0.00	0.00
0	21169	21133	0	0	12	0	800m	2.05g	30m	0	multi2:14.6%	0	7|0	4|1	10m	6m	307	22:01:04	22.94	0.00	30.67	0.13	0.26	46.00	dm-0	0.00	0.00	0.00	48.00	0.00	2048.00	85.33	3.51	0.00	1.92	9.20
0	28234	28276	0	0	9	0	800m	2.05g	30m	0	multi1:26.2%	0	5|0	2|1	13m	9m	307	22:01:05	27.91	0.00	36.11	0.00	0.79	35.19	dm-0	0.00	0.00	0.00	0.00	0.00	0.00	0.00	1.16	0.00	0.00	3.20
0	21937	21901	0	0	10	0	800m	2.05g	30m	0	multi1:18.4%	0	6|0	1|0	10m	6m	307	22:01:06	27.25	0.00	42.46	0.40	0.53	29.37	dm-0	0.00	0.00	0.00	0.00	0.00	0.00	0.00	0.00	0.00	0.00	0.00
0	25761	25808	0	0	13	0	800m	2.05g	30m	0	multi1:22.3%	0	0|0	2|2	11m	7m	307	22:01:07	23.30	0.00	22.05	0.00	0.83	53.81	dm-0	0.00	0.00	0.00	1.00	0.00	44.00	88.00	0.57	0.00	568.00	56.80
0	21830	21837	0	0	4	0	800m	2.05g	30m	0	multi8:12.3%	0	0|0	1|0	10m	7m	307	22:01:08	22.16	0.00	21.74	0.00	0.84	55.26	dm-0	0.00	0.00	0.00	53.00	0.00	2028.00	76.53	2.40	56.00	3.09	16.40
0	23747	23725	0	0	10	0	800m	2.05g	30m	0	multi1:19.5%	0	0|0	0|0	11m	7m	307	22:01:09	24.73	0.00	31.72	0.54	0.67	42.34	dm-0	0.00	0.00	0.00	0.00	0.00	0.00	0.00	0.00	0.00	0.00	0.00
0	25620	25626	0	0	11	0	800m	2.05g	30m	0	multi1:21.0%	0	6|0	3|1	12m	7m	307	22:01:10	27.14	0.00	31.75	0.13	0.66	40.32	dm-0	0.00	0.00	0.00	48.00	0.00	2048.00	85.33	2.50	52.08	1.42	6.80
0	26035	26020	0	0	8	0	800m	2.05g	30m	0	multi2:15.0%	0	0|0	0|0	12m	7m	307	22:01:11	26.73	0.00	33.12	0.13	0.52	39.50	dm-0	0.00	0.00	0.00	0.00	0.00	0.00	0.00	0.00	0.00	0.00	0.00
0	24803	24806	0	0	6	0	800m	2.05g	30m	0	multi6:21.8%	0	15|0	1|6	11m	7m	307	22:01:12	24.30	0.00	33.33	0.13	0.66	41.57	dm-0	0.00	0.00	0.00	0.00	0.00	0.00	0.00	0.00	0.00	0.00	0.00
0	22360	22386	0	0	7	0	800m	2.05g	30m	0	multi1:12.2%	0	0|0	0|0	10m	7m	307	22:01:13	19.78	0.00	25.96	0.14	0.82	53.30	dm-0	0.00	0.00	0.00	53.00	0.00	2068.00	78.04	1.67	31.47	4.00	21.20
0	23023	23012	0	0	11	0	800m	2.05g	30m	0	multi2:15.8%	0	1|0	1|2	10m	6m	307	22:01:14	21.42	0.00	24.90	0.28	0.83	52.57	dm-0	0.00	0.00	0.00	0.00	0.00	0.00	0.00	0.00	0.00	0.00	0.00
0	23513	23498	0	0	10	0	800m	2.05g	30m	0	multi1:22.1%	0	26|0	1|2	11m	7m	307	22:01:15	26.90	0.00	37.15	0.27	0.40	35.29	dm-0	0.00	0.00	0.00	48.00	0.00	2048.00	85.33	1.56	32.42	5.50	26.40
0	24479	24495	0	0	12	0	800m	2.05g	30m	0	multi1:20.0%	0	2|0	2|2	11m	7m	307	22:01:16	19.83	0.00	21.38	0.14	0.84	57.81	dm-0	0.00	0.00	0.00	0.00	0.00	0.00	0.00	0.00	0.00	0.00	0.00
0	24176	24186	0	0	7	0	800m	2.05g	30m	0	multi6:20.3%	0	1|0	2|0	11m	7m	307	22:01:17	23.01	0.00	26.50	0.14	0.98	49.37	dm-0	0.00	0.00	0.00	0.00	0.00	0.00	0.00	0.00	0.00	0.00	0.00
0	23220	23211	0	0	8	0	800m	2.05g	30m	0	multi2:17.5%	0	3|0	0|2	11m	7m	307	22:01:18	23.80	0.00	22.96	0.00	0.99	52.25	dm-0	0.00	0.00	0.00	48.00	0.00	2048.00	85.33	3.07	63.92	10.83	52.00
1	19863	19870	0	0	16	0	800m	2.05g	30m	0	multi6:11.7%	0	0|0	0|0	9m	6m	307	22:01:19	15.80	0.00	16.21	1.50	0.54	65.94	dm-0	0.00	0.00	0.00	19.00	0.00	84.00	8.84	0.31	11.37	10.95	20.80
5	14265	14267	0	0	8	1	800m	2.05g	30m	0	multi1:14.8%	0	0|0	0|0	7m	4m	307	22:01:20	6.93	0.00	9.93	3.66	0.26	79.22	dm-0	0.00	0.00	0.00	40.00	0.00	468.00	23.40	0.52	15.40	7.10	28.40
2	5033	5023	0	0	6	0	800m	2.05g	30m	0	multi6:4.9%	0	2|0	0|1	2m	1m	307	22:01:21	13.33	0.00	15.24	0.00	0.54	70.88	dm-0	0.00	0.00	0.00	48.00	0.00	2048.00	85.33	2.80	58.33	1.75	8.40
8	25340	25305	0	0	5	0	800m	2.05g	30m	0	multi9:19.2%	0	2|0	0|1	12m	8m	307	22:01:22	26.82	0.00	31.31	0.26	0.66	40.95	dm-0	0.00	0.00	0.00	0.00	0.00	0.00	0.00	0.00	0.00	0.00	0.00
8	20807	20827	0	0	6	0	800m	2.05g	30m	0	multi8:14.9%	0	0|0	0|23	9m	6m	307	22:01:23	21.58	0.00	25.79	0.13	0.66	51.84	dm-0	0.00	0.00	0.00	48.00	0.00	2048.00	85.33	5.82	121.25	3.08	14.80
7	26134	26121	0	0	11	0	800m	2.05g	30m	0	multi1:18.8%	0	2|0	1|1	12m	8m	307	22:01:24	23.96	0.00	29.64	0.00	0.83	45.57	dm-0	0.00	0.00	0.00	0.00	0.00	0.00	0.00	0.00	0.00	0.00	0.00
13	18469	18449	0	0	5	0	800m	2.05g	30m	0	multi1:16.7%	0	1|0	0|0	8m	5m	307	22:01:25	18.36	0.00	19.77	0.77	0.51	60.59	dm-0	0.00	0.00	0.00	5.00	0.00	20.00	8.00	0.14	28.80	12.00	6.00
6	18668	18676	0	0	11	0	800m	2.05g	30m	0	multi6:13.5%	0	0|0	1|1	9m	6m	307	22:01:26	19.76	0.00	20.30	0.27	0.67	59.01	dm-0	0.00	0.00	0.00	48.00	0.00	2048.00	85.33	2.28	47.50	1.08	5.20
4	23834	23798	0	0	11	0	800m	2.05g	30m	0	multi1:22.1%	0	21|0	1|5	12m	8m	307	22:01:27	26.14	0.00	28.61	0.26	0.52	44.47	dm-0	0.00	0.00	0.00	0.00	0.00	0.00	0.00	0.00	0.00	0.00	0.00
5	18835	18849	0	0	6	0	800m	2.05g	30m	0	multi1:16.4%	0	0|0	0|3	9m	6m	307	22:01:29	19.75	0.00	23.71	0.00	0.68	55.86	dm-0	0.00	0.00	0.00	48.00	0.00	2048.00	85.33	4.79	99.83	3.00	14.40
5	21960	21938	0	0	11	0	800m	2.05g	30m	0	multi6:17.9%	0	0|0	0|0	10m	7m	307	22:01:30	19.53	0.00	19.53	0.28	0.69	59.97	dm-0	0.00	0.00	0.00	0.00	0.00	0.00	0.00	0.00	0.00	0.00	0.00
7	24754	24761	0	0	7	0	800m	2.05g	30m	0	multi1:23.9%	0	4|0	1|2	12m	8m	307	22:01:31	23.14	0.00	27.13	0.27	0.53	48.94	dm-0	0.00	0.00	0.00	0.00	0.00	0.00	0.00	0.00	0.00	0.00	0.00
3	20398	20390	0	0	6	0	800m	2.05g	30m	0	multi1:16.5%	0	2|0	0|2	10m	6m	307	22:01:32	24.93	0.00	26.70	0.14	0.68	47.55	dm-0	0.00	0.00	0.00	1.00	0.00	44.00	88.00	0.81	0.00	808.00	80.80
9	22517	22496	0	0	10	0	800m	2.05g	30m	0	multi1:21.3%	0	22|1	4|3	11m	7m	307	22:01:33	19.23	0.00	21.02	0.14	0.83	58.78	dm-0	0.00	0.00	0.00	52.00	0.00	2024.00	77.85	1.67	47.62	4.38	22.80
7	18601	18594	0	0	5	0	800m	2.05g	30m	0	multi8:16.2%	0	6|0	2|2	9m	6m	307	22:01:34	23.57	0.00	34.90	0.52	0.39	40.62	dm-0	0.00	0.00	0.00	0.00	0.00	0.00	0.00	0.00	0.00	0.00	0.00
8	24042	24055	0	0	5	0	800m	2.05g	30m	0	multi6:18.0%	0	0|0	0|0	12m	8m	307	22:01:35	22.99	0.00	26.16	0.13	0.66	50.07	dm-0	0.00	0.00	0.00	48.00	0.00	2048.00	85.33	4.40	91.67	3.33	16.00
12	18667	18654	0	0	8	0	800m	2.05g	30m	0	multi1:15.7%	0	0|0	0|23	9m	6m	307	22:01:36	22.73	0.00	21.11	0.27	0.81	55.07	dm-0	0.00	0.00	0.00	0.00	0.00	0.00	0.00	0.00	0.00	0.00	0.00
9	18446	18449	0	0	6	0	800m	2.05g	30m	0	multi1:18.4%	0	0|0	0|0	9m	5m	307	22:01:37	21.48	0.00	24.09	0.52	0.52	53.39	dm-0	0.00	0.00	0.00	0.00	0.00	0.00	0.00	0.00	0.00	0.00	0.00
9	23329	23296	0	0	16	0	800m	2.05g	30m	0	multi1:25.9%	0	23|0	1|3	12m	8m	307	22:01:38	20.52	0.00	26.93	0.13	0.65	51.76	dm-0	0.00	0.00	0.00	48.00	0.00	2048.00	85.33	3.12	64.92	2.67	12.80
10	16907	16938	0	0	13	0	800m	2.05g	30m	0	multi1:17.7%	0	0|0	0|0	8m	5m	307	22:01:39	24.41	0.00	27.59	0.28	0.83	46.90	dm-0	0.00	0.00	0.00	0.00	0.00	0.00	0.00	0.00	0.00	0.00	0.00
7	19468	19457	0	0	7	0	800m	2.05g	30m	0	multi1:12.2%	0	0|0	0|0	9m	6m	307	22:01:40	17.19	0.00	18.10	0.26	0.52	63.93	dm-0	0.00	0.00	0.00	53.00	0.00	2068.00	78.04	2.14	40.38	3.62	19.20
6	20089	20067	0	0	5	0	800m	2.05g	30m	0	multi2:15.7%	0	0|0	0|0	10m	6m	307	22:01:41	21.62	0.00	21.89	0.54	0.68	55.27	dm-0	0.00	0.00	0.00	0.00	0.00	0.00	0.00	0.00	0.00	0.00	0.00
14	21191	21220	0	0	17	0	800m	2.05g	30m	0	multi8:14.3%	0	0|0	0|0	10m	7m	307	22:01:42	22.08	0.00	29.06	0.13	0.38	48.35	dm-0	0.00	0.00	0.00	0.00	0.00	0.00	0.00	0.00	0.00	0.00	0.00
1	18788	18749	0	0	4	0	800m	2.05g	30m	0	multi6:11.5%	0	5|6	0|6	9m	6m	307	22:01:43	24.04	0.00	24.59	0.14	0.68	50.55	dm-0	0.00	0.00	0.00	48.00	0.00	2048.00	85.33	2.67	55.67	1.50	7.20
10	21875	21877	0	0	11	0	800m	2.05g	30m	0	multi1:21.2%	0	6|0	3|5	10m	7m	307	22:01:44	27.95	0.00	39.24	0.39	0.39	32.02	dm-0	0.00	0.00	0.00	53.00	0.00	2068.00	78.04	3.00	56.53	4.00	21.20
13	22005	22039	0	0	15	0	800m	2.05g	30m	0	multi1:18.1%	0	0|0	0|1	10m	7m	307	22:01:45	21.53	0.00	21.93	0.26	0.79	55.48	dm-0	0.00	0.00	0.00	0.00	0.00	0.00	0.00	0.00	0.00	0.00	0.00
12	19021	18987	0	0	7	0	800m	2.05g	30m	0	multi2:13.1%	0	0|0	0|0	9m	6m	307	22:01:46	22.14	0.00	27.03	0.51	0.39	49.94	dm-0	0.00	0.00	0.00	0.00	0.00	0.00	0.00	0.00	0.00	0.00	0.00
13	19601	19627	0	0	12	0	800m	2.05g	30m	0	multi1:16.9%	0	0|0	0|0	9m	6m	307	22:01:47	19.51	0.00	20.41	0.26	0.52	59.30	dm-0	0.00	0.00	0.00	48.00	0.00	2048.00	85.33	32.34	0.00	15.83	76.00
23	19884	19877	0	0	18	0	800m	2.05g	30m	0	multi1:17.7%	0	2|0	2|2	9m	6m	307	22:01:48	22.88	0.00	26.77	0.14	0.97	49.24	dm-0	0.00	0.00	0.00	0.00	0.00	0.00	0.00	5.44	0.00	0.00	11.60
10	20551	20532	0	0	16	0	800m	2.05g	31m	0	multi1:12.9%	0	0|0	0|0	9m	6m	308	22:01:49	20.03	0.00	21.90	0.40	0.53	57.14	dm-0	0.00	0.00	0.00	0.00	0.00	0.00	0.00	0.00	0.00	0.00	0.00
5	20670	20672	0	0	13	0	800m	2.05g	30m	0	multi1:13.3%	0	0|0	2|2	9m	6m	309	22:01:50	22.08	0.00	25.62	0.13	0.66	51.51	dm-0	0.00	0.00	0.00	48.00	0.00	2048.00	85.33	4.34	90.33	3.17	15.20
10	21165	21137	0	0	8	0	800m	2.05g	30m	0	multi1:12.4%	0	0|0	0|0	10m	6m	309	22:01:51	20.83	0.00	21.24	0.13	0.67	57.12	dm-0	0.00	0.00	0.00	0.00	0.00	0.00	0.00	0.00	0.00	0.00	0.00
8	20632	20647	0	0	7	0	800m	2.05g	30m	0	multi2:14.7%	0	0|0	0|0	10m	6m	309	22:01:52	22.86	0.00	27.27	1.17	0.65	48.05	dm-0	0.00	0.00	0.00	5.00	0.00	20.00	8.00	0.49	98.40	28.80	14.40
12	21843	21829	0	0	18	0	800m	2.05g	31m	0	multi3:12.9%	0	0|0	2|0	10m	6m	309	22:01:53	21.78	0.00	24.38	0.14	0.68	53.01	dm-0	0.00	0.00	0.00	48.00	0.00	2048.00	85.33	1.98	41.17	2.67	12.80
6	19699	19692	0	0	14	0	800m	2.05g	30m	0	multi2:11.5%	0	0|0	0|0	9m	6m	309	22:01:54	23.65	0.00	30.91	0.26	0.53	44.65	dm-0	0.00	0.00	0.00	0.00	0.00	0.00	0.00	0.00	0.00	0.00	0.00
10	27516	27496	0	0	11	0	800m	2.05g	31m	0	multi1:22.4%	0	4|0	1|2	13m	8m	309	22:01:55	28.69	0.00	27.61	0.00	0.94	42.76	dm-0	0.00	0.00	0.00	1.00	0.00	44.00	88.00	0.40	0.00	404.00	40.40
1	18989	19002	0	0	18	0	800m	2.05g	31m	0	multi4:12.3%	0	2|0	0|3	9m	5m	309	22:01:56	17.00	0.00	15.80	0.13	0.54	66.53	dm-0	0.00	0.00	0.00	47.00	0.00	2004.00	85.28	2.78	67.66	5.70	26.80
5	21207	21188	0	0	11	0	800m	2.05g	31m	0	multi3:15.6%	0	7|0	3|2	10m	6m	309	22:01:57	22.16	0.00	24.90	0.14	0.68	52.12	dm-0	0.00	0.00	0.00	0.00	0.00	0.00	0.00	0.00	0.00	0.00	0.00
6	18275	18277	0	0	14	0	800m	2.05g	31m	0	multi3:12.4%	0	0|0	0|0	8m	6m	309	22:01:58	18.35	0.00	20.67	0.39	0.65	59.95	dm-0	0.00	0.00	0.00	53.00	0.00	2068.00	78.04	13.96	7.62	7.85	41.60
7	22430	22433	0	0	7	0	800m	2.05g	31m	0	multi1:15.9%	0	0|0	0|0	10m	7m	309	22:01:59	20.85	0.00	20.71	0.14	0.69	57.61	dm-0	0.00	0.00	0.00	0.00	0.00	0.00	0.00	4.02	0.00	0.00	10.40
8	17079	17047	0	0	9	0	800m	2.05g	31m	0	multi1:13.3%	0	7|0	1|2	8m	5m	309	22:02:00	17.68	0.00	19.53	0.53	0.53	61.74	dm-0	0.00	0.00	0.00	0.00	0.00	0.00	0.00	0.00	0.00	0.00	0.00
13	18731	18733	0	0	11	0	800m	2.05g	31m	0	multi1:15.4%	0	3|0	0|1	9m	6m	310	22:02:01	20.94	0.00	19.56	0.28	0.55	58.67	dm-0	0.00	0.00	0.00	48.00	0.00	2048.00	85.33	2.76	57.50	2.92	14.00
8	23328	23292	0	0	15	0	800m	2.05g	31m	0	multi3:16.4%	0	11|0	1|1	11m	7m	310	22:02:02	18.98	0.00	23.68	0.28	0.69	56.37	dm-0	0.00	0.00	0.00	0.00	0.00	0.00	0.00	0.00	0.00	0.00	0.00
8	19222	19230	0	0	25	0	800m	2.05g	31m	0	multi4:15.2%	0	0|0	0|0	9m	6m	311	22:02:03	21.66	0.00	29.60	0.50	0.50	47.73	dm-0	0.00	0.00	0.00	0.00	0.00	0.00	0.00	0.00	0.00	0.00	0.00
5	19498	19508	0	0	16	0	800m	2.05g	31m	0	multi1:13.7%	0	0|0	0|1	9m	6m	311	22:02:04	19.07	0.00	17.28	0.27	0.69	62.69	dm-0	0.00	0.00	0.00	53.00	0.00	2068.00	78.04	2.60	49.13	3.32	17.60
6	18892	18876	0	0	14	0	800m	2.05g	31m	0	multi1:13.4%	0	71|10	0|10	9m	6m	311	22:02:05	22.72	0.00	26.55	0.26	0.53	49.93	dm-0	0.00	0.00	0.00	0.00	0.00	0.00	0.00	0.00	0.00	0.00	0.00
7	22547	22554	0	0	5	0	800m	2.05g	31m	0	multi1:22.9%	0	1|0	2|0	11m	7m	311	22:02:06	23.10	0.00	25.85	0.79	0.52	49.74	dm-0	0.00	0.00	0.00	48.00	0.00	2048.00	85.33	4.40	91.75	6.33	30.40
6	9492	9492	0	0	4	0	800m	2.05g	31m	0	multi5:9.1%	0	0|0	0|0	4m	2m	311	22:02:07	7.28	0.00	8.47	0.13	0.40	83.73	dm-0	0.00	0.00	0.00	0.00	0.00	0.00	0.00	0.00	0.00	0.00	0.00
8	22374	22354	0	0	13	0	800m	2.05g	31m	0	multi3:19.1%	0	0|0	1|1	10m	7m	311	22:02:08	23.85	0.00	33.33	0.53	0.40	41.90	dm-0	0.00	0.00	0.00	0.00	0.00	0.00	0.00	0.00	0.00	0.00	0.00
8	19327	19323	0	0	10	0	800m	2.05g	31m	0	multi5:12.9%	0	1|0	0|2	9m	6m	311	22:02:09	21.61	0.00	21.33	0.14	0.83	56.09	dm-0	0.00	0.00	0.00	53.00	0.00	2068.00	78.04	3.59	67.77	3.77	20.00
1	22890	22864	0	0	12	0	800m	2.05g	31m	0	multi3:17.4%	0	9|0	3|2	10m	7m	311	22:02:10	23.65	0.00	29.72	0.26	0.79	45.57	dm-0	0.00	0.00	0.00	0.00	0.00	0.00	0.00	0.00	0.00	0.00	0.00
6	20930	20946	0	0	19	0	800m	2.05g	31m	0	multi3:17.5%	0	0|0	0|0	10m	6m	311	22:02:11	18.60	0.00	24.01	0.13	0.40	56.86	dm-0	0.00	0.00	0.00	1.00	0.00	44.00	88.00	0.10	0.00	104.00	10.40
10	21508	21502	0	0	20	0	800m	2.05g	31m	0	multi1:19.0%	0	0|0	0|1	10m	6m	311	22:02:12	22.75	0.00	25.07	0.14	0.95	51.09	dm-0	0.00	0.00	0.00	47.00	0.00	2004.00	85.28	1.35	30.89	4.77	22.40
8	19995	19934	0	0	3	0	800m	2.05g	31m	0	multi3:19.8%	0	24|0	1|1	9m	6m	311	22:02:14	19.10	0.00	19.63	0.40	0.53	60.34	dm-0	0.00	0.00	0.00	0.00	0.00	0.00	0.00	0.00	0.00	0.00	0.00
1	26791	26810	0	0	15	0	800m	2.05g	31m	0	multi3:24.2%	0	2|0	0|0	12m	8m	312	22:02:15	26.40	0.00	35.37	0.26	0.52	37.45	dm-0	0.00	0.00	0.00	48.00	0.00	2048.00	85.33	2.83	58.92	4.67	22.40
5	22400	22375	0	0	7	0	800m	2.05g	31m	0	multi3:19.7%	0	35|0	0|5	10m	6m	312	22:02:16	26.16	0.00	35.34	0.14	0.82	37.53	dm-0	0.00	0.00	0.00	0.00	0.00	0.00	0.00	0.00	0.00	0.00	0.00
9	29025	29079	0	0	10	0	800m	2.05g	31m	0	multi3:29.3%	0	1|0	0|2	13m	9m	312	22:02:17	26.01	0.00	35.44	0.40	0.54	37.60	dm-0	0.00	0.00	0.00	5.00	0.00	20.00	8.00	0.17	34.40	20.00	10.00
5	18619	18595	0	0	12	0	800m	2.05g	31m	0	multi1:14.3%	0	24|0	2|1	8m	5m	312	22:02:18	23.72	0.00	28.69	0.00	0.83	46.76	dm-0	0.00	0.00	0.00	48.00	0.00	2048.00	85.33	1.59	33.17	0.92	4.40
1	21886	21897	0	0	8	0	800m	2.05g	31m	0	multi1:25.5%	0	10|0	0|2	10m	6m	312	22:02:19	23.49	0.00	23.75	0.26	0.51	51.99	dm-0	0.00	0.00	0.00	0.00	0.00	0.00	0.00	0.00	0.00	0.00	0.00
1	10819	10818	0	0	2	1	800m	2.05g	31m	0	multi1:11.8%	0	1|0	0|0	5m	3m	312	22:02:20	25.17	0.00	32.09	0.97	0.97	40.80	dm-0	0.00	0.00	0.00	89.00	0.00	2312.00	51.96	3.22	36.18	3.42	30.40
11	21154	21114	0	0	7	0	800m	2.05g	31m	0	multi1:21.8%	0	0|0	0|0	10m	6m	312	22:02:21	7.79	0.00	8.06	3.30	0.40	80.45	dm-0	0.00	0.00	0.00	70.00	0.00	680.00	19.43	0.73	10.46	4.29	30.00
13	20405	20427	0	0	11	0	800m	2.05g	31m	0	multi1:17.1%	0	0|0	0|2	9m	6m	312	22:02:22	24.34	0.00	24.90	0.42	0.83	49.51	dm-0	0.00	0.00	0.00	0.00	0.00	0.00	0.00	0.00	0.00	0.00	0.00
3	21739	21731	0	0	13	0	800m	2.05g	31m	0	multi3:14.1%	0	1|0	1|2	10m	6m	312	22:02:23	19.39	0.00	21.05	0.00	0.69	58.87	dm-0	0.00	0.00	0.00	48.00	0.00	2048.00	85.33	2.79	58.08	3.25	15.60
4	20103	20056	0	0	7	0	800m	2.05g	30m	0	multi3:25.8%	0	1|0	1|0	9m	6m	312	22:02:24	24.26	0.00	33.51	0.13	0.54	41.55	dm-0	0.00	0.00	0.00	48.00	0.00	2048.00	85.33	3.21	66.83	2.83	13.60
11	26748	26772	0	0	6	0	800m	2.05g	30m	0	multi1:24.6%	0	37|0	3|2	12m	8m	312	22:02:25	26.32	0.00	31.48	0.54	0.68	40.98	dm-0	0.00	0.00	0.00	5.00	0.00	20.00	8.00	0.07	14.40	12.00	6.00
1	20144	20107	0	0	4	0	800m	2.05g	30m	0	multi1:19.7%	0	16|0	0|2	9m	6m	312	22:02:26	22.30	0.00	27.64	0.13	0.53	49.40	dm-0	0.00	0.00	0.00	0.00	0.00	0.00	0.00	0.00	0.00	0.00	0.00
0	23559	23598	0	0	7	0	800m	2.05g	30m	0	multi1:21.1%	0	1|0	2|2	11m	7m	312	22:02:27	22.81	0.00	30.87	0.14	0.96	45.22	dm-0	0.00	0.00	0.00	48.00	0.00	2048.00	85.33	2.46	51.33	1.75	8.40
0	22271	22271	0	0	7	0	800m	2.05g	30m	0	multi3:17.8%	0	0|0	2|0	10m	6m	312	22:02:28	21.83	0.00	27.90	0.40	0.54	49.33	dm-0	0.00	0.00	0.00	0.00	0.00	0.00	0.00	0.00	0.00	0.00	0.00
0	19474	19462	0	0	2	0	800m	2.05g	30m	0	multi1:20.6%	0	3|0	0|3	9m	6m	312	22:02:29	22.80	0.00	36.93	0.13	0.53	39.60	dm-0	0.00	0.00	0.00	47.00	0.00	2008.00	85.45	0.59	0.00	4.43	20.80
0	16382	16399	0	0	5	0	800m	2.05g	30m	0	multi1:10.1%	0	0|0	0|1	8m	5m	312	22:02:30	13.94	0.00	13.94	0.13	0.54	71.45	dm-0	0.00	0.00	0.00	6.00	0.00	60.00	20.00	1.22	301.33	11.33	6.80
0	19371	19364	0	0	6	0	800m	2.05g	30m	0	multi1:18.3%	0	0|0	0|0	10m	6m	312	22:02:31	21.95	0.00	30.35	0.41	0.68	46.61	dm-0	0.00	0.00	0.00	0.00	0.00	0.00	0.00	0.00	0.00	0.00	0.00
0	19335	19347	0	0	3	0	800m	2.05g	31m	0	multi1:18.0%	0	3|0	3|0	9m	6m	312	22:02:32	20.43	0.00	24.83	0.13	0.67	53.94	dm-0	0.00	0.00	0.00	48.00	0.00	2048.00	85.33	1.58	33.00	1.42	6.80
0	22638	22622	0	0	6	0	800m	2.05g	31m	0	multi4:15.4%	0	8|0	1|2	11m	7m	312	22:02:33	22.16	0.00	24.90	0.26	0.78	51.89	dm-0	0.00	0.00	0.00	0.00	0.00	0.00	0.00	0.00	0.00	0.00	0.00
0	19121	19125	0	0	3	0	800m	2.05g	31m	0	multi1:18.2%	0	5|0	1|1	9m	6m	312	22:02:34	19.03	0.00	24.53	0.27	0.54	55.63	dm-0	0.00	0.00	0.00	1.00	0.00	44.00	88.00	0.07	0.00	72.00	7.20
0	18368	18374	0	0	4	0	800m	2.05g	31m	0	multi1:14.2%	0	1|0	0|0	9m	5m	312	22:02:35	17.80	0.00	19.02	0.27	0.82	62.09	dm-0	0.00	0.00	0.00	47.00	0.00	2004.00	85.28	3.00	65.45	1.70	8.00
0	19315	19307	0	0	7	0	800m	2.05g	31m	0	multi4:13.6%	0	0|0	0|0	10m	6m	312	22:02:36	18.11	0.00	22.03	0.54	0.27	59.05	dm-0	0.00	0.00	0.00	0.00	0.00	0.00	0.00	0.00	0.00	0.00	0.00
0	15587	15603	0	0	3	0	800m	2.05g	31m	0	multi1:10.7%	0	1|0	0|0	8m	5m	312	22:02:37	14.05	0.00	17.49	0.28	0.83	67.36	dm-0	0.00	0.00	0.00	51.00	0.00	2060.00	80.78	3.54	69.49	2.20	11.20
0	19827	19793	0	0	5	0	800m	2.05g	31m	0	multi3:13.4%	0	0|0	0|0	10m	6m	312	22:02:38	21.09	0.00	22.56	0.00	0.53	55.81	dm-0	0.00	0.00	0.00	0.00	0.00	0.00	0.00	0.00	0.00	0.00	0.00
0	18894	18897	0	0	6	0	800m	2.05g	31m	0	multi1:15.6%	0	0|0	0|0	9m	6m	312	22:02:39	20.05	0.00	22.80	0.26	0.66	56.23	dm-0	0.00	0.00	0.00	1.00	0.00	44.00	88.00	0.02	0.00	16.00	1.60
0	20367	20398	0	0	5	0	800m	2.05g	31m	0	multi3:13.4%	0	3|0	2|0	10m	6m	312	22:02:40	19.03	0.00	21.11	0.00	0.69	59.17	dm-0	0.00	0.00	0.00	47.00	0.00	2004.00	85.28	2.29	49.11	1.11	5.20
0	17569	17528	0	0	4	0	800m	2.05g	31m	0	multi6:11.1%	0	0|0	0|0	8m	5m	312	22:02:41	19.04	0.00	21.64	0.39	0.52	58.41	dm-0	0.00	0.00	0.00	0.00	0.00	0.00	0.00	0.00	0.00	0.00	0.00
0	19857	19898	0	0	6	0	800m	2.05g	31m	0	multi6:14.2%	0	0|0	0|2	10m	6m	312	22:02:42	19.30	0.00	27.21	0.40	0.54	52.55	dm-0	0.00	0.00	0.00	48.00	0.00	2048.00	85.33	1.35	28.08	0.83	4.00
0	17768	17761	0	0	7	0	800m	2.05g	31m	0	multi0:11.9%	0	0|0	0|2	9m	6m	312	22:02:43	17.54	0.00	17.67	0.13	0.54	64.12	dm-0	0.00	0.00	0.00	0.00	0.00	0.00	0.00	0.00	0.00	0.00	0.00
0	15441	15420	0	0	6	0	800m	2.05g	30m	0	multi1:9.4%	0	1|0	0|3	7m	5m	312	22:02:44	18.09	0.00	21.01	0.13	0.53	60.24	dm-0	0.00	0.00	0.00	48.00	0.00	2048.00	85.33	1.31	27.33	1.83	8.80
0	21575	21593	0	0	4	0	800m	2.05g	31m	0	multi1:12.9%	0	0|0	0|0	10m	7m	312	22:02:45	18.78	0.00	17.54	0.41	0.83	62.43	dm-0	0.00	0.00	0.00	3.00	0.00	12.00	8.00	0.04	12.00	6.67	2.00
0	16055	16056	0	0	5	0	800m	2.05g	30m	0	multi3:8.5%	0	1|0	2|1	7m	5m	312	22:02:46	14.19	0.00	13.36	0.14	0.55	71.76	dm-0	0.00	0.00	0.00	0.00	0.00	0.00	0.00	0.00	0.00	0.00	0.00
0	16316	16313	0	0	6	0	800m	2.05g	30m	0	multi7:11.9%	0	0|0	1|1	7m	5m	312	22:02:47	15.92	0.00	16.73	0.00	0.68	66.67	dm-0	0.00	0.00	0.00	48.00	0.00	2048.00	85.33	1.13	23.50	2.58	12.40
0	20385	20374	0	0	8	0	800m	2.05g	30m	0	multi9:11.9%	0	2|0	1|2	9m	6m	312	22:02:48	19.84	0.00	24.44	0.26	0.53	54.93	dm-0	0.00	0.00	0.00	0.00	0.00	0.00	0.00	0.00	0.00	0.00	0.00
0	16410	16391	0	0	6	0	800m	2.05g	30m	0	multi9:10.8%	0	0|0	0|0	7m	5m	312	22:02:49	17.26	0.00	19.65	0.13	0.66	62.28	dm-0	0.00	0.00	0.00	1.00	0.00	44.00	88.00	0.10	0.00	96.00	9.60
0	18014	18043	0	0	9	0	800m	2.05g	30m	0	multi1:10.1%	0	1|0	1|3	9m	6m	312	22:02:50	13.93	0.00	16.28	0.14	0.55	69.10	dm-0	0.00	0.00	0.00	47.00	0.00	2004.00	85.28	1.98	44.26	1.96	9.20
0	17320	17313	0	0	4	0	800m	2.05g	30m	0	multi0:9.6%	0	1|0	0|1	8m	5m	312	22:02:51	15.72	0.00	16.97	0.00	0.56	66.76	dm-0	0.00	0.00	0.00	0.00	0.00	0.00	0.00	0.00	0.00	0.00	0.00
0	18486	18493	0	0	11	0	800m	2.05g	30m	0	multi1:12.0%	0	0|0	0|1	8m	5m	312	22:02:52	15.77	0.00	19.50	0.41	0.83	63.49	dm-0	0.00	0.00	0.00	51.00	0.00	2060.00	80.78	5.49	107.69	3.61	18.40
0	19411	19392	0	0	5	0	800m	2.05g	30m	0	multi0:13.2%	0	10|0	1|4	9m	6m	312	22:02:53	17.77	0.00	18.87	0.00	0.55	62.81	dm-0	0.00	0.00	0.00	0.00	0.00	0.00	0.00	0.00	0.00	0.00	0.00
0	19366	19366	0	0	5	0	800m	2.05g	30m	0	multi4:11.7%	0	24|0	4|2	9m	6m	312	22:02:54	18.44	0.00	22.15	0.27	0.53	58.62	dm-0	0.00	0.00	0.00	0.00	0.00	0.00	0.00	0.00	0.00	0.00	0.00
0	17590	17613	0	0	9	0	800m	2.05g	30m	0	multi0:11.1%	0	0|0	0|0	8m	5m	312	22:02:55	15.77	0.00	16.74	0.14	0.69	66.67	dm-0	0.00	0.00	0.00	48.00	0.00	2048.00	85.33	2.22	46.33	1.50	7.20
0	19801	19766	0	0	12	0	800m	2.05g	30m	0	multi0:14.0%	0	0|0	0|0	9m	6m	312	22:02:56	17.02	0.00	20.08	0.00	0.70	62.20	dm-0	0.00	0.00	0.00	0.00	0.00	0.00	0.00	0.00	0.00	0.00	0.00
0	17944	17968	0	0	11	0	800m	2.05g	30m	0	multi7:12.7%	0	2|0	0|0	8m	6m	312	22:02:57	16.15	0.00	18.03	0.27	0.54	65.01	dm-0	0.00	0.00	0.00	48.00	0.00	2048.00	85.33	2.32	48.33	2.08	10.00
0	20519	20514	0	0	9	0	800m	2.05g	30m	0	multi0:13.5%	0	4|0	5|1	10m	7m	312	22:02:58	18.25	0.00	19.80	0.00	0.71	61.24	dm-0	0.00	0.00	0.00	0.00	0.00	0.00	0.00	0.00	0.00	0.00	0.00
0	15535	15521	0	0	10	0	800m	2.05g	30m	0	multi0:12.3%	0	0|0	0|0	7m	5m	312	22:03:00	15.80	0.00	15.53	0.27	0.54	67.87	dm-0	0.00	0.00	0.00	0.00	0.00	0.00	0.00	0.00	0.00	0.00	0.00
0	16562	16567	0	0	10	0	800m	2.05g	30m	0	multi9:9.5%	0	0|0	0|0	8m	5m	312	22:03:01	12.86	0.00	15.49	0.28	0.41	70.95	dm-0	0.00	0.00	0.00	51.00	0.00	2060.00	80.78	4.15	81.33	2.59	13.20
0	16151	16166	0	0	11	0	800m	2.05g	30m	0	multi0:11.7%	0	0|0	0|0	8m	5m	312	22:03:02	16.38	0.00	19.66	0.26	0.66	63.04	dm-0	0.00	0.00	0.00	0.00	0.00	0.00	0.00	0.00	0.00	0.00	0.00
0	16960	16951	0	0	11	0	800m	2.05g	30m	0	multi6:10.2%	0	0|0	2|0	8m	6m	312	22:03:03	14.58	0.00	16.35	0.27	0.54	68.26	dm-0	0.00	0.00	0.00	48.00	0.00	2048.00	85.33	4.27	88.92	3.00	14.40
0	12795	12777	0	0	7	0	800m	2.05g	30m	0	multi9:7.6%	0	1|0	2|27	6m	4m	312	22:03:04	11.98	0.00	14.74	0.00	0.69	72.59	dm-0	0.00	0.00	0.00	0.00	0.00	0.00	0.00	0.00	0.00	0.00	0.00
0	19316	19340	0	0	9	0	800m	2.05g	30m	0	multi7:12.7%	0	0|0	1|0	10m	7m	312	22:03:05	13.73	0.00	17.23	0.27	0.54	68.24	dm-0	0.00	0.00	0.00	0.00	0.00	0.00	0.00	0.00	0.00	0.00	0.00
0	10633	10634	0	0	7	0	800m	2.05g	30m	0	multi7:7.3%	0	0|0	0|0	5m	3m	312	22:03:06	14.17	0.00	13.46	0.14	0.56	71.67	dm-0	0.00	0.00	0.00	48.00	0.00	2048.00	85.33	1.05	21.83	1.17	5.60
0	10559	10563	0	0	3	0	800m	2.05g	30m	0	multi7:7.0%	0	1|0	0|1	5m	3m	312	22:03:07	7.93	0.00	9.01	0.00	0.27	82.80	dm-0	0.00	0.00	0.00	0.00	0.00	0.00	0.00	0.00	0.00	0.00	0.00
0	12785	12777	0	0	5	0	800m	2.05g	30m	0	multi7:9.6%	0	0|0	1|2	6m	4m	312	22:03:08	9.54	0.00	9.54	0.53	0.66	79.74	dm-0	0.00	0.00	0.00	51.00	0.00	2060.00	80.78	1.55	30.43	1.73	8.80
0	11616	11625	0	0	6	0	800m	2.05g	30m	0	multi7:11.4%	0	0|0	0|0	5m	4m	312	22:03:09	9.80	0.00	10.48	0.14	0.54	79.05	dm-0	0.00	0.00	0.00	0.00	0.00	0.00	0.00	0.00	0.00	0.00	0.00
0	8731	8731	0	0	5	0	800m	2.05g	30m	0	multi7:6.1%	0	0|0	0|0	4m	2m	312	22:03:10	7.70	0.00	10.54	0.14	0.41	81.22	dm-0	0.00	0.00	0.00	0.00	0.00	0.00	0.00	0.00	0.00	0.00	0.00
0	10303	10288	0	0	5	0	800m	2.05g	30m	0	multi7:9.0%	0	0|0	0|0	4m	3m	312	22:03:11	9.92	0.00	11.88	0.00	0.39	77.81	dm-0	0.00	0.00	0.00	0.00	0.00	0.00	0.00	0.00	0.00	0.00	0.00
0	8790	8806	0	0	4	0	800m	2.05g	31m	0	multi7:8.8%	0	0|0	0|0	4m	2m	312	22:03:12	6.11	0.00	6.25	0.27	0.54	86.82	dm-0	0.00	0.00	0.00	48.00	0.00	2048.00	85.33	1.63	34.00	1.25	6.00
0	9082	9076	0	0	13	0	800m	2.05g	31m	0	multi7:8.0%	0	1|0	0|2	4m	3m	312	22:03:13	5.49	0.00	5.35	0.27	0.27	88.62	dm-0	0.00	0.00	0.00	0.00	0.00	0.00	0.00	0.00	0.00	0.00	0.00
0	7953	7949	0	0	3	0	800m	2.05g	30m	0	multi7:6.3%	0	0|0	0|2	3m	2m	312	22:03:14	5.68	0.00	8.25	0.00	0.54	85.52	dm-0	0.00	0.00	0.00	0.00	0.00	0.00	0.00	0.00	0.00	0.00	0.00
0	8105	8112	0	0	6	0	800m	2.05g	30m	0	multi7:7.8%	0	2|0	0|1	3m	2m	312	22:03:15	5.50	0.00	5.64	0.26	0.39	88.20	dm-0	0.00	0.00	0.00	51.00	0.00	2060.00	80.78	2.32	45.57	2.12	10.80
0	5392	5394	0	0	7	0	800m	2.05g	30m	0	multi2:4.2%	0	0|0	0|0	2m	1m	312	22:03:16	2.91	0.00	4.49	0.26	0.26	92.07	dm-0	0.00	0.00	0.00	0.00	0.00	0.00	0.00	0.00	0.00	0.00	0.00
0	4701	4703	0	0	5	0	800m	2.05g	30m	0	multi5:4.1%	0	0|0	0|0	2m	1m	312	22:03:17	2.25	0.00	3.84	0.13	0.26	93.51	dm-0	0.00	0.00	0.00	48.00	0.00	2048.00	85.33	2.54	52.83	2.25	10.80
0	2945	2945	0	0	2	0	800m	2.05g	30m	0	multi7:1.7%	0	0|0	0|0	1m	942k	312	22:03:18	1.66	0.00	1.66	0.13	0.13	96.42	dm-0	0.00	0.00	0.00	0.00	0.00	0.00	0.00	0.00	0.00	0.00	0.00
0	1964	1962	0	0	2	0	800m	2.05g	30m	0	multi7:1.3%	0	2|0	1|2	937k	632k	312	22:03:19	1.55	0.00	1.94	1.55	0.26	94.69	dm-0	0.00	0.00	0.00	16.00	0.00	36.00	4.50	0.20	11.25	12.25	19.60
0	2619	2621	0	0	2	1	800m	2.05g	30m	0	multi2:2.0%	0	0|0	0|0	1m	944k	312	22:03:20	1.41	0.00	0.90	2.05	0.26	95.38	dm-0	0.00	0.00	0.00	107.00	0.00	2520.00	47.10	2.55	24.00	2.28	24.40
0	1226	1226	0	0	3	0	800m	2.05g	30m	0	multi4:1.1%	0	0|0	0|0	534k	345k	312	22:03:21	0.51	0.00	1.66	0.51	0.26	97.06	dm-0	0.00	0.00	0.00	0.00	0.00	0.00	0.00	0.00	0.00	0.00	0.00
0	1323	1323	0	0	3	0	800m	2.05g	30m	0	multi0:1.7%	0	0|0	0|0	710k	506k	312	22:03:22	0.51	0.00	1.15	0.26	0.13	97.95	dm-0	0.00	0.00	0.00	48.00	0.00	2048.00	85.33	0.94	19.58	1.42	6.80
0	698	699	0	0	2	0	800m	2.05g	30m	0	multi8:0.6%	0	0|0	0|1	341k	237k	312	22:03:23	0.25	0.00	0.38	0.25	0.13	98.98	dm-0	0.00	0.00	0.00	0.00	0.00	0.00	0.00	0.00	0.00	0.00	0.00
0	628	626	0	0	3	0	800m	2.05g	30m	0	multi9:0.7%	0	0|0	0|0	289k	196k	312	22:03:24	0.38	0.00	1.15	0.26	0.13	98.08	dm-0	0.00	0.00	0.00	0.00	0.00	0.00	0.00	0.00	0.00	0.00	0.00
0	1125	1127	0	0	2	0	800m	2.05g	30m	0	multi6:1.0%	0	0|0	0|0	591k	418k	312	22:03:25	0.51	0.00	0.63	0.00	0.13	98.73	dm-0	0.00	0.00	0.00	53.00	0.00	2068.00	78.04	3.16	59.70	5.66	30.00
0	663	663	0	0	2	0	800m	2.05g	30m	0	multi3:0.5%	0	0|0	0|0	336k	237k	312	22:03:26	0.38	0.00	0.89	0.38	0.25	98.10	dm-0	0.00	0.00	0.00	0.00	0.00	0.00	0.00	0.00	0.00	0.00	0.00
0	891	891	0	0	3	0	800m	2.05g	30m	0	multi0:1.0%	0	0|0	0|0	494k	359k	312	22:03:27	0.51	0.00	1.53	0.26	0.13	97.57	dm-0	0.00	0.00	0.00	48.00	0.00	2048.00	85.33	1.91	39.75	2.08	10.00
0	942	941	0	0	2	0	800m	2.05g	30m	0	multi7:0.4%	0	0|0	0|0	504k	361k	312	22:03:28	0.50	0.00	0.63	0.13	0.13	98.61	dm-0	0.00	0.00	0.00	0.00	0.00	0.00	0.00	0.00	0.00	0.00	0.00
0	505	506	0	0	2	0	800m	2.05g	30m	0	multi7:0.8%	0	0|0	0|0	223k	150k	312	22:03:29	0.51	0.00	1.39	0.25	0.13	97.72	dm-0	0.00	0.00	0.00	0.00	0.00	0.00	0.00	0.00	0.00	0.00	0.00
0	777	776	0	0	2	0	800m	2.05g	30m	0	multi8:0.7%	0	0|0	0|0	369k	252k	312	22:03:30	0.25	0.00	1.14	0.13	0.13	98.35	dm-0	0.00	0.00	0.00	48.00	0.00	2048.00	85.33	1.40	29.25	2.17	10.40
0	637	638	0	0	2	0	800m	2.05g	31m	0	multi0:0.7%	0	0|0	0|0	359k	264k	312	22:03:31	0.25	0.00	0.63	0.13	0.00	98.99	dm-0	0.00	0.00	0.00	0.00	0.00	0.00	0.00	0.00	0.00	0.00	0.00
0	524	524	0	0	2	0	800m	2.05g	30m	0	multi7:0.7%	0	0|0	0|0	268k	191k	312	22:03:32	0.13	0.00	1.01	0.51	0.25	98.10	dm-0	0.00	0.00	0.00	51.00	0.00	2060.00	80.78	1.65	32.39	1.57	8.00
0	281	280	0	0	2	0	800m	2.05g	30m	0	multi7:0.2%	0	0|0	0|0	134k	97k	312	22:03:33	0.13	0.00	0.38	0.13	0.00	99.37	dm-0	0.00	0.00	0.00	0.00	0.00	0.00	0.00	0.00	0.00	0.00	0.00
0	721	722	0	0	2	0	800m	2.05g	30m	0	multi7:1.2%	0	0|0	0|0	365k	257k	312	22:03:34	0.39	0.00	0.77	0.26	0.13	98.46	dm-0	0.00	0.00	0.00	0.00	0.00	0.00	0.00	0.00	0.00	0.00	0.00
0	570	570	0	0	2	0	800m	2.05g	30m	0	multi7:0.8%	0	0|0	0|0	239k	155k	312	22:03:35	0.13	0.00	0.51	0.00	0.13	99.24	dm-0	0.00	0.00	0.00	48.00	0.00	2048.00	85.33	1.82	37.83	1.50	7.20
0	281	281	0	0	2	0	800m	2.05g	30m	0	multi1:0.6%	0	0|0	0|0	172k	134k	312	22:03:36	0.13	0.00	0.76	0.25	0.13	98.73	dm-0	0.00	0.00	0.00	0.00	0.00	0.00	0.00	0.00	0.00	0.00	0.00
0	676	676	0	0	2	0	800m	2.05g	30m	0	multi0:0.7%	0	0|0	0|0	309k	208k	312	22:03:37	0.63	0.00	1.01	0.13	0.13	98.11	dm-0	0.00	0.00	0.00	1.00	0.00	44.00	88.00	0.26	0.00	264.00	26.40
0	268	268	0	0	3	0	800m	2.05g	31m	0	multi7:0.3%	0	0|0	0|0	134k	99k	312	22:03:38	0.13	0.00	0.50	0.13	0.00	99.25	dm-0	0.00	0.00	0.00	0.00	0.00	0.00	0.00	1.00	0.00	0.00	100.00
0	499	498	0	0	2	0	800m	2.05g	30m	0	multi2:0.6%	0	0|0	0|0	253k	181k	312	22:03:39	0.00	0.00	0.38	0.13	0.00	99.49	dm-0	0.00	0.00	0.00	47.00	0.00	2004.00	85.28	2.20	73.79	14.55	68.40
0	341	342	0	0	24	0	800m	2.05g	30m	0	multi5:0.5%	0	0|0	0|0	150k	102k	312	22:03:40	0.13	0.00	0.38	0.00	0.00	99.50	dm-0	0.00	0.00	0.00	1.00	0.00	4.00	8.00	0.28	0.00	276.00	27.60
0	0	0	0	0	9	0	800m	2.05g	30m	0	multi9:0.0%	0	0|0	0|0	635b	7k	312	22:03:41	0.13	0.00	0.25	0.50	0.13	98.99	dm-0	0.00	0.00	0.00	2.00	0.00	8.00	8.00	0.70	490.00	336.00	67.20
0	0	0	0	0	3	0	800m	2.05g	30m	0	multi9:0.0%	0	0|0	0|0	197b	7k	312	22:03:42	0.00	0.00	0.25	0.00	0.13	99.62	dm-0	0.00	0.00	0.00	48.00	0.00	2048.00	85.33	4.16	86.67	4.50	21.60
0	0	0	0	0	2	0	800m	2.05g	30m	0	multi9:0.0%	0	0|0	0|0	124b	7k	312	22:03:43	0.13	0.00	0.76	0.00	0.13	98.99	dm-0	0.00	0.00	0.00	0.00	0.00	0.00	0.00	0.00	0.00	0.00	0.00
0	12	0	0	0	2	0	800m	2.05g	30m	0	local:0.0%	0	0|0	0|0	124b	7k	312	22:03:44	0.00	0.00	0.50	0.13	0.13	99.24	dm-0	0.00	0.00	0.00	48.00	0.00	2048.00	85.33	0.96	19.92	1.33	6.40
0	0	0	0	0	2	0	800m	2.05g	30m	0	multi9:0.0%	0	0|0	0|0	124b	7k	312	22:03:45	0.00	0.00	0.38	0.88	0.00	98.74	dm-0	0.00	0.00	0.00	0.00	0.00	0.00	0.00	0.00	0.00	0.00	0.00
0	0	0	0	0	2	0	800m	2.05g	30m	0	multi9:0.0%	0	0|0	0|0	124b	7k	312	22:03:46	0.13	0.00	0.76	0.00	0.13	98.99	dm-0	0.00	0.00	0.00	0.00	0.00	0.00	0.00	0.00	0.00	0.00	0.00
0	0	0	0	0	2	0	800m	2.05g	30m	0	multi9:0.0%	0	0|0	0|0	124b	7k	312	22:03:47	0.00	0.00	0.38	0.25	0.00	99.37	dm-0	0.00	0.00	0.00	51.00	0.00	2060.00	80.78	3.94	77.18	3.45	17.60
0	0	0	0	0	2	0	800m	2.05g	30m	0	multi9:0.0%	0	0|0	0|0	124b	7k	312	22:03:48	0.13	0.00	0.63	0.00	0.13	99.12	dm-0	0.00	0.00	0.00	0.00	0.00	0.00	0.00	0.00	0.00	0.00	0.00
0	0	0	0	0	2	0	800m	2.05g	30m	0	multi9:0.0%	0	0|0	0|0	124b	7k	312	22:03:49	0.00	0.00	1.01	0.13	0.25	98.61	dm-0	0.00	0.00	0.00	48.00	0.00	2048.00	85.33	1.56	32.42	3.42	16.40
0	0	0	0	0	2	0	800m	2.05g	30m	0	multi9:0.0%	0	0|0	0|0	124b	7k	312	22:03:50	0.13	0.00	0.50	0.00	0.00	99.37	dm-0	0.00	0.00	0.00	0.00	0.00	0.00	0.00	0.00	0.00	0.00	0.00
0	0	0	0	0	2	0	800m	2.05g	30m	0	.:0.1%	0	0|0	0|0	124b	7k	312	22:03:51	0.13	0.00	1.01	0.00	0.13	98.74	dm-0	0.00	0.00	0.00	0.00	0.00	0.00	0.00	0.00	0.00	0.00	0.00
0	0	0	0	0	2	0	800m	2.05g	30m	0	multi9:0.0%	0	0|0	0|0	124b	7k	312	22:03:52	0.13	0.00	0.50	0.00	0.13	99.25	dm-0	0.00	0.00	0.00	48.00	0.00	2048.00	85.33	13.20	274.92	9.75	46.80
0	0	0	0	0	2	0	800m	2.05g	30m	0	multi9:0.0%	0	0|0	0|0	124b	7k	312	22:03:53	0.13	0.00	0.63	0.00	0.00	99.25	dm-0	0.00	0.00	0.00	0.00	0.00	0.00	0.00	0.00	0.00	0.00	0.00
0	0	0	0	0	2	0	800m	2.05g	30m	0	multi9:0.0%	0	0|0	0|0	124b	7k	312	22:03:54	0.00	0.00	0.89	0.00	0.25	98.86	dm-0	0.00	0.00	0.00	0.00	0.00	0.00	0.00	0.00	0.00	0.00	0.00
0	0	0	0	0	2	0	800m	2.05g	30m	0	multi8:0.0%	0	0|0	0|0	124b	7k	312	22:03:55	0.00	0.00	0.25	0.00	0.13	99.62	dm-0	0.00	0.00	0.00	51.00	0.00	2060.00	80.78	2.15	42.20	1.80	9.20
0	0	0	0	0	2	0	800m	2.05g	30m	0	multi9:0.0%	0	0|0	0|0	124b	7k	312	22:03:56	0.13	0.00	0.51	0.00	0.13	99.24	dm-0	0.00	0.00	0.00	0.00	0.00	0.00	0.00	0.00	0.00	0.00	0.00
0	0	0	0	0	2	0	800m	2.05g	30m	0	multi9:0.0%	0	0|0	0|0	124b	7k	312	22:03:57	0.13	0.00	0.50	0.00	0.13	99.24	dm-0	0.00	0.00	0.00	48.00	0.00	2048.00	85.33	1.44	29.92	1.33	6.40
0	0	0	0	0	2	0	800m	2.05g	30m	0	multi9:0.0%	0	0|0	0|0	124b	7k	312	22:03:58	0.00	0.00	0.75	0.00	0.00	99.25	dm-0	0.00	0.00	0.00	0.00	0.00	0.00	0.00	0.00	0.00	0.00	0.00
0	0	0	0	0	2	0	800m	2.05g	30m	0	multi9:0.0%	0	0|0	0|0	124b	7k	312	22:03:59	0.25	0.00	0.76	0.13	0.25	98.61	dm-0	0.00	0.00	0.00	0.00	0.00	0.00	0.00	0.00	0.00	0.00	0.00
0	0	0	0	0	2	0	800m	2.05g	30m	0	multi9:0.0%	0	0|0	0|0	124b	7k	312	22:04:00	0.12	0.00	0.62	0.12	0.00	99.12	dm-0	0.00	0.00	0.00	48.00	0.00	2048.00	85.33	1.07	22.25	2.17	10.40
0	0	0	0	0	2	0	800m	2.05g	30m	0	multi9:0.0%	0	0|0	0|0	124b	7k	312	22:04:01	0.00	0.00	1.13	0.00	0.13	98.74	dm-0	0.00	0.00	0.00	0.00	0.00	0.00	0.00	0.00	0.00	0.00	0.00
0	0	0	0	0	2	0	800m	2.05g	30m	0	multi9:0.0%	0	0|0	0|0	124b	7k	312	22:04:02	0.13	0.00	1.01	0.25	0.13	98.49	dm-0	0.00	0.00	0.00	51.00	0.00	2060.00	80.78	2.51	49.18	3.14	16.00
0	0	0	0	0	2	0	800m	2.05g	30m	0	.:0.0%	0	0|0	0|0	124b	7k	312	22:04:03	0.13	0.00	0.50	0.00	0.13	99.25	dm-0	0.00	0.00	0.00	0.00	0.00	0.00	0.00	0.00	0.00	0.00	0.00
0	0	0	0	0	2	0	800m	2.05g	30m	0	multi9:0.0%	0	0|0	0|0	124b	7k	312	22:04:05	0.00	0.00	0.76	0.13	0.13	98.99	dm-0	0.00	0.00	0.00	0.00	0.00	0.00	0.00	0.00	0.00	0.00	0.00
0	0	0	0	0	2	0	800m	2.05g	30m	0	multi9:0.0%	0	0|0	0|0	124b	7k	312	22:04:06	0.12	0.00	0.38	0.00	0.12	99.38	dm-0	0.00	0.00	0.00	48.00	0.00	2048.00	85.33	3.65	76.00	6.42	30.80
